[0.105s] Invoking command in '/home/ROS2_rUBot_mecanum_ws/build/gz_mecanum_control': CMAKE_PREFIX_PATH=${CMAKE_PREFIX_PATH}:/home/ROS2_rUBot_tutorial_ws/install/ros2_tutorial:/opt/ros/humble /usr/bin/cmake /home/ROS2_rUBot_mecanum_ws/src/gz_mecanum_control -DCMAKE_INSTALL_PREFIX=/home/ROS2_rUBot_mecanum_ws/install/gz_mecanum_control
[0.165s] -- Found ament_cmake: 1.3.5 (/opt/ros/humble/share/ament_cmake/cmake)
[0.481s] -- Override CMake install command with custom implementation using symlinks instead of copying resources
[0.488s] -- Found gazebo_dev: 3.7.0 (/opt/ros/humble/share/gazebo_dev/cmake)
[0.538s] -- Found DART: /usr/include (Required is at least version "6.6") found components: dart 
[0.610s] -- Found Protobuf: /usr/lib/x86_64-linux-gnu/libprotobuf.so (found version "3.12.4") 
[0.611s] -- Looking for ignition-math6 -- found version 6.15.0
[0.617s] -- Searching for dependencies of ignition-math6
[0.618s] -- Looking for OGRE...
[0.623s] -- Found Ogre Ghadamon (1.9.0)
[0.624s] -- Found OGRE: optimized;/usr/lib/x86_64-linux-gnu/libOgreMain.so;debug;/usr/lib/x86_64-linux-gnu/libOgreMain.so
[0.638s] -- Looking for OGRE_Paging...
[0.638s] -- Found OGRE_Paging: optimized;/usr/lib/x86_64-linux-gnu/libOgrePaging.so;debug;/usr/lib/x86_64-linux-gnu/libOgrePaging.so
[0.638s] -- Looking for OGRE_Terrain...
[0.638s] -- Found OGRE_Terrain: optimized;/usr/lib/x86_64-linux-gnu/libOgreTerrain.so;debug;/usr/lib/x86_64-linux-gnu/libOgreTerrain.so
[0.639s] -- Looking for OGRE_Property...
[0.639s] -- Found OGRE_Property: optimized;/usr/lib/x86_64-linux-gnu/libOgreProperty.so;debug;/usr/lib/x86_64-linux-gnu/libOgreProperty.so
[0.639s] -- Looking for OGRE_RTShaderSystem...
[0.639s] -- Found OGRE_RTShaderSystem: optimized;/usr/lib/x86_64-linux-gnu/libOgreRTShaderSystem.so;debug;/usr/lib/x86_64-linux-gnu/libOgreRTShaderSystem.so
[0.639s] -- Looking for OGRE_Volume...
[0.640s] -- Found OGRE_Volume: optimized;/usr/lib/x86_64-linux-gnu/libOgreVolume.so;debug;/usr/lib/x86_64-linux-gnu/libOgreVolume.so
[0.640s] -- Looking for OGRE_Overlay...
[0.640s] -- Found OGRE_Overlay: optimized;/usr/lib/x86_64-linux-gnu/libOgreOverlay.so;debug;/usr/lib/x86_64-linux-gnu/libOgreOverlay.so
[0.766s] -- Looking for ignition-math6 -- found version 6.15.0
[0.766s] -- Looking for ignition-transport8 -- found version 8.2.1
[0.767s] -- Searching for dependencies of ignition-transport8
[0.818s] -- Found Protobuf: /usr/lib/x86_64-linux-gnu/libprotobuf.so (found suitable version "3.12.4", minimum required is "3") 
[0.836s] -- Config-file not installed for ZeroMQ -- checking for pkg-config
[0.858s] -- Checking for module 'libzmq >= 4'
[0.930s] --   Found libzmq , version 4.3.4
[1.007s] -- Checking for module 'uuid'
[1.096s] --   Found uuid, version 2.37.2
[1.306s] -- Looking for ignition-msgs5 -- found version 5.8.1
[1.306s] -- Searching for dependencies of ignition-msgs5
[1.352s] -- Looking for ignition-math6 -- found version 6.15.0
[1.356s] -- Checking for module 'tinyxml2'
[1.366s] --   Found tinyxml2, version 9.0.0
[1.479s] -- Looking for ignition-msgs5 -- found version 5.8.1
[1.480s] -- Looking for ignition-common3 -- found version 3.14.0
[1.481s] -- Searching for dependencies of ignition-common3
[1.481s] -- Looking for dlfcn.h - found
[1.481s] -- Looking for libdl - found
[1.492s] -- Searching for <ignition-common3> component [graphics]
[1.493s] -- Looking for ignition-common3-graphics -- found version 3.14.0
[1.494s] -- Searching for dependencies of ignition-common3-graphics
[1.494s] -- Looking for ignition-math6 -- found version 6.15.0
[1.496s] -- Looking for ignition-fuel_tools4 -- found version 4.4.0
[1.496s] -- Searching for dependencies of ignition-fuel_tools4
[1.650s] -- Checking for module 'jsoncpp'
[1.685s] --   Found jsoncpp, version 1.9.5
[1.746s] -- Checking for module 'libzip'
[1.782s] --   Found libzip, version 1.7.3
[1.828s] -- Looking for ignition-common3 -- found version 3.14.0
[1.828s] -- Looking for ignition-math6 -- found version 6.15.0
[1.828s] -- Looking for ignition-msgs5 -- found version 5.8.1
[1.830s] -- Gazebo version: 11.10
[1.830s] -- Found gazebo_msgs: 3.7.0 (/opt/ros/humble/share/gazebo_msgs/cmake)
[1.852s] -- Found rosidl_generator_c: 3.1.5 (/opt/ros/humble/share/rosidl_generator_c/cmake)
[1.854s] -- Found rosidl_adapter: 3.1.5 (/opt/ros/humble/share/rosidl_adapter/cmake)
[1.861s] -- Found rosidl_generator_cpp: 3.1.5 (/opt/ros/humble/share/rosidl_generator_cpp/cmake)
[1.877s] -- Using all available rosidl_typesupport_c: rosidl_typesupport_fastrtps_c;rosidl_typesupport_introspection_c
[1.895s] -- Using all available rosidl_typesupport_cpp: rosidl_typesupport_fastrtps_cpp;rosidl_typesupport_introspection_cpp
[2.331s] -- Found gazebo_ros: 3.7.0 (/opt/ros/humble/share/gazebo_ros/cmake)
[2.392s] -- Found rmw_implementation_cmake: 6.1.1 (/opt/ros/humble/share/rmw_implementation_cmake/cmake)
[2.394s] -- Found rmw_fastrtps_cpp: 6.2.3 (/opt/ros/humble/share/rmw_fastrtps_cpp/cmake)
[2.603s] -- Using RMW implementation 'rmw_fastrtps_cpp' as default
[2.763s] -- Found nav_msgs: 4.2.3 (/opt/ros/humble/share/nav_msgs/cmake)
[2.927s] -- Found std_srvs: 4.2.3 (/opt/ros/humble/share/std_srvs/cmake)
[2.967s] -- Found tf2: 0.25.3 (/opt/ros/humble/share/tf2/cmake)
[2.981s] -- Found tf2_geometry_msgs: 0.25.3 (/opt/ros/humble/share/tf2_geometry_msgs/cmake)
[2.987s] -- Found eigen3_cmake_module: 0.1.1 (/opt/ros/humble/share/eigen3_cmake_module/cmake)
[2.990s] -- Ensuring Eigen3 include directory is part of orocos-kdl CMake target
[3.536s] -- Configuring done
[3.579s] -- Generating done
[3.581s] -- Build files have been written to: /home/ROS2_rUBot_mecanum_ws/build/gz_mecanum_control
[3.612s] Invoked command in '/home/ROS2_rUBot_mecanum_ws/build/gz_mecanum_control' returned '0': CMAKE_PREFIX_PATH=${CMAKE_PREFIX_PATH}:/home/ROS2_rUBot_tutorial_ws/install/ros2_tutorial:/opt/ros/humble /usr/bin/cmake /home/ROS2_rUBot_mecanum_ws/src/gz_mecanum_control -DCMAKE_INSTALL_PREFIX=/home/ROS2_rUBot_mecanum_ws/install/gz_mecanum_control
[3.636s] Invoking command in '/home/ROS2_rUBot_mecanum_ws/build/gz_mecanum_control': CMAKE_PREFIX_PATH=${CMAKE_PREFIX_PATH}:/home/ROS2_rUBot_tutorial_ws/install/ros2_tutorial:/opt/ros/humble /usr/bin/cmake --build /home/ROS2_rUBot_mecanum_ws/build/gz_mecanum_control -- -j8 -l8
[3.794s] [35m[1mConsolidate compiler generated dependencies of target gazebo_ros_omni_drive[0m
[3.912s] [100%] Built target gazebo_ros_omni_drive
[3.950s] Invoked command in '/home/ROS2_rUBot_mecanum_ws/build/gz_mecanum_control' returned '0': CMAKE_PREFIX_PATH=${CMAKE_PREFIX_PATH}:/home/ROS2_rUBot_tutorial_ws/install/ros2_tutorial:/opt/ros/humble /usr/bin/cmake --build /home/ROS2_rUBot_mecanum_ws/build/gz_mecanum_control -- -j8 -l8
[4.245s] Invoking command in '/home/ROS2_rUBot_mecanum_ws/build/gz_mecanum_control': CMAKE_PREFIX_PATH=${CMAKE_PREFIX_PATH}:/home/ROS2_rUBot_tutorial_ws/install/ros2_tutorial:/opt/ros/humble /usr/bin/cmake --install /home/ROS2_rUBot_mecanum_ws/build/gz_mecanum_control
[4.255s] -- Install configuration: ""
[4.256s] -- Execute custom install script
[4.256s] -- Up-to-date symlink: /home/ROS2_rUBot_mecanum_ws/install/gz_mecanum_control/share/gz_mecanum_control/environment/library_path.sh
[4.256s] -- Up-to-date symlink: /home/ROS2_rUBot_mecanum_ws/install/gz_mecanum_control/share/gz_mecanum_control/environment/library_path.dsv
[4.256s] -- Up-to-date symlink: /home/ROS2_rUBot_mecanum_ws/install/gz_mecanum_control/lib/libgazebo_ros_omni_drive.so
[4.256s] -- Up-to-date symlink: /home/ROS2_rUBot_mecanum_ws/install/gz_mecanum_control/share/ament_index/resource_index/package_run_dependencies/gz_mecanum_control
[4.256s] -- Up-to-date symlink: /home/ROS2_rUBot_mecanum_ws/install/gz_mecanum_control/share/ament_index/resource_index/parent_prefix_path/gz_mecanum_control
[4.256s] -- Up-to-date symlink: /home/ROS2_rUBot_mecanum_ws/install/gz_mecanum_control/share/gz_mecanum_control/environment/ament_prefix_path.sh
[4.256s] -- Up-to-date symlink: /home/ROS2_rUBot_mecanum_ws/install/gz_mecanum_control/share/gz_mecanum_control/environment/ament_prefix_path.dsv
[4.256s] -- Up-to-date symlink: /home/ROS2_rUBot_mecanum_ws/install/gz_mecanum_control/share/gz_mecanum_control/environment/path.sh
[4.256s] -- Up-to-date symlink: /home/ROS2_rUBot_mecanum_ws/install/gz_mecanum_control/share/gz_mecanum_control/environment/path.dsv
[4.256s] -- Up-to-date symlink: /home/ROS2_rUBot_mecanum_ws/install/gz_mecanum_control/share/gz_mecanum_control/local_setup.bash
[4.256s] -- Up-to-date symlink: /home/ROS2_rUBot_mecanum_ws/install/gz_mecanum_control/share/gz_mecanum_control/local_setup.sh
[4.256s] -- Up-to-date symlink: /home/ROS2_rUBot_mecanum_ws/install/gz_mecanum_control/share/gz_mecanum_control/local_setup.zsh
[4.256s] -- Up-to-date symlink: /home/ROS2_rUBot_mecanum_ws/install/gz_mecanum_control/share/gz_mecanum_control/local_setup.dsv
[4.257s] -- Symlinking: /home/ROS2_rUBot_mecanum_ws/install/gz_mecanum_control/share/gz_mecanum_control/package.dsv
[4.260s] -- Up-to-date symlink: /home/ROS2_rUBot_mecanum_ws/install/gz_mecanum_control/share/ament_index/resource_index/packages/gz_mecanum_control
[4.260s] -- Up-to-date symlink: /home/ROS2_rUBot_mecanum_ws/install/gz_mecanum_control/share/gz_mecanum_control/cmake/ament_cmake_export_libraries-extras.cmake
[4.261s] -- Up-to-date symlink: /home/ROS2_rUBot_mecanum_ws/install/gz_mecanum_control/share/gz_mecanum_control/cmake/gz_mecanum_controlConfig.cmake
[4.261s] -- Up-to-date symlink: /home/ROS2_rUBot_mecanum_ws/install/gz_mecanum_control/share/gz_mecanum_control/cmake/gz_mecanum_controlConfig-version.cmake
[4.261s] -- Up-to-date symlink: /home/ROS2_rUBot_mecanum_ws/install/gz_mecanum_control/share/gz_mecanum_control/package.xml
[4.295s] Invoked command in '/home/ROS2_rUBot_mecanum_ws/build/gz_mecanum_control' returned '0': CMAKE_PREFIX_PATH=${CMAKE_PREFIX_PATH}:/home/ROS2_rUBot_tutorial_ws/install/ros2_tutorial:/opt/ros/humble /usr/bin/cmake --install /home/ROS2_rUBot_mecanum_ws/build/gz_mecanum_control
