[0.318s] DEBUG:colcon:Command line arguments: ['/usr/bin/colcon', 'build', '--symlink-install']
[0.318s] DEBUG:colcon:Parsed command line arguments: Namespace(log_base=None, log_level=None, verb_name='build', build_base='build', install_base='install', merge_install=False, symlink_install=True, test_result_base=None, continue_on_error=False, executor='parallel', parallel_workers=8, event_handlers=None, ignore_user_meta=False, metas=['./colcon.meta'], base_paths=['.'], packages_ignore=None, packages_ignore_regex=None, paths=None, packages_up_to=None, packages_up_to_regex=None, packages_above=None, packages_above_and_dependencies=None, packages_above_depth=None, packages_select_by_dep=None, packages_skip_by_dep=None, packages_skip_up_to=None, packages_select_build_failed=False, packages_skip_build_finished=False, packages_select_test_failures=False, packages_skip_test_passed=False, packages_select=None, packages_skip=None, packages_select_regex=None, packages_skip_regex=None, packages_start=None, packages_end=None, cmake_args=None, cmake_target=None, cmake_target_skip_unavailable=False, cmake_clean_cache=False, cmake_clean_first=False, cmake_force_configure=False, ament_cmake_args=None, catkin_cmake_args=None, catkin_skip_building_tests=False, mixin_files=None, mixin=None, verb_parser=<colcon_mixin.mixin.mixin_argument.MixinArgumentDecorator object at 0x7f9d15b6c8b0>, verb_extension=<colcon_core.verb.build.BuildVerb object at 0x7f9d15b6c2b0>, main=<bound method BuildVerb.main of <colcon_core.verb.build.BuildVerb object at 0x7f9d15b6c2b0>>, mixin_verb=('build',))
[0.337s] Level 1:colcon.colcon_core.package_discovery:discover_packages(colcon_meta) check parameters
[0.338s] INFO:colcon.colcon_metadata.package_discovery.colcon_meta:Using configuration from '/root/.colcon/metadata/default/Gazebo.meta'
[0.338s] INFO:colcon.colcon_metadata.package_discovery.colcon_meta:Using configuration from '/root/.colcon/metadata/default/fastrtps.meta'
[0.338s] Level 1:colcon.colcon_core.package_discovery:discover_packages(recursive) check parameters
[0.338s] Level 1:colcon.colcon_core.package_discovery:discover_packages(ignore) check parameters
[0.338s] Level 1:colcon.colcon_core.package_discovery:discover_packages(path) check parameters
[0.338s] Level 1:colcon.colcon_core.package_discovery:discover_packages(colcon_meta) discover
[0.339s] Level 1:colcon.colcon_core.package_discovery:discover_packages(recursive) discover
[0.339s] INFO:colcon.colcon_core.package_discovery:Crawling recursively for packages in '/home/ROS2_rUBot_mecanum_ws'
[0.339s] Level 1:colcon.colcon_core.package_identification:_identify(.) by extensions ['ignore', 'ignore_ament_install']
[0.339s] Level 1:colcon.colcon_core.package_identification:_identify(.) by extension 'ignore'
[0.339s] Level 1:colcon.colcon_core.package_identification:_identify(.) by extension 'ignore_ament_install'
[0.339s] Level 1:colcon.colcon_core.package_identification:_identify(.) by extensions ['colcon_pkg']
[0.339s] Level 1:colcon.colcon_core.package_identification:_identify(.) by extension 'colcon_pkg'
[0.339s] Level 1:colcon.colcon_core.package_identification:_identify(.) by extensions ['colcon_meta']
[0.339s] Level 1:colcon.colcon_core.package_identification:_identify(.) by extension 'colcon_meta'
[0.339s] Level 1:colcon.colcon_core.package_identification:_identify(.) by extensions ['ros']
[0.339s] Level 1:colcon.colcon_core.package_identification:_identify(.) by extension 'ros'
[0.348s] Level 1:colcon.colcon_core.package_identification:_identify(.) by extensions ['cmake', 'python']
[0.348s] Level 1:colcon.colcon_core.package_identification:_identify(.) by extension 'cmake'
[0.348s] Level 1:colcon.colcon_core.package_identification:_identify(.) by extension 'python'
[0.348s] Level 1:colcon.colcon_core.package_identification:_identify(.) by extensions ['python_setup_py']
[0.348s] Level 1:colcon.colcon_core.package_identification:_identify(.) by extension 'python_setup_py'
[0.348s] Level 1:colcon.colcon_core.package_identification:_identify(Documentation) by extensions ['ignore', 'ignore_ament_install']
[0.348s] Level 1:colcon.colcon_core.package_identification:_identify(Documentation) by extension 'ignore'
[0.348s] Level 1:colcon.colcon_core.package_identification:_identify(Documentation) by extension 'ignore_ament_install'
[0.349s] Level 1:colcon.colcon_core.package_identification:_identify(Documentation) by extensions ['colcon_pkg']
[0.349s] Level 1:colcon.colcon_core.package_identification:_identify(Documentation) by extension 'colcon_pkg'
[0.349s] Level 1:colcon.colcon_core.package_identification:_identify(Documentation) by extensions ['colcon_meta']
[0.349s] Level 1:colcon.colcon_core.package_identification:_identify(Documentation) by extension 'colcon_meta'
[0.349s] Level 1:colcon.colcon_core.package_identification:_identify(Documentation) by extensions ['ros']
[0.349s] Level 1:colcon.colcon_core.package_identification:_identify(Documentation) by extension 'ros'
[0.349s] Level 1:colcon.colcon_core.package_identification:_identify(Documentation) by extensions ['cmake', 'python']
[0.349s] Level 1:colcon.colcon_core.package_identification:_identify(Documentation) by extension 'cmake'
[0.349s] Level 1:colcon.colcon_core.package_identification:_identify(Documentation) by extension 'python'
[0.349s] Level 1:colcon.colcon_core.package_identification:_identify(Documentation) by extensions ['python_setup_py']
[0.349s] Level 1:colcon.colcon_core.package_identification:_identify(Documentation) by extension 'python_setup_py'
[0.349s] Level 1:colcon.colcon_core.package_identification:_identify(Documentation/Files) by extensions ['ignore', 'ignore_ament_install']
[0.349s] Level 1:colcon.colcon_core.package_identification:_identify(Documentation/Files) by extension 'ignore'
[0.349s] Level 1:colcon.colcon_core.package_identification:_identify(Documentation/Files) by extension 'ignore_ament_install'
[0.349s] Level 1:colcon.colcon_core.package_identification:_identify(Documentation/Files) by extensions ['colcon_pkg']
[0.349s] Level 1:colcon.colcon_core.package_identification:_identify(Documentation/Files) by extension 'colcon_pkg'
[0.349s] Level 1:colcon.colcon_core.package_identification:_identify(Documentation/Files) by extensions ['colcon_meta']
[0.349s] Level 1:colcon.colcon_core.package_identification:_identify(Documentation/Files) by extension 'colcon_meta'
[0.349s] Level 1:colcon.colcon_core.package_identification:_identify(Documentation/Files) by extensions ['ros']
[0.349s] Level 1:colcon.colcon_core.package_identification:_identify(Documentation/Files) by extension 'ros'
[0.349s] Level 1:colcon.colcon_core.package_identification:_identify(Documentation/Files) by extensions ['cmake', 'python']
[0.349s] Level 1:colcon.colcon_core.package_identification:_identify(Documentation/Files) by extension 'cmake'
[0.349s] Level 1:colcon.colcon_core.package_identification:_identify(Documentation/Files) by extension 'python'
[0.350s] Level 1:colcon.colcon_core.package_identification:_identify(Documentation/Files) by extensions ['python_setup_py']
[0.350s] Level 1:colcon.colcon_core.package_identification:_identify(Documentation/Files) by extension 'python_setup_py'
[0.350s] Level 1:colcon.colcon_core.package_identification:_identify(Documentation/Files/CourseProject) by extensions ['ignore', 'ignore_ament_install']
[0.350s] Level 1:colcon.colcon_core.package_identification:_identify(Documentation/Files/CourseProject) by extension 'ignore'
[0.350s] Level 1:colcon.colcon_core.package_identification:_identify(Documentation/Files/CourseProject) by extension 'ignore_ament_install'
[0.350s] Level 1:colcon.colcon_core.package_identification:_identify(Documentation/Files/CourseProject) by extensions ['colcon_pkg']
[0.350s] Level 1:colcon.colcon_core.package_identification:_identify(Documentation/Files/CourseProject) by extension 'colcon_pkg'
[0.350s] Level 1:colcon.colcon_core.package_identification:_identify(Documentation/Files/CourseProject) by extensions ['colcon_meta']
[0.350s] Level 1:colcon.colcon_core.package_identification:_identify(Documentation/Files/CourseProject) by extension 'colcon_meta'
[0.350s] Level 1:colcon.colcon_core.package_identification:_identify(Documentation/Files/CourseProject) by extensions ['ros']
[0.350s] Level 1:colcon.colcon_core.package_identification:_identify(Documentation/Files/CourseProject) by extension 'ros'
[0.350s] Level 1:colcon.colcon_core.package_identification:_identify(Documentation/Files/CourseProject) by extensions ['cmake', 'python']
[0.350s] Level 1:colcon.colcon_core.package_identification:_identify(Documentation/Files/CourseProject) by extension 'cmake'
[0.350s] Level 1:colcon.colcon_core.package_identification:_identify(Documentation/Files/CourseProject) by extension 'python'
[0.350s] Level 1:colcon.colcon_core.package_identification:_identify(Documentation/Files/CourseProject) by extensions ['python_setup_py']
[0.350s] Level 1:colcon.colcon_core.package_identification:_identify(Documentation/Files/CourseProject) by extension 'python_setup_py'
[0.350s] Level 1:colcon.colcon_core.package_identification:_identify(Documentation/Files/ROS2_robot_bringup) by extensions ['ignore', 'ignore_ament_install']
[0.350s] Level 1:colcon.colcon_core.package_identification:_identify(Documentation/Files/ROS2_robot_bringup) by extension 'ignore'
[0.350s] Level 1:colcon.colcon_core.package_identification:_identify(Documentation/Files/ROS2_robot_bringup) by extension 'ignore_ament_install'
[0.350s] Level 1:colcon.colcon_core.package_identification:_identify(Documentation/Files/ROS2_robot_bringup) by extensions ['colcon_pkg']
[0.351s] Level 1:colcon.colcon_core.package_identification:_identify(Documentation/Files/ROS2_robot_bringup) by extension 'colcon_pkg'
[0.351s] Level 1:colcon.colcon_core.package_identification:_identify(Documentation/Files/ROS2_robot_bringup) by extensions ['colcon_meta']
[0.351s] Level 1:colcon.colcon_core.package_identification:_identify(Documentation/Files/ROS2_robot_bringup) by extension 'colcon_meta'
[0.351s] Level 1:colcon.colcon_core.package_identification:_identify(Documentation/Files/ROS2_robot_bringup) by extensions ['ros']
[0.351s] Level 1:colcon.colcon_core.package_identification:_identify(Documentation/Files/ROS2_robot_bringup) by extension 'ros'
[0.351s] Level 1:colcon.colcon_core.package_identification:_identify(Documentation/Files/ROS2_robot_bringup) by extensions ['cmake', 'python']
[0.351s] Level 1:colcon.colcon_core.package_identification:_identify(Documentation/Files/ROS2_robot_bringup) by extension 'cmake'
[0.351s] Level 1:colcon.colcon_core.package_identification:_identify(Documentation/Files/ROS2_robot_bringup) by extension 'python'
[0.351s] Level 1:colcon.colcon_core.package_identification:_identify(Documentation/Files/ROS2_robot_bringup) by extensions ['python_setup_py']
[0.351s] Level 1:colcon.colcon_core.package_identification:_identify(Documentation/Files/ROS2_robot_bringup) by extension 'python_setup_py'
[0.351s] Level 1:colcon.colcon_core.package_identification:_identify(Documentation/Images) by extensions ['ignore', 'ignore_ament_install']
[0.351s] Level 1:colcon.colcon_core.package_identification:_identify(Documentation/Images) by extension 'ignore'
[0.351s] Level 1:colcon.colcon_core.package_identification:_identify(Documentation/Images) by extension 'ignore_ament_install'
[0.351s] Level 1:colcon.colcon_core.package_identification:_identify(Documentation/Images) by extensions ['colcon_pkg']
[0.351s] Level 1:colcon.colcon_core.package_identification:_identify(Documentation/Images) by extension 'colcon_pkg'
[0.351s] Level 1:colcon.colcon_core.package_identification:_identify(Documentation/Images) by extensions ['colcon_meta']
[0.351s] Level 1:colcon.colcon_core.package_identification:_identify(Documentation/Images) by extension 'colcon_meta'
[0.351s] Level 1:colcon.colcon_core.package_identification:_identify(Documentation/Images) by extensions ['ros']
[0.351s] Level 1:colcon.colcon_core.package_identification:_identify(Documentation/Images) by extension 'ros'
[0.351s] Level 1:colcon.colcon_core.package_identification:_identify(Documentation/Images) by extensions ['cmake', 'python']
[0.351s] Level 1:colcon.colcon_core.package_identification:_identify(Documentation/Images) by extension 'cmake'
[0.351s] Level 1:colcon.colcon_core.package_identification:_identify(Documentation/Images) by extension 'python'
[0.351s] Level 1:colcon.colcon_core.package_identification:_identify(Documentation/Images) by extensions ['python_setup_py']
[0.351s] Level 1:colcon.colcon_core.package_identification:_identify(Documentation/Images) by extension 'python_setup_py'
[0.352s] Level 1:colcon.colcon_core.package_identification:_identify(Documentation/Images/02_rubot_model) by extensions ['ignore', 'ignore_ament_install']
[0.352s] Level 1:colcon.colcon_core.package_identification:_identify(Documentation/Images/02_rubot_model) by extension 'ignore'
[0.352s] Level 1:colcon.colcon_core.package_identification:_identify(Documentation/Images/02_rubot_model) by extension 'ignore_ament_install'
[0.352s] Level 1:colcon.colcon_core.package_identification:_identify(Documentation/Images/02_rubot_model) by extensions ['colcon_pkg']
[0.352s] Level 1:colcon.colcon_core.package_identification:_identify(Documentation/Images/02_rubot_model) by extension 'colcon_pkg'
[0.352s] Level 1:colcon.colcon_core.package_identification:_identify(Documentation/Images/02_rubot_model) by extensions ['colcon_meta']
[0.352s] Level 1:colcon.colcon_core.package_identification:_identify(Documentation/Images/02_rubot_model) by extension 'colcon_meta'
[0.352s] Level 1:colcon.colcon_core.package_identification:_identify(Documentation/Images/02_rubot_model) by extensions ['ros']
[0.352s] Level 1:colcon.colcon_core.package_identification:_identify(Documentation/Images/02_rubot_model) by extension 'ros'
[0.352s] Level 1:colcon.colcon_core.package_identification:_identify(Documentation/Images/02_rubot_model) by extensions ['cmake', 'python']
[0.352s] Level 1:colcon.colcon_core.package_identification:_identify(Documentation/Images/02_rubot_model) by extension 'cmake'
[0.352s] Level 1:colcon.colcon_core.package_identification:_identify(Documentation/Images/02_rubot_model) by extension 'python'
[0.352s] Level 1:colcon.colcon_core.package_identification:_identify(Documentation/Images/02_rubot_model) by extensions ['python_setup_py']
[0.352s] Level 1:colcon.colcon_core.package_identification:_identify(Documentation/Images/02_rubot_model) by extension 'python_setup_py'
[0.352s] Level 1:colcon.colcon_core.package_identification:_identify(build) by extensions ['ignore', 'ignore_ament_install']
[0.352s] Level 1:colcon.colcon_core.package_identification:_identify(build) by extension 'ignore'
[0.352s] Level 1:colcon.colcon_core.package_identification:_identify(build) ignored
[0.352s] Level 1:colcon.colcon_core.package_identification:_identify(install) by extensions ['ignore', 'ignore_ament_install']
[0.352s] Level 1:colcon.colcon_core.package_identification:_identify(install) by extension 'ignore'
[0.353s] Level 1:colcon.colcon_core.package_identification:_identify(install) ignored
[0.353s] Level 1:colcon.colcon_core.package_identification:_identify(log) by extensions ['ignore', 'ignore_ament_install']
[0.353s] Level 1:colcon.colcon_core.package_identification:_identify(log) by extension 'ignore'
[0.353s] Level 1:colcon.colcon_core.package_identification:_identify(log) ignored
[0.353s] Level 1:colcon.colcon_core.package_identification:_identify(src) by extensions ['ignore', 'ignore_ament_install']
[0.353s] Level 1:colcon.colcon_core.package_identification:_identify(src) by extension 'ignore'
[0.353s] Level 1:colcon.colcon_core.package_identification:_identify(src) by extension 'ignore_ament_install'
[0.353s] Level 1:colcon.colcon_core.package_identification:_identify(src) by extensions ['colcon_pkg']
[0.353s] Level 1:colcon.colcon_core.package_identification:_identify(src) by extension 'colcon_pkg'
[0.353s] Level 1:colcon.colcon_core.package_identification:_identify(src) by extensions ['colcon_meta']
[0.353s] Level 1:colcon.colcon_core.package_identification:_identify(src) by extension 'colcon_meta'
[0.353s] Level 1:colcon.colcon_core.package_identification:_identify(src) by extensions ['ros']
[0.353s] Level 1:colcon.colcon_core.package_identification:_identify(src) by extension 'ros'
[0.353s] Level 1:colcon.colcon_core.package_identification:_identify(src) by extensions ['cmake', 'python']
[0.353s] Level 1:colcon.colcon_core.package_identification:_identify(src) by extension 'cmake'
[0.353s] Level 1:colcon.colcon_core.package_identification:_identify(src) by extension 'python'
[0.353s] Level 1:colcon.colcon_core.package_identification:_identify(src) by extensions ['python_setup_py']
[0.353s] Level 1:colcon.colcon_core.package_identification:_identify(src) by extension 'python_setup_py'
[0.353s] Level 1:colcon.colcon_core.package_identification:_identify(src/gz_rosa_control) by extensions ['ignore', 'ignore_ament_install']
[0.354s] Level 1:colcon.colcon_core.package_identification:_identify(src/gz_rosa_control) by extension 'ignore'
[0.354s] Level 1:colcon.colcon_core.package_identification:_identify(src/gz_rosa_control) by extension 'ignore_ament_install'
[0.354s] Level 1:colcon.colcon_core.package_identification:_identify(src/gz_rosa_control) by extensions ['colcon_pkg']
[0.354s] Level 1:colcon.colcon_core.package_identification:_identify(src/gz_rosa_control) by extension 'colcon_pkg'
[0.354s] Level 1:colcon.colcon_core.package_identification:_identify(src/gz_rosa_control) by extensions ['colcon_meta']
[0.354s] Level 1:colcon.colcon_core.package_identification:_identify(src/gz_rosa_control) by extension 'colcon_meta'
[0.354s] Level 1:colcon.colcon_core.package_identification:_identify(src/gz_rosa_control) by extensions ['ros']
[0.354s] Level 1:colcon.colcon_core.package_identification:_identify(src/gz_rosa_control) by extension 'ros'
[0.356s] DEBUG:colcon.colcon_core.package_identification:Package 'src/gz_rosa_control' with type 'ros.ament_cmake' and name 'gz_rosa_control'
[0.356s] Level 1:colcon.colcon_core.package_identification:_identify(src/my_robot_bringup) by extensions ['ignore', 'ignore_ament_install']
[0.356s] Level 1:colcon.colcon_core.package_identification:_identify(src/my_robot_bringup) by extension 'ignore'
[0.356s] Level 1:colcon.colcon_core.package_identification:_identify(src/my_robot_bringup) by extension 'ignore_ament_install'
[0.356s] Level 1:colcon.colcon_core.package_identification:_identify(src/my_robot_bringup) by extensions ['colcon_pkg']
[0.357s] Level 1:colcon.colcon_core.package_identification:_identify(src/my_robot_bringup) by extension 'colcon_pkg'
[0.357s] Level 1:colcon.colcon_core.package_identification:_identify(src/my_robot_bringup) by extensions ['colcon_meta']
[0.357s] Level 1:colcon.colcon_core.package_identification:_identify(src/my_robot_bringup) by extension 'colcon_meta'
[0.357s] Level 1:colcon.colcon_core.package_identification:_identify(src/my_robot_bringup) by extensions ['ros']
[0.357s] Level 1:colcon.colcon_core.package_identification:_identify(src/my_robot_bringup) by extension 'ros'
[0.357s] DEBUG:colcon.colcon_core.package_identification:Package 'src/my_robot_bringup' with type 'ros.ament_cmake' and name 'my_robot_bringup'
[0.357s] Level 1:colcon.colcon_core.package_identification:_identify(src/my_robot_description) by extensions ['ignore', 'ignore_ament_install']
[0.357s] Level 1:colcon.colcon_core.package_identification:_identify(src/my_robot_description) by extension 'ignore'
[0.357s] Level 1:colcon.colcon_core.package_identification:_identify(src/my_robot_description) by extension 'ignore_ament_install'
[0.357s] Level 1:colcon.colcon_core.package_identification:_identify(src/my_robot_description) by extensions ['colcon_pkg']
[0.357s] Level 1:colcon.colcon_core.package_identification:_identify(src/my_robot_description) by extension 'colcon_pkg'
[0.357s] Level 1:colcon.colcon_core.package_identification:_identify(src/my_robot_description) by extensions ['colcon_meta']
[0.358s] Level 1:colcon.colcon_core.package_identification:_identify(src/my_robot_description) by extension 'colcon_meta'
[0.358s] Level 1:colcon.colcon_core.package_identification:_identify(src/my_robot_description) by extensions ['ros']
[0.358s] Level 1:colcon.colcon_core.package_identification:_identify(src/my_robot_description) by extension 'ros'
[0.358s] DEBUG:colcon.colcon_core.package_identification:Package 'src/my_robot_description' with type 'ros.ament_cmake' and name 'my_robot_description'
[0.358s] Level 1:colcon.colcon_core.package_discovery:discover_packages(recursive) using defaults
[0.358s] Level 1:colcon.colcon_core.package_discovery:discover_packages(ignore) discover
[0.358s] Level 1:colcon.colcon_core.package_discovery:discover_packages(ignore) using defaults
[0.358s] Level 1:colcon.colcon_core.package_discovery:discover_packages(path) discover
[0.358s] Level 1:colcon.colcon_core.package_discovery:discover_packages(path) using defaults
[0.379s] Level 5:colcon.colcon_core.verb:set package 'gz_rosa_control' build argument 'cmake_args' from command line to 'None'
[0.379s] Level 5:colcon.colcon_core.verb:set package 'gz_rosa_control' build argument 'cmake_target' from command line to 'None'
[0.379s] Level 5:colcon.colcon_core.verb:set package 'gz_rosa_control' build argument 'cmake_target_skip_unavailable' from command line to 'False'
[0.379s] Level 5:colcon.colcon_core.verb:set package 'gz_rosa_control' build argument 'cmake_clean_cache' from command line to 'False'
[0.379s] Level 5:colcon.colcon_core.verb:set package 'gz_rosa_control' build argument 'cmake_clean_first' from command line to 'False'
[0.379s] Level 5:colcon.colcon_core.verb:set package 'gz_rosa_control' build argument 'cmake_force_configure' from command line to 'False'
[0.379s] Level 5:colcon.colcon_core.verb:set package 'gz_rosa_control' build argument 'ament_cmake_args' from command line to 'None'
[0.379s] Level 5:colcon.colcon_core.verb:set package 'gz_rosa_control' build argument 'catkin_cmake_args' from command line to 'None'
[0.379s] Level 5:colcon.colcon_core.verb:set package 'gz_rosa_control' build argument 'catkin_skip_building_tests' from command line to 'False'
[0.379s] DEBUG:colcon.colcon_core.verb:Building package 'gz_rosa_control' with the following arguments: {'ament_cmake_args': None, 'build_base': '/home/ROS2_rUBot_mecanum_ws/build/gz_rosa_control', 'catkin_cmake_args': None, 'catkin_skip_building_tests': False, 'cmake_args': None, 'cmake_clean_cache': False, 'cmake_clean_first': False, 'cmake_force_configure': False, 'cmake_target': None, 'cmake_target_skip_unavailable': False, 'install_base': '/home/ROS2_rUBot_mecanum_ws/install/gz_rosa_control', 'merge_install': False, 'path': '/home/ROS2_rUBot_mecanum_ws/src/gz_rosa_control', 'symlink_install': True, 'test_result_base': None}
[0.380s] Level 5:colcon.colcon_core.verb:set package 'my_robot_description' build argument 'cmake_args' from command line to 'None'
[0.380s] Level 5:colcon.colcon_core.verb:set package 'my_robot_description' build argument 'cmake_target' from command line to 'None'
[0.380s] Level 5:colcon.colcon_core.verb:set package 'my_robot_description' build argument 'cmake_target_skip_unavailable' from command line to 'False'
[0.380s] Level 5:colcon.colcon_core.verb:set package 'my_robot_description' build argument 'cmake_clean_cache' from command line to 'False'
[0.380s] Level 5:colcon.colcon_core.verb:set package 'my_robot_description' build argument 'cmake_clean_first' from command line to 'False'
[0.380s] Level 5:colcon.colcon_core.verb:set package 'my_robot_description' build argument 'cmake_force_configure' from command line to 'False'
[0.380s] Level 5:colcon.colcon_core.verb:set package 'my_robot_description' build argument 'ament_cmake_args' from command line to 'None'
[0.380s] Level 5:colcon.colcon_core.verb:set package 'my_robot_description' build argument 'catkin_cmake_args' from command line to 'None'
[0.380s] Level 5:colcon.colcon_core.verb:set package 'my_robot_description' build argument 'catkin_skip_building_tests' from command line to 'False'
[0.380s] DEBUG:colcon.colcon_core.verb:Building package 'my_robot_description' with the following arguments: {'ament_cmake_args': None, 'build_base': '/home/ROS2_rUBot_mecanum_ws/build/my_robot_description', 'catkin_cmake_args': None, 'catkin_skip_building_tests': False, 'cmake_args': None, 'cmake_clean_cache': False, 'cmake_clean_first': False, 'cmake_force_configure': False, 'cmake_target': None, 'cmake_target_skip_unavailable': False, 'install_base': '/home/ROS2_rUBot_mecanum_ws/install/my_robot_description', 'merge_install': False, 'path': '/home/ROS2_rUBot_mecanum_ws/src/my_robot_description', 'symlink_install': True, 'test_result_base': None}
[0.381s] Level 5:colcon.colcon_core.verb:set package 'my_robot_bringup' build argument 'cmake_args' from command line to 'None'
[0.381s] Level 5:colcon.colcon_core.verb:set package 'my_robot_bringup' build argument 'cmake_target' from command line to 'None'
[0.381s] Level 5:colcon.colcon_core.verb:set package 'my_robot_bringup' build argument 'cmake_target_skip_unavailable' from command line to 'False'
[0.381s] Level 5:colcon.colcon_core.verb:set package 'my_robot_bringup' build argument 'cmake_clean_cache' from command line to 'False'
[0.381s] Level 5:colcon.colcon_core.verb:set package 'my_robot_bringup' build argument 'cmake_clean_first' from command line to 'False'
[0.381s] Level 5:colcon.colcon_core.verb:set package 'my_robot_bringup' build argument 'cmake_force_configure' from command line to 'False'
[0.381s] Level 5:colcon.colcon_core.verb:set package 'my_robot_bringup' build argument 'ament_cmake_args' from command line to 'None'
[0.381s] Level 5:colcon.colcon_core.verb:set package 'my_robot_bringup' build argument 'catkin_cmake_args' from command line to 'None'
[0.381s] Level 5:colcon.colcon_core.verb:set package 'my_robot_bringup' build argument 'catkin_skip_building_tests' from command line to 'False'
[0.381s] DEBUG:colcon.colcon_core.verb:Building package 'my_robot_bringup' with the following arguments: {'ament_cmake_args': None, 'build_base': '/home/ROS2_rUBot_mecanum_ws/build/my_robot_bringup', 'catkin_cmake_args': None, 'catkin_skip_building_tests': False, 'cmake_args': None, 'cmake_clean_cache': False, 'cmake_clean_first': False, 'cmake_force_configure': False, 'cmake_target': None, 'cmake_target_skip_unavailable': False, 'install_base': '/home/ROS2_rUBot_mecanum_ws/install/my_robot_bringup', 'merge_install': False, 'path': '/home/ROS2_rUBot_mecanum_ws/src/my_robot_bringup', 'symlink_install': True, 'test_result_base': None}
[0.382s] INFO:colcon.colcon_core.executor:Executing jobs using 'parallel' executor
[0.385s] DEBUG:colcon.colcon_parallel_executor.executor.parallel:run_until_complete
[0.385s] INFO:colcon.colcon_ros.task.ament_cmake.build:Building ROS package in '/home/ROS2_rUBot_mecanum_ws/src/my_robot_description' with build type 'ament_cmake'
[0.385s] INFO:colcon.colcon_cmake.task.cmake.build:Building CMake package in '/home/ROS2_rUBot_mecanum_ws/src/my_robot_description'
[0.389s] INFO:colcon.colcon_core.plugin_system:Skipping extension 'colcon_core.shell.bat': Not used on non-Windows systems
[0.389s] INFO:colcon.colcon_core.shell:Skip shell extension 'powershell' for command environment: Not usable outside of PowerShell
[0.389s] DEBUG:colcon.colcon_core.shell:Skip shell extension 'dsv' for command environment
[0.396s] INFO:colcon.colcon_ros.task.ament_cmake.build:Building ROS package in '/home/ROS2_rUBot_mecanum_ws/src/gz_rosa_control' with build type 'ament_cmake'
[0.396s] INFO:colcon.colcon_cmake.task.cmake.build:Building CMake package in '/home/ROS2_rUBot_mecanum_ws/src/gz_rosa_control'
[0.398s] INFO:colcon.colcon_core.shell:Skip shell extension 'powershell' for command environment: Not usable outside of PowerShell
[0.398s] DEBUG:colcon.colcon_core.shell:Skip shell extension 'dsv' for command environment
[0.409s] DEBUG:colcon.colcon_core.event_handler.log_command:Invoking command in '/home/ROS2_rUBot_mecanum_ws/build/my_robot_description': CMAKE_PREFIX_PATH=${CMAKE_PREFIX_PATH}:/home/ROS2_rUBot_tutorial_ws/install/ros2_tutorial:/opt/ros/humble /usr/bin/cmake --build /home/ROS2_rUBot_mecanum_ws/build/my_robot_description -- -j8 -l8
[0.416s] DEBUG:colcon.colcon_core.event_handler.log_command:Invoking command in '/home/ROS2_rUBot_mecanum_ws/build/gz_rosa_control': CMAKE_PREFIX_PATH=${CMAKE_PREFIX_PATH}:/home/ROS2_rUBot_tutorial_ws/install/ros2_tutorial:/opt/ros/humble /usr/bin/cmake --build /home/ROS2_rUBot_mecanum_ws/build/gz_rosa_control -- -j8 -l8
[0.438s] DEBUG:colcon.colcon_core.event_handler.log_command:Invoked command in '/home/ROS2_rUBot_mecanum_ws/build/my_robot_description' returned '0': CMAKE_PREFIX_PATH=${CMAKE_PREFIX_PATH}:/home/ROS2_rUBot_tutorial_ws/install/ros2_tutorial:/opt/ros/humble /usr/bin/cmake --build /home/ROS2_rUBot_mecanum_ws/build/my_robot_description -- -j8 -l8
[0.460s] DEBUG:colcon.colcon_core.event_handler.log_command:Invoking command in '/home/ROS2_rUBot_mecanum_ws/build/my_robot_description': CMAKE_PREFIX_PATH=${CMAKE_PREFIX_PATH}:/home/ROS2_rUBot_tutorial_ws/install/ros2_tutorial:/opt/ros/humble /usr/bin/cmake --install /home/ROS2_rUBot_mecanum_ws/build/my_robot_description
[0.474s] DEBUG:colcon.colcon_core.event_handler.log_command:Invoked command in '/home/ROS2_rUBot_mecanum_ws/build/gz_rosa_control' returned '0': CMAKE_PREFIX_PATH=${CMAKE_PREFIX_PATH}:/home/ROS2_rUBot_tutorial_ws/install/ros2_tutorial:/opt/ros/humble /usr/bin/cmake --build /home/ROS2_rUBot_mecanum_ws/build/gz_rosa_control -- -j8 -l8
[0.478s] Level 1:colcon.colcon_core.environment:create_environment_scripts_only(my_robot_description)
[0.478s] DEBUG:colcon.colcon_core.event_handler.log_command:Invoked command in '/home/ROS2_rUBot_mecanum_ws/build/my_robot_description' returned '0': CMAKE_PREFIX_PATH=${CMAKE_PREFIX_PATH}:/home/ROS2_rUBot_tutorial_ws/install/ros2_tutorial:/opt/ros/humble /usr/bin/cmake --install /home/ROS2_rUBot_mecanum_ws/build/my_robot_description
[0.482s] Level 1:colcon.colcon_core.environment:checking '/home/ROS2_rUBot_mecanum_ws/install/my_robot_description' for CMake module files
[0.483s] Level 1:colcon.colcon_core.environment:checking '/home/ROS2_rUBot_mecanum_ws/install/my_robot_description' for CMake config files
[0.483s] Level 1:colcon.colcon_core.shell:create_environment_hook('my_robot_description', 'cmake_prefix_path')
[0.485s] INFO:colcon.colcon_core.shell:Creating environment hook '/home/ROS2_rUBot_mecanum_ws/install/my_robot_description/share/my_robot_description/hook/cmake_prefix_path.ps1'
[0.486s] INFO:colcon.colcon_core.shell:Creating environment descriptor '/home/ROS2_rUBot_mecanum_ws/install/my_robot_description/share/my_robot_description/hook/cmake_prefix_path.dsv'
[0.487s] INFO:colcon.colcon_core.shell:Creating environment hook '/home/ROS2_rUBot_mecanum_ws/install/my_robot_description/share/my_robot_description/hook/cmake_prefix_path.sh'
[0.487s] Level 1:colcon.colcon_core.environment:checking '/home/ROS2_rUBot_mecanum_ws/install/my_robot_description/bin'
[0.487s] Level 1:colcon.colcon_core.environment:checking '/home/ROS2_rUBot_mecanum_ws/install/my_robot_description/lib/pkgconfig/my_robot_description.pc'
[0.489s] Level 1:colcon.colcon_core.environment:checking '/home/ROS2_rUBot_mecanum_ws/install/my_robot_description/lib/python3.10/site-packages'
[0.489s] Level 1:colcon.colcon_core.environment:checking '/home/ROS2_rUBot_mecanum_ws/install/my_robot_description/bin'
[0.491s] INFO:colcon.colcon_core.shell:Creating package script '/home/ROS2_rUBot_mecanum_ws/install/my_robot_description/share/my_robot_description/package.ps1'
[0.491s] INFO:colcon.colcon_core.shell:Creating package descriptor '/home/ROS2_rUBot_mecanum_ws/install/my_robot_description/share/my_robot_description/package.dsv'
[0.492s] INFO:colcon.colcon_core.shell:Creating package script '/home/ROS2_rUBot_mecanum_ws/install/my_robot_description/share/my_robot_description/package.sh'
[0.493s] INFO:colcon.colcon_core.shell:Creating package script '/home/ROS2_rUBot_mecanum_ws/install/my_robot_description/share/my_robot_description/package.bash'
[0.493s] INFO:colcon.colcon_core.shell:Creating package script '/home/ROS2_rUBot_mecanum_ws/install/my_robot_description/share/my_robot_description/package.zsh'
[0.494s] Level 1:colcon.colcon_core.environment:create_file_with_runtime_dependencies(/home/ROS2_rUBot_mecanum_ws/install/my_robot_description/share/colcon-core/packages/my_robot_description)
[0.497s] DEBUG:colcon.colcon_core.event_handler.log_command:Invoking command in '/home/ROS2_rUBot_mecanum_ws/build/gz_rosa_control': CMAKE_PREFIX_PATH=${CMAKE_PREFIX_PATH}:/home/ROS2_rUBot_tutorial_ws/install/ros2_tutorial:/opt/ros/humble /usr/bin/cmake --install /home/ROS2_rUBot_mecanum_ws/build/gz_rosa_control
[0.513s] Level 1:colcon.colcon_core.environment:create_environment_scripts_only(my_robot_description)
[0.515s] Level 1:colcon.colcon_core.environment:checking '/home/ROS2_rUBot_mecanum_ws/install/my_robot_description' for CMake module files
[0.517s] Level 1:colcon.colcon_core.environment:checking '/home/ROS2_rUBot_mecanum_ws/install/my_robot_description' for CMake config files
[0.517s] Level 1:colcon.colcon_core.shell:create_environment_hook('my_robot_description', 'cmake_prefix_path')
[0.518s] INFO:colcon.colcon_core.shell:Creating environment hook '/home/ROS2_rUBot_mecanum_ws/install/my_robot_description/share/my_robot_description/hook/cmake_prefix_path.ps1'
[0.518s] INFO:colcon.colcon_core.shell:Creating environment descriptor '/home/ROS2_rUBot_mecanum_ws/install/my_robot_description/share/my_robot_description/hook/cmake_prefix_path.dsv'
[0.518s] INFO:colcon.colcon_core.shell:Creating environment hook '/home/ROS2_rUBot_mecanum_ws/install/my_robot_description/share/my_robot_description/hook/cmake_prefix_path.sh'
[0.519s] Level 1:colcon.colcon_core.environment:checking '/home/ROS2_rUBot_mecanum_ws/install/my_robot_description/bin'
[0.519s] Level 1:colcon.colcon_core.environment:checking '/home/ROS2_rUBot_mecanum_ws/install/my_robot_description/lib/pkgconfig/my_robot_description.pc'
[0.519s] Level 1:colcon.colcon_core.environment:checking '/home/ROS2_rUBot_mecanum_ws/install/my_robot_description/lib/python3.10/site-packages'
[0.519s] Level 1:colcon.colcon_core.environment:checking '/home/ROS2_rUBot_mecanum_ws/install/my_robot_description/bin'
[0.520s] INFO:colcon.colcon_core.shell:Creating package script '/home/ROS2_rUBot_mecanum_ws/install/my_robot_description/share/my_robot_description/package.ps1'
[0.521s] INFO:colcon.colcon_core.shell:Creating package descriptor '/home/ROS2_rUBot_mecanum_ws/install/my_robot_description/share/my_robot_description/package.dsv'
[0.521s] INFO:colcon.colcon_core.shell:Creating package script '/home/ROS2_rUBot_mecanum_ws/install/my_robot_description/share/my_robot_description/package.sh'
[0.521s] INFO:colcon.colcon_core.shell:Creating package script '/home/ROS2_rUBot_mecanum_ws/install/my_robot_description/share/my_robot_description/package.bash'
[0.522s] INFO:colcon.colcon_core.shell:Creating package script '/home/ROS2_rUBot_mecanum_ws/install/my_robot_description/share/my_robot_description/package.zsh'
[0.522s] Level 1:colcon.colcon_core.environment:create_file_with_runtime_dependencies(/home/ROS2_rUBot_mecanum_ws/install/my_robot_description/share/colcon-core/packages/my_robot_description)
[0.523s] INFO:colcon.colcon_ros.task.ament_cmake.build:Building ROS package in '/home/ROS2_rUBot_mecanum_ws/src/my_robot_bringup' with build type 'ament_cmake'
[0.523s] INFO:colcon.colcon_cmake.task.cmake.build:Building CMake package in '/home/ROS2_rUBot_mecanum_ws/src/my_robot_bringup'
[0.525s] INFO:colcon.colcon_core.shell:Skip shell extension 'powershell' for command environment: Not usable outside of PowerShell
[0.525s] DEBUG:colcon.colcon_core.shell:Skip shell extension 'dsv' for command environment
[0.531s] Level 1:colcon.colcon_core.environment:create_environment_scripts_only(gz_rosa_control)
[0.533s] Level 1:colcon.colcon_core.environment:checking '/home/ROS2_rUBot_mecanum_ws/install/gz_rosa_control' for CMake module files
[0.534s] DEBUG:colcon.colcon_core.event_handler.log_command:Invoked command in '/home/ROS2_rUBot_mecanum_ws/build/gz_rosa_control' returned '0': CMAKE_PREFIX_PATH=${CMAKE_PREFIX_PATH}:/home/ROS2_rUBot_tutorial_ws/install/ros2_tutorial:/opt/ros/humble /usr/bin/cmake --install /home/ROS2_rUBot_mecanum_ws/build/gz_rosa_control
[0.535s] Level 1:colcon.colcon_core.environment:checking '/home/ROS2_rUBot_mecanum_ws/install/gz_rosa_control' for CMake config files
[0.535s] Level 1:colcon.colcon_core.shell:create_environment_hook('gz_rosa_control', 'cmake_prefix_path')
[0.536s] INFO:colcon.colcon_core.shell:Creating environment hook '/home/ROS2_rUBot_mecanum_ws/install/gz_rosa_control/share/gz_rosa_control/hook/cmake_prefix_path.ps1'
[0.537s] INFO:colcon.colcon_core.shell:Creating environment descriptor '/home/ROS2_rUBot_mecanum_ws/install/gz_rosa_control/share/gz_rosa_control/hook/cmake_prefix_path.dsv'
[0.537s] INFO:colcon.colcon_core.shell:Creating environment hook '/home/ROS2_rUBot_mecanum_ws/install/gz_rosa_control/share/gz_rosa_control/hook/cmake_prefix_path.sh'
[0.537s] Level 1:colcon.colcon_core.environment:checking '/home/ROS2_rUBot_mecanum_ws/install/gz_rosa_control/lib'
[0.537s] Level 1:colcon.colcon_core.shell:create_environment_hook('gz_rosa_control', 'ld_library_path_lib')
[0.539s] INFO:colcon.colcon_core.shell:Creating environment hook '/home/ROS2_rUBot_mecanum_ws/install/gz_rosa_control/share/gz_rosa_control/hook/ld_library_path_lib.ps1'
[0.539s] INFO:colcon.colcon_core.shell:Creating environment descriptor '/home/ROS2_rUBot_mecanum_ws/install/gz_rosa_control/share/gz_rosa_control/hook/ld_library_path_lib.dsv'
[0.540s] INFO:colcon.colcon_core.shell:Creating environment hook '/home/ROS2_rUBot_mecanum_ws/install/gz_rosa_control/share/gz_rosa_control/hook/ld_library_path_lib.sh'
[0.540s] Level 1:colcon.colcon_core.environment:checking '/home/ROS2_rUBot_mecanum_ws/install/gz_rosa_control/bin'
[0.540s] Level 1:colcon.colcon_core.environment:checking '/home/ROS2_rUBot_mecanum_ws/install/gz_rosa_control/lib/pkgconfig/gz_rosa_control.pc'
[0.540s] Level 1:colcon.colcon_core.environment:checking '/home/ROS2_rUBot_mecanum_ws/install/gz_rosa_control/lib/python3.10/site-packages'
[0.541s] Level 1:colcon.colcon_core.environment:checking '/home/ROS2_rUBot_mecanum_ws/install/gz_rosa_control/bin'
[0.543s] INFO:colcon.colcon_core.shell:Creating package script '/home/ROS2_rUBot_mecanum_ws/install/gz_rosa_control/share/gz_rosa_control/package.ps1'
[0.544s] INFO:colcon.colcon_core.shell:Creating package descriptor '/home/ROS2_rUBot_mecanum_ws/install/gz_rosa_control/share/gz_rosa_control/package.dsv'
[0.544s] INFO:colcon.colcon_core.shell:Creating package script '/home/ROS2_rUBot_mecanum_ws/install/gz_rosa_control/share/gz_rosa_control/package.sh'
[0.545s] INFO:colcon.colcon_core.shell:Creating package script '/home/ROS2_rUBot_mecanum_ws/install/gz_rosa_control/share/gz_rosa_control/package.bash'
[0.545s] INFO:colcon.colcon_core.shell:Creating package script '/home/ROS2_rUBot_mecanum_ws/install/gz_rosa_control/share/gz_rosa_control/package.zsh'
[0.545s] Level 1:colcon.colcon_core.environment:create_file_with_runtime_dependencies(/home/ROS2_rUBot_mecanum_ws/install/gz_rosa_control/share/colcon-core/packages/gz_rosa_control)
[0.551s] DEBUG:colcon.colcon_core.event_handler.log_command:Invoking command in '/home/ROS2_rUBot_mecanum_ws/build/my_robot_bringup': CMAKE_PREFIX_PATH=/home/ROS2_rUBot_mecanum_ws/install/my_robot_description:/home/ROS2_rUBot_mecanum_ws/install/gz_rosa_control:/home/ROS2_rUBot_mecanum_ws/install/my_robot_bringup:/home/ROS2_rUBot_tutorial_ws/install/robot_bringup:/home/ROS2_rUBot_tutorial_ws/install/robot_description:/home/ROS2_rUBot_tutorial_ws/install/ros2_tutorial:/opt/ros/humble /usr/bin/cmake --build /home/ROS2_rUBot_mecanum_ws/build/my_robot_bringup -- -j8 -l8
[0.567s] Level 1:colcon.colcon_core.environment:create_environment_scripts_only(gz_rosa_control)
[0.569s] Level 1:colcon.colcon_core.environment:checking '/home/ROS2_rUBot_mecanum_ws/install/gz_rosa_control' for CMake module files
[0.569s] Level 1:colcon.colcon_core.environment:checking '/home/ROS2_rUBot_mecanum_ws/install/gz_rosa_control' for CMake config files
[0.570s] Level 1:colcon.colcon_core.shell:create_environment_hook('gz_rosa_control', 'cmake_prefix_path')
[0.571s] INFO:colcon.colcon_core.shell:Creating environment hook '/home/ROS2_rUBot_mecanum_ws/install/gz_rosa_control/share/gz_rosa_control/hook/cmake_prefix_path.ps1'
[0.571s] INFO:colcon.colcon_core.shell:Creating environment descriptor '/home/ROS2_rUBot_mecanum_ws/install/gz_rosa_control/share/gz_rosa_control/hook/cmake_prefix_path.dsv'
[0.571s] INFO:colcon.colcon_core.shell:Creating environment hook '/home/ROS2_rUBot_mecanum_ws/install/gz_rosa_control/share/gz_rosa_control/hook/cmake_prefix_path.sh'
[0.572s] Level 1:colcon.colcon_core.environment:checking '/home/ROS2_rUBot_mecanum_ws/install/gz_rosa_control/lib'
[0.572s] Level 1:colcon.colcon_core.shell:create_environment_hook('gz_rosa_control', 'ld_library_path_lib')
[0.573s] INFO:colcon.colcon_core.shell:Creating environment hook '/home/ROS2_rUBot_mecanum_ws/install/gz_rosa_control/share/gz_rosa_control/hook/ld_library_path_lib.ps1'
[0.574s] INFO:colcon.colcon_core.shell:Creating environment descriptor '/home/ROS2_rUBot_mecanum_ws/install/gz_rosa_control/share/gz_rosa_control/hook/ld_library_path_lib.dsv'
[0.574s] INFO:colcon.colcon_core.shell:Creating environment hook '/home/ROS2_rUBot_mecanum_ws/install/gz_rosa_control/share/gz_rosa_control/hook/ld_library_path_lib.sh'
[0.574s] Level 1:colcon.colcon_core.environment:checking '/home/ROS2_rUBot_mecanum_ws/install/gz_rosa_control/bin'
[0.574s] Level 1:colcon.colcon_core.environment:checking '/home/ROS2_rUBot_mecanum_ws/install/gz_rosa_control/lib/pkgconfig/gz_rosa_control.pc'
[0.574s] Level 1:colcon.colcon_core.environment:checking '/home/ROS2_rUBot_mecanum_ws/install/gz_rosa_control/lib/python3.10/site-packages'
[0.575s] Level 1:colcon.colcon_core.environment:checking '/home/ROS2_rUBot_mecanum_ws/install/gz_rosa_control/bin'
[0.576s] INFO:colcon.colcon_core.shell:Creating package script '/home/ROS2_rUBot_mecanum_ws/install/gz_rosa_control/share/gz_rosa_control/package.ps1'
[0.576s] INFO:colcon.colcon_core.shell:Creating package descriptor '/home/ROS2_rUBot_mecanum_ws/install/gz_rosa_control/share/gz_rosa_control/package.dsv'
[0.577s] INFO:colcon.colcon_core.shell:Creating package script '/home/ROS2_rUBot_mecanum_ws/install/gz_rosa_control/share/gz_rosa_control/package.sh'
[0.577s] INFO:colcon.colcon_core.shell:Creating package script '/home/ROS2_rUBot_mecanum_ws/install/gz_rosa_control/share/gz_rosa_control/package.bash'
[0.577s] INFO:colcon.colcon_core.shell:Creating package script '/home/ROS2_rUBot_mecanum_ws/install/gz_rosa_control/share/gz_rosa_control/package.zsh'
[0.578s] Level 1:colcon.colcon_core.environment:create_file_with_runtime_dependencies(/home/ROS2_rUBot_mecanum_ws/install/gz_rosa_control/share/colcon-core/packages/gz_rosa_control)
[0.581s] DEBUG:colcon.colcon_core.event_handler.log_command:Invoked command in '/home/ROS2_rUBot_mecanum_ws/build/my_robot_bringup' returned '0': CMAKE_PREFIX_PATH=/home/ROS2_rUBot_mecanum_ws/install/my_robot_description:/home/ROS2_rUBot_mecanum_ws/install/gz_rosa_control:/home/ROS2_rUBot_mecanum_ws/install/my_robot_bringup:/home/ROS2_rUBot_tutorial_ws/install/robot_bringup:/home/ROS2_rUBot_tutorial_ws/install/robot_description:/home/ROS2_rUBot_tutorial_ws/install/ros2_tutorial:/opt/ros/humble /usr/bin/cmake --build /home/ROS2_rUBot_mecanum_ws/build/my_robot_bringup -- -j8 -l8
[0.597s] DEBUG:colcon.colcon_core.event_handler.log_command:Invoking command in '/home/ROS2_rUBot_mecanum_ws/build/my_robot_bringup': CMAKE_PREFIX_PATH=/home/ROS2_rUBot_mecanum_ws/install/my_robot_description:/home/ROS2_rUBot_mecanum_ws/install/gz_rosa_control:/home/ROS2_rUBot_mecanum_ws/install/my_robot_bringup:/home/ROS2_rUBot_tutorial_ws/install/robot_bringup:/home/ROS2_rUBot_tutorial_ws/install/robot_description:/home/ROS2_rUBot_tutorial_ws/install/ros2_tutorial:/opt/ros/humble /usr/bin/cmake --install /home/ROS2_rUBot_mecanum_ws/build/my_robot_bringup
[0.613s] Level 1:colcon.colcon_core.environment:create_environment_scripts_only(my_robot_bringup)
[0.615s] Level 1:colcon.colcon_core.environment:checking '/home/ROS2_rUBot_mecanum_ws/install/my_robot_bringup' for CMake module files
[0.616s] DEBUG:colcon.colcon_core.event_handler.log_command:Invoked command in '/home/ROS2_rUBot_mecanum_ws/build/my_robot_bringup' returned '0': CMAKE_PREFIX_PATH=/home/ROS2_rUBot_mecanum_ws/install/my_robot_description:/home/ROS2_rUBot_mecanum_ws/install/gz_rosa_control:/home/ROS2_rUBot_mecanum_ws/install/my_robot_bringup:/home/ROS2_rUBot_tutorial_ws/install/robot_bringup:/home/ROS2_rUBot_tutorial_ws/install/robot_description:/home/ROS2_rUBot_tutorial_ws/install/ros2_tutorial:/opt/ros/humble /usr/bin/cmake --install /home/ROS2_rUBot_mecanum_ws/build/my_robot_bringup
[0.616s] Level 1:colcon.colcon_core.environment:checking '/home/ROS2_rUBot_mecanum_ws/install/my_robot_bringup' for CMake config files
[0.617s] Level 1:colcon.colcon_core.shell:create_environment_hook('my_robot_bringup', 'cmake_prefix_path')
[0.618s] INFO:colcon.colcon_core.shell:Creating environment hook '/home/ROS2_rUBot_mecanum_ws/install/my_robot_bringup/share/my_robot_bringup/hook/cmake_prefix_path.ps1'
[0.618s] INFO:colcon.colcon_core.shell:Creating environment descriptor '/home/ROS2_rUBot_mecanum_ws/install/my_robot_bringup/share/my_robot_bringup/hook/cmake_prefix_path.dsv'
[0.619s] INFO:colcon.colcon_core.shell:Creating environment hook '/home/ROS2_rUBot_mecanum_ws/install/my_robot_bringup/share/my_robot_bringup/hook/cmake_prefix_path.sh'
[0.619s] Level 1:colcon.colcon_core.environment:checking '/home/ROS2_rUBot_mecanum_ws/install/my_robot_bringup/bin'
[0.619s] Level 1:colcon.colcon_core.environment:checking '/home/ROS2_rUBot_mecanum_ws/install/my_robot_bringup/lib/pkgconfig/my_robot_bringup.pc'
[0.619s] Level 1:colcon.colcon_core.environment:checking '/home/ROS2_rUBot_mecanum_ws/install/my_robot_bringup/lib/python3.10/site-packages'
[0.619s] Level 1:colcon.colcon_core.environment:checking '/home/ROS2_rUBot_mecanum_ws/install/my_robot_bringup/bin'
[0.620s] INFO:colcon.colcon_core.shell:Creating package script '/home/ROS2_rUBot_mecanum_ws/install/my_robot_bringup/share/my_robot_bringup/package.ps1'
[0.621s] INFO:colcon.colcon_core.shell:Creating package descriptor '/home/ROS2_rUBot_mecanum_ws/install/my_robot_bringup/share/my_robot_bringup/package.dsv'
[0.621s] INFO:colcon.colcon_core.shell:Creating package script '/home/ROS2_rUBot_mecanum_ws/install/my_robot_bringup/share/my_robot_bringup/package.sh'
[0.621s] INFO:colcon.colcon_core.shell:Creating package script '/home/ROS2_rUBot_mecanum_ws/install/my_robot_bringup/share/my_robot_bringup/package.bash'
[0.622s] INFO:colcon.colcon_core.shell:Creating package script '/home/ROS2_rUBot_mecanum_ws/install/my_robot_bringup/share/my_robot_bringup/package.zsh'
[0.622s] Level 1:colcon.colcon_core.environment:create_file_with_runtime_dependencies(/home/ROS2_rUBot_mecanum_ws/install/my_robot_bringup/share/colcon-core/packages/my_robot_bringup)
[0.638s] Level 1:colcon.colcon_core.environment:create_environment_scripts_only(my_robot_bringup)
[0.640s] Level 1:colcon.colcon_core.environment:checking '/home/ROS2_rUBot_mecanum_ws/install/my_robot_bringup' for CMake module files
[0.640s] Level 1:colcon.colcon_core.environment:checking '/home/ROS2_rUBot_mecanum_ws/install/my_robot_bringup' for CMake config files
[0.640s] Level 1:colcon.colcon_core.shell:create_environment_hook('my_robot_bringup', 'cmake_prefix_path')
[0.641s] INFO:colcon.colcon_core.shell:Creating environment hook '/home/ROS2_rUBot_mecanum_ws/install/my_robot_bringup/share/my_robot_bringup/hook/cmake_prefix_path.ps1'
[0.642s] INFO:colcon.colcon_core.shell:Creating environment descriptor '/home/ROS2_rUBot_mecanum_ws/install/my_robot_bringup/share/my_robot_bringup/hook/cmake_prefix_path.dsv'
[0.642s] INFO:colcon.colcon_core.shell:Creating environment hook '/home/ROS2_rUBot_mecanum_ws/install/my_robot_bringup/share/my_robot_bringup/hook/cmake_prefix_path.sh'
[0.642s] Level 1:colcon.colcon_core.environment:checking '/home/ROS2_rUBot_mecanum_ws/install/my_robot_bringup/bin'
[0.642s] Level 1:colcon.colcon_core.environment:checking '/home/ROS2_rUBot_mecanum_ws/install/my_robot_bringup/lib/pkgconfig/my_robot_bringup.pc'
[0.643s] Level 1:colcon.colcon_core.environment:checking '/home/ROS2_rUBot_mecanum_ws/install/my_robot_bringup/lib/python3.10/site-packages'
[0.643s] Level 1:colcon.colcon_core.environment:checking '/home/ROS2_rUBot_mecanum_ws/install/my_robot_bringup/bin'
[0.644s] INFO:colcon.colcon_core.shell:Creating package script '/home/ROS2_rUBot_mecanum_ws/install/my_robot_bringup/share/my_robot_bringup/package.ps1'
[0.644s] INFO:colcon.colcon_core.shell:Creating package descriptor '/home/ROS2_rUBot_mecanum_ws/install/my_robot_bringup/share/my_robot_bringup/package.dsv'
[0.645s] INFO:colcon.colcon_core.shell:Creating package script '/home/ROS2_rUBot_mecanum_ws/install/my_robot_bringup/share/my_robot_bringup/package.sh'
[0.645s] INFO:colcon.colcon_core.shell:Creating package script '/home/ROS2_rUBot_mecanum_ws/install/my_robot_bringup/share/my_robot_bringup/package.bash'
[0.645s] INFO:colcon.colcon_core.shell:Creating package script '/home/ROS2_rUBot_mecanum_ws/install/my_robot_bringup/share/my_robot_bringup/package.zsh'
[0.646s] Level 1:colcon.colcon_core.environment:create_file_with_runtime_dependencies(/home/ROS2_rUBot_mecanum_ws/install/my_robot_bringup/share/colcon-core/packages/my_robot_bringup)
[0.646s] DEBUG:colcon.colcon_parallel_executor.executor.parallel:closing loop
[0.646s] DEBUG:colcon.colcon_parallel_executor.executor.parallel:loop closed
[0.646s] DEBUG:colcon.colcon_parallel_executor.executor.parallel:run_until_complete finished with '0'
[0.646s] DEBUG:colcon.colcon_core.event_reactor:joining thread
[0.651s] INFO:colcon.colcon_core.plugin_system:Skipping extension 'colcon_notification.desktop_notification.notify_send': Could not find 'notify-send'
[0.651s] INFO:colcon.colcon_core.plugin_system:Skipping extension 'colcon_notification.desktop_notification.terminal_notifier': Not used on non-Darwin systems
[0.651s] INFO:colcon.colcon_core.plugin_system:Skipping extension 'colcon_notification.desktop_notification.win32': Not used on non-Windows systems
[0.651s] INFO:colcon.colcon_notification.desktop_notification:Sending desktop notification using 'notify2'
[0.652s] DEBUG:colcon.colcon_notification.desktop_notification.notify2:Failed to initialize notify2: org.freedesktop.DBus.Error.Spawn.ExecFailed: /usr/bin/dbus-launch terminated abnormally without any error message
[0.652s] DEBUG:colcon.colcon_core.event_reactor:joined thread
[0.654s] INFO:colcon.colcon_core.shell:Creating prefix script '/home/ROS2_rUBot_mecanum_ws/install/local_setup.ps1'
[0.655s] INFO:colcon.colcon_core.shell:Creating prefix util module '/home/ROS2_rUBot_mecanum_ws/install/_local_setup_util_ps1.py'
[0.657s] INFO:colcon.colcon_core.shell:Creating prefix chain script '/home/ROS2_rUBot_mecanum_ws/install/setup.ps1'
[0.658s] INFO:colcon.colcon_core.shell:Creating prefix script '/home/ROS2_rUBot_mecanum_ws/install/local_setup.sh'
[0.659s] INFO:colcon.colcon_core.shell:Creating prefix util module '/home/ROS2_rUBot_mecanum_ws/install/_local_setup_util_sh.py'
[0.659s] INFO:colcon.colcon_core.shell:Creating prefix chain script '/home/ROS2_rUBot_mecanum_ws/install/setup.sh'
[0.661s] INFO:colcon.colcon_core.shell:Creating prefix script '/home/ROS2_rUBot_mecanum_ws/install/local_setup.bash'
[0.661s] INFO:colcon.colcon_core.shell:Creating prefix chain script '/home/ROS2_rUBot_mecanum_ws/install/setup.bash'
[0.663s] INFO:colcon.colcon_core.shell:Creating prefix script '/home/ROS2_rUBot_mecanum_ws/install/local_setup.zsh'
[0.663s] INFO:colcon.colcon_core.shell:Creating prefix chain script '/home/ROS2_rUBot_mecanum_ws/install/setup.zsh'
