[0.129s] Invoking command in '/home/ROS2_rUBot_mecanum_ws/build/my_robot_description': CMAKE_PREFIX_PATH=${CMAKE_PREFIX_PATH}:/home/ROS2_rUBot_tutorial_ws/install/ros2_tutorial:/opt/ros/humble /usr/bin/cmake --build /home/ROS2_rUBot_mecanum_ws/build/my_robot_description -- -j8 -l8
[0.803s] Invoked command in '/home/ROS2_rUBot_mecanum_ws/build/my_robot_description' returned '0': CMAKE_PREFIX_PATH=${CMAKE_PREFIX_PATH}:/home/ROS2_rUBot_tutorial_ws/install/ros2_tutorial:/opt/ros/humble /usr/bin/cmake --build /home/ROS2_rUBot_mecanum_ws/build/my_robot_description -- -j8 -l8
[1.073s] Invoking command in '/home/ROS2_rUBot_mecanum_ws/build/my_robot_description': CMAKE_PREFIX_PATH=${CMAKE_PREFIX_PATH}:/home/ROS2_rUBot_tutorial_ws/install/ros2_tutorial:/opt/ros/humble /usr/bin/cmake --install /home/ROS2_rUBot_mecanum_ws/build/my_robot_description
[1.102s] -- Install configuration: ""
[1.115s] -- Execute custom install script
[1.115s] -- Up-to-date symlink: /home/ROS2_rUBot_mecanum_ws/install/my_robot_description/share/my_robot_description//urdf/arm.xacro
[1.118s] -- Up-to-date symlink: /home/ROS2_rUBot_mecanum_ws/install/my_robot_description/share/my_robot_description//urdf/arm_gazebo.xacro
[1.119s] -- Up-to-date symlink: /home/ROS2_rUBot_mecanum_ws/install/my_robot_description/share/my_robot_description//urdf/camera.xacro
[1.120s] -- Up-to-date symlink: /home/ROS2_rUBot_mecanum_ws/install/my_robot_description/share/my_robot_description//urdf/common_properties.xacro
[1.121s] -- Up-to-date symlink: /home/ROS2_rUBot_mecanum_ws/install/my_robot_description/share/my_robot_description//urdf/lidar.xacro
[1.123s] -- Up-to-date symlink: /home/ROS2_rUBot_mecanum_ws/install/my_robot_description/share/my_robot_description//urdf/mecanum_mobile_base.xacro
[1.123s] -- Symlinking: /home/ROS2_rUBot_mecanum_ws/install/my_robot_description/share/my_robot_description//urdf/mecanum_mobile_base_gazebo.xacro
[1.148s] -- Up-to-date symlink: /home/ROS2_rUBot_mecanum_ws/install/my_robot_description/share/my_robot_description//urdf/mobile_base.xacro
[1.150s] -- Up-to-date symlink: /home/ROS2_rUBot_mecanum_ws/install/my_robot_description/share/my_robot_description//urdf/mobile_base_gazebo.xacro
[1.152s] -- Up-to-date symlink: /home/ROS2_rUBot_mecanum_ws/install/my_robot_description/share/my_robot_description//urdf/my_mecanum_robot.urdf.xacro
[1.155s] -- Up-to-date symlink: /home/ROS2_rUBot_mecanum_ws/install/my_robot_description/share/my_robot_description//urdf/my_robot.urdf.xacro
[1.155s] -- Up-to-date symlink: /home/ROS2_rUBot_mecanum_ws/install/my_robot_description/share/my_robot_description//urdf/rubot_mpuig2.urdf
[1.157s] -- Up-to-date symlink: /home/ROS2_rUBot_mecanum_ws/install/my_robot_description/share/my_robot_description//urdf/standalone_arm.urdf.xacro
[1.160s] -- Up-to-date symlink: /home/ROS2_rUBot_mecanum_ws/install/my_robot_description/share/my_robot_description//launch/display.launch.py
[1.163s] -- Up-to-date symlink: /home/ROS2_rUBot_mecanum_ws/install/my_robot_description/share/my_robot_description//launch/display.launch.xml
[1.166s] -- Up-to-date symlink: /home/ROS2_rUBot_mecanum_ws/install/my_robot_description/share/my_robot_description//rviz/urdf_config.rviz
[1.173s] -- Up-to-date symlink: /home/ROS2_rUBot_mecanum_ws/install/my_robot_description/share/ament_index/resource_index/package_run_dependencies/my_robot_description
[1.174s] -- Up-to-date symlink: /home/ROS2_rUBot_mecanum_ws/install/my_robot_description/share/ament_index/resource_index/parent_prefix_path/my_robot_description
[1.176s] -- Up-to-date symlink: /home/ROS2_rUBot_mecanum_ws/install/my_robot_description/share/my_robot_description/environment/ament_prefix_path.sh
[1.176s] -- Up-to-date symlink: /home/ROS2_rUBot_mecanum_ws/install/my_robot_description/share/my_robot_description/environment/ament_prefix_path.dsv
[1.177s] -- Up-to-date symlink: /home/ROS2_rUBot_mecanum_ws/install/my_robot_description/share/my_robot_description/environment/path.sh
[1.178s] -- Up-to-date symlink: /home/ROS2_rUBot_mecanum_ws/install/my_robot_description/share/my_robot_description/environment/path.dsv
[1.179s] -- Up-to-date symlink: /home/ROS2_rUBot_mecanum_ws/install/my_robot_description/share/my_robot_description/local_setup.bash
[1.180s] -- Up-to-date symlink: /home/ROS2_rUBot_mecanum_ws/install/my_robot_description/share/my_robot_description/local_setup.sh
[1.183s] -- Up-to-date symlink: /home/ROS2_rUBot_mecanum_ws/install/my_robot_description/share/my_robot_description/local_setup.zsh
[1.183s] -- Up-to-date symlink: /home/ROS2_rUBot_mecanum_ws/install/my_robot_description/share/my_robot_description/local_setup.dsv
[1.183s] -- Symlinking: /home/ROS2_rUBot_mecanum_ws/install/my_robot_description/share/my_robot_description/package.dsv
[1.209s] -- Up-to-date symlink: /home/ROS2_rUBot_mecanum_ws/install/my_robot_description/share/ament_index/resource_index/packages/my_robot_description
[1.210s] -- Up-to-date symlink: /home/ROS2_rUBot_mecanum_ws/install/my_robot_description/share/my_robot_description/cmake/my_robot_descriptionConfig.cmake
[1.211s] -- Up-to-date symlink: /home/ROS2_rUBot_mecanum_ws/install/my_robot_description/share/my_robot_description/cmake/my_robot_descriptionConfig-version.cmake
[1.212s] -- Up-to-date symlink: /home/ROS2_rUBot_mecanum_ws/install/my_robot_description/share/my_robot_description/package.xml
[1.214s] Invoked command in '/home/ROS2_rUBot_mecanum_ws/build/my_robot_description' returned '0': CMAKE_PREFIX_PATH=${CMAKE_PREFIX_PATH}:/home/ROS2_rUBot_tutorial_ws/install/ros2_tutorial:/opt/ros/humble /usr/bin/cmake --install /home/ROS2_rUBot_mecanum_ws/build/my_robot_description
