[0.011s] Invoking command in '/home/ROS2_rUBot_mecanum_ws/build/robot_bringup': CMAKE_PREFIX_PATH=/home/ROS2_rUBot_mecanum_ws/install/robot_description:/home/ROS2_rUBot_mecanum_ws/install/teleop_twist_joy:/home/ROS2_rUBot_mecanum_ws/install/robot_bringup:/home/ROS2_rUBot_tutorial_ws/install/robot_bringup:/home/ROS2_rUBot_tutorial_ws/install/robot_description:/home/ROS2_rUBot_tutorial_ws/install/ros2_tutorial:/opt/ros/humble /usr/bin/cmake --build /home/ROS2_rUBot_mecanum_ws/build/robot_bringup -- -j8 -l8
[0.029s] -- Found ament_cmake: 1.3.5 (/opt/ros/humble/share/ament_cmake/cmake)
[0.208s] -- Configuring done
[0.213s] -- Generating done
[0.213s] -- Build files have been written to: /home/ROS2_rUBot_mecanum_ws/build/robot_bringup
[0.227s] Invoked command in '/home/ROS2_rUBot_mecanum_ws/build/robot_bringup' returned '0': CMAKE_PREFIX_PATH=/home/ROS2_rUBot_mecanum_ws/install/robot_description:/home/ROS2_rUBot_mecanum_ws/install/teleop_twist_joy:/home/ROS2_rUBot_mecanum_ws/install/robot_bringup:/home/ROS2_rUBot_tutorial_ws/install/robot_bringup:/home/ROS2_rUBot_tutorial_ws/install/robot_description:/home/ROS2_rUBot_tutorial_ws/install/ros2_tutorial:/opt/ros/humble /usr/bin/cmake --build /home/ROS2_rUBot_mecanum_ws/build/robot_bringup -- -j8 -l8
[0.243s] Invoking command in '/home/ROS2_rUBot_mecanum_ws/build/robot_bringup': CMAKE_PREFIX_PATH=/home/ROS2_rUBot_mecanum_ws/install/robot_description:/home/ROS2_rUBot_mecanum_ws/install/teleop_twist_joy:/home/ROS2_rUBot_mecanum_ws/install/robot_bringup:/home/ROS2_rUBot_tutorial_ws/install/robot_bringup:/home/ROS2_rUBot_tutorial_ws/install/robot_description:/home/ROS2_rUBot_tutorial_ws/install/ros2_tutorial:/opt/ros/humble /usr/bin/cmake --install /home/ROS2_rUBot_mecanum_ws/build/robot_bringup
[0.248s] -- Install configuration: ""
[0.248s] -- Up-to-date: /home/ROS2_rUBot_mecanum_ws/install/robot_bringup/share/robot_bringup//launch
[0.248s] -- Up-to-date: /home/ROS2_rUBot_mecanum_ws/install/robot_bringup/share/robot_bringup//launch/rubot_gazebo.launch.xml
[0.248s] -- Up-to-date: /home/ROS2_rUBot_mecanum_ws/install/robot_bringup/share/robot_bringup//launch/my_robot_gazebo.launch.xml
[0.248s] -- Up-to-date: /home/ROS2_rUBot_mecanum_ws/install/robot_bringup/share/robot_bringup//rviz
[0.248s] -- Up-to-date: /home/ROS2_rUBot_mecanum_ws/install/robot_bringup/share/robot_bringup//rviz/urdf_config.rviz
[0.248s] -- Up-to-date: /home/ROS2_rUBot_mecanum_ws/install/robot_bringup/share/robot_bringup//rviz/urdf_odom_config.rviz
[0.249s] -- Up-to-date: /home/ROS2_rUBot_mecanum_ws/install/robot_bringup/share/robot_bringup//rviz/urdf_base_footprint_config.rviz
[0.249s] -- Up-to-date: /home/ROS2_rUBot_mecanum_ws/install/robot_bringup/share/robot_bringup//worlds
[0.249s] -- Up-to-date: /home/ROS2_rUBot_mecanum_ws/install/robot_bringup/share/robot_bringup//worlds/square.world
[0.249s] -- Up-to-date: /home/ROS2_rUBot_mecanum_ws/install/robot_bringup/share/robot_bringup//worlds/test_world.world
[0.249s] -- Installing: /home/ROS2_rUBot_mecanum_ws/install/robot_bringup/share/ament_index/resource_index/package_run_dependencies/robot_bringup
[0.249s] -- Installing: /home/ROS2_rUBot_mecanum_ws/install/robot_bringup/share/ament_index/resource_index/parent_prefix_path/robot_bringup
[0.249s] -- Up-to-date: /home/ROS2_rUBot_mecanum_ws/install/robot_bringup/share/robot_bringup/environment/ament_prefix_path.sh
[0.249s] -- Installing: /home/ROS2_rUBot_mecanum_ws/install/robot_bringup/share/robot_bringup/environment/ament_prefix_path.dsv
[0.249s] -- Up-to-date: /home/ROS2_rUBot_mecanum_ws/install/robot_bringup/share/robot_bringup/environment/path.sh
[0.249s] -- Installing: /home/ROS2_rUBot_mecanum_ws/install/robot_bringup/share/robot_bringup/environment/path.dsv
[0.249s] -- Up-to-date: /home/ROS2_rUBot_mecanum_ws/install/robot_bringup/share/robot_bringup/local_setup.bash
[0.249s] -- Up-to-date: /home/ROS2_rUBot_mecanum_ws/install/robot_bringup/share/robot_bringup/local_setup.sh
[0.250s] -- Up-to-date: /home/ROS2_rUBot_mecanum_ws/install/robot_bringup/share/robot_bringup/local_setup.zsh
[0.250s] -- Installing: /home/ROS2_rUBot_mecanum_ws/install/robot_bringup/share/robot_bringup/local_setup.dsv
[0.251s] -- Installing: /home/ROS2_rUBot_mecanum_ws/install/robot_bringup/share/robot_bringup/package.dsv
[0.251s] -- Up-to-date: /home/ROS2_rUBot_mecanum_ws/install/robot_bringup/share/ament_index/resource_index/packages/robot_bringup
[0.251s] -- Up-to-date: /home/ROS2_rUBot_mecanum_ws/install/robot_bringup/share/robot_bringup/cmake/robot_bringupConfig.cmake
[0.254s] -- Up-to-date: /home/ROS2_rUBot_mecanum_ws/install/robot_bringup/share/robot_bringup/cmake/robot_bringupConfig-version.cmake
[0.254s] -- Installing: /home/ROS2_rUBot_mecanum_ws/install/robot_bringup/share/robot_bringup/package.xml
[0.254s] Invoked command in '/home/ROS2_rUBot_mecanum_ws/build/robot_bringup' returned '0': CMAKE_PREFIX_PATH=/home/ROS2_rUBot_mecanum_ws/install/robot_description:/home/ROS2_rUBot_mecanum_ws/install/teleop_twist_joy:/home/ROS2_rUBot_mecanum_ws/install/robot_bringup:/home/ROS2_rUBot_tutorial_ws/install/robot_bringup:/home/ROS2_rUBot_tutorial_ws/install/robot_description:/home/ROS2_rUBot_tutorial_ws/install/ros2_tutorial:/opt/ros/humble /usr/bin/cmake --install /home/ROS2_rUBot_mecanum_ws/build/robot_bringup
