[2.197s] DEBUG:colcon:Command line arguments: ['/usr/bin/colcon', 'build']
[2.197s] DEBUG:colcon:Parsed command line arguments: Namespace(log_base=None, log_level=None, verb_name='build', build_base='build', install_base='install', merge_install=False, symlink_install=False, test_result_base=None, continue_on_error=False, executor='parallel', parallel_workers=8, event_handlers=None, ignore_user_meta=False, metas=['./colcon.meta'], base_paths=['.'], packages_ignore=None, packages_ignore_regex=None, paths=None, packages_up_to=None, packages_up_to_regex=None, packages_above=None, packages_above_and_dependencies=None, packages_above_depth=None, packages_select_by_dep=None, packages_skip_by_dep=None, packages_skip_up_to=None, packages_select_build_failed=False, packages_skip_build_finished=False, packages_select_test_failures=False, packages_skip_test_passed=False, packages_select=None, packages_skip=None, packages_select_regex=None, packages_skip_regex=None, packages_start=None, packages_end=None, cmake_args=None, cmake_target=None, cmake_target_skip_unavailable=False, cmake_clean_cache=False, cmake_clean_first=False, cmake_force_configure=False, ament_cmake_args=None, catkin_cmake_args=None, catkin_skip_building_tests=False, mixin_files=None, mixin=None, verb_parser=<colcon_mixin.mixin.mixin_argument.MixinArgumentDecorator object at 0x7fcf762f86d0>, verb_extension=<colcon_core.verb.build.BuildVerb object at 0x7fcf762f80d0>, main=<bound method BuildVerb.main of <colcon_core.verb.build.BuildVerb object at 0x7fcf762f80d0>>, mixin_verb=('build',))
[2.489s] Level 1:colcon.colcon_core.package_discovery:discover_packages(colcon_meta) check parameters
[2.492s] INFO:colcon.colcon_metadata.package_discovery.colcon_meta:Using configuration from '/root/.colcon/metadata/default/Gazebo.meta'
[2.495s] INFO:colcon.colcon_metadata.package_discovery.colcon_meta:Using configuration from '/root/.colcon/metadata/default/fastrtps.meta'
[2.495s] Level 1:colcon.colcon_core.package_discovery:discover_packages(recursive) check parameters
[2.495s] Level 1:colcon.colcon_core.package_discovery:discover_packages(ignore) check parameters
[2.495s] Level 1:colcon.colcon_core.package_discovery:discover_packages(path) check parameters
[2.495s] Level 1:colcon.colcon_core.package_discovery:discover_packages(colcon_meta) discover
[2.495s] Level 1:colcon.colcon_core.package_discovery:discover_packages(recursive) discover
[2.495s] INFO:colcon.colcon_core.package_discovery:Crawling recursively for packages in '/home/ROS2_rUBot_mecanum_ws'
[2.495s] Level 1:colcon.colcon_core.package_identification:_identify(.) by extensions ['ignore', 'ignore_ament_install']
[2.495s] Level 1:colcon.colcon_core.package_identification:_identify(.) by extension 'ignore'
[2.496s] Level 1:colcon.colcon_core.package_identification:_identify(.) by extension 'ignore_ament_install'
[2.496s] Level 1:colcon.colcon_core.package_identification:_identify(.) by extensions ['colcon_pkg']
[2.496s] Level 1:colcon.colcon_core.package_identification:_identify(.) by extension 'colcon_pkg'
[2.496s] Level 1:colcon.colcon_core.package_identification:_identify(.) by extensions ['colcon_meta']
[2.496s] Level 1:colcon.colcon_core.package_identification:_identify(.) by extension 'colcon_meta'
[2.496s] Level 1:colcon.colcon_core.package_identification:_identify(.) by extensions ['ros']
[2.496s] Level 1:colcon.colcon_core.package_identification:_identify(.) by extension 'ros'
[2.509s] Level 1:colcon.colcon_core.package_identification:_identify(.) by extensions ['cmake', 'python']
[2.509s] Level 1:colcon.colcon_core.package_identification:_identify(.) by extension 'cmake'
[2.509s] Level 1:colcon.colcon_core.package_identification:_identify(.) by extension 'python'
[2.509s] Level 1:colcon.colcon_core.package_identification:_identify(.) by extensions ['python_setup_py']
[2.509s] Level 1:colcon.colcon_core.package_identification:_identify(.) by extension 'python_setup_py'
[2.509s] Level 1:colcon.colcon_core.package_identification:_identify(Documentation) by extensions ['ignore', 'ignore_ament_install']
[2.509s] Level 1:colcon.colcon_core.package_identification:_identify(Documentation) by extension 'ignore'
[2.509s] Level 1:colcon.colcon_core.package_identification:_identify(Documentation) by extension 'ignore_ament_install'
[2.509s] Level 1:colcon.colcon_core.package_identification:_identify(Documentation) by extensions ['colcon_pkg']
[2.509s] Level 1:colcon.colcon_core.package_identification:_identify(Documentation) by extension 'colcon_pkg'
[2.509s] Level 1:colcon.colcon_core.package_identification:_identify(Documentation) by extensions ['colcon_meta']
[2.509s] Level 1:colcon.colcon_core.package_identification:_identify(Documentation) by extension 'colcon_meta'
[2.510s] Level 1:colcon.colcon_core.package_identification:_identify(Documentation) by extensions ['ros']
[2.510s] Level 1:colcon.colcon_core.package_identification:_identify(Documentation) by extension 'ros'
[2.510s] Level 1:colcon.colcon_core.package_identification:_identify(Documentation) by extensions ['cmake', 'python']
[2.510s] Level 1:colcon.colcon_core.package_identification:_identify(Documentation) by extension 'cmake'
[2.510s] Level 1:colcon.colcon_core.package_identification:_identify(Documentation) by extension 'python'
[2.510s] Level 1:colcon.colcon_core.package_identification:_identify(Documentation) by extensions ['python_setup_py']
[2.510s] Level 1:colcon.colcon_core.package_identification:_identify(Documentation) by extension 'python_setup_py'
[2.510s] Level 1:colcon.colcon_core.package_identification:_identify(Documentation/Files) by extensions ['ignore', 'ignore_ament_install']
[2.510s] Level 1:colcon.colcon_core.package_identification:_identify(Documentation/Files) by extension 'ignore'
[2.510s] Level 1:colcon.colcon_core.package_identification:_identify(Documentation/Files) by extension 'ignore_ament_install'
[2.510s] Level 1:colcon.colcon_core.package_identification:_identify(Documentation/Files) by extensions ['colcon_pkg']
[2.510s] Level 1:colcon.colcon_core.package_identification:_identify(Documentation/Files) by extension 'colcon_pkg'
[2.510s] Level 1:colcon.colcon_core.package_identification:_identify(Documentation/Files) by extensions ['colcon_meta']
[2.510s] Level 1:colcon.colcon_core.package_identification:_identify(Documentation/Files) by extension 'colcon_meta'
[2.510s] Level 1:colcon.colcon_core.package_identification:_identify(Documentation/Files) by extensions ['ros']
[2.510s] Level 1:colcon.colcon_core.package_identification:_identify(Documentation/Files) by extension 'ros'
[2.511s] Level 1:colcon.colcon_core.package_identification:_identify(Documentation/Files) by extensions ['cmake', 'python']
[2.511s] Level 1:colcon.colcon_core.package_identification:_identify(Documentation/Files) by extension 'cmake'
[2.511s] Level 1:colcon.colcon_core.package_identification:_identify(Documentation/Files) by extension 'python'
[2.511s] Level 1:colcon.colcon_core.package_identification:_identify(Documentation/Files) by extensions ['python_setup_py']
[2.511s] Level 1:colcon.colcon_core.package_identification:_identify(Documentation/Files) by extension 'python_setup_py'
[2.511s] Level 1:colcon.colcon_core.package_identification:_identify(Documentation/Files/CourseProject) by extensions ['ignore', 'ignore_ament_install']
[2.511s] Level 1:colcon.colcon_core.package_identification:_identify(Documentation/Files/CourseProject) by extension 'ignore'
[2.511s] Level 1:colcon.colcon_core.package_identification:_identify(Documentation/Files/CourseProject) by extension 'ignore_ament_install'
[2.511s] Level 1:colcon.colcon_core.package_identification:_identify(Documentation/Files/CourseProject) by extensions ['colcon_pkg']
[2.511s] Level 1:colcon.colcon_core.package_identification:_identify(Documentation/Files/CourseProject) by extension 'colcon_pkg'
[2.511s] Level 1:colcon.colcon_core.package_identification:_identify(Documentation/Files/CourseProject) by extensions ['colcon_meta']
[2.511s] Level 1:colcon.colcon_core.package_identification:_identify(Documentation/Files/CourseProject) by extension 'colcon_meta'
[2.511s] Level 1:colcon.colcon_core.package_identification:_identify(Documentation/Files/CourseProject) by extensions ['ros']
[2.511s] Level 1:colcon.colcon_core.package_identification:_identify(Documentation/Files/CourseProject) by extension 'ros'
[2.511s] Level 1:colcon.colcon_core.package_identification:_identify(Documentation/Files/CourseProject) by extensions ['cmake', 'python']
[2.511s] Level 1:colcon.colcon_core.package_identification:_identify(Documentation/Files/CourseProject) by extension 'cmake'
[2.511s] Level 1:colcon.colcon_core.package_identification:_identify(Documentation/Files/CourseProject) by extension 'python'
[2.511s] Level 1:colcon.colcon_core.package_identification:_identify(Documentation/Files/CourseProject) by extensions ['python_setup_py']
[2.512s] Level 1:colcon.colcon_core.package_identification:_identify(Documentation/Files/CourseProject) by extension 'python_setup_py'
[2.512s] Level 1:colcon.colcon_core.package_identification:_identify(Documentation/Files/ROS2_robot_bringup) by extensions ['ignore', 'ignore_ament_install']
[2.512s] Level 1:colcon.colcon_core.package_identification:_identify(Documentation/Files/ROS2_robot_bringup) by extension 'ignore'
[2.512s] Level 1:colcon.colcon_core.package_identification:_identify(Documentation/Files/ROS2_robot_bringup) by extension 'ignore_ament_install'
[2.512s] Level 1:colcon.colcon_core.package_identification:_identify(Documentation/Files/ROS2_robot_bringup) by extensions ['colcon_pkg']
[2.512s] Level 1:colcon.colcon_core.package_identification:_identify(Documentation/Files/ROS2_robot_bringup) by extension 'colcon_pkg'
[2.512s] Level 1:colcon.colcon_core.package_identification:_identify(Documentation/Files/ROS2_robot_bringup) by extensions ['colcon_meta']
[2.512s] Level 1:colcon.colcon_core.package_identification:_identify(Documentation/Files/ROS2_robot_bringup) by extension 'colcon_meta'
[2.512s] Level 1:colcon.colcon_core.package_identification:_identify(Documentation/Files/ROS2_robot_bringup) by extensions ['ros']
[2.512s] Level 1:colcon.colcon_core.package_identification:_identify(Documentation/Files/ROS2_robot_bringup) by extension 'ros'
[2.512s] Level 1:colcon.colcon_core.package_identification:_identify(Documentation/Files/ROS2_robot_bringup) by extensions ['cmake', 'python']
[2.512s] Level 1:colcon.colcon_core.package_identification:_identify(Documentation/Files/ROS2_robot_bringup) by extension 'cmake'
[2.512s] Level 1:colcon.colcon_core.package_identification:_identify(Documentation/Files/ROS2_robot_bringup) by extension 'python'
[2.512s] Level 1:colcon.colcon_core.package_identification:_identify(Documentation/Files/ROS2_robot_bringup) by extensions ['python_setup_py']
[2.512s] Level 1:colcon.colcon_core.package_identification:_identify(Documentation/Files/ROS2_robot_bringup) by extension 'python_setup_py'
[2.512s] Level 1:colcon.colcon_core.package_identification:_identify(Documentation/Images) by extensions ['ignore', 'ignore_ament_install']
[2.513s] Level 1:colcon.colcon_core.package_identification:_identify(Documentation/Images) by extension 'ignore'
[2.513s] Level 1:colcon.colcon_core.package_identification:_identify(Documentation/Images) by extension 'ignore_ament_install'
[2.513s] Level 1:colcon.colcon_core.package_identification:_identify(Documentation/Images) by extensions ['colcon_pkg']
[2.513s] Level 1:colcon.colcon_core.package_identification:_identify(Documentation/Images) by extension 'colcon_pkg'
[2.513s] Level 1:colcon.colcon_core.package_identification:_identify(Documentation/Images) by extensions ['colcon_meta']
[2.513s] Level 1:colcon.colcon_core.package_identification:_identify(Documentation/Images) by extension 'colcon_meta'
[2.513s] Level 1:colcon.colcon_core.package_identification:_identify(Documentation/Images) by extensions ['ros']
[2.513s] Level 1:colcon.colcon_core.package_identification:_identify(Documentation/Images) by extension 'ros'
[2.513s] Level 1:colcon.colcon_core.package_identification:_identify(Documentation/Images) by extensions ['cmake', 'python']
[2.513s] Level 1:colcon.colcon_core.package_identification:_identify(Documentation/Images) by extension 'cmake'
[2.513s] Level 1:colcon.colcon_core.package_identification:_identify(Documentation/Images) by extension 'python'
[2.513s] Level 1:colcon.colcon_core.package_identification:_identify(Documentation/Images) by extensions ['python_setup_py']
[2.513s] Level 1:colcon.colcon_core.package_identification:_identify(Documentation/Images) by extension 'python_setup_py'
[2.513s] Level 1:colcon.colcon_core.package_identification:_identify(Documentation/Images/02_rubot_model) by extensions ['ignore', 'ignore_ament_install']
[2.513s] Level 1:colcon.colcon_core.package_identification:_identify(Documentation/Images/02_rubot_model) by extension 'ignore'
[2.514s] Level 1:colcon.colcon_core.package_identification:_identify(Documentation/Images/02_rubot_model) by extension 'ignore_ament_install'
[2.514s] Level 1:colcon.colcon_core.package_identification:_identify(Documentation/Images/02_rubot_model) by extensions ['colcon_pkg']
[2.514s] Level 1:colcon.colcon_core.package_identification:_identify(Documentation/Images/02_rubot_model) by extension 'colcon_pkg'
[2.514s] Level 1:colcon.colcon_core.package_identification:_identify(Documentation/Images/02_rubot_model) by extensions ['colcon_meta']
[2.514s] Level 1:colcon.colcon_core.package_identification:_identify(Documentation/Images/02_rubot_model) by extension 'colcon_meta'
[2.514s] Level 1:colcon.colcon_core.package_identification:_identify(Documentation/Images/02_rubot_model) by extensions ['ros']
[2.514s] Level 1:colcon.colcon_core.package_identification:_identify(Documentation/Images/02_rubot_model) by extension 'ros'
[2.514s] Level 1:colcon.colcon_core.package_identification:_identify(Documentation/Images/02_rubot_model) by extensions ['cmake', 'python']
[2.514s] Level 1:colcon.colcon_core.package_identification:_identify(Documentation/Images/02_rubot_model) by extension 'cmake'
[2.514s] Level 1:colcon.colcon_core.package_identification:_identify(Documentation/Images/02_rubot_model) by extension 'python'
[2.514s] Level 1:colcon.colcon_core.package_identification:_identify(Documentation/Images/02_rubot_model) by extensions ['python_setup_py']
[2.514s] Level 1:colcon.colcon_core.package_identification:_identify(Documentation/Images/02_rubot_model) by extension 'python_setup_py'
[2.536s] Level 1:colcon.colcon_core.package_identification:_identify(build) by extensions ['ignore', 'ignore_ament_install']
[2.536s] Level 1:colcon.colcon_core.package_identification:_identify(build) by extension 'ignore'
[2.536s] Level 1:colcon.colcon_core.package_identification:_identify(build) ignored
[2.537s] Level 1:colcon.colcon_core.package_identification:_identify(install) by extensions ['ignore', 'ignore_ament_install']
[2.537s] Level 1:colcon.colcon_core.package_identification:_identify(install) by extension 'ignore'
[2.537s] Level 1:colcon.colcon_core.package_identification:_identify(install) ignored
[2.537s] Level 1:colcon.colcon_core.package_identification:_identify(log) by extensions ['ignore', 'ignore_ament_install']
[2.537s] Level 1:colcon.colcon_core.package_identification:_identify(log) by extension 'ignore'
[2.537s] Level 1:colcon.colcon_core.package_identification:_identify(log) ignored
[2.537s] Level 1:colcon.colcon_core.package_identification:_identify(src) by extensions ['ignore', 'ignore_ament_install']
[2.537s] Level 1:colcon.colcon_core.package_identification:_identify(src) by extension 'ignore'
[2.537s] Level 1:colcon.colcon_core.package_identification:_identify(src) by extension 'ignore_ament_install'
[2.537s] Level 1:colcon.colcon_core.package_identification:_identify(src) by extensions ['colcon_pkg']
[2.537s] Level 1:colcon.colcon_core.package_identification:_identify(src) by extension 'colcon_pkg'
[2.537s] Level 1:colcon.colcon_core.package_identification:_identify(src) by extensions ['colcon_meta']
[2.537s] Level 1:colcon.colcon_core.package_identification:_identify(src) by extension 'colcon_meta'
[2.537s] Level 1:colcon.colcon_core.package_identification:_identify(src) by extensions ['ros']
[2.537s] Level 1:colcon.colcon_core.package_identification:_identify(src) by extension 'ros'
[2.538s] Level 1:colcon.colcon_core.package_identification:_identify(src) by extensions ['cmake', 'python']
[2.538s] Level 1:colcon.colcon_core.package_identification:_identify(src) by extension 'cmake'
[2.538s] Level 1:colcon.colcon_core.package_identification:_identify(src) by extension 'python'
[2.538s] Level 1:colcon.colcon_core.package_identification:_identify(src) by extensions ['python_setup_py']
[2.538s] Level 1:colcon.colcon_core.package_identification:_identify(src) by extension 'python_setup_py'
[2.538s] Level 1:colcon.colcon_core.package_identification:_identify(src/robot_bringup) by extensions ['ignore', 'ignore_ament_install']
[2.538s] Level 1:colcon.colcon_core.package_identification:_identify(src/robot_bringup) by extension 'ignore'
[2.538s] Level 1:colcon.colcon_core.package_identification:_identify(src/robot_bringup) by extension 'ignore_ament_install'
[2.538s] Level 1:colcon.colcon_core.package_identification:_identify(src/robot_bringup) by extensions ['colcon_pkg']
[2.538s] Level 1:colcon.colcon_core.package_identification:_identify(src/robot_bringup) by extension 'colcon_pkg'
[2.538s] Level 1:colcon.colcon_core.package_identification:_identify(src/robot_bringup) by extensions ['colcon_meta']
[2.538s] Level 1:colcon.colcon_core.package_identification:_identify(src/robot_bringup) by extension 'colcon_meta'
[2.538s] Level 1:colcon.colcon_core.package_identification:_identify(src/robot_bringup) by extensions ['ros']
[2.538s] Level 1:colcon.colcon_core.package_identification:_identify(src/robot_bringup) by extension 'ros'
[2.543s] DEBUG:colcon.colcon_core.package_identification:Package 'src/robot_bringup' with type 'ros.ament_cmake' and name 'robot_bringup'
[2.544s] Level 1:colcon.colcon_core.package_identification:_identify(src/robot_description) by extensions ['ignore', 'ignore_ament_install']
[2.544s] Level 1:colcon.colcon_core.package_identification:_identify(src/robot_description) by extension 'ignore'
[2.544s] Level 1:colcon.colcon_core.package_identification:_identify(src/robot_description) by extension 'ignore_ament_install'
[2.544s] Level 1:colcon.colcon_core.package_identification:_identify(src/robot_description) by extensions ['colcon_pkg']
[2.544s] Level 1:colcon.colcon_core.package_identification:_identify(src/robot_description) by extension 'colcon_pkg'
[2.544s] Level 1:colcon.colcon_core.package_identification:_identify(src/robot_description) by extensions ['colcon_meta']
[2.544s] Level 1:colcon.colcon_core.package_identification:_identify(src/robot_description) by extension 'colcon_meta'
[2.544s] Level 1:colcon.colcon_core.package_identification:_identify(src/robot_description) by extensions ['ros']
[2.544s] Level 1:colcon.colcon_core.package_identification:_identify(src/robot_description) by extension 'ros'
[2.546s] DEBUG:colcon.colcon_core.package_identification:Package 'src/robot_description' with type 'ros.ament_cmake' and name 'robot_description'
[2.547s] Level 1:colcon.colcon_core.package_identification:_identify(src/teleop_twist_joy) by extensions ['ignore', 'ignore_ament_install']
[2.547s] Level 1:colcon.colcon_core.package_identification:_identify(src/teleop_twist_joy) by extension 'ignore'
[2.548s] Level 1:colcon.colcon_core.package_identification:_identify(src/teleop_twist_joy) by extension 'ignore_ament_install'
[2.548s] Level 1:colcon.colcon_core.package_identification:_identify(src/teleop_twist_joy) by extensions ['colcon_pkg']
[2.548s] Level 1:colcon.colcon_core.package_identification:_identify(src/teleop_twist_joy) by extension 'colcon_pkg'
[2.548s] Level 1:colcon.colcon_core.package_identification:_identify(src/teleop_twist_joy) by extensions ['colcon_meta']
[2.548s] Level 1:colcon.colcon_core.package_identification:_identify(src/teleop_twist_joy) by extension 'colcon_meta'
[2.548s] Level 1:colcon.colcon_core.package_identification:_identify(src/teleop_twist_joy) by extensions ['ros']
[2.548s] Level 1:colcon.colcon_core.package_identification:_identify(src/teleop_twist_joy) by extension 'ros'
[2.550s] DEBUG:colcon.colcon_core.package_identification:Package 'src/teleop_twist_joy' with type 'ros.ament_cmake' and name 'teleop_twist_joy'
[2.550s] Level 1:colcon.colcon_core.package_discovery:discover_packages(recursive) using defaults
[2.550s] Level 1:colcon.colcon_core.package_discovery:discover_packages(ignore) discover
[2.550s] Level 1:colcon.colcon_core.package_discovery:discover_packages(ignore) using defaults
[2.550s] Level 1:colcon.colcon_core.package_discovery:discover_packages(path) discover
[2.550s] Level 1:colcon.colcon_core.package_discovery:discover_packages(path) using defaults
[2.652s] Level 5:colcon.colcon_core.verb:set package 'robot_description' build argument 'cmake_args' from command line to 'None'
[2.652s] Level 5:colcon.colcon_core.verb:set package 'robot_description' build argument 'cmake_target' from command line to 'None'
[2.652s] Level 5:colcon.colcon_core.verb:set package 'robot_description' build argument 'cmake_target_skip_unavailable' from command line to 'False'
[2.652s] Level 5:colcon.colcon_core.verb:set package 'robot_description' build argument 'cmake_clean_cache' from command line to 'False'
[2.652s] Level 5:colcon.colcon_core.verb:set package 'robot_description' build argument 'cmake_clean_first' from command line to 'False'
[2.652s] Level 5:colcon.colcon_core.verb:set package 'robot_description' build argument 'cmake_force_configure' from command line to 'False'
[2.652s] Level 5:colcon.colcon_core.verb:set package 'robot_description' build argument 'ament_cmake_args' from command line to 'None'
[2.652s] Level 5:colcon.colcon_core.verb:set package 'robot_description' build argument 'catkin_cmake_args' from command line to 'None'
[2.652s] Level 5:colcon.colcon_core.verb:set package 'robot_description' build argument 'catkin_skip_building_tests' from command line to 'False'
[2.652s] DEBUG:colcon.colcon_core.verb:Building package 'robot_description' with the following arguments: {'ament_cmake_args': None, 'build_base': '/home/ROS2_rUBot_mecanum_ws/build/robot_description', 'catkin_cmake_args': None, 'catkin_skip_building_tests': False, 'cmake_args': None, 'cmake_clean_cache': False, 'cmake_clean_first': False, 'cmake_force_configure': False, 'cmake_target': None, 'cmake_target_skip_unavailable': False, 'install_base': '/home/ROS2_rUBot_mecanum_ws/install/robot_description', 'merge_install': False, 'path': '/home/ROS2_rUBot_mecanum_ws/src/robot_description', 'symlink_install': False, 'test_result_base': None}
[2.653s] Level 5:colcon.colcon_core.verb:set package 'teleop_twist_joy' build argument 'cmake_args' from command line to 'None'
[2.653s] Level 5:colcon.colcon_core.verb:set package 'teleop_twist_joy' build argument 'cmake_target' from command line to 'None'
[2.653s] Level 5:colcon.colcon_core.verb:set package 'teleop_twist_joy' build argument 'cmake_target_skip_unavailable' from command line to 'False'
[2.653s] Level 5:colcon.colcon_core.verb:set package 'teleop_twist_joy' build argument 'cmake_clean_cache' from command line to 'False'
[2.653s] Level 5:colcon.colcon_core.verb:set package 'teleop_twist_joy' build argument 'cmake_clean_first' from command line to 'False'
[2.653s] Level 5:colcon.colcon_core.verb:set package 'teleop_twist_joy' build argument 'cmake_force_configure' from command line to 'False'
[2.653s] Level 5:colcon.colcon_core.verb:set package 'teleop_twist_joy' build argument 'ament_cmake_args' from command line to 'None'
[2.653s] Level 5:colcon.colcon_core.verb:set package 'teleop_twist_joy' build argument 'catkin_cmake_args' from command line to 'None'
[2.653s] Level 5:colcon.colcon_core.verb:set package 'teleop_twist_joy' build argument 'catkin_skip_building_tests' from command line to 'False'
[2.653s] DEBUG:colcon.colcon_core.verb:Building package 'teleop_twist_joy' with the following arguments: {'ament_cmake_args': None, 'build_base': '/home/ROS2_rUBot_mecanum_ws/build/teleop_twist_joy', 'catkin_cmake_args': None, 'catkin_skip_building_tests': False, 'cmake_args': None, 'cmake_clean_cache': False, 'cmake_clean_first': False, 'cmake_force_configure': False, 'cmake_target': None, 'cmake_target_skip_unavailable': False, 'install_base': '/home/ROS2_rUBot_mecanum_ws/install/teleop_twist_joy', 'merge_install': False, 'path': '/home/ROS2_rUBot_mecanum_ws/src/teleop_twist_joy', 'symlink_install': False, 'test_result_base': None}
[2.655s] Level 5:colcon.colcon_core.verb:set package 'robot_bringup' build argument 'cmake_args' from command line to 'None'
[2.655s] Level 5:colcon.colcon_core.verb:set package 'robot_bringup' build argument 'cmake_target' from command line to 'None'
[2.655s] Level 5:colcon.colcon_core.verb:set package 'robot_bringup' build argument 'cmake_target_skip_unavailable' from command line to 'False'
[2.655s] Level 5:colcon.colcon_core.verb:set package 'robot_bringup' build argument 'cmake_clean_cache' from command line to 'False'
[2.655s] Level 5:colcon.colcon_core.verb:set package 'robot_bringup' build argument 'cmake_clean_first' from command line to 'False'
[2.655s] Level 5:colcon.colcon_core.verb:set package 'robot_bringup' build argument 'cmake_force_configure' from command line to 'False'
[2.655s] Level 5:colcon.colcon_core.verb:set package 'robot_bringup' build argument 'ament_cmake_args' from command line to 'None'
[2.655s] Level 5:colcon.colcon_core.verb:set package 'robot_bringup' build argument 'catkin_cmake_args' from command line to 'None'
[2.655s] Level 5:colcon.colcon_core.verb:set package 'robot_bringup' build argument 'catkin_skip_building_tests' from command line to 'False'
[2.655s] DEBUG:colcon.colcon_core.verb:Building package 'robot_bringup' with the following arguments: {'ament_cmake_args': None, 'build_base': '/home/ROS2_rUBot_mecanum_ws/build/robot_bringup', 'catkin_cmake_args': None, 'catkin_skip_building_tests': False, 'cmake_args': None, 'cmake_clean_cache': False, 'cmake_clean_first': False, 'cmake_force_configure': False, 'cmake_target': None, 'cmake_target_skip_unavailable': False, 'install_base': '/home/ROS2_rUBot_mecanum_ws/install/robot_bringup', 'merge_install': False, 'path': '/home/ROS2_rUBot_mecanum_ws/src/robot_bringup', 'symlink_install': False, 'test_result_base': None}
[2.656s] INFO:colcon.colcon_core.executor:Executing jobs using 'parallel' executor
[2.677s] DEBUG:colcon.colcon_parallel_executor.executor.parallel:run_until_complete
[2.677s] INFO:colcon.colcon_ros.task.ament_cmake.build:Building ROS package in '/home/ROS2_rUBot_mecanum_ws/src/robot_description' with build type 'ament_cmake'
[2.677s] INFO:colcon.colcon_cmake.task.cmake.build:Building CMake package in '/home/ROS2_rUBot_mecanum_ws/src/robot_description'
[2.722s] INFO:colcon.colcon_core.plugin_system:Skipping extension 'colcon_core.shell.bat': Not used on non-Windows systems
[2.722s] INFO:colcon.colcon_core.shell:Skip shell extension 'powershell' for command environment: Not usable outside of PowerShell
[2.723s] DEBUG:colcon.colcon_core.shell:Skip shell extension 'dsv' for command environment
[2.753s] INFO:colcon.colcon_ros.task.ament_cmake.build:Building ROS package in '/home/ROS2_rUBot_mecanum_ws/src/teleop_twist_joy' with build type 'ament_cmake'
[2.753s] INFO:colcon.colcon_cmake.task.cmake.build:Building CMake package in '/home/ROS2_rUBot_mecanum_ws/src/teleop_twist_joy'
[2.754s] INFO:colcon.colcon_core.shell:Skip shell extension 'powershell' for command environment: Not usable outside of PowerShell
[2.754s] DEBUG:colcon.colcon_core.shell:Skip shell extension 'dsv' for command environment
[2.800s] DEBUG:colcon.colcon_core.event_handler.log_command:Invoking command in '/home/ROS2_rUBot_mecanum_ws/build/robot_description': CMAKE_PREFIX_PATH=${CMAKE_PREFIX_PATH}:/home/ROS2_rUBot_tutorial_ws/install/ros2_tutorial:/opt/ros/humble /usr/bin/cmake --build /home/ROS2_rUBot_mecanum_ws/build/robot_description -- -j8 -l8
[2.859s] DEBUG:colcon.colcon_core.event_handler.log_command:Invoking command in '/home/ROS2_rUBot_mecanum_ws/build/teleop_twist_joy': CMAKE_PREFIX_PATH=${CMAKE_PREFIX_PATH}:/home/ROS2_rUBot_tutorial_ws/install/ros2_tutorial:/opt/ros/humble /usr/bin/cmake --build /home/ROS2_rUBot_mecanum_ws/build/teleop_twist_joy -- -j8 -l8
[3.159s] DEBUG:colcon.colcon_core.event_handler.log_command:Invoked command in '/home/ROS2_rUBot_mecanum_ws/build/robot_description' returned '0': CMAKE_PREFIX_PATH=${CMAKE_PREFIX_PATH}:/home/ROS2_rUBot_tutorial_ws/install/ros2_tutorial:/opt/ros/humble /usr/bin/cmake --build /home/ROS2_rUBot_mecanum_ws/build/robot_description -- -j8 -l8
[3.467s] DEBUG:colcon.colcon_core.event_handler.log_command:Invoking command in '/home/ROS2_rUBot_mecanum_ws/build/robot_description': CMAKE_PREFIX_PATH=${CMAKE_PREFIX_PATH}:/home/ROS2_rUBot_tutorial_ws/install/ros2_tutorial:/opt/ros/humble /usr/bin/cmake --install /home/ROS2_rUBot_mecanum_ws/build/robot_description
[3.483s] Level 1:colcon.colcon_core.environment:create_environment_scripts_only(robot_description)
[3.490s] DEBUG:colcon.colcon_core.event_handler.log_command:Invoked command in '/home/ROS2_rUBot_mecanum_ws/build/robot_description' returned '0': CMAKE_PREFIX_PATH=${CMAKE_PREFIX_PATH}:/home/ROS2_rUBot_tutorial_ws/install/ros2_tutorial:/opt/ros/humble /usr/bin/cmake --install /home/ROS2_rUBot_mecanum_ws/build/robot_description
[3.537s] Level 1:colcon.colcon_core.environment:checking '/home/ROS2_rUBot_mecanum_ws/install/robot_description' for CMake module files
[3.538s] Level 1:colcon.colcon_core.environment:checking '/home/ROS2_rUBot_mecanum_ws/install/robot_description' for CMake config files
[3.538s] Level 1:colcon.colcon_core.shell:create_environment_hook('robot_description', 'cmake_prefix_path')
[3.540s] INFO:colcon.colcon_core.shell:Creating environment hook '/home/ROS2_rUBot_mecanum_ws/install/robot_description/share/robot_description/hook/cmake_prefix_path.ps1'
[3.542s] INFO:colcon.colcon_core.shell:Creating environment descriptor '/home/ROS2_rUBot_mecanum_ws/install/robot_description/share/robot_description/hook/cmake_prefix_path.dsv'
[3.542s] INFO:colcon.colcon_core.shell:Creating environment hook '/home/ROS2_rUBot_mecanum_ws/install/robot_description/share/robot_description/hook/cmake_prefix_path.sh'
[3.544s] Level 1:colcon.colcon_core.environment:checking '/home/ROS2_rUBot_mecanum_ws/install/robot_description/bin'
[3.544s] Level 1:colcon.colcon_core.environment:checking '/home/ROS2_rUBot_mecanum_ws/install/robot_description/lib/pkgconfig/robot_description.pc'
[3.547s] Level 1:colcon.colcon_core.environment:checking '/home/ROS2_rUBot_mecanum_ws/install/robot_description/lib/python3.10/site-packages'
[3.548s] Level 1:colcon.colcon_core.environment:checking '/home/ROS2_rUBot_mecanum_ws/install/robot_description/bin'
[3.550s] INFO:colcon.colcon_core.shell:Creating package script '/home/ROS2_rUBot_mecanum_ws/install/robot_description/share/robot_description/package.ps1'
[3.557s] INFO:colcon.colcon_core.shell:Creating package descriptor '/home/ROS2_rUBot_mecanum_ws/install/robot_description/share/robot_description/package.dsv'
[3.571s] INFO:colcon.colcon_core.shell:Creating package script '/home/ROS2_rUBot_mecanum_ws/install/robot_description/share/robot_description/package.sh'
[3.581s] INFO:colcon.colcon_core.shell:Creating package script '/home/ROS2_rUBot_mecanum_ws/install/robot_description/share/robot_description/package.bash'
[3.583s] INFO:colcon.colcon_core.shell:Creating package script '/home/ROS2_rUBot_mecanum_ws/install/robot_description/share/robot_description/package.zsh'
[3.585s] Level 1:colcon.colcon_core.environment:create_file_with_runtime_dependencies(/home/ROS2_rUBot_mecanum_ws/install/robot_description/share/colcon-core/packages/robot_description)
[3.623s] DEBUG:colcon.colcon_core.event_handler.log_command:Invoked command in '/home/ROS2_rUBot_mecanum_ws/build/teleop_twist_joy' returned '0': CMAKE_PREFIX_PATH=${CMAKE_PREFIX_PATH}:/home/ROS2_rUBot_tutorial_ws/install/ros2_tutorial:/opt/ros/humble /usr/bin/cmake --build /home/ROS2_rUBot_mecanum_ws/build/teleop_twist_joy -- -j8 -l8
[3.708s] Level 1:colcon.colcon_core.environment:create_environment_scripts_only(robot_description)
[3.713s] Level 1:colcon.colcon_core.environment:checking '/home/ROS2_rUBot_mecanum_ws/install/robot_description' for CMake module files
[3.713s] Level 1:colcon.colcon_core.environment:checking '/home/ROS2_rUBot_mecanum_ws/install/robot_description' for CMake config files
[3.713s] Level 1:colcon.colcon_core.shell:create_environment_hook('robot_description', 'cmake_prefix_path')
[3.715s] INFO:colcon.colcon_core.shell:Creating environment hook '/home/ROS2_rUBot_mecanum_ws/install/robot_description/share/robot_description/hook/cmake_prefix_path.ps1'
[3.715s] INFO:colcon.colcon_core.shell:Creating environment descriptor '/home/ROS2_rUBot_mecanum_ws/install/robot_description/share/robot_description/hook/cmake_prefix_path.dsv'
[3.716s] INFO:colcon.colcon_core.shell:Creating environment hook '/home/ROS2_rUBot_mecanum_ws/install/robot_description/share/robot_description/hook/cmake_prefix_path.sh'
[3.716s] Level 1:colcon.colcon_core.environment:checking '/home/ROS2_rUBot_mecanum_ws/install/robot_description/bin'
[3.716s] Level 1:colcon.colcon_core.environment:checking '/home/ROS2_rUBot_mecanum_ws/install/robot_description/lib/pkgconfig/robot_description.pc'
[3.716s] Level 1:colcon.colcon_core.environment:checking '/home/ROS2_rUBot_mecanum_ws/install/robot_description/lib/python3.10/site-packages'
[3.717s] Level 1:colcon.colcon_core.environment:checking '/home/ROS2_rUBot_mecanum_ws/install/robot_description/bin'
[3.718s] INFO:colcon.colcon_core.shell:Creating package script '/home/ROS2_rUBot_mecanum_ws/install/robot_description/share/robot_description/package.ps1'
[3.719s] INFO:colcon.colcon_core.shell:Creating package descriptor '/home/ROS2_rUBot_mecanum_ws/install/robot_description/share/robot_description/package.dsv'
[3.719s] INFO:colcon.colcon_core.shell:Creating package script '/home/ROS2_rUBot_mecanum_ws/install/robot_description/share/robot_description/package.sh'
[3.719s] INFO:colcon.colcon_core.shell:Creating package script '/home/ROS2_rUBot_mecanum_ws/install/robot_description/share/robot_description/package.bash'
[3.720s] INFO:colcon.colcon_core.shell:Creating package script '/home/ROS2_rUBot_mecanum_ws/install/robot_description/share/robot_description/package.zsh'
[3.720s] Level 1:colcon.colcon_core.environment:create_file_with_runtime_dependencies(/home/ROS2_rUBot_mecanum_ws/install/robot_description/share/colcon-core/packages/robot_description)
[3.721s] INFO:colcon.colcon_ros.task.ament_cmake.build:Building ROS package in '/home/ROS2_rUBot_mecanum_ws/src/robot_bringup' with build type 'ament_cmake'
[3.721s] INFO:colcon.colcon_cmake.task.cmake.build:Building CMake package in '/home/ROS2_rUBot_mecanum_ws/src/robot_bringup'
[3.722s] INFO:colcon.colcon_core.shell:Skip shell extension 'powershell' for command environment: Not usable outside of PowerShell
[3.731s] DEBUG:colcon.colcon_core.shell:Skip shell extension 'dsv' for command environment
[3.838s] DEBUG:colcon.colcon_core.event_handler.log_command:Invoking command in '/home/ROS2_rUBot_mecanum_ws/build/robot_bringup': CMAKE_PREFIX_PATH=/home/ROS2_rUBot_mecanum_ws/install/robot_description:/home/ROS2_rUBot_mecanum_ws/install/teleop_twist_joy:/home/ROS2_rUBot_mecanum_ws/install/robot_bringup:/home/ROS2_rUBot_tutorial_ws/install/robot_bringup:/home/ROS2_rUBot_tutorial_ws/install/robot_description:/home/ROS2_rUBot_tutorial_ws/install/ros2_tutorial:/opt/ros/humble /usr/bin/cmake --build /home/ROS2_rUBot_mecanum_ws/build/robot_bringup -- -j8 -l8
[3.868s] DEBUG:colcon.colcon_core.event_handler.log_command:Invoking command in '/home/ROS2_rUBot_mecanum_ws/build/teleop_twist_joy': CMAKE_PREFIX_PATH=${CMAKE_PREFIX_PATH}:/home/ROS2_rUBot_tutorial_ws/install/ros2_tutorial:/opt/ros/humble /usr/bin/cmake --install /home/ROS2_rUBot_mecanum_ws/build/teleop_twist_joy
[3.931s] Level 1:colcon.colcon_core.environment:create_environment_scripts_only(teleop_twist_joy)
[3.933s] Level 1:colcon.colcon_core.environment:checking '/home/ROS2_rUBot_mecanum_ws/install/teleop_twist_joy' for CMake module files
[3.933s] DEBUG:colcon.colcon_core.event_handler.log_command:Invoked command in '/home/ROS2_rUBot_mecanum_ws/build/teleop_twist_joy' returned '0': CMAKE_PREFIX_PATH=${CMAKE_PREFIX_PATH}:/home/ROS2_rUBot_tutorial_ws/install/ros2_tutorial:/opt/ros/humble /usr/bin/cmake --install /home/ROS2_rUBot_mecanum_ws/build/teleop_twist_joy
[3.936s] Level 1:colcon.colcon_core.environment:checking '/home/ROS2_rUBot_mecanum_ws/install/teleop_twist_joy' for CMake config files
[3.936s] Level 1:colcon.colcon_core.shell:create_environment_hook('teleop_twist_joy', 'cmake_prefix_path')
[3.937s] INFO:colcon.colcon_core.shell:Creating environment hook '/home/ROS2_rUBot_mecanum_ws/install/teleop_twist_joy/share/teleop_twist_joy/hook/cmake_prefix_path.ps1'
[3.938s] INFO:colcon.colcon_core.shell:Creating environment descriptor '/home/ROS2_rUBot_mecanum_ws/install/teleop_twist_joy/share/teleop_twist_joy/hook/cmake_prefix_path.dsv'
[3.938s] INFO:colcon.colcon_core.shell:Creating environment hook '/home/ROS2_rUBot_mecanum_ws/install/teleop_twist_joy/share/teleop_twist_joy/hook/cmake_prefix_path.sh'
[3.939s] Level 1:colcon.colcon_core.environment:checking '/home/ROS2_rUBot_mecanum_ws/install/teleop_twist_joy/lib'
[3.939s] Level 1:colcon.colcon_core.shell:create_environment_hook('teleop_twist_joy', 'ld_library_path_lib')
[3.941s] INFO:colcon.colcon_core.shell:Creating environment hook '/home/ROS2_rUBot_mecanum_ws/install/teleop_twist_joy/share/teleop_twist_joy/hook/ld_library_path_lib.ps1'
[3.941s] INFO:colcon.colcon_core.shell:Creating environment descriptor '/home/ROS2_rUBot_mecanum_ws/install/teleop_twist_joy/share/teleop_twist_joy/hook/ld_library_path_lib.dsv'
[3.941s] INFO:colcon.colcon_core.shell:Creating environment hook '/home/ROS2_rUBot_mecanum_ws/install/teleop_twist_joy/share/teleop_twist_joy/hook/ld_library_path_lib.sh'
[3.942s] Level 1:colcon.colcon_core.environment:checking '/home/ROS2_rUBot_mecanum_ws/install/teleop_twist_joy/bin'
[3.942s] Level 1:colcon.colcon_core.environment:checking '/home/ROS2_rUBot_mecanum_ws/install/teleop_twist_joy/lib/pkgconfig/teleop_twist_joy.pc'
[3.942s] Level 1:colcon.colcon_core.environment:checking '/home/ROS2_rUBot_mecanum_ws/install/teleop_twist_joy/lib/python3.10/site-packages'
[3.942s] Level 1:colcon.colcon_core.environment:checking '/home/ROS2_rUBot_mecanum_ws/install/teleop_twist_joy/bin'
[3.944s] INFO:colcon.colcon_core.shell:Creating package script '/home/ROS2_rUBot_mecanum_ws/install/teleop_twist_joy/share/teleop_twist_joy/package.ps1'
[3.944s] INFO:colcon.colcon_core.shell:Creating package descriptor '/home/ROS2_rUBot_mecanum_ws/install/teleop_twist_joy/share/teleop_twist_joy/package.dsv'
[3.945s] INFO:colcon.colcon_core.shell:Creating package script '/home/ROS2_rUBot_mecanum_ws/install/teleop_twist_joy/share/teleop_twist_joy/package.sh'
[3.947s] INFO:colcon.colcon_core.shell:Creating package script '/home/ROS2_rUBot_mecanum_ws/install/teleop_twist_joy/share/teleop_twist_joy/package.bash'
[3.948s] INFO:colcon.colcon_core.shell:Creating package script '/home/ROS2_rUBot_mecanum_ws/install/teleop_twist_joy/share/teleop_twist_joy/package.zsh'
[3.949s] Level 1:colcon.colcon_core.environment:create_file_with_runtime_dependencies(/home/ROS2_rUBot_mecanum_ws/install/teleop_twist_joy/share/colcon-core/packages/teleop_twist_joy)
[3.964s] DEBUG:colcon.colcon_core.event_handler.log_command:Invoked command in '/home/ROS2_rUBot_mecanum_ws/build/robot_bringup' returned '0': CMAKE_PREFIX_PATH=/home/ROS2_rUBot_mecanum_ws/install/robot_description:/home/ROS2_rUBot_mecanum_ws/install/teleop_twist_joy:/home/ROS2_rUBot_mecanum_ws/install/robot_bringup:/home/ROS2_rUBot_tutorial_ws/install/robot_bringup:/home/ROS2_rUBot_tutorial_ws/install/robot_description:/home/ROS2_rUBot_tutorial_ws/install/ros2_tutorial:/opt/ros/humble /usr/bin/cmake --build /home/ROS2_rUBot_mecanum_ws/build/robot_bringup -- -j8 -l8
[3.990s] Level 1:colcon.colcon_core.environment:create_environment_scripts_only(teleop_twist_joy)
[3.992s] Level 1:colcon.colcon_core.environment:checking '/home/ROS2_rUBot_mecanum_ws/install/teleop_twist_joy' for CMake module files
[3.993s] Level 1:colcon.colcon_core.environment:checking '/home/ROS2_rUBot_mecanum_ws/install/teleop_twist_joy' for CMake config files
[3.993s] Level 1:colcon.colcon_core.shell:create_environment_hook('teleop_twist_joy', 'cmake_prefix_path')
[3.994s] INFO:colcon.colcon_core.shell:Creating environment hook '/home/ROS2_rUBot_mecanum_ws/install/teleop_twist_joy/share/teleop_twist_joy/hook/cmake_prefix_path.ps1'
[3.995s] INFO:colcon.colcon_core.shell:Creating environment descriptor '/home/ROS2_rUBot_mecanum_ws/install/teleop_twist_joy/share/teleop_twist_joy/hook/cmake_prefix_path.dsv'
[3.995s] INFO:colcon.colcon_core.shell:Creating environment hook '/home/ROS2_rUBot_mecanum_ws/install/teleop_twist_joy/share/teleop_twist_joy/hook/cmake_prefix_path.sh'
[3.995s] Level 1:colcon.colcon_core.environment:checking '/home/ROS2_rUBot_mecanum_ws/install/teleop_twist_joy/lib'
[3.995s] Level 1:colcon.colcon_core.shell:create_environment_hook('teleop_twist_joy', 'ld_library_path_lib')
[3.997s] INFO:colcon.colcon_core.shell:Creating environment hook '/home/ROS2_rUBot_mecanum_ws/install/teleop_twist_joy/share/teleop_twist_joy/hook/ld_library_path_lib.ps1'
[3.997s] INFO:colcon.colcon_core.shell:Creating environment descriptor '/home/ROS2_rUBot_mecanum_ws/install/teleop_twist_joy/share/teleop_twist_joy/hook/ld_library_path_lib.dsv'
[3.998s] INFO:colcon.colcon_core.shell:Creating environment hook '/home/ROS2_rUBot_mecanum_ws/install/teleop_twist_joy/share/teleop_twist_joy/hook/ld_library_path_lib.sh'
[3.998s] Level 1:colcon.colcon_core.environment:checking '/home/ROS2_rUBot_mecanum_ws/install/teleop_twist_joy/bin'
[3.998s] Level 1:colcon.colcon_core.environment:checking '/home/ROS2_rUBot_mecanum_ws/install/teleop_twist_joy/lib/pkgconfig/teleop_twist_joy.pc'
[3.999s] Level 1:colcon.colcon_core.environment:checking '/home/ROS2_rUBot_mecanum_ws/install/teleop_twist_joy/lib/python3.10/site-packages'
[3.999s] Level 1:colcon.colcon_core.environment:checking '/home/ROS2_rUBot_mecanum_ws/install/teleop_twist_joy/bin'
[4.001s] INFO:colcon.colcon_core.shell:Creating package script '/home/ROS2_rUBot_mecanum_ws/install/teleop_twist_joy/share/teleop_twist_joy/package.ps1'
[4.001s] INFO:colcon.colcon_core.shell:Creating package descriptor '/home/ROS2_rUBot_mecanum_ws/install/teleop_twist_joy/share/teleop_twist_joy/package.dsv'
[4.002s] INFO:colcon.colcon_core.shell:Creating package script '/home/ROS2_rUBot_mecanum_ws/install/teleop_twist_joy/share/teleop_twist_joy/package.sh'
[4.002s] INFO:colcon.colcon_core.shell:Creating package script '/home/ROS2_rUBot_mecanum_ws/install/teleop_twist_joy/share/teleop_twist_joy/package.bash'
[4.003s] INFO:colcon.colcon_core.shell:Creating package script '/home/ROS2_rUBot_mecanum_ws/install/teleop_twist_joy/share/teleop_twist_joy/package.zsh'
[4.003s] Level 1:colcon.colcon_core.environment:create_file_with_runtime_dependencies(/home/ROS2_rUBot_mecanum_ws/install/teleop_twist_joy/share/colcon-core/packages/teleop_twist_joy)
[4.071s] DEBUG:colcon.colcon_core.event_handler.log_command:Invoking command in '/home/ROS2_rUBot_mecanum_ws/build/robot_bringup': CMAKE_PREFIX_PATH=/home/ROS2_rUBot_mecanum_ws/install/robot_description:/home/ROS2_rUBot_mecanum_ws/install/teleop_twist_joy:/home/ROS2_rUBot_mecanum_ws/install/robot_bringup:/home/ROS2_rUBot_tutorial_ws/install/robot_bringup:/home/ROS2_rUBot_tutorial_ws/install/robot_description:/home/ROS2_rUBot_tutorial_ws/install/ros2_tutorial:/opt/ros/humble /usr/bin/cmake --install /home/ROS2_rUBot_mecanum_ws/build/robot_bringup
[4.080s] Level 1:colcon.colcon_core.environment:create_environment_scripts_only(robot_bringup)
[4.082s] Level 1:colcon.colcon_core.environment:checking '/home/ROS2_rUBot_mecanum_ws/install/robot_bringup' for CMake module files
[4.083s] Level 1:colcon.colcon_core.environment:checking '/home/ROS2_rUBot_mecanum_ws/install/robot_bringup' for CMake config files
[4.083s] Level 1:colcon.colcon_core.shell:create_environment_hook('robot_bringup', 'cmake_prefix_path')
[4.084s] INFO:colcon.colcon_core.shell:Creating environment hook '/home/ROS2_rUBot_mecanum_ws/install/robot_bringup/share/robot_bringup/hook/cmake_prefix_path.ps1'
[4.085s] INFO:colcon.colcon_core.shell:Creating environment descriptor '/home/ROS2_rUBot_mecanum_ws/install/robot_bringup/share/robot_bringup/hook/cmake_prefix_path.dsv'
[4.085s] INFO:colcon.colcon_core.shell:Creating environment hook '/home/ROS2_rUBot_mecanum_ws/install/robot_bringup/share/robot_bringup/hook/cmake_prefix_path.sh'
[4.086s] Level 1:colcon.colcon_core.environment:checking '/home/ROS2_rUBot_mecanum_ws/install/robot_bringup/bin'
[4.086s] Level 1:colcon.colcon_core.environment:checking '/home/ROS2_rUBot_mecanum_ws/install/robot_bringup/lib/pkgconfig/robot_bringup.pc'
[4.086s] Level 1:colcon.colcon_core.environment:checking '/home/ROS2_rUBot_mecanum_ws/install/robot_bringup/lib/python3.10/site-packages'
[4.086s] Level 1:colcon.colcon_core.environment:checking '/home/ROS2_rUBot_mecanum_ws/install/robot_bringup/bin'
[4.086s] DEBUG:colcon.colcon_core.event_handler.log_command:Invoked command in '/home/ROS2_rUBot_mecanum_ws/build/robot_bringup' returned '0': CMAKE_PREFIX_PATH=/home/ROS2_rUBot_mecanum_ws/install/robot_description:/home/ROS2_rUBot_mecanum_ws/install/teleop_twist_joy:/home/ROS2_rUBot_mecanum_ws/install/robot_bringup:/home/ROS2_rUBot_tutorial_ws/install/robot_bringup:/home/ROS2_rUBot_tutorial_ws/install/robot_description:/home/ROS2_rUBot_tutorial_ws/install/ros2_tutorial:/opt/ros/humble /usr/bin/cmake --install /home/ROS2_rUBot_mecanum_ws/build/robot_bringup
[4.088s] INFO:colcon.colcon_core.shell:Creating package script '/home/ROS2_rUBot_mecanum_ws/install/robot_bringup/share/robot_bringup/package.ps1'
[4.088s] INFO:colcon.colcon_core.shell:Creating package descriptor '/home/ROS2_rUBot_mecanum_ws/install/robot_bringup/share/robot_bringup/package.dsv'
[4.089s] INFO:colcon.colcon_core.shell:Creating package script '/home/ROS2_rUBot_mecanum_ws/install/robot_bringup/share/robot_bringup/package.sh'
[4.089s] INFO:colcon.colcon_core.shell:Creating package script '/home/ROS2_rUBot_mecanum_ws/install/robot_bringup/share/robot_bringup/package.bash'
[4.089s] INFO:colcon.colcon_core.shell:Creating package script '/home/ROS2_rUBot_mecanum_ws/install/robot_bringup/share/robot_bringup/package.zsh'
[4.090s] Level 1:colcon.colcon_core.environment:create_file_with_runtime_dependencies(/home/ROS2_rUBot_mecanum_ws/install/robot_bringup/share/colcon-core/packages/robot_bringup)
[4.108s] Level 1:colcon.colcon_core.environment:create_environment_scripts_only(robot_bringup)
[4.109s] Level 1:colcon.colcon_core.environment:checking '/home/ROS2_rUBot_mecanum_ws/install/robot_bringup' for CMake module files
[4.110s] Level 1:colcon.colcon_core.environment:checking '/home/ROS2_rUBot_mecanum_ws/install/robot_bringup' for CMake config files
[4.110s] Level 1:colcon.colcon_core.shell:create_environment_hook('robot_bringup', 'cmake_prefix_path')
[4.111s] INFO:colcon.colcon_core.shell:Creating environment hook '/home/ROS2_rUBot_mecanum_ws/install/robot_bringup/share/robot_bringup/hook/cmake_prefix_path.ps1'
[4.112s] INFO:colcon.colcon_core.shell:Creating environment descriptor '/home/ROS2_rUBot_mecanum_ws/install/robot_bringup/share/robot_bringup/hook/cmake_prefix_path.dsv'
[4.112s] INFO:colcon.colcon_core.shell:Creating environment hook '/home/ROS2_rUBot_mecanum_ws/install/robot_bringup/share/robot_bringup/hook/cmake_prefix_path.sh'
[4.113s] Level 1:colcon.colcon_core.environment:checking '/home/ROS2_rUBot_mecanum_ws/install/robot_bringup/bin'
[4.113s] Level 1:colcon.colcon_core.environment:checking '/home/ROS2_rUBot_mecanum_ws/install/robot_bringup/lib/pkgconfig/robot_bringup.pc'
[4.113s] Level 1:colcon.colcon_core.environment:checking '/home/ROS2_rUBot_mecanum_ws/install/robot_bringup/lib/python3.10/site-packages'
[4.113s] Level 1:colcon.colcon_core.environment:checking '/home/ROS2_rUBot_mecanum_ws/install/robot_bringup/bin'
[4.115s] INFO:colcon.colcon_core.shell:Creating package script '/home/ROS2_rUBot_mecanum_ws/install/robot_bringup/share/robot_bringup/package.ps1'
[4.115s] INFO:colcon.colcon_core.shell:Creating package descriptor '/home/ROS2_rUBot_mecanum_ws/install/robot_bringup/share/robot_bringup/package.dsv'
[4.116s] INFO:colcon.colcon_core.shell:Creating package script '/home/ROS2_rUBot_mecanum_ws/install/robot_bringup/share/robot_bringup/package.sh'
[4.116s] INFO:colcon.colcon_core.shell:Creating package script '/home/ROS2_rUBot_mecanum_ws/install/robot_bringup/share/robot_bringup/package.bash'
[4.116s] INFO:colcon.colcon_core.shell:Creating package script '/home/ROS2_rUBot_mecanum_ws/install/robot_bringup/share/robot_bringup/package.zsh'
[4.117s] Level 1:colcon.colcon_core.environment:create_file_with_runtime_dependencies(/home/ROS2_rUBot_mecanum_ws/install/robot_bringup/share/colcon-core/packages/robot_bringup)
[4.117s] DEBUG:colcon.colcon_parallel_executor.executor.parallel:closing loop
[4.118s] DEBUG:colcon.colcon_parallel_executor.executor.parallel:loop closed
[4.118s] DEBUG:colcon.colcon_parallel_executor.executor.parallel:run_until_complete finished with '0'
[4.118s] DEBUG:colcon.colcon_core.event_reactor:joining thread
[4.130s] INFO:colcon.colcon_core.plugin_system:Skipping extension 'colcon_notification.desktop_notification.notify_send': Could not find 'notify-send'
[4.130s] INFO:colcon.colcon_core.plugin_system:Skipping extension 'colcon_notification.desktop_notification.terminal_notifier': Not used on non-Darwin systems
[4.130s] INFO:colcon.colcon_core.plugin_system:Skipping extension 'colcon_notification.desktop_notification.win32': Not used on non-Windows systems
[4.130s] INFO:colcon.colcon_notification.desktop_notification:Sending desktop notification using 'notify2'
[4.132s] DEBUG:colcon.colcon_notification.desktop_notification.notify2:Failed to initialize notify2: org.freedesktop.DBus.Error.Spawn.ExecFailed: /usr/bin/dbus-launch terminated abnormally without any error message
[4.132s] DEBUG:colcon.colcon_core.event_reactor:joined thread
[4.134s] INFO:colcon.colcon_core.shell:Creating prefix script '/home/ROS2_rUBot_mecanum_ws/install/local_setup.ps1'
[4.136s] INFO:colcon.colcon_core.shell:Creating prefix util module '/home/ROS2_rUBot_mecanum_ws/install/_local_setup_util_ps1.py'
[4.138s] INFO:colcon.colcon_core.shell:Creating prefix chain script '/home/ROS2_rUBot_mecanum_ws/install/setup.ps1'
[4.140s] INFO:colcon.colcon_core.shell:Creating prefix script '/home/ROS2_rUBot_mecanum_ws/install/local_setup.sh'
[4.141s] INFO:colcon.colcon_core.shell:Creating prefix util module '/home/ROS2_rUBot_mecanum_ws/install/_local_setup_util_sh.py'
[4.142s] INFO:colcon.colcon_core.shell:Creating prefix chain script '/home/ROS2_rUBot_mecanum_ws/install/setup.sh'
[4.144s] INFO:colcon.colcon_core.shell:Creating prefix script '/home/ROS2_rUBot_mecanum_ws/install/local_setup.bash'
[4.144s] INFO:colcon.colcon_core.shell:Creating prefix chain script '/home/ROS2_rUBot_mecanum_ws/install/setup.bash'
[4.146s] INFO:colcon.colcon_core.shell:Creating prefix script '/home/ROS2_rUBot_mecanum_ws/install/local_setup.zsh'
[4.147s] INFO:colcon.colcon_core.shell:Creating prefix chain script '/home/ROS2_rUBot_mecanum_ws/install/setup.zsh'
