[0.594s] DEBUG:colcon:Command line arguments: ['/usr/bin/colcon', 'build']
[0.595s] DEBUG:colcon:Parsed command line arguments: Namespace(log_base=None, log_level=None, verb_name='build', build_base='build', install_base='install', merge_install=False, symlink_install=False, test_result_base=None, continue_on_error=False, executor='parallel', parallel_workers=8, event_handlers=None, ignore_user_meta=False, metas=['./colcon.meta'], base_paths=['.'], packages_ignore=None, packages_ignore_regex=None, paths=None, packages_up_to=None, packages_up_to_regex=None, packages_above=None, packages_above_and_dependencies=None, packages_above_depth=None, packages_select_by_dep=None, packages_skip_by_dep=None, packages_skip_up_to=None, packages_select_build_failed=False, packages_skip_build_finished=False, packages_select_test_failures=False, packages_skip_test_passed=False, packages_select=None, packages_skip=None, packages_select_regex=None, packages_skip_regex=None, packages_start=None, packages_end=None, cmake_args=None, cmake_target=None, cmake_target_skip_unavailable=False, cmake_clean_cache=False, cmake_clean_first=False, cmake_force_configure=False, ament_cmake_args=None, catkin_cmake_args=None, catkin_skip_building_tests=False, mixin_files=None, mixin=None, verb_parser=<colcon_mixin.mixin.mixin_argument.MixinArgumentDecorator object at 0x7f8b06568b20>, verb_extension=<colcon_core.verb.build.BuildVerb object at 0x7f8b06568490>, main=<bound method BuildVerb.main of <colcon_core.verb.build.BuildVerb object at 0x7f8b06568490>>, mixin_verb=('build',))
[0.622s] Level 1:colcon.colcon_core.package_discovery:discover_packages(colcon_meta) check parameters
[0.623s] INFO:colcon.colcon_metadata.package_discovery.colcon_meta:Using configuration from '/root/.colcon/metadata/default/Gazebo.meta'
[0.623s] INFO:colcon.colcon_metadata.package_discovery.colcon_meta:Using configuration from '/root/.colcon/metadata/default/fastrtps.meta'
[0.623s] Level 1:colcon.colcon_core.package_discovery:discover_packages(recursive) check parameters
[0.623s] Level 1:colcon.colcon_core.package_discovery:discover_packages(ignore) check parameters
[0.624s] Level 1:colcon.colcon_core.package_discovery:discover_packages(path) check parameters
[0.624s] Level 1:colcon.colcon_core.package_discovery:discover_packages(colcon_meta) discover
[0.624s] Level 1:colcon.colcon_core.package_discovery:discover_packages(recursive) discover
[0.624s] INFO:colcon.colcon_core.package_discovery:Crawling recursively for packages in '/home/ROS2_rUBot_mecanum_ws'
[0.624s] Level 1:colcon.colcon_core.package_identification:_identify(.) by extensions ['ignore', 'ignore_ament_install']
[0.624s] Level 1:colcon.colcon_core.package_identification:_identify(.) by extension 'ignore'
[0.624s] Level 1:colcon.colcon_core.package_identification:_identify(.) by extension 'ignore_ament_install'
[0.624s] Level 1:colcon.colcon_core.package_identification:_identify(.) by extensions ['colcon_pkg']
[0.624s] Level 1:colcon.colcon_core.package_identification:_identify(.) by extension 'colcon_pkg'
[0.624s] Level 1:colcon.colcon_core.package_identification:_identify(.) by extensions ['colcon_meta']
[0.624s] Level 1:colcon.colcon_core.package_identification:_identify(.) by extension 'colcon_meta'
[0.624s] Level 1:colcon.colcon_core.package_identification:_identify(.) by extensions ['ros']
[0.624s] Level 1:colcon.colcon_core.package_identification:_identify(.) by extension 'ros'
[0.638s] Level 1:colcon.colcon_core.package_identification:_identify(.) by extensions ['cmake', 'python']
[0.638s] Level 1:colcon.colcon_core.package_identification:_identify(.) by extension 'cmake'
[0.638s] Level 1:colcon.colcon_core.package_identification:_identify(.) by extension 'python'
[0.638s] Level 1:colcon.colcon_core.package_identification:_identify(.) by extensions ['python_setup_py']
[0.639s] Level 1:colcon.colcon_core.package_identification:_identify(.) by extension 'python_setup_py'
[0.639s] Level 1:colcon.colcon_core.package_identification:_identify(Documentation) by extensions ['ignore', 'ignore_ament_install']
[0.639s] Level 1:colcon.colcon_core.package_identification:_identify(Documentation) by extension 'ignore'
[0.639s] Level 1:colcon.colcon_core.package_identification:_identify(Documentation) by extension 'ignore_ament_install'
[0.639s] Level 1:colcon.colcon_core.package_identification:_identify(Documentation) by extensions ['colcon_pkg']
[0.639s] Level 1:colcon.colcon_core.package_identification:_identify(Documentation) by extension 'colcon_pkg'
[0.639s] Level 1:colcon.colcon_core.package_identification:_identify(Documentation) by extensions ['colcon_meta']
[0.639s] Level 1:colcon.colcon_core.package_identification:_identify(Documentation) by extension 'colcon_meta'
[0.639s] Level 1:colcon.colcon_core.package_identification:_identify(Documentation) by extensions ['ros']
[0.639s] Level 1:colcon.colcon_core.package_identification:_identify(Documentation) by extension 'ros'
[0.639s] Level 1:colcon.colcon_core.package_identification:_identify(Documentation) by extensions ['cmake', 'python']
[0.639s] Level 1:colcon.colcon_core.package_identification:_identify(Documentation) by extension 'cmake'
[0.639s] Level 1:colcon.colcon_core.package_identification:_identify(Documentation) by extension 'python'
[0.639s] Level 1:colcon.colcon_core.package_identification:_identify(Documentation) by extensions ['python_setup_py']
[0.639s] Level 1:colcon.colcon_core.package_identification:_identify(Documentation) by extension 'python_setup_py'
[0.640s] Level 1:colcon.colcon_core.package_identification:_identify(Documentation/Files) by extensions ['ignore', 'ignore_ament_install']
[0.640s] Level 1:colcon.colcon_core.package_identification:_identify(Documentation/Files) by extension 'ignore'
[0.640s] Level 1:colcon.colcon_core.package_identification:_identify(Documentation/Files) by extension 'ignore_ament_install'
[0.640s] Level 1:colcon.colcon_core.package_identification:_identify(Documentation/Files) by extensions ['colcon_pkg']
[0.640s] Level 1:colcon.colcon_core.package_identification:_identify(Documentation/Files) by extension 'colcon_pkg'
[0.640s] Level 1:colcon.colcon_core.package_identification:_identify(Documentation/Files) by extensions ['colcon_meta']
[0.640s] Level 1:colcon.colcon_core.package_identification:_identify(Documentation/Files) by extension 'colcon_meta'
[0.640s] Level 1:colcon.colcon_core.package_identification:_identify(Documentation/Files) by extensions ['ros']
[0.640s] Level 1:colcon.colcon_core.package_identification:_identify(Documentation/Files) by extension 'ros'
[0.640s] Level 1:colcon.colcon_core.package_identification:_identify(Documentation/Files) by extensions ['cmake', 'python']
[0.640s] Level 1:colcon.colcon_core.package_identification:_identify(Documentation/Files) by extension 'cmake'
[0.640s] Level 1:colcon.colcon_core.package_identification:_identify(Documentation/Files) by extension 'python'
[0.640s] Level 1:colcon.colcon_core.package_identification:_identify(Documentation/Files) by extensions ['python_setup_py']
[0.640s] Level 1:colcon.colcon_core.package_identification:_identify(Documentation/Files) by extension 'python_setup_py'
[0.640s] Level 1:colcon.colcon_core.package_identification:_identify(Documentation/Files/CourseProject) by extensions ['ignore', 'ignore_ament_install']
[0.641s] Level 1:colcon.colcon_core.package_identification:_identify(Documentation/Files/CourseProject) by extension 'ignore'
[0.641s] Level 1:colcon.colcon_core.package_identification:_identify(Documentation/Files/CourseProject) by extension 'ignore_ament_install'
[0.641s] Level 1:colcon.colcon_core.package_identification:_identify(Documentation/Files/CourseProject) by extensions ['colcon_pkg']
[0.641s] Level 1:colcon.colcon_core.package_identification:_identify(Documentation/Files/CourseProject) by extension 'colcon_pkg'
[0.641s] Level 1:colcon.colcon_core.package_identification:_identify(Documentation/Files/CourseProject) by extensions ['colcon_meta']
[0.641s] Level 1:colcon.colcon_core.package_identification:_identify(Documentation/Files/CourseProject) by extension 'colcon_meta'
[0.641s] Level 1:colcon.colcon_core.package_identification:_identify(Documentation/Files/CourseProject) by extensions ['ros']
[0.641s] Level 1:colcon.colcon_core.package_identification:_identify(Documentation/Files/CourseProject) by extension 'ros'
[0.641s] Level 1:colcon.colcon_core.package_identification:_identify(Documentation/Files/CourseProject) by extensions ['cmake', 'python']
[0.641s] Level 1:colcon.colcon_core.package_identification:_identify(Documentation/Files/CourseProject) by extension 'cmake'
[0.641s] Level 1:colcon.colcon_core.package_identification:_identify(Documentation/Files/CourseProject) by extension 'python'
[0.641s] Level 1:colcon.colcon_core.package_identification:_identify(Documentation/Files/CourseProject) by extensions ['python_setup_py']
[0.641s] Level 1:colcon.colcon_core.package_identification:_identify(Documentation/Files/CourseProject) by extension 'python_setup_py'
[0.641s] Level 1:colcon.colcon_core.package_identification:_identify(Documentation/Files/ROS2_robot_bringup) by extensions ['ignore', 'ignore_ament_install']
[0.641s] Level 1:colcon.colcon_core.package_identification:_identify(Documentation/Files/ROS2_robot_bringup) by extension 'ignore'
[0.641s] Level 1:colcon.colcon_core.package_identification:_identify(Documentation/Files/ROS2_robot_bringup) by extension 'ignore_ament_install'
[0.642s] Level 1:colcon.colcon_core.package_identification:_identify(Documentation/Files/ROS2_robot_bringup) by extensions ['colcon_pkg']
[0.642s] Level 1:colcon.colcon_core.package_identification:_identify(Documentation/Files/ROS2_robot_bringup) by extension 'colcon_pkg'
[0.642s] Level 1:colcon.colcon_core.package_identification:_identify(Documentation/Files/ROS2_robot_bringup) by extensions ['colcon_meta']
[0.642s] Level 1:colcon.colcon_core.package_identification:_identify(Documentation/Files/ROS2_robot_bringup) by extension 'colcon_meta'
[0.642s] Level 1:colcon.colcon_core.package_identification:_identify(Documentation/Files/ROS2_robot_bringup) by extensions ['ros']
[0.642s] Level 1:colcon.colcon_core.package_identification:_identify(Documentation/Files/ROS2_robot_bringup) by extension 'ros'
[0.642s] Level 1:colcon.colcon_core.package_identification:_identify(Documentation/Files/ROS2_robot_bringup) by extensions ['cmake', 'python']
[0.642s] Level 1:colcon.colcon_core.package_identification:_identify(Documentation/Files/ROS2_robot_bringup) by extension 'cmake'
[0.642s] Level 1:colcon.colcon_core.package_identification:_identify(Documentation/Files/ROS2_robot_bringup) by extension 'python'
[0.642s] Level 1:colcon.colcon_core.package_identification:_identify(Documentation/Files/ROS2_robot_bringup) by extensions ['python_setup_py']
[0.642s] Level 1:colcon.colcon_core.package_identification:_identify(Documentation/Files/ROS2_robot_bringup) by extension 'python_setup_py'
[0.642s] Level 1:colcon.colcon_core.package_identification:_identify(Documentation/Images) by extensions ['ignore', 'ignore_ament_install']
[0.642s] Level 1:colcon.colcon_core.package_identification:_identify(Documentation/Images) by extension 'ignore'
[0.642s] Level 1:colcon.colcon_core.package_identification:_identify(Documentation/Images) by extension 'ignore_ament_install'
[0.642s] Level 1:colcon.colcon_core.package_identification:_identify(Documentation/Images) by extensions ['colcon_pkg']
[0.642s] Level 1:colcon.colcon_core.package_identification:_identify(Documentation/Images) by extension 'colcon_pkg'
[0.642s] Level 1:colcon.colcon_core.package_identification:_identify(Documentation/Images) by extensions ['colcon_meta']
[0.643s] Level 1:colcon.colcon_core.package_identification:_identify(Documentation/Images) by extension 'colcon_meta'
[0.643s] Level 1:colcon.colcon_core.package_identification:_identify(Documentation/Images) by extensions ['ros']
[0.643s] Level 1:colcon.colcon_core.package_identification:_identify(Documentation/Images) by extension 'ros'
[0.643s] Level 1:colcon.colcon_core.package_identification:_identify(Documentation/Images) by extensions ['cmake', 'python']
[0.643s] Level 1:colcon.colcon_core.package_identification:_identify(Documentation/Images) by extension 'cmake'
[0.643s] Level 1:colcon.colcon_core.package_identification:_identify(Documentation/Images) by extension 'python'
[0.643s] Level 1:colcon.colcon_core.package_identification:_identify(Documentation/Images) by extensions ['python_setup_py']
[0.643s] Level 1:colcon.colcon_core.package_identification:_identify(Documentation/Images) by extension 'python_setup_py'
[0.643s] Level 1:colcon.colcon_core.package_identification:_identify(Documentation/Images/02_rubot_model) by extensions ['ignore', 'ignore_ament_install']
[0.643s] Level 1:colcon.colcon_core.package_identification:_identify(Documentation/Images/02_rubot_model) by extension 'ignore'
[0.643s] Level 1:colcon.colcon_core.package_identification:_identify(Documentation/Images/02_rubot_model) by extension 'ignore_ament_install'
[0.643s] Level 1:colcon.colcon_core.package_identification:_identify(Documentation/Images/02_rubot_model) by extensions ['colcon_pkg']
[0.643s] Level 1:colcon.colcon_core.package_identification:_identify(Documentation/Images/02_rubot_model) by extension 'colcon_pkg'
[0.643s] Level 1:colcon.colcon_core.package_identification:_identify(Documentation/Images/02_rubot_model) by extensions ['colcon_meta']
[0.643s] Level 1:colcon.colcon_core.package_identification:_identify(Documentation/Images/02_rubot_model) by extension 'colcon_meta'
[0.643s] Level 1:colcon.colcon_core.package_identification:_identify(Documentation/Images/02_rubot_model) by extensions ['ros']
[0.643s] Level 1:colcon.colcon_core.package_identification:_identify(Documentation/Images/02_rubot_model) by extension 'ros'
[0.644s] Level 1:colcon.colcon_core.package_identification:_identify(Documentation/Images/02_rubot_model) by extensions ['cmake', 'python']
[0.644s] Level 1:colcon.colcon_core.package_identification:_identify(Documentation/Images/02_rubot_model) by extension 'cmake'
[0.644s] Level 1:colcon.colcon_core.package_identification:_identify(Documentation/Images/02_rubot_model) by extension 'python'
[0.644s] Level 1:colcon.colcon_core.package_identification:_identify(Documentation/Images/02_rubot_model) by extensions ['python_setup_py']
[0.644s] Level 1:colcon.colcon_core.package_identification:_identify(Documentation/Images/02_rubot_model) by extension 'python_setup_py'
[0.644s] Level 1:colcon.colcon_core.package_identification:_identify(build) by extensions ['ignore', 'ignore_ament_install']
[0.644s] Level 1:colcon.colcon_core.package_identification:_identify(build) by extension 'ignore'
[0.645s] Level 1:colcon.colcon_core.package_identification:_identify(build) ignored
[0.645s] Level 1:colcon.colcon_core.package_identification:_identify(install) by extensions ['ignore', 'ignore_ament_install']
[0.645s] Level 1:colcon.colcon_core.package_identification:_identify(install) by extension 'ignore'
[0.645s] Level 1:colcon.colcon_core.package_identification:_identify(install) ignored
[0.646s] Level 1:colcon.colcon_core.package_identification:_identify(log) by extensions ['ignore', 'ignore_ament_install']
[0.646s] Level 1:colcon.colcon_core.package_identification:_identify(log) by extension 'ignore'
[0.646s] Level 1:colcon.colcon_core.package_identification:_identify(log) ignored
[0.646s] Level 1:colcon.colcon_core.package_identification:_identify(src) by extensions ['ignore', 'ignore_ament_install']
[0.646s] Level 1:colcon.colcon_core.package_identification:_identify(src) by extension 'ignore'
[0.646s] Level 1:colcon.colcon_core.package_identification:_identify(src) by extension 'ignore_ament_install'
[0.646s] Level 1:colcon.colcon_core.package_identification:_identify(src) by extensions ['colcon_pkg']
[0.646s] Level 1:colcon.colcon_core.package_identification:_identify(src) by extension 'colcon_pkg'
[0.646s] Level 1:colcon.colcon_core.package_identification:_identify(src) by extensions ['colcon_meta']
[0.646s] Level 1:colcon.colcon_core.package_identification:_identify(src) by extension 'colcon_meta'
[0.646s] Level 1:colcon.colcon_core.package_identification:_identify(src) by extensions ['ros']
[0.646s] Level 1:colcon.colcon_core.package_identification:_identify(src) by extension 'ros'
[0.646s] Level 1:colcon.colcon_core.package_identification:_identify(src) by extensions ['cmake', 'python']
[0.646s] Level 1:colcon.colcon_core.package_identification:_identify(src) by extension 'cmake'
[0.646s] Level 1:colcon.colcon_core.package_identification:_identify(src) by extension 'python'
[0.646s] Level 1:colcon.colcon_core.package_identification:_identify(src) by extensions ['python_setup_py']
[0.647s] Level 1:colcon.colcon_core.package_identification:_identify(src) by extension 'python_setup_py'
[0.647s] Level 1:colcon.colcon_core.package_identification:_identify(src/gz_mecanum_control) by extensions ['ignore', 'ignore_ament_install']
[0.647s] Level 1:colcon.colcon_core.package_identification:_identify(src/gz_mecanum_control) by extension 'ignore'
[0.647s] Level 1:colcon.colcon_core.package_identification:_identify(src/gz_mecanum_control) by extension 'ignore_ament_install'
[0.647s] Level 1:colcon.colcon_core.package_identification:_identify(src/gz_mecanum_control) by extensions ['colcon_pkg']
[0.647s] Level 1:colcon.colcon_core.package_identification:_identify(src/gz_mecanum_control) by extension 'colcon_pkg'
[0.647s] Level 1:colcon.colcon_core.package_identification:_identify(src/gz_mecanum_control) by extensions ['colcon_meta']
[0.647s] Level 1:colcon.colcon_core.package_identification:_identify(src/gz_mecanum_control) by extension 'colcon_meta'
[0.647s] Level 1:colcon.colcon_core.package_identification:_identify(src/gz_mecanum_control) by extensions ['ros']
[0.647s] Level 1:colcon.colcon_core.package_identification:_identify(src/gz_mecanum_control) by extension 'ros'
[0.652s] DEBUG:colcon.colcon_core.package_identification:Package 'src/gz_mecanum_control' with type 'ros.ament_cmake' and name 'gz_mecanum_control'
[0.652s] Level 1:colcon.colcon_core.package_identification:_identify(src/my_robot_bringup) by extensions ['ignore', 'ignore_ament_install']
[0.652s] Level 1:colcon.colcon_core.package_identification:_identify(src/my_robot_bringup) by extension 'ignore'
[0.652s] Level 1:colcon.colcon_core.package_identification:_identify(src/my_robot_bringup) by extension 'ignore_ament_install'
[0.652s] Level 1:colcon.colcon_core.package_identification:_identify(src/my_robot_bringup) by extensions ['colcon_pkg']
[0.652s] Level 1:colcon.colcon_core.package_identification:_identify(src/my_robot_bringup) by extension 'colcon_pkg'
[0.652s] Level 1:colcon.colcon_core.package_identification:_identify(src/my_robot_bringup) by extensions ['colcon_meta']
[0.653s] Level 1:colcon.colcon_core.package_identification:_identify(src/my_robot_bringup) by extension 'colcon_meta'
[0.653s] Level 1:colcon.colcon_core.package_identification:_identify(src/my_robot_bringup) by extensions ['ros']
[0.653s] Level 1:colcon.colcon_core.package_identification:_identify(src/my_robot_bringup) by extension 'ros'
[0.653s] DEBUG:colcon.colcon_core.package_identification:Package 'src/my_robot_bringup' with type 'ros.ament_cmake' and name 'my_robot_bringup'
[0.653s] Level 1:colcon.colcon_core.package_identification:_identify(src/my_robot_description) by extensions ['ignore', 'ignore_ament_install']
[0.653s] Level 1:colcon.colcon_core.package_identification:_identify(src/my_robot_description) by extension 'ignore'
[0.654s] Level 1:colcon.colcon_core.package_identification:_identify(src/my_robot_description) by extension 'ignore_ament_install'
[0.654s] Level 1:colcon.colcon_core.package_identification:_identify(src/my_robot_description) by extensions ['colcon_pkg']
[0.654s] Level 1:colcon.colcon_core.package_identification:_identify(src/my_robot_description) by extension 'colcon_pkg'
[0.654s] Level 1:colcon.colcon_core.package_identification:_identify(src/my_robot_description) by extensions ['colcon_meta']
[0.654s] Level 1:colcon.colcon_core.package_identification:_identify(src/my_robot_description) by extension 'colcon_meta'
[0.654s] Level 1:colcon.colcon_core.package_identification:_identify(src/my_robot_description) by extensions ['ros']
[0.654s] Level 1:colcon.colcon_core.package_identification:_identify(src/my_robot_description) by extension 'ros'
[0.655s] DEBUG:colcon.colcon_core.package_identification:Package 'src/my_robot_description' with type 'ros.ament_cmake' and name 'my_robot_description'
[0.655s] Level 1:colcon.colcon_core.package_discovery:discover_packages(recursive) using defaults
[0.655s] Level 1:colcon.colcon_core.package_discovery:discover_packages(ignore) discover
[0.655s] Level 1:colcon.colcon_core.package_discovery:discover_packages(ignore) using defaults
[0.655s] Level 1:colcon.colcon_core.package_discovery:discover_packages(path) discover
[0.655s] Level 1:colcon.colcon_core.package_discovery:discover_packages(path) using defaults
[0.686s] Level 5:colcon.colcon_core.verb:set package 'gz_mecanum_control' build argument 'cmake_args' from command line to 'None'
[0.686s] Level 5:colcon.colcon_core.verb:set package 'gz_mecanum_control' build argument 'cmake_target' from command line to 'None'
[0.686s] Level 5:colcon.colcon_core.verb:set package 'gz_mecanum_control' build argument 'cmake_target_skip_unavailable' from command line to 'False'
[0.686s] Level 5:colcon.colcon_core.verb:set package 'gz_mecanum_control' build argument 'cmake_clean_cache' from command line to 'False'
[0.687s] Level 5:colcon.colcon_core.verb:set package 'gz_mecanum_control' build argument 'cmake_clean_first' from command line to 'False'
[0.687s] Level 5:colcon.colcon_core.verb:set package 'gz_mecanum_control' build argument 'cmake_force_configure' from command line to 'False'
[0.687s] Level 5:colcon.colcon_core.verb:set package 'gz_mecanum_control' build argument 'ament_cmake_args' from command line to 'None'
[0.687s] Level 5:colcon.colcon_core.verb:set package 'gz_mecanum_control' build argument 'catkin_cmake_args' from command line to 'None'
[0.687s] Level 5:colcon.colcon_core.verb:set package 'gz_mecanum_control' build argument 'catkin_skip_building_tests' from command line to 'False'
[0.687s] DEBUG:colcon.colcon_core.verb:Building package 'gz_mecanum_control' with the following arguments: {'ament_cmake_args': None, 'build_base': '/home/ROS2_rUBot_mecanum_ws/build/gz_mecanum_control', 'catkin_cmake_args': None, 'catkin_skip_building_tests': False, 'cmake_args': None, 'cmake_clean_cache': False, 'cmake_clean_first': False, 'cmake_force_configure': False, 'cmake_target': None, 'cmake_target_skip_unavailable': False, 'install_base': '/home/ROS2_rUBot_mecanum_ws/install/gz_mecanum_control', 'merge_install': False, 'path': '/home/ROS2_rUBot_mecanum_ws/src/gz_mecanum_control', 'symlink_install': False, 'test_result_base': None}
[0.688s] Level 5:colcon.colcon_core.verb:set package 'my_robot_description' build argument 'cmake_args' from command line to 'None'
[0.688s] Level 5:colcon.colcon_core.verb:set package 'my_robot_description' build argument 'cmake_target' from command line to 'None'
[0.688s] Level 5:colcon.colcon_core.verb:set package 'my_robot_description' build argument 'cmake_target_skip_unavailable' from command line to 'False'
[0.688s] Level 5:colcon.colcon_core.verb:set package 'my_robot_description' build argument 'cmake_clean_cache' from command line to 'False'
[0.688s] Level 5:colcon.colcon_core.verb:set package 'my_robot_description' build argument 'cmake_clean_first' from command line to 'False'
[0.688s] Level 5:colcon.colcon_core.verb:set package 'my_robot_description' build argument 'cmake_force_configure' from command line to 'False'
[0.688s] Level 5:colcon.colcon_core.verb:set package 'my_robot_description' build argument 'ament_cmake_args' from command line to 'None'
[0.688s] Level 5:colcon.colcon_core.verb:set package 'my_robot_description' build argument 'catkin_cmake_args' from command line to 'None'
[0.688s] Level 5:colcon.colcon_core.verb:set package 'my_robot_description' build argument 'catkin_skip_building_tests' from command line to 'False'
[0.689s] DEBUG:colcon.colcon_core.verb:Building package 'my_robot_description' with the following arguments: {'ament_cmake_args': None, 'build_base': '/home/ROS2_rUBot_mecanum_ws/build/my_robot_description', 'catkin_cmake_args': None, 'catkin_skip_building_tests': False, 'cmake_args': None, 'cmake_clean_cache': False, 'cmake_clean_first': False, 'cmake_force_configure': False, 'cmake_target': None, 'cmake_target_skip_unavailable': False, 'install_base': '/home/ROS2_rUBot_mecanum_ws/install/my_robot_description', 'merge_install': False, 'path': '/home/ROS2_rUBot_mecanum_ws/src/my_robot_description', 'symlink_install': False, 'test_result_base': None}
[0.690s] Level 5:colcon.colcon_core.verb:set package 'my_robot_bringup' build argument 'cmake_args' from command line to 'None'
[0.690s] Level 5:colcon.colcon_core.verb:set package 'my_robot_bringup' build argument 'cmake_target' from command line to 'None'
[0.690s] Level 5:colcon.colcon_core.verb:set package 'my_robot_bringup' build argument 'cmake_target_skip_unavailable' from command line to 'False'
[0.690s] Level 5:colcon.colcon_core.verb:set package 'my_robot_bringup' build argument 'cmake_clean_cache' from command line to 'False'
[0.690s] Level 5:colcon.colcon_core.verb:set package 'my_robot_bringup' build argument 'cmake_clean_first' from command line to 'False'
[0.690s] Level 5:colcon.colcon_core.verb:set package 'my_robot_bringup' build argument 'cmake_force_configure' from command line to 'False'
[0.690s] Level 5:colcon.colcon_core.verb:set package 'my_robot_bringup' build argument 'ament_cmake_args' from command line to 'None'
[0.690s] Level 5:colcon.colcon_core.verb:set package 'my_robot_bringup' build argument 'catkin_cmake_args' from command line to 'None'
[0.690s] Level 5:colcon.colcon_core.verb:set package 'my_robot_bringup' build argument 'catkin_skip_building_tests' from command line to 'False'
[0.690s] DEBUG:colcon.colcon_core.verb:Building package 'my_robot_bringup' with the following arguments: {'ament_cmake_args': None, 'build_base': '/home/ROS2_rUBot_mecanum_ws/build/my_robot_bringup', 'catkin_cmake_args': None, 'catkin_skip_building_tests': False, 'cmake_args': None, 'cmake_clean_cache': False, 'cmake_clean_first': False, 'cmake_force_configure': False, 'cmake_target': None, 'cmake_target_skip_unavailable': False, 'install_base': '/home/ROS2_rUBot_mecanum_ws/install/my_robot_bringup', 'merge_install': False, 'path': '/home/ROS2_rUBot_mecanum_ws/src/my_robot_bringup', 'symlink_install': False, 'test_result_base': None}
[0.691s] INFO:colcon.colcon_core.executor:Executing jobs using 'parallel' executor
[0.716s] DEBUG:colcon.colcon_parallel_executor.executor.parallel:run_until_complete
[0.716s] INFO:colcon.colcon_ros.task.ament_cmake.build:Building ROS package in '/home/ROS2_rUBot_mecanum_ws/src/my_robot_description' with build type 'ament_cmake'
[0.717s] INFO:colcon.colcon_cmake.task.cmake.build:Building CMake package in '/home/ROS2_rUBot_mecanum_ws/src/my_robot_description'
[0.725s] INFO:colcon.colcon_core.plugin_system:Skipping extension 'colcon_core.shell.bat': Not used on non-Windows systems
[0.725s] INFO:colcon.colcon_core.shell:Skip shell extension 'powershell' for command environment: Not usable outside of PowerShell
[0.725s] DEBUG:colcon.colcon_core.shell:Skip shell extension 'dsv' for command environment
[0.756s] INFO:colcon.colcon_ros.task.ament_cmake.build:Building ROS package in '/home/ROS2_rUBot_mecanum_ws/src/gz_mecanum_control' with build type 'ament_cmake'
[0.756s] INFO:colcon.colcon_cmake.task.cmake.build:Building CMake package in '/home/ROS2_rUBot_mecanum_ws/src/gz_mecanum_control'
[0.758s] INFO:colcon.colcon_core.shell:Skip shell extension 'powershell' for command environment: Not usable outside of PowerShell
[0.758s] DEBUG:colcon.colcon_core.shell:Skip shell extension 'dsv' for command environment
[0.833s] DEBUG:colcon.colcon_core.event_handler.log_command:Invoking command in '/home/ROS2_rUBot_mecanum_ws/build/my_robot_description': CMAKE_PREFIX_PATH=${CMAKE_PREFIX_PATH}:/home/ROS2_rUBot_tutorial_ws/install/ros2_tutorial:/opt/ros/humble /usr/bin/cmake /home/ROS2_rUBot_mecanum_ws/src/my_robot_description -DCMAKE_INSTALL_PREFIX=/home/ROS2_rUBot_mecanum_ws/install/my_robot_description
[0.866s] DEBUG:colcon.colcon_core.event_handler.log_command:Invoking command in '/home/ROS2_rUBot_mecanum_ws/build/gz_mecanum_control': CMAKE_PREFIX_PATH=${CMAKE_PREFIX_PATH}:/home/ROS2_rUBot_tutorial_ws/install/ros2_tutorial:/opt/ros/humble /usr/bin/cmake /home/ROS2_rUBot_mecanum_ws/src/gz_mecanum_control -DCMAKE_INSTALL_PREFIX=/home/ROS2_rUBot_mecanum_ws/install/gz_mecanum_control
[1.449s] DEBUG:colcon.colcon_core.event_handler.log_command:Invoked command in '/home/ROS2_rUBot_mecanum_ws/build/my_robot_description' returned '0': CMAKE_PREFIX_PATH=${CMAKE_PREFIX_PATH}:/home/ROS2_rUBot_tutorial_ws/install/ros2_tutorial:/opt/ros/humble /usr/bin/cmake /home/ROS2_rUBot_mecanum_ws/src/my_robot_description -DCMAKE_INSTALL_PREFIX=/home/ROS2_rUBot_mecanum_ws/install/my_robot_description
[1.450s] DEBUG:colcon.colcon_core.event_handler.log_command:Invoking command in '/home/ROS2_rUBot_mecanum_ws/build/my_robot_description': CMAKE_PREFIX_PATH=${CMAKE_PREFIX_PATH}:/home/ROS2_rUBot_tutorial_ws/install/ros2_tutorial:/opt/ros/humble /usr/bin/cmake --build /home/ROS2_rUBot_mecanum_ws/build/my_robot_description -- -j8 -l8
[1.596s] DEBUG:colcon.colcon_core.event_handler.log_command:Invoked command in '/home/ROS2_rUBot_mecanum_ws/build/my_robot_description' returned '0': CMAKE_PREFIX_PATH=${CMAKE_PREFIX_PATH}:/home/ROS2_rUBot_tutorial_ws/install/ros2_tutorial:/opt/ros/humble /usr/bin/cmake --build /home/ROS2_rUBot_mecanum_ws/build/my_robot_description -- -j8 -l8
[1.714s] DEBUG:colcon.colcon_core.event_handler.log_command:Invoking command in '/home/ROS2_rUBot_mecanum_ws/build/my_robot_description': CMAKE_PREFIX_PATH=${CMAKE_PREFIX_PATH}:/home/ROS2_rUBot_tutorial_ws/install/ros2_tutorial:/opt/ros/humble /usr/bin/cmake --install /home/ROS2_rUBot_mecanum_ws/build/my_robot_description
[1.748s] Level 1:colcon.colcon_core.environment:create_environment_scripts_only(my_robot_description)
[1.749s] DEBUG:colcon.colcon_core.event_handler.log_command:Invoked command in '/home/ROS2_rUBot_mecanum_ws/build/my_robot_description' returned '0': CMAKE_PREFIX_PATH=${CMAKE_PREFIX_PATH}:/home/ROS2_rUBot_tutorial_ws/install/ros2_tutorial:/opt/ros/humble /usr/bin/cmake --install /home/ROS2_rUBot_mecanum_ws/build/my_robot_description
[1.754s] Level 1:colcon.colcon_core.environment:checking '/home/ROS2_rUBot_mecanum_ws/install/my_robot_description' for CMake module files
[1.754s] Level 1:colcon.colcon_core.environment:checking '/home/ROS2_rUBot_mecanum_ws/install/my_robot_description' for CMake config files
[1.755s] Level 1:colcon.colcon_core.shell:create_environment_hook('my_robot_description', 'cmake_prefix_path')
[1.756s] INFO:colcon.colcon_core.shell:Creating environment hook '/home/ROS2_rUBot_mecanum_ws/install/my_robot_description/share/my_robot_description/hook/cmake_prefix_path.ps1'
[1.757s] INFO:colcon.colcon_core.shell:Creating environment descriptor '/home/ROS2_rUBot_mecanum_ws/install/my_robot_description/share/my_robot_description/hook/cmake_prefix_path.dsv'
[1.757s] INFO:colcon.colcon_core.shell:Creating environment hook '/home/ROS2_rUBot_mecanum_ws/install/my_robot_description/share/my_robot_description/hook/cmake_prefix_path.sh'
[1.758s] Level 1:colcon.colcon_core.environment:checking '/home/ROS2_rUBot_mecanum_ws/install/my_robot_description/bin'
[1.758s] Level 1:colcon.colcon_core.environment:checking '/home/ROS2_rUBot_mecanum_ws/install/my_robot_description/lib/pkgconfig/my_robot_description.pc'
[1.760s] Level 1:colcon.colcon_core.environment:checking '/home/ROS2_rUBot_mecanum_ws/install/my_robot_description/lib/python3.10/site-packages'
[1.760s] Level 1:colcon.colcon_core.environment:checking '/home/ROS2_rUBot_mecanum_ws/install/my_robot_description/bin'
[1.762s] INFO:colcon.colcon_core.shell:Creating package script '/home/ROS2_rUBot_mecanum_ws/install/my_robot_description/share/my_robot_description/package.ps1'
[1.762s] INFO:colcon.colcon_core.shell:Creating package descriptor '/home/ROS2_rUBot_mecanum_ws/install/my_robot_description/share/my_robot_description/package.dsv'
[1.763s] INFO:colcon.colcon_core.shell:Creating package script '/home/ROS2_rUBot_mecanum_ws/install/my_robot_description/share/my_robot_description/package.sh'
[1.764s] INFO:colcon.colcon_core.shell:Creating package script '/home/ROS2_rUBot_mecanum_ws/install/my_robot_description/share/my_robot_description/package.bash'
[1.768s] INFO:colcon.colcon_core.shell:Creating package script '/home/ROS2_rUBot_mecanum_ws/install/my_robot_description/share/my_robot_description/package.zsh'
[1.769s] Level 1:colcon.colcon_core.environment:create_file_with_runtime_dependencies(/home/ROS2_rUBot_mecanum_ws/install/my_robot_description/share/colcon-core/packages/my_robot_description)
[1.969s] Level 1:colcon.colcon_core.environment:create_environment_scripts_only(my_robot_description)
[1.972s] Level 1:colcon.colcon_core.environment:checking '/home/ROS2_rUBot_mecanum_ws/install/my_robot_description' for CMake module files
[1.972s] Level 1:colcon.colcon_core.environment:checking '/home/ROS2_rUBot_mecanum_ws/install/my_robot_description' for CMake config files
[1.972s] Level 1:colcon.colcon_core.shell:create_environment_hook('my_robot_description', 'cmake_prefix_path')
[1.974s] INFO:colcon.colcon_core.shell:Creating environment hook '/home/ROS2_rUBot_mecanum_ws/install/my_robot_description/share/my_robot_description/hook/cmake_prefix_path.ps1'
[1.974s] INFO:colcon.colcon_core.shell:Creating environment descriptor '/home/ROS2_rUBot_mecanum_ws/install/my_robot_description/share/my_robot_description/hook/cmake_prefix_path.dsv'
[1.974s] INFO:colcon.colcon_core.shell:Creating environment hook '/home/ROS2_rUBot_mecanum_ws/install/my_robot_description/share/my_robot_description/hook/cmake_prefix_path.sh'
[1.975s] Level 1:colcon.colcon_core.environment:checking '/home/ROS2_rUBot_mecanum_ws/install/my_robot_description/bin'
[1.975s] Level 1:colcon.colcon_core.environment:checking '/home/ROS2_rUBot_mecanum_ws/install/my_robot_description/lib/pkgconfig/my_robot_description.pc'
[1.976s] Level 1:colcon.colcon_core.environment:checking '/home/ROS2_rUBot_mecanum_ws/install/my_robot_description/lib/python3.10/site-packages'
[1.976s] Level 1:colcon.colcon_core.environment:checking '/home/ROS2_rUBot_mecanum_ws/install/my_robot_description/bin'
[1.977s] INFO:colcon.colcon_core.shell:Creating package script '/home/ROS2_rUBot_mecanum_ws/install/my_robot_description/share/my_robot_description/package.ps1'
[1.978s] INFO:colcon.colcon_core.shell:Creating package descriptor '/home/ROS2_rUBot_mecanum_ws/install/my_robot_description/share/my_robot_description/package.dsv'
[1.978s] INFO:colcon.colcon_core.shell:Creating package script '/home/ROS2_rUBot_mecanum_ws/install/my_robot_description/share/my_robot_description/package.sh'
[1.979s] INFO:colcon.colcon_core.shell:Creating package script '/home/ROS2_rUBot_mecanum_ws/install/my_robot_description/share/my_robot_description/package.bash'
[1.979s] INFO:colcon.colcon_core.shell:Creating package script '/home/ROS2_rUBot_mecanum_ws/install/my_robot_description/share/my_robot_description/package.zsh'
[1.979s] Level 1:colcon.colcon_core.environment:create_file_with_runtime_dependencies(/home/ROS2_rUBot_mecanum_ws/install/my_robot_description/share/colcon-core/packages/my_robot_description)
[1.980s] INFO:colcon.colcon_ros.task.ament_cmake.build:Building ROS package in '/home/ROS2_rUBot_mecanum_ws/src/my_robot_bringup' with build type 'ament_cmake'
[1.986s] INFO:colcon.colcon_cmake.task.cmake.build:Building CMake package in '/home/ROS2_rUBot_mecanum_ws/src/my_robot_bringup'
[1.987s] INFO:colcon.colcon_core.shell:Skip shell extension 'powershell' for command environment: Not usable outside of PowerShell
[1.987s] DEBUG:colcon.colcon_core.shell:Skip shell extension 'dsv' for command environment
[2.046s] DEBUG:colcon.colcon_core.event_handler.log_command:Invoking command in '/home/ROS2_rUBot_mecanum_ws/build/my_robot_bringup': CMAKE_PREFIX_PATH=/home/ROS2_rUBot_mecanum_ws/install/my_robot_description:/home/ROS2_rUBot_mecanum_ws/install/my_robot_bringup:/home/ROS2_rUBot_mecanum_ws/install/gz_rosa_control:/home/ROS2_rUBot_mecanum_ws/install/gz_mecanum_control:/home/ROS2_rUBot_tutorial_ws/install/robot_bringup:/home/ROS2_rUBot_tutorial_ws/install/robot_description:/home/ROS2_rUBot_tutorial_ws/install/ros2_tutorial:/opt/ros/humble /usr/bin/cmake /home/ROS2_rUBot_mecanum_ws/src/my_robot_bringup -DCMAKE_INSTALL_PREFIX=/home/ROS2_rUBot_mecanum_ws/install/my_robot_bringup
[2.515s] DEBUG:colcon.colcon_core.event_handler.log_command:Invoked command in '/home/ROS2_rUBot_mecanum_ws/build/my_robot_bringup' returned '0': CMAKE_PREFIX_PATH=/home/ROS2_rUBot_mecanum_ws/install/my_robot_description:/home/ROS2_rUBot_mecanum_ws/install/my_robot_bringup:/home/ROS2_rUBot_mecanum_ws/install/gz_rosa_control:/home/ROS2_rUBot_mecanum_ws/install/gz_mecanum_control:/home/ROS2_rUBot_tutorial_ws/install/robot_bringup:/home/ROS2_rUBot_tutorial_ws/install/robot_description:/home/ROS2_rUBot_tutorial_ws/install/ros2_tutorial:/opt/ros/humble /usr/bin/cmake /home/ROS2_rUBot_mecanum_ws/src/my_robot_bringup -DCMAKE_INSTALL_PREFIX=/home/ROS2_rUBot_mecanum_ws/install/my_robot_bringup
[2.515s] DEBUG:colcon.colcon_core.event_handler.log_command:Invoking command in '/home/ROS2_rUBot_mecanum_ws/build/my_robot_bringup': CMAKE_PREFIX_PATH=/home/ROS2_rUBot_mecanum_ws/install/my_robot_description:/home/ROS2_rUBot_mecanum_ws/install/my_robot_bringup:/home/ROS2_rUBot_mecanum_ws/install/gz_rosa_control:/home/ROS2_rUBot_mecanum_ws/install/gz_mecanum_control:/home/ROS2_rUBot_tutorial_ws/install/robot_bringup:/home/ROS2_rUBot_tutorial_ws/install/robot_description:/home/ROS2_rUBot_tutorial_ws/install/ros2_tutorial:/opt/ros/humble /usr/bin/cmake --build /home/ROS2_rUBot_mecanum_ws/build/my_robot_bringup -- -j8 -l8
[2.568s] DEBUG:colcon.colcon_core.event_handler.log_command:Invoked command in '/home/ROS2_rUBot_mecanum_ws/build/my_robot_bringup' returned '0': CMAKE_PREFIX_PATH=/home/ROS2_rUBot_mecanum_ws/install/my_robot_description:/home/ROS2_rUBot_mecanum_ws/install/my_robot_bringup:/home/ROS2_rUBot_mecanum_ws/install/gz_rosa_control:/home/ROS2_rUBot_mecanum_ws/install/gz_mecanum_control:/home/ROS2_rUBot_tutorial_ws/install/robot_bringup:/home/ROS2_rUBot_tutorial_ws/install/robot_description:/home/ROS2_rUBot_tutorial_ws/install/ros2_tutorial:/opt/ros/humble /usr/bin/cmake --build /home/ROS2_rUBot_mecanum_ws/build/my_robot_bringup -- -j8 -l8
[2.786s] DEBUG:colcon.colcon_core.event_handler.log_command:Invoking command in '/home/ROS2_rUBot_mecanum_ws/build/my_robot_bringup': CMAKE_PREFIX_PATH=/home/ROS2_rUBot_mecanum_ws/install/my_robot_description:/home/ROS2_rUBot_mecanum_ws/install/my_robot_bringup:/home/ROS2_rUBot_mecanum_ws/install/gz_rosa_control:/home/ROS2_rUBot_mecanum_ws/install/gz_mecanum_control:/home/ROS2_rUBot_tutorial_ws/install/robot_bringup:/home/ROS2_rUBot_tutorial_ws/install/robot_description:/home/ROS2_rUBot_tutorial_ws/install/ros2_tutorial:/opt/ros/humble /usr/bin/cmake --install /home/ROS2_rUBot_mecanum_ws/build/my_robot_bringup
[2.840s] Level 1:colcon.colcon_core.environment:create_environment_scripts_only(my_robot_bringup)
[2.846s] Level 1:colcon.colcon_core.environment:checking '/home/ROS2_rUBot_mecanum_ws/install/my_robot_bringup' for CMake module files
[2.846s] Level 1:colcon.colcon_core.environment:checking '/home/ROS2_rUBot_mecanum_ws/install/my_robot_bringup' for CMake config files
[2.846s] Level 1:colcon.colcon_core.shell:create_environment_hook('my_robot_bringup', 'cmake_prefix_path')
[2.848s] INFO:colcon.colcon_core.shell:Creating environment hook '/home/ROS2_rUBot_mecanum_ws/install/my_robot_bringup/share/my_robot_bringup/hook/cmake_prefix_path.ps1'
[2.848s] INFO:colcon.colcon_core.shell:Creating environment descriptor '/home/ROS2_rUBot_mecanum_ws/install/my_robot_bringup/share/my_robot_bringup/hook/cmake_prefix_path.dsv'
[2.849s] INFO:colcon.colcon_core.shell:Creating environment hook '/home/ROS2_rUBot_mecanum_ws/install/my_robot_bringup/share/my_robot_bringup/hook/cmake_prefix_path.sh'
[2.850s] Level 1:colcon.colcon_core.environment:checking '/home/ROS2_rUBot_mecanum_ws/install/my_robot_bringup/bin'
[2.850s] Level 1:colcon.colcon_core.environment:checking '/home/ROS2_rUBot_mecanum_ws/install/my_robot_bringup/lib/pkgconfig/my_robot_bringup.pc'
[2.851s] Level 1:colcon.colcon_core.environment:checking '/home/ROS2_rUBot_mecanum_ws/install/my_robot_bringup/lib/python3.10/site-packages'
[2.852s] Level 1:colcon.colcon_core.environment:checking '/home/ROS2_rUBot_mecanum_ws/install/my_robot_bringup/bin'
[2.861s] DEBUG:colcon.colcon_core.event_handler.log_command:Invoked command in '/home/ROS2_rUBot_mecanum_ws/build/my_robot_bringup' returned '0': CMAKE_PREFIX_PATH=/home/ROS2_rUBot_mecanum_ws/install/my_robot_description:/home/ROS2_rUBot_mecanum_ws/install/my_robot_bringup:/home/ROS2_rUBot_mecanum_ws/install/gz_rosa_control:/home/ROS2_rUBot_mecanum_ws/install/gz_mecanum_control:/home/ROS2_rUBot_tutorial_ws/install/robot_bringup:/home/ROS2_rUBot_tutorial_ws/install/robot_description:/home/ROS2_rUBot_tutorial_ws/install/ros2_tutorial:/opt/ros/humble /usr/bin/cmake --install /home/ROS2_rUBot_mecanum_ws/build/my_robot_bringup
[2.862s] INFO:colcon.colcon_core.shell:Creating package script '/home/ROS2_rUBot_mecanum_ws/install/my_robot_bringup/share/my_robot_bringup/package.ps1'
[2.862s] INFO:colcon.colcon_core.shell:Creating package descriptor '/home/ROS2_rUBot_mecanum_ws/install/my_robot_bringup/share/my_robot_bringup/package.dsv'
[2.863s] INFO:colcon.colcon_core.shell:Creating package script '/home/ROS2_rUBot_mecanum_ws/install/my_robot_bringup/share/my_robot_bringup/package.sh'
[2.863s] INFO:colcon.colcon_core.shell:Creating package script '/home/ROS2_rUBot_mecanum_ws/install/my_robot_bringup/share/my_robot_bringup/package.bash'
[2.863s] INFO:colcon.colcon_core.shell:Creating package script '/home/ROS2_rUBot_mecanum_ws/install/my_robot_bringup/share/my_robot_bringup/package.zsh'
[2.864s] Level 1:colcon.colcon_core.environment:create_file_with_runtime_dependencies(/home/ROS2_rUBot_mecanum_ws/install/my_robot_bringup/share/colcon-core/packages/my_robot_bringup)
[3.089s] Level 1:colcon.colcon_core.environment:create_environment_scripts_only(my_robot_bringup)
[3.091s] Level 1:colcon.colcon_core.environment:checking '/home/ROS2_rUBot_mecanum_ws/install/my_robot_bringup' for CMake module files
[3.092s] Level 1:colcon.colcon_core.environment:checking '/home/ROS2_rUBot_mecanum_ws/install/my_robot_bringup' for CMake config files
[3.092s] Level 1:colcon.colcon_core.shell:create_environment_hook('my_robot_bringup', 'cmake_prefix_path')
[3.094s] INFO:colcon.colcon_core.shell:Creating environment hook '/home/ROS2_rUBot_mecanum_ws/install/my_robot_bringup/share/my_robot_bringup/hook/cmake_prefix_path.ps1'
[3.094s] INFO:colcon.colcon_core.shell:Creating environment descriptor '/home/ROS2_rUBot_mecanum_ws/install/my_robot_bringup/share/my_robot_bringup/hook/cmake_prefix_path.dsv'
[3.094s] INFO:colcon.colcon_core.shell:Creating environment hook '/home/ROS2_rUBot_mecanum_ws/install/my_robot_bringup/share/my_robot_bringup/hook/cmake_prefix_path.sh'
[3.095s] Level 1:colcon.colcon_core.environment:checking '/home/ROS2_rUBot_mecanum_ws/install/my_robot_bringup/bin'
[3.095s] Level 1:colcon.colcon_core.environment:checking '/home/ROS2_rUBot_mecanum_ws/install/my_robot_bringup/lib/pkgconfig/my_robot_bringup.pc'
[3.095s] Level 1:colcon.colcon_core.environment:checking '/home/ROS2_rUBot_mecanum_ws/install/my_robot_bringup/lib/python3.10/site-packages'
[3.096s] Level 1:colcon.colcon_core.environment:checking '/home/ROS2_rUBot_mecanum_ws/install/my_robot_bringup/bin'
[3.097s] INFO:colcon.colcon_core.shell:Creating package script '/home/ROS2_rUBot_mecanum_ws/install/my_robot_bringup/share/my_robot_bringup/package.ps1'
[3.098s] INFO:colcon.colcon_core.shell:Creating package descriptor '/home/ROS2_rUBot_mecanum_ws/install/my_robot_bringup/share/my_robot_bringup/package.dsv'
[3.098s] INFO:colcon.colcon_core.shell:Creating package script '/home/ROS2_rUBot_mecanum_ws/install/my_robot_bringup/share/my_robot_bringup/package.sh'
[3.098s] INFO:colcon.colcon_core.shell:Creating package script '/home/ROS2_rUBot_mecanum_ws/install/my_robot_bringup/share/my_robot_bringup/package.bash'
[3.099s] INFO:colcon.colcon_core.shell:Creating package script '/home/ROS2_rUBot_mecanum_ws/install/my_robot_bringup/share/my_robot_bringup/package.zsh'
[3.099s] Level 1:colcon.colcon_core.environment:create_file_with_runtime_dependencies(/home/ROS2_rUBot_mecanum_ws/install/my_robot_bringup/share/colcon-core/packages/my_robot_bringup)
[4.372s] DEBUG:colcon.colcon_core.event_handler.log_command:Invoked command in '/home/ROS2_rUBot_mecanum_ws/build/gz_mecanum_control' returned '0': CMAKE_PREFIX_PATH=${CMAKE_PREFIX_PATH}:/home/ROS2_rUBot_tutorial_ws/install/ros2_tutorial:/opt/ros/humble /usr/bin/cmake /home/ROS2_rUBot_mecanum_ws/src/gz_mecanum_control -DCMAKE_INSTALL_PREFIX=/home/ROS2_rUBot_mecanum_ws/install/gz_mecanum_control
[4.396s] DEBUG:colcon.colcon_core.event_handler.log_command:Invoking command in '/home/ROS2_rUBot_mecanum_ws/build/gz_mecanum_control': CMAKE_PREFIX_PATH=${CMAKE_PREFIX_PATH}:/home/ROS2_rUBot_tutorial_ws/install/ros2_tutorial:/opt/ros/humble /usr/bin/cmake --build /home/ROS2_rUBot_mecanum_ws/build/gz_mecanum_control -- -j8 -l8
[4.711s] DEBUG:colcon.colcon_core.event_handler.log_command:Invoked command in '/home/ROS2_rUBot_mecanum_ws/build/gz_mecanum_control' returned '0': CMAKE_PREFIX_PATH=${CMAKE_PREFIX_PATH}:/home/ROS2_rUBot_tutorial_ws/install/ros2_tutorial:/opt/ros/humble /usr/bin/cmake --build /home/ROS2_rUBot_mecanum_ws/build/gz_mecanum_control -- -j8 -l8
[5.006s] DEBUG:colcon.colcon_core.event_handler.log_command:Invoking command in '/home/ROS2_rUBot_mecanum_ws/build/gz_mecanum_control': CMAKE_PREFIX_PATH=${CMAKE_PREFIX_PATH}:/home/ROS2_rUBot_tutorial_ws/install/ros2_tutorial:/opt/ros/humble /usr/bin/cmake --install /home/ROS2_rUBot_mecanum_ws/build/gz_mecanum_control
[5.023s] Level 1:colcon.colcon_core.environment:create_environment_scripts_only(gz_mecanum_control)
[5.025s] Level 1:colcon.colcon_core.environment:checking '/home/ROS2_rUBot_mecanum_ws/install/gz_mecanum_control' for CMake module files
[5.026s] Level 1:colcon.colcon_core.environment:checking '/home/ROS2_rUBot_mecanum_ws/install/gz_mecanum_control' for CMake config files
[5.026s] Level 1:colcon.colcon_core.shell:create_environment_hook('gz_mecanum_control', 'cmake_prefix_path')
[5.027s] INFO:colcon.colcon_core.shell:Creating environment hook '/home/ROS2_rUBot_mecanum_ws/install/gz_mecanum_control/share/gz_mecanum_control/hook/cmake_prefix_path.ps1'
[5.028s] INFO:colcon.colcon_core.shell:Creating environment descriptor '/home/ROS2_rUBot_mecanum_ws/install/gz_mecanum_control/share/gz_mecanum_control/hook/cmake_prefix_path.dsv'
[5.028s] INFO:colcon.colcon_core.shell:Creating environment hook '/home/ROS2_rUBot_mecanum_ws/install/gz_mecanum_control/share/gz_mecanum_control/hook/cmake_prefix_path.sh'
[5.029s] Level 1:colcon.colcon_core.environment:checking '/home/ROS2_rUBot_mecanum_ws/install/gz_mecanum_control/lib'
[5.029s] Level 1:colcon.colcon_core.shell:create_environment_hook('gz_mecanum_control', 'ld_library_path_lib')
[5.030s] INFO:colcon.colcon_core.shell:Creating environment hook '/home/ROS2_rUBot_mecanum_ws/install/gz_mecanum_control/share/gz_mecanum_control/hook/ld_library_path_lib.ps1'
[5.031s] INFO:colcon.colcon_core.shell:Creating environment descriptor '/home/ROS2_rUBot_mecanum_ws/install/gz_mecanum_control/share/gz_mecanum_control/hook/ld_library_path_lib.dsv'
[5.031s] INFO:colcon.colcon_core.shell:Creating environment hook '/home/ROS2_rUBot_mecanum_ws/install/gz_mecanum_control/share/gz_mecanum_control/hook/ld_library_path_lib.sh'
[5.032s] Level 1:colcon.colcon_core.environment:checking '/home/ROS2_rUBot_mecanum_ws/install/gz_mecanum_control/bin'
[5.032s] Level 1:colcon.colcon_core.environment:checking '/home/ROS2_rUBot_mecanum_ws/install/gz_mecanum_control/lib/pkgconfig/gz_mecanum_control.pc'
[5.032s] Level 1:colcon.colcon_core.environment:checking '/home/ROS2_rUBot_mecanum_ws/install/gz_mecanum_control/lib/python3.10/site-packages'
[5.032s] Level 1:colcon.colcon_core.environment:checking '/home/ROS2_rUBot_mecanum_ws/install/gz_mecanum_control/bin'
[5.034s] INFO:colcon.colcon_core.shell:Creating package script '/home/ROS2_rUBot_mecanum_ws/install/gz_mecanum_control/share/gz_mecanum_control/package.ps1'
[5.034s] INFO:colcon.colcon_core.shell:Creating package descriptor '/home/ROS2_rUBot_mecanum_ws/install/gz_mecanum_control/share/gz_mecanum_control/package.dsv'
[5.035s] INFO:colcon.colcon_core.shell:Creating package script '/home/ROS2_rUBot_mecanum_ws/install/gz_mecanum_control/share/gz_mecanum_control/package.sh'
[5.035s] INFO:colcon.colcon_core.shell:Creating package script '/home/ROS2_rUBot_mecanum_ws/install/gz_mecanum_control/share/gz_mecanum_control/package.bash'
[5.056s] DEBUG:colcon.colcon_core.event_handler.log_command:Invoked command in '/home/ROS2_rUBot_mecanum_ws/build/gz_mecanum_control' returned '0': CMAKE_PREFIX_PATH=${CMAKE_PREFIX_PATH}:/home/ROS2_rUBot_tutorial_ws/install/ros2_tutorial:/opt/ros/humble /usr/bin/cmake --install /home/ROS2_rUBot_mecanum_ws/build/gz_mecanum_control
[5.056s] INFO:colcon.colcon_core.shell:Creating package script '/home/ROS2_rUBot_mecanum_ws/install/gz_mecanum_control/share/gz_mecanum_control/package.zsh'
[5.057s] Level 1:colcon.colcon_core.environment:create_file_with_runtime_dependencies(/home/ROS2_rUBot_mecanum_ws/install/gz_mecanum_control/share/colcon-core/packages/gz_mecanum_control)
[5.369s] Level 1:colcon.colcon_core.environment:create_environment_scripts_only(gz_mecanum_control)
[5.371s] Level 1:colcon.colcon_core.environment:checking '/home/ROS2_rUBot_mecanum_ws/install/gz_mecanum_control' for CMake module files
[5.372s] Level 1:colcon.colcon_core.environment:checking '/home/ROS2_rUBot_mecanum_ws/install/gz_mecanum_control' for CMake config files
[5.372s] Level 1:colcon.colcon_core.shell:create_environment_hook('gz_mecanum_control', 'cmake_prefix_path')
[5.374s] INFO:colcon.colcon_core.shell:Creating environment hook '/home/ROS2_rUBot_mecanum_ws/install/gz_mecanum_control/share/gz_mecanum_control/hook/cmake_prefix_path.ps1'
[5.374s] INFO:colcon.colcon_core.shell:Creating environment descriptor '/home/ROS2_rUBot_mecanum_ws/install/gz_mecanum_control/share/gz_mecanum_control/hook/cmake_prefix_path.dsv'
[5.374s] INFO:colcon.colcon_core.shell:Creating environment hook '/home/ROS2_rUBot_mecanum_ws/install/gz_mecanum_control/share/gz_mecanum_control/hook/cmake_prefix_path.sh'
[5.375s] Level 1:colcon.colcon_core.environment:checking '/home/ROS2_rUBot_mecanum_ws/install/gz_mecanum_control/lib'
[5.375s] Level 1:colcon.colcon_core.shell:create_environment_hook('gz_mecanum_control', 'ld_library_path_lib')
[5.376s] INFO:colcon.colcon_core.shell:Creating environment hook '/home/ROS2_rUBot_mecanum_ws/install/gz_mecanum_control/share/gz_mecanum_control/hook/ld_library_path_lib.ps1'
[5.377s] INFO:colcon.colcon_core.shell:Creating environment descriptor '/home/ROS2_rUBot_mecanum_ws/install/gz_mecanum_control/share/gz_mecanum_control/hook/ld_library_path_lib.dsv'
[5.377s] INFO:colcon.colcon_core.shell:Creating environment hook '/home/ROS2_rUBot_mecanum_ws/install/gz_mecanum_control/share/gz_mecanum_control/hook/ld_library_path_lib.sh'
[5.377s] Level 1:colcon.colcon_core.environment:checking '/home/ROS2_rUBot_mecanum_ws/install/gz_mecanum_control/bin'
[5.377s] Level 1:colcon.colcon_core.environment:checking '/home/ROS2_rUBot_mecanum_ws/install/gz_mecanum_control/lib/pkgconfig/gz_mecanum_control.pc'
[5.378s] Level 1:colcon.colcon_core.environment:checking '/home/ROS2_rUBot_mecanum_ws/install/gz_mecanum_control/lib/python3.10/site-packages'
[5.378s] Level 1:colcon.colcon_core.environment:checking '/home/ROS2_rUBot_mecanum_ws/install/gz_mecanum_control/bin'
[5.379s] INFO:colcon.colcon_core.shell:Creating package script '/home/ROS2_rUBot_mecanum_ws/install/gz_mecanum_control/share/gz_mecanum_control/package.ps1'
[5.380s] INFO:colcon.colcon_core.shell:Creating package descriptor '/home/ROS2_rUBot_mecanum_ws/install/gz_mecanum_control/share/gz_mecanum_control/package.dsv'
[5.381s] INFO:colcon.colcon_core.shell:Creating package script '/home/ROS2_rUBot_mecanum_ws/install/gz_mecanum_control/share/gz_mecanum_control/package.sh'
[5.381s] INFO:colcon.colcon_core.shell:Creating package script '/home/ROS2_rUBot_mecanum_ws/install/gz_mecanum_control/share/gz_mecanum_control/package.bash'
[5.382s] INFO:colcon.colcon_core.shell:Creating package script '/home/ROS2_rUBot_mecanum_ws/install/gz_mecanum_control/share/gz_mecanum_control/package.zsh'
[5.382s] Level 1:colcon.colcon_core.environment:create_file_with_runtime_dependencies(/home/ROS2_rUBot_mecanum_ws/install/gz_mecanum_control/share/colcon-core/packages/gz_mecanum_control)
[5.382s] DEBUG:colcon.colcon_parallel_executor.executor.parallel:closing loop
[5.386s] DEBUG:colcon.colcon_parallel_executor.executor.parallel:loop closed
[5.386s] DEBUG:colcon.colcon_parallel_executor.executor.parallel:run_until_complete finished with '0'
[5.386s] DEBUG:colcon.colcon_core.event_reactor:joining thread
[5.391s] INFO:colcon.colcon_core.plugin_system:Skipping extension 'colcon_notification.desktop_notification.notify_send': Could not find 'notify-send'
[5.391s] INFO:colcon.colcon_core.plugin_system:Skipping extension 'colcon_notification.desktop_notification.terminal_notifier': Not used on non-Darwin systems
[5.391s] INFO:colcon.colcon_core.plugin_system:Skipping extension 'colcon_notification.desktop_notification.win32': Not used on non-Windows systems
[5.391s] INFO:colcon.colcon_notification.desktop_notification:Sending desktop notification using 'notify2'
[5.417s] DEBUG:colcon.colcon_notification.desktop_notification.notify2:Failed to initialize notify2: org.freedesktop.DBus.Error.Spawn.ExecFailed: /usr/bin/dbus-launch terminated abnormally without any error message
[5.417s] DEBUG:colcon.colcon_core.event_reactor:joined thread
[5.419s] INFO:colcon.colcon_core.shell:Creating prefix script '/home/ROS2_rUBot_mecanum_ws/install/local_setup.ps1'
[5.420s] INFO:colcon.colcon_core.shell:Creating prefix util module '/home/ROS2_rUBot_mecanum_ws/install/_local_setup_util_ps1.py'
[5.422s] INFO:colcon.colcon_core.shell:Creating prefix chain script '/home/ROS2_rUBot_mecanum_ws/install/setup.ps1'
[5.423s] INFO:colcon.colcon_core.shell:Creating prefix script '/home/ROS2_rUBot_mecanum_ws/install/local_setup.sh'
[5.424s] INFO:colcon.colcon_core.shell:Creating prefix util module '/home/ROS2_rUBot_mecanum_ws/install/_local_setup_util_sh.py'
[5.424s] INFO:colcon.colcon_core.shell:Creating prefix chain script '/home/ROS2_rUBot_mecanum_ws/install/setup.sh'
[5.426s] INFO:colcon.colcon_core.shell:Creating prefix script '/home/ROS2_rUBot_mecanum_ws/install/local_setup.bash'
[5.426s] INFO:colcon.colcon_core.shell:Creating prefix chain script '/home/ROS2_rUBot_mecanum_ws/install/setup.bash'
[5.428s] INFO:colcon.colcon_core.shell:Creating prefix script '/home/ROS2_rUBot_mecanum_ws/install/local_setup.zsh'
[5.429s] INFO:colcon.colcon_core.shell:Creating prefix chain script '/home/ROS2_rUBot_mecanum_ws/install/setup.zsh'
