[0.124s] Invoking command in '/home/ROS2_rUBot_mecanum_ws/build/teleop_twist_joy': CMAKE_PREFIX_PATH=${CMAKE_PREFIX_PATH}:/home/ROS2_rUBot_tutorial_ws/install/ros2_tutorial:/opt/ros/humble /usr/bin/cmake --build /home/ROS2_rUBot_mecanum_ws/build/teleop_twist_joy -- -j8 -l8
[0.785s] [ 50%] Built target teleop_twist_joy
[0.936s] [100%] Built target teleop_twist_joy_node
[1.050s] Invoked command in '/home/ROS2_rUBot_mecanum_ws/build/teleop_twist_joy' returned '0': CMAKE_PREFIX_PATH=${CMAKE_PREFIX_PATH}:/home/ROS2_rUBot_tutorial_ws/install/ros2_tutorial:/opt/ros/humble /usr/bin/cmake --build /home/ROS2_rUBot_mecanum_ws/build/teleop_twist_joy -- -j8 -l8
[1.363s] Invoking command in '/home/ROS2_rUBot_mecanum_ws/build/teleop_twist_joy': CMAKE_PREFIX_PATH=${CMAKE_PREFIX_PATH}:/home/ROS2_rUBot_tutorial_ws/install/ros2_tutorial:/opt/ros/humble /usr/bin/cmake --install /home/ROS2_rUBot_mecanum_ws/build/teleop_twist_joy
[1.381s] -- Install configuration: ""
[1.396s] -- Up-to-date: /home/ROS2_rUBot_mecanum_ws/install/teleop_twist_joy/lib/libteleop_twist_joy.so
[1.405s] -- Up-to-date: /home/ROS2_rUBot_mecanum_ws/install/teleop_twist_joy/lib/teleop_twist_joy/teleop_node
[1.406s] -- Up-to-date: /home/ROS2_rUBot_mecanum_ws/install/teleop_twist_joy/include/teleop_twist_joy
[1.406s] -- Up-to-date: /home/ROS2_rUBot_mecanum_ws/install/teleop_twist_joy/include/teleop_twist_joy/teleop_twist_joy
[1.406s] -- Up-to-date: /home/ROS2_rUBot_mecanum_ws/install/teleop_twist_joy/include/teleop_twist_joy/teleop_twist_joy/teleop_twist_joy.hpp
[1.406s] -- Up-to-date: /home/ROS2_rUBot_mecanum_ws/install/teleop_twist_joy/include/teleop_twist_joy/teleop_twist_joy/teleop_twist_joy_export.h
[1.406s] -- Up-to-date: /home/ROS2_rUBot_mecanum_ws/install/teleop_twist_joy/share/teleop_twist_joy/launch
[1.406s] -- Up-to-date: /home/ROS2_rUBot_mecanum_ws/install/teleop_twist_joy/share/teleop_twist_joy/launch/teleop-launch.py
[1.406s] -- Up-to-date: /home/ROS2_rUBot_mecanum_ws/install/teleop_twist_joy/share/teleop_twist_joy/config
[1.406s] -- Up-to-date: /home/ROS2_rUBot_mecanum_ws/install/teleop_twist_joy/share/teleop_twist_joy/config/atk3.config.yaml
[1.406s] -- Up-to-date: /home/ROS2_rUBot_mecanum_ws/install/teleop_twist_joy/share/teleop_twist_joy/config/ps3-holonomic.config.yaml
[1.406s] -- Up-to-date: /home/ROS2_rUBot_mecanum_ws/install/teleop_twist_joy/share/teleop_twist_joy/config/xd3.config.yaml
[1.407s] -- Up-to-date: /home/ROS2_rUBot_mecanum_ws/install/teleop_twist_joy/share/teleop_twist_joy/config/xbox.config.yaml
[1.407s] -- Up-to-date: /home/ROS2_rUBot_mecanum_ws/install/teleop_twist_joy/share/teleop_twist_joy/config/ps3.config.yaml
[1.407s] -- Up-to-date: /home/ROS2_rUBot_mecanum_ws/install/teleop_twist_joy/share/teleop_twist_joy/environment/library_path.sh
[1.407s] -- Up-to-date: /home/ROS2_rUBot_mecanum_ws/install/teleop_twist_joy/share/teleop_twist_joy/environment/library_path.dsv
[1.407s] -- Up-to-date: /home/ROS2_rUBot_mecanum_ws/install/teleop_twist_joy/share/ament_index/resource_index/package_run_dependencies/teleop_twist_joy
[1.407s] -- Up-to-date: /home/ROS2_rUBot_mecanum_ws/install/teleop_twist_joy/share/ament_index/resource_index/parent_prefix_path/teleop_twist_joy
[1.407s] -- Up-to-date: /home/ROS2_rUBot_mecanum_ws/install/teleop_twist_joy/share/teleop_twist_joy/environment/ament_prefix_path.sh
[1.407s] -- Up-to-date: /home/ROS2_rUBot_mecanum_ws/install/teleop_twist_joy/share/teleop_twist_joy/environment/ament_prefix_path.dsv
[1.407s] -- Up-to-date: /home/ROS2_rUBot_mecanum_ws/install/teleop_twist_joy/share/teleop_twist_joy/environment/path.sh
[1.407s] -- Up-to-date: /home/ROS2_rUBot_mecanum_ws/install/teleop_twist_joy/share/teleop_twist_joy/environment/path.dsv
[1.407s] -- Up-to-date: /home/ROS2_rUBot_mecanum_ws/install/teleop_twist_joy/share/teleop_twist_joy/local_setup.bash
[1.407s] -- Up-to-date: /home/ROS2_rUBot_mecanum_ws/install/teleop_twist_joy/share/teleop_twist_joy/local_setup.sh
[1.407s] -- Up-to-date: /home/ROS2_rUBot_mecanum_ws/install/teleop_twist_joy/share/teleop_twist_joy/local_setup.zsh
[1.408s] -- Up-to-date: /home/ROS2_rUBot_mecanum_ws/install/teleop_twist_joy/share/teleop_twist_joy/local_setup.dsv
[1.408s] -- Installing: /home/ROS2_rUBot_mecanum_ws/install/teleop_twist_joy/share/teleop_twist_joy/package.dsv
[1.408s] -- Up-to-date: /home/ROS2_rUBot_mecanum_ws/install/teleop_twist_joy/share/ament_index/resource_index/packages/teleop_twist_joy
[1.408s] -- Up-to-date: /home/ROS2_rUBot_mecanum_ws/install/teleop_twist_joy/share/ament_index/resource_index/rclcpp_components/teleop_twist_joy
[1.411s] -- Up-to-date: /home/ROS2_rUBot_mecanum_ws/install/teleop_twist_joy/share/teleop_twist_joy/cmake/export_teleop_twist_joyExport.cmake
[1.411s] -- Up-to-date: /home/ROS2_rUBot_mecanum_ws/install/teleop_twist_joy/share/teleop_twist_joy/cmake/export_teleop_twist_joyExport-noconfig.cmake
[1.411s] -- Up-to-date: /home/ROS2_rUBot_mecanum_ws/install/teleop_twist_joy/share/teleop_twist_joy/cmake/ament_cmake_export_include_directories-extras.cmake
[1.411s] -- Up-to-date: /home/ROS2_rUBot_mecanum_ws/install/teleop_twist_joy/share/teleop_twist_joy/cmake/ament_cmake_export_libraries-extras.cmake
[1.411s] -- Up-to-date: /home/ROS2_rUBot_mecanum_ws/install/teleop_twist_joy/share/teleop_twist_joy/cmake/ament_cmake_export_targets-extras.cmake
[1.411s] -- Up-to-date: /home/ROS2_rUBot_mecanum_ws/install/teleop_twist_joy/share/teleop_twist_joy/cmake/teleop_twist_joyConfig.cmake
[1.411s] -- Up-to-date: /home/ROS2_rUBot_mecanum_ws/install/teleop_twist_joy/share/teleop_twist_joy/cmake/teleop_twist_joyConfig-version.cmake
[1.412s] -- Up-to-date: /home/ROS2_rUBot_mecanum_ws/install/teleop_twist_joy/share/teleop_twist_joy/package.xml
[1.420s] Invoked command in '/home/ROS2_rUBot_mecanum_ws/build/teleop_twist_joy' returned '0': CMAKE_PREFIX_PATH=${CMAKE_PREFIX_PATH}:/home/ROS2_rUBot_tutorial_ws/install/ros2_tutorial:/opt/ros/humble /usr/bin/cmake --install /home/ROS2_rUBot_mecanum_ws/build/teleop_twist_joy
