[0.020s] Invoking command in '/home/ROS2_rUBot_mecanum_ws/build/robot_description': CMAKE_PREFIX_PATH=${CMAKE_PREFIX_PATH}:/home/ROS2_rUBot_ws/install/rubot_description:/home/ROS2_rUBot_ws/install/rubot_control:/home/ROS2_rUBot_ws/install/ros2_tutorial:/opt/ros/humble /usr/bin/cmake /home/ROS2_rUBot_mecanum_ws/src/robot_description -DCMAKE_INSTALL_PREFIX=/home/ROS2_rUBot_mecanum_ws/install/robot_description
[0.371s] -- The C compiler identification is GNU 11.4.0
[0.521s] -- The CXX compiler identification is GNU 11.4.0
[0.534s] -- Detecting C compiler ABI info
[0.640s] -- Detecting C compiler ABI info - done
[0.646s] -- Check for working C compiler: /usr/bin/cc - skipped
[0.646s] -- Detecting C compile features
[0.647s] -- Detecting C compile features - done
[0.651s] -- Detecting CXX compiler ABI info
[0.707s] -- Detecting CXX compiler ABI info - done
[0.715s] -- Check for working CXX compiler: /usr/bin/c++ - skipped
[0.715s] -- Detecting CXX compile features
[0.715s] -- Detecting CXX compile features - done
[0.719s] -- Found ament_cmake: 1.3.5 (/opt/ros/humble/share/ament_cmake/cmake)
[0.864s] -- Found Python3: /usr/bin/python3.10 (found version "3.10.12") found components: Interpreter 
[1.041s] -- Configuring done
[1.044s] -- Generating done
[1.045s] -- Build files have been written to: /home/ROS2_rUBot_mecanum_ws/build/robot_description
[1.047s] Invoked command in '/home/ROS2_rUBot_mecanum_ws/build/robot_description' returned '0': CMAKE_PREFIX_PATH=${CMAKE_PREFIX_PATH}:/home/ROS2_rUBot_ws/install/rubot_description:/home/ROS2_rUBot_ws/install/rubot_control:/home/ROS2_rUBot_ws/install/ros2_tutorial:/opt/ros/humble /usr/bin/cmake /home/ROS2_rUBot_mecanum_ws/src/robot_description -DCMAKE_INSTALL_PREFIX=/home/ROS2_rUBot_mecanum_ws/install/robot_description
[1.049s] Invoking command in '/home/ROS2_rUBot_mecanum_ws/build/robot_description': CMAKE_PREFIX_PATH=${CMAKE_PREFIX_PATH}:/home/ROS2_rUBot_ws/install/rubot_description:/home/ROS2_rUBot_ws/install/rubot_control:/home/ROS2_rUBot_ws/install/ros2_tutorial:/opt/ros/humble /usr/bin/cmake --build /home/ROS2_rUBot_mecanum_ws/build/robot_description -- -j8 -l8
[1.071s] Invoked command in '/home/ROS2_rUBot_mecanum_ws/build/robot_description' returned '0': CMAKE_PREFIX_PATH=${CMAKE_PREFIX_PATH}:/home/ROS2_rUBot_ws/install/rubot_description:/home/ROS2_rUBot_ws/install/rubot_control:/home/ROS2_rUBot_ws/install/ros2_tutorial:/opt/ros/humble /usr/bin/cmake --build /home/ROS2_rUBot_mecanum_ws/build/robot_description -- -j8 -l8
[1.090s] Invoking command in '/home/ROS2_rUBot_mecanum_ws/build/robot_description': CMAKE_PREFIX_PATH=${CMAKE_PREFIX_PATH}:/home/ROS2_rUBot_ws/install/rubot_description:/home/ROS2_rUBot_ws/install/rubot_control:/home/ROS2_rUBot_ws/install/ros2_tutorial:/opt/ros/humble /usr/bin/cmake --install /home/ROS2_rUBot_mecanum_ws/build/robot_description
[1.093s] -- Install configuration: ""
[1.093s] -- Installing: /home/ROS2_rUBot_mecanum_ws/install/robot_description/share/robot_description//urdf
[1.094s] -- Installing: /home/ROS2_rUBot_mecanum_ws/install/robot_description/share/robot_description//urdf/urdf_specs.txt
[1.095s] -- Installing: /home/ROS2_rUBot_mecanum_ws/install/robot_description/share/robot_description//urdf/arm.xacro
[1.095s] -- Installing: /home/ROS2_rUBot_mecanum_ws/install/robot_description/share/robot_description//urdf/mobile_base.xacro
[1.096s] -- Installing: /home/ROS2_rUBot_mecanum_ws/install/robot_description/share/robot_description//urdf/my_robot.urdf
[1.097s] -- Installing: /home/ROS2_rUBot_mecanum_ws/install/robot_description/share/robot_description//urdf/camera.xacro
[1.097s] -- Installing: /home/ROS2_rUBot_mecanum_ws/install/robot_description/share/robot_description//urdf/standalone_arm.urdf.xacro
[1.098s] -- Installing: /home/ROS2_rUBot_mecanum_ws/install/robot_description/share/robot_description//urdf/mobile_base_gazebo.xacro
[1.098s] -- Installing: /home/ROS2_rUBot_mecanum_ws/install/robot_description/share/robot_description//urdf/common_properties.xacro
[1.099s] -- Installing: /home/ROS2_rUBot_mecanum_ws/install/robot_description/share/robot_description//urdf/my_robot.urdf.xacro
[1.099s] -- Installing: /home/ROS2_rUBot_mecanum_ws/install/robot_description/share/robot_description//urdf/arm_gazebo.xacro
[1.100s] -- Installing: /home/ROS2_rUBot_mecanum_ws/install/robot_description/share/robot_description//launch
[1.100s] -- Installing: /home/ROS2_rUBot_mecanum_ws/install/robot_description/share/robot_description//launch/display_robot.launch.xml
[1.100s] -- Installing: /home/ROS2_rUBot_mecanum_ws/install/robot_description/share/robot_description//launch/display_arm.launch.xml
[1.101s] -- Installing: /home/ROS2_rUBot_mecanum_ws/install/robot_description/share/robot_description//launch/display.launch.py
[1.101s] -- Installing: /home/ROS2_rUBot_mecanum_ws/install/robot_description/share/robot_description//rviz
[1.101s] -- Installing: /home/ROS2_rUBot_mecanum_ws/install/robot_description/share/robot_description//rviz/urdf_arm_config.rviz
[1.102s] -- Installing: /home/ROS2_rUBot_mecanum_ws/install/robot_description/share/robot_description//rviz/urdf_base_config.rviz
[1.103s] -- Installing: /home/ROS2_rUBot_mecanum_ws/install/robot_description/share/ament_index/resource_index/package_run_dependencies/robot_description
[1.103s] -- Installing: /home/ROS2_rUBot_mecanum_ws/install/robot_description/share/ament_index/resource_index/parent_prefix_path/robot_description
[1.103s] -- Installing: /home/ROS2_rUBot_mecanum_ws/install/robot_description/share/robot_description/environment/ament_prefix_path.sh
[1.103s] -- Installing: /home/ROS2_rUBot_mecanum_ws/install/robot_description/share/robot_description/environment/ament_prefix_path.dsv
[1.103s] -- Installing: /home/ROS2_rUBot_mecanum_ws/install/robot_description/share/robot_description/environment/path.sh
[1.103s] -- Installing: /home/ROS2_rUBot_mecanum_ws/install/robot_description/share/robot_description/environment/path.dsv
[1.104s] -- Installing: /home/ROS2_rUBot_mecanum_ws/install/robot_description/share/robot_description/local_setup.bash
[1.104s] -- Installing: /home/ROS2_rUBot_mecanum_ws/install/robot_description/share/robot_description/local_setup.sh
[1.104s] -- Installing: /home/ROS2_rUBot_mecanum_ws/install/robot_description/share/robot_description/local_setup.zsh
[1.104s] -- Installing: /home/ROS2_rUBot_mecanum_ws/install/robot_description/share/robot_description/local_setup.dsv
[1.104s] -- Installing: /home/ROS2_rUBot_mecanum_ws/install/robot_description/share/robot_description/package.dsv
[1.104s] -- Installing: /home/ROS2_rUBot_mecanum_ws/install/robot_description/share/ament_index/resource_index/packages/robot_description
[1.104s] -- Installing: /home/ROS2_rUBot_mecanum_ws/install/robot_description/share/robot_description/cmake/robot_descriptionConfig.cmake
[1.105s] -- Installing: /home/ROS2_rUBot_mecanum_ws/install/robot_description/share/robot_description/cmake/robot_descriptionConfig-version.cmake
[1.105s] -- Installing: /home/ROS2_rUBot_mecanum_ws/install/robot_description/share/robot_description/package.xml
[1.106s] Invoked command in '/home/ROS2_rUBot_mecanum_ws/build/robot_description' returned '0': CMAKE_PREFIX_PATH=${CMAKE_PREFIX_PATH}:/home/ROS2_rUBot_ws/install/rubot_description:/home/ROS2_rUBot_ws/install/rubot_control:/home/ROS2_rUBot_ws/install/ros2_tutorial:/opt/ros/humble /usr/bin/cmake --install /home/ROS2_rUBot_mecanum_ws/build/robot_description
