[0.435s] DEBUG:colcon:Command line arguments: ['/usr/bin/colcon', 'build']
[0.435s] DEBUG:colcon:Parsed command line arguments: Namespace(log_base=None, log_level=None, verb_name='build', build_base='build', install_base='install', merge_install=False, symlink_install=False, test_result_base=None, continue_on_error=False, executor='parallel', parallel_workers=8, event_handlers=None, ignore_user_meta=False, metas=['./colcon.meta'], base_paths=['.'], packages_ignore=None, packages_ignore_regex=None, paths=None, packages_up_to=None, packages_up_to_regex=None, packages_above=None, packages_above_and_dependencies=None, packages_above_depth=None, packages_select_by_dep=None, packages_skip_by_dep=None, packages_skip_up_to=None, packages_select_build_failed=False, packages_skip_build_finished=False, packages_select_test_failures=False, packages_skip_test_passed=False, packages_select=None, packages_skip=None, packages_select_regex=None, packages_skip_regex=None, packages_start=None, packages_end=None, cmake_args=None, cmake_target=None, cmake_target_skip_unavailable=False, cmake_clean_cache=False, cmake_clean_first=False, cmake_force_configure=False, ament_cmake_args=None, catkin_cmake_args=None, catkin_skip_building_tests=False, mixin_files=None, mixin=None, verb_parser=<colcon_mixin.mixin.mixin_argument.MixinArgumentDecorator object at 0x7fb133bd0a90>, verb_extension=<colcon_core.verb.build.BuildVerb object at 0x7fb133bd0400>, main=<bound method BuildVerb.main of <colcon_core.verb.build.BuildVerb object at 0x7fb133bd0400>>, mixin_verb=('build',))
[0.476s] Level 1:colcon.colcon_core.package_discovery:discover_packages(colcon_meta) check parameters
[0.477s] INFO:colcon.colcon_metadata.package_discovery.colcon_meta:Using configuration from '/root/.colcon/metadata/default/Gazebo.meta'
[0.478s] INFO:colcon.colcon_metadata.package_discovery.colcon_meta:Using configuration from '/root/.colcon/metadata/default/fastrtps.meta'
[0.478s] Level 1:colcon.colcon_core.package_discovery:discover_packages(recursive) check parameters
[0.478s] Level 1:colcon.colcon_core.package_discovery:discover_packages(ignore) check parameters
[0.478s] Level 1:colcon.colcon_core.package_discovery:discover_packages(path) check parameters
[0.478s] Level 1:colcon.colcon_core.package_discovery:discover_packages(colcon_meta) discover
[0.478s] Level 1:colcon.colcon_core.package_discovery:discover_packages(recursive) discover
[0.478s] INFO:colcon.colcon_core.package_discovery:Crawling recursively for packages in '/home/ROS2_rUBot_mecanum_ws'
[0.478s] Level 1:colcon.colcon_core.package_identification:_identify(.) by extensions ['ignore', 'ignore_ament_install']
[0.478s] Level 1:colcon.colcon_core.package_identification:_identify(.) by extension 'ignore'
[0.478s] Level 1:colcon.colcon_core.package_identification:_identify(.) by extension 'ignore_ament_install'
[0.478s] Level 1:colcon.colcon_core.package_identification:_identify(.) by extensions ['colcon_pkg']
[0.478s] Level 1:colcon.colcon_core.package_identification:_identify(.) by extension 'colcon_pkg'
[0.478s] Level 1:colcon.colcon_core.package_identification:_identify(.) by extensions ['colcon_meta']
[0.479s] Level 1:colcon.colcon_core.package_identification:_identify(.) by extension 'colcon_meta'
[0.479s] Level 1:colcon.colcon_core.package_identification:_identify(.) by extensions ['ros']
[0.479s] Level 1:colcon.colcon_core.package_identification:_identify(.) by extension 'ros'
[0.508s] Level 1:colcon.colcon_core.package_identification:_identify(.) by extensions ['cmake', 'python']
[0.508s] Level 1:colcon.colcon_core.package_identification:_identify(.) by extension 'cmake'
[0.508s] Level 1:colcon.colcon_core.package_identification:_identify(.) by extension 'python'
[0.508s] Level 1:colcon.colcon_core.package_identification:_identify(.) by extensions ['python_setup_py']
[0.508s] Level 1:colcon.colcon_core.package_identification:_identify(.) by extension 'python_setup_py'
[0.508s] Level 1:colcon.colcon_core.package_identification:_identify(Documentation) by extensions ['ignore', 'ignore_ament_install']
[0.509s] Level 1:colcon.colcon_core.package_identification:_identify(Documentation) by extension 'ignore'
[0.509s] Level 1:colcon.colcon_core.package_identification:_identify(Documentation) by extension 'ignore_ament_install'
[0.509s] Level 1:colcon.colcon_core.package_identification:_identify(Documentation) by extensions ['colcon_pkg']
[0.509s] Level 1:colcon.colcon_core.package_identification:_identify(Documentation) by extension 'colcon_pkg'
[0.509s] Level 1:colcon.colcon_core.package_identification:_identify(Documentation) by extensions ['colcon_meta']
[0.509s] Level 1:colcon.colcon_core.package_identification:_identify(Documentation) by extension 'colcon_meta'
[0.509s] Level 1:colcon.colcon_core.package_identification:_identify(Documentation) by extensions ['ros']
[0.509s] Level 1:colcon.colcon_core.package_identification:_identify(Documentation) by extension 'ros'
[0.509s] Level 1:colcon.colcon_core.package_identification:_identify(Documentation) by extensions ['cmake', 'python']
[0.509s] Level 1:colcon.colcon_core.package_identification:_identify(Documentation) by extension 'cmake'
[0.509s] Level 1:colcon.colcon_core.package_identification:_identify(Documentation) by extension 'python'
[0.509s] Level 1:colcon.colcon_core.package_identification:_identify(Documentation) by extensions ['python_setup_py']
[0.509s] Level 1:colcon.colcon_core.package_identification:_identify(Documentation) by extension 'python_setup_py'
[0.509s] Level 1:colcon.colcon_core.package_identification:_identify(Documentation/Files) by extensions ['ignore', 'ignore_ament_install']
[0.509s] Level 1:colcon.colcon_core.package_identification:_identify(Documentation/Files) by extension 'ignore'
[0.510s] Level 1:colcon.colcon_core.package_identification:_identify(Documentation/Files) by extension 'ignore_ament_install'
[0.510s] Level 1:colcon.colcon_core.package_identification:_identify(Documentation/Files) by extensions ['colcon_pkg']
[0.510s] Level 1:colcon.colcon_core.package_identification:_identify(Documentation/Files) by extension 'colcon_pkg'
[0.510s] Level 1:colcon.colcon_core.package_identification:_identify(Documentation/Files) by extensions ['colcon_meta']
[0.510s] Level 1:colcon.colcon_core.package_identification:_identify(Documentation/Files) by extension 'colcon_meta'
[0.510s] Level 1:colcon.colcon_core.package_identification:_identify(Documentation/Files) by extensions ['ros']
[0.510s] Level 1:colcon.colcon_core.package_identification:_identify(Documentation/Files) by extension 'ros'
[0.510s] Level 1:colcon.colcon_core.package_identification:_identify(Documentation/Files) by extensions ['cmake', 'python']
[0.510s] Level 1:colcon.colcon_core.package_identification:_identify(Documentation/Files) by extension 'cmake'
[0.510s] Level 1:colcon.colcon_core.package_identification:_identify(Documentation/Files) by extension 'python'
[0.510s] Level 1:colcon.colcon_core.package_identification:_identify(Documentation/Files) by extensions ['python_setup_py']
[0.510s] Level 1:colcon.colcon_core.package_identification:_identify(Documentation/Files) by extension 'python_setup_py'
[0.510s] Level 1:colcon.colcon_core.package_identification:_identify(Documentation/Files/CourseProject) by extensions ['ignore', 'ignore_ament_install']
[0.510s] Level 1:colcon.colcon_core.package_identification:_identify(Documentation/Files/CourseProject) by extension 'ignore'
[0.510s] Level 1:colcon.colcon_core.package_identification:_identify(Documentation/Files/CourseProject) by extension 'ignore_ament_install'
[0.510s] Level 1:colcon.colcon_core.package_identification:_identify(Documentation/Files/CourseProject) by extensions ['colcon_pkg']
[0.510s] Level 1:colcon.colcon_core.package_identification:_identify(Documentation/Files/CourseProject) by extension 'colcon_pkg'
[0.511s] Level 1:colcon.colcon_core.package_identification:_identify(Documentation/Files/CourseProject) by extensions ['colcon_meta']
[0.511s] Level 1:colcon.colcon_core.package_identification:_identify(Documentation/Files/CourseProject) by extension 'colcon_meta'
[0.511s] Level 1:colcon.colcon_core.package_identification:_identify(Documentation/Files/CourseProject) by extensions ['ros']
[0.511s] Level 1:colcon.colcon_core.package_identification:_identify(Documentation/Files/CourseProject) by extension 'ros'
[0.511s] Level 1:colcon.colcon_core.package_identification:_identify(Documentation/Files/CourseProject) by extensions ['cmake', 'python']
[0.511s] Level 1:colcon.colcon_core.package_identification:_identify(Documentation/Files/CourseProject) by extension 'cmake'
[0.511s] Level 1:colcon.colcon_core.package_identification:_identify(Documentation/Files/CourseProject) by extension 'python'
[0.511s] Level 1:colcon.colcon_core.package_identification:_identify(Documentation/Files/CourseProject) by extensions ['python_setup_py']
[0.511s] Level 1:colcon.colcon_core.package_identification:_identify(Documentation/Files/CourseProject) by extension 'python_setup_py'
[0.511s] Level 1:colcon.colcon_core.package_identification:_identify(Documentation/Files/ROS2_robot_bringup) by extensions ['ignore', 'ignore_ament_install']
[0.511s] Level 1:colcon.colcon_core.package_identification:_identify(Documentation/Files/ROS2_robot_bringup) by extension 'ignore'
[0.511s] Level 1:colcon.colcon_core.package_identification:_identify(Documentation/Files/ROS2_robot_bringup) by extension 'ignore_ament_install'
[0.511s] Level 1:colcon.colcon_core.package_identification:_identify(Documentation/Files/ROS2_robot_bringup) by extensions ['colcon_pkg']
[0.511s] Level 1:colcon.colcon_core.package_identification:_identify(Documentation/Files/ROS2_robot_bringup) by extension 'colcon_pkg'
[0.511s] Level 1:colcon.colcon_core.package_identification:_identify(Documentation/Files/ROS2_robot_bringup) by extensions ['colcon_meta']
[0.511s] Level 1:colcon.colcon_core.package_identification:_identify(Documentation/Files/ROS2_robot_bringup) by extension 'colcon_meta'
[0.511s] Level 1:colcon.colcon_core.package_identification:_identify(Documentation/Files/ROS2_robot_bringup) by extensions ['ros']
[0.511s] Level 1:colcon.colcon_core.package_identification:_identify(Documentation/Files/ROS2_robot_bringup) by extension 'ros'
[0.512s] Level 1:colcon.colcon_core.package_identification:_identify(Documentation/Files/ROS2_robot_bringup) by extensions ['cmake', 'python']
[0.512s] Level 1:colcon.colcon_core.package_identification:_identify(Documentation/Files/ROS2_robot_bringup) by extension 'cmake'
[0.512s] Level 1:colcon.colcon_core.package_identification:_identify(Documentation/Files/ROS2_robot_bringup) by extension 'python'
[0.512s] Level 1:colcon.colcon_core.package_identification:_identify(Documentation/Files/ROS2_robot_bringup) by extensions ['python_setup_py']
[0.512s] Level 1:colcon.colcon_core.package_identification:_identify(Documentation/Files/ROS2_robot_bringup) by extension 'python_setup_py'
[0.512s] Level 1:colcon.colcon_core.package_identification:_identify(Documentation/Images) by extensions ['ignore', 'ignore_ament_install']
[0.512s] Level 1:colcon.colcon_core.package_identification:_identify(Documentation/Images) by extension 'ignore'
[0.512s] Level 1:colcon.colcon_core.package_identification:_identify(Documentation/Images) by extension 'ignore_ament_install'
[0.512s] Level 1:colcon.colcon_core.package_identification:_identify(Documentation/Images) by extensions ['colcon_pkg']
[0.512s] Level 1:colcon.colcon_core.package_identification:_identify(Documentation/Images) by extension 'colcon_pkg'
[0.512s] Level 1:colcon.colcon_core.package_identification:_identify(Documentation/Images) by extensions ['colcon_meta']
[0.512s] Level 1:colcon.colcon_core.package_identification:_identify(Documentation/Images) by extension 'colcon_meta'
[0.512s] Level 1:colcon.colcon_core.package_identification:_identify(Documentation/Images) by extensions ['ros']
[0.512s] Level 1:colcon.colcon_core.package_identification:_identify(Documentation/Images) by extension 'ros'
[0.512s] Level 1:colcon.colcon_core.package_identification:_identify(Documentation/Images) by extensions ['cmake', 'python']
[0.512s] Level 1:colcon.colcon_core.package_identification:_identify(Documentation/Images) by extension 'cmake'
[0.512s] Level 1:colcon.colcon_core.package_identification:_identify(Documentation/Images) by extension 'python'
[0.513s] Level 1:colcon.colcon_core.package_identification:_identify(Documentation/Images) by extensions ['python_setup_py']
[0.513s] Level 1:colcon.colcon_core.package_identification:_identify(Documentation/Images) by extension 'python_setup_py'
[0.513s] Level 1:colcon.colcon_core.package_identification:_identify(Documentation/Images/02_rubot_model) by extensions ['ignore', 'ignore_ament_install']
[0.513s] Level 1:colcon.colcon_core.package_identification:_identify(Documentation/Images/02_rubot_model) by extension 'ignore'
[0.513s] Level 1:colcon.colcon_core.package_identification:_identify(Documentation/Images/02_rubot_model) by extension 'ignore_ament_install'
[0.513s] Level 1:colcon.colcon_core.package_identification:_identify(Documentation/Images/02_rubot_model) by extensions ['colcon_pkg']
[0.513s] Level 1:colcon.colcon_core.package_identification:_identify(Documentation/Images/02_rubot_model) by extension 'colcon_pkg'
[0.513s] Level 1:colcon.colcon_core.package_identification:_identify(Documentation/Images/02_rubot_model) by extensions ['colcon_meta']
[0.513s] Level 1:colcon.colcon_core.package_identification:_identify(Documentation/Images/02_rubot_model) by extension 'colcon_meta'
[0.513s] Level 1:colcon.colcon_core.package_identification:_identify(Documentation/Images/02_rubot_model) by extensions ['ros']
[0.513s] Level 1:colcon.colcon_core.package_identification:_identify(Documentation/Images/02_rubot_model) by extension 'ros'
[0.513s] Level 1:colcon.colcon_core.package_identification:_identify(Documentation/Images/02_rubot_model) by extensions ['cmake', 'python']
[0.513s] Level 1:colcon.colcon_core.package_identification:_identify(Documentation/Images/02_rubot_model) by extension 'cmake'
[0.513s] Level 1:colcon.colcon_core.package_identification:_identify(Documentation/Images/02_rubot_model) by extension 'python'
[0.513s] Level 1:colcon.colcon_core.package_identification:_identify(Documentation/Images/02_rubot_model) by extensions ['python_setup_py']
[0.513s] Level 1:colcon.colcon_core.package_identification:_identify(Documentation/Images/02_rubot_model) by extension 'python_setup_py'
[0.514s] Level 1:colcon.colcon_core.package_identification:_identify(build) by extensions ['ignore', 'ignore_ament_install']
[0.514s] Level 1:colcon.colcon_core.package_identification:_identify(build) by extension 'ignore'
[0.514s] Level 1:colcon.colcon_core.package_identification:_identify(build) ignored
[0.514s] Level 1:colcon.colcon_core.package_identification:_identify(install) by extensions ['ignore', 'ignore_ament_install']
[0.514s] Level 1:colcon.colcon_core.package_identification:_identify(install) by extension 'ignore'
[0.514s] Level 1:colcon.colcon_core.package_identification:_identify(install) ignored
[0.514s] Level 1:colcon.colcon_core.package_identification:_identify(log) by extensions ['ignore', 'ignore_ament_install']
[0.514s] Level 1:colcon.colcon_core.package_identification:_identify(log) by extension 'ignore'
[0.514s] Level 1:colcon.colcon_core.package_identification:_identify(log) ignored
[0.514s] Level 1:colcon.colcon_core.package_identification:_identify(src) by extensions ['ignore', 'ignore_ament_install']
[0.514s] Level 1:colcon.colcon_core.package_identification:_identify(src) by extension 'ignore'
[0.514s] Level 1:colcon.colcon_core.package_identification:_identify(src) by extension 'ignore_ament_install'
[0.515s] Level 1:colcon.colcon_core.package_identification:_identify(src) by extensions ['colcon_pkg']
[0.515s] Level 1:colcon.colcon_core.package_identification:_identify(src) by extension 'colcon_pkg'
[0.515s] Level 1:colcon.colcon_core.package_identification:_identify(src) by extensions ['colcon_meta']
[0.515s] Level 1:colcon.colcon_core.package_identification:_identify(src) by extension 'colcon_meta'
[0.515s] Level 1:colcon.colcon_core.package_identification:_identify(src) by extensions ['ros']
[0.515s] Level 1:colcon.colcon_core.package_identification:_identify(src) by extension 'ros'
[0.515s] Level 1:colcon.colcon_core.package_identification:_identify(src) by extensions ['cmake', 'python']
[0.515s] Level 1:colcon.colcon_core.package_identification:_identify(src) by extension 'cmake'
[0.515s] Level 1:colcon.colcon_core.package_identification:_identify(src) by extension 'python'
[0.515s] Level 1:colcon.colcon_core.package_identification:_identify(src) by extensions ['python_setup_py']
[0.515s] Level 1:colcon.colcon_core.package_identification:_identify(src) by extension 'python_setup_py'
[0.515s] Level 1:colcon.colcon_core.package_identification:_identify(src/gz_mecanum_control) by extensions ['ignore', 'ignore_ament_install']
[0.515s] Level 1:colcon.colcon_core.package_identification:_identify(src/gz_mecanum_control) by extension 'ignore'
[0.515s] Level 1:colcon.colcon_core.package_identification:_identify(src/gz_mecanum_control) by extension 'ignore_ament_install'
[0.515s] Level 1:colcon.colcon_core.package_identification:_identify(src/gz_mecanum_control) by extensions ['colcon_pkg']
[0.515s] Level 1:colcon.colcon_core.package_identification:_identify(src/gz_mecanum_control) by extension 'colcon_pkg'
[0.515s] Level 1:colcon.colcon_core.package_identification:_identify(src/gz_mecanum_control) by extensions ['colcon_meta']
[0.515s] Level 1:colcon.colcon_core.package_identification:_identify(src/gz_mecanum_control) by extension 'colcon_meta'
[0.516s] Level 1:colcon.colcon_core.package_identification:_identify(src/gz_mecanum_control) by extensions ['ros']
[0.516s] Level 1:colcon.colcon_core.package_identification:_identify(src/gz_mecanum_control) by extension 'ros'
[0.529s] DEBUG:colcon.colcon_core.package_identification:Package 'src/gz_mecanum_control' with type 'ros.ament_cmake' and name 'gz_mecanum_control'
[0.529s] Level 1:colcon.colcon_core.package_identification:_identify(src/my_robot_bringup) by extensions ['ignore', 'ignore_ament_install']
[0.529s] Level 1:colcon.colcon_core.package_identification:_identify(src/my_robot_bringup) by extension 'ignore'
[0.529s] Level 1:colcon.colcon_core.package_identification:_identify(src/my_robot_bringup) by extension 'ignore_ament_install'
[0.530s] Level 1:colcon.colcon_core.package_identification:_identify(src/my_robot_bringup) by extensions ['colcon_pkg']
[0.530s] Level 1:colcon.colcon_core.package_identification:_identify(src/my_robot_bringup) by extension 'colcon_pkg'
[0.530s] Level 1:colcon.colcon_core.package_identification:_identify(src/my_robot_bringup) by extensions ['colcon_meta']
[0.530s] Level 1:colcon.colcon_core.package_identification:_identify(src/my_robot_bringup) by extension 'colcon_meta'
[0.530s] Level 1:colcon.colcon_core.package_identification:_identify(src/my_robot_bringup) by extensions ['ros']
[0.530s] Level 1:colcon.colcon_core.package_identification:_identify(src/my_robot_bringup) by extension 'ros'
[0.530s] DEBUG:colcon.colcon_core.package_identification:Package 'src/my_robot_bringup' with type 'ros.ament_cmake' and name 'my_robot_bringup'
[0.530s] Level 1:colcon.colcon_core.package_identification:_identify(src/my_robot_control) by extensions ['ignore', 'ignore_ament_install']
[0.531s] Level 1:colcon.colcon_core.package_identification:_identify(src/my_robot_control) by extension 'ignore'
[0.531s] Level 1:colcon.colcon_core.package_identification:_identify(src/my_robot_control) by extension 'ignore_ament_install'
[0.531s] Level 1:colcon.colcon_core.package_identification:_identify(src/my_robot_control) by extensions ['colcon_pkg']
[0.531s] Level 1:colcon.colcon_core.package_identification:_identify(src/my_robot_control) by extension 'colcon_pkg'
[0.531s] Level 1:colcon.colcon_core.package_identification:_identify(src/my_robot_control) by extensions ['colcon_meta']
[0.531s] Level 1:colcon.colcon_core.package_identification:_identify(src/my_robot_control) by extension 'colcon_meta'
[0.531s] Level 1:colcon.colcon_core.package_identification:_identify(src/my_robot_control) by extensions ['ros']
[0.531s] Level 1:colcon.colcon_core.package_identification:_identify(src/my_robot_control) by extension 'ros'
[0.532s] DEBUG:colcon.colcon_core.package_identification:Package 'src/my_robot_control' with type 'ros.ament_python' and name 'my_robot_control'
[0.532s] Level 1:colcon.colcon_core.package_identification:_identify(src/my_robot_description) by extensions ['ignore', 'ignore_ament_install']
[0.532s] Level 1:colcon.colcon_core.package_identification:_identify(src/my_robot_description) by extension 'ignore'
[0.532s] Level 1:colcon.colcon_core.package_identification:_identify(src/my_robot_description) by extension 'ignore_ament_install'
[0.532s] Level 1:colcon.colcon_core.package_identification:_identify(src/my_robot_description) by extensions ['colcon_pkg']
[0.532s] Level 1:colcon.colcon_core.package_identification:_identify(src/my_robot_description) by extension 'colcon_pkg'
[0.532s] Level 1:colcon.colcon_core.package_identification:_identify(src/my_robot_description) by extensions ['colcon_meta']
[0.532s] Level 1:colcon.colcon_core.package_identification:_identify(src/my_robot_description) by extension 'colcon_meta'
[0.532s] Level 1:colcon.colcon_core.package_identification:_identify(src/my_robot_description) by extensions ['ros']
[0.532s] Level 1:colcon.colcon_core.package_identification:_identify(src/my_robot_description) by extension 'ros'
[0.533s] DEBUG:colcon.colcon_core.package_identification:Package 'src/my_robot_description' with type 'ros.ament_cmake' and name 'my_robot_description'
[0.533s] Level 1:colcon.colcon_core.package_discovery:discover_packages(recursive) using defaults
[0.533s] Level 1:colcon.colcon_core.package_discovery:discover_packages(ignore) discover
[0.533s] Level 1:colcon.colcon_core.package_discovery:discover_packages(ignore) using defaults
[0.533s] Level 1:colcon.colcon_core.package_discovery:discover_packages(path) discover
[0.533s] Level 1:colcon.colcon_core.package_discovery:discover_packages(path) using defaults
[0.579s] Level 5:colcon.colcon_core.verb:set package 'gz_mecanum_control' build argument 'cmake_args' from command line to 'None'
[0.579s] Level 5:colcon.colcon_core.verb:set package 'gz_mecanum_control' build argument 'cmake_target' from command line to 'None'
[0.579s] Level 5:colcon.colcon_core.verb:set package 'gz_mecanum_control' build argument 'cmake_target_skip_unavailable' from command line to 'False'
[0.579s] Level 5:colcon.colcon_core.verb:set package 'gz_mecanum_control' build argument 'cmake_clean_cache' from command line to 'False'
[0.579s] Level 5:colcon.colcon_core.verb:set package 'gz_mecanum_control' build argument 'cmake_clean_first' from command line to 'False'
[0.579s] Level 5:colcon.colcon_core.verb:set package 'gz_mecanum_control' build argument 'cmake_force_configure' from command line to 'False'
[0.579s] Level 5:colcon.colcon_core.verb:set package 'gz_mecanum_control' build argument 'ament_cmake_args' from command line to 'None'
[0.579s] Level 5:colcon.colcon_core.verb:set package 'gz_mecanum_control' build argument 'catkin_cmake_args' from command line to 'None'
[0.579s] Level 5:colcon.colcon_core.verb:set package 'gz_mecanum_control' build argument 'catkin_skip_building_tests' from command line to 'False'
[0.579s] DEBUG:colcon.colcon_core.verb:Building package 'gz_mecanum_control' with the following arguments: {'ament_cmake_args': None, 'build_base': '/home/ROS2_rUBot_mecanum_ws/build/gz_mecanum_control', 'catkin_cmake_args': None, 'catkin_skip_building_tests': False, 'cmake_args': None, 'cmake_clean_cache': False, 'cmake_clean_first': False, 'cmake_force_configure': False, 'cmake_target': None, 'cmake_target_skip_unavailable': False, 'install_base': '/home/ROS2_rUBot_mecanum_ws/install/gz_mecanum_control', 'merge_install': False, 'path': '/home/ROS2_rUBot_mecanum_ws/src/gz_mecanum_control', 'symlink_install': False, 'test_result_base': None}
[0.581s] Level 5:colcon.colcon_core.verb:set package 'my_robot_control' build argument 'cmake_args' from command line to 'None'
[0.581s] Level 5:colcon.colcon_core.verb:set package 'my_robot_control' build argument 'cmake_target' from command line to 'None'
[0.581s] Level 5:colcon.colcon_core.verb:set package 'my_robot_control' build argument 'cmake_target_skip_unavailable' from command line to 'False'
[0.581s] Level 5:colcon.colcon_core.verb:set package 'my_robot_control' build argument 'cmake_clean_cache' from command line to 'False'
[0.581s] Level 5:colcon.colcon_core.verb:set package 'my_robot_control' build argument 'cmake_clean_first' from command line to 'False'
[0.581s] Level 5:colcon.colcon_core.verb:set package 'my_robot_control' build argument 'cmake_force_configure' from command line to 'False'
[0.581s] Level 5:colcon.colcon_core.verb:set package 'my_robot_control' build argument 'ament_cmake_args' from command line to 'None'
[0.581s] Level 5:colcon.colcon_core.verb:set package 'my_robot_control' build argument 'catkin_cmake_args' from command line to 'None'
[0.581s] Level 5:colcon.colcon_core.verb:set package 'my_robot_control' build argument 'catkin_skip_building_tests' from command line to 'False'
[0.581s] DEBUG:colcon.colcon_core.verb:Building package 'my_robot_control' with the following arguments: {'ament_cmake_args': None, 'build_base': '/home/ROS2_rUBot_mecanum_ws/build/my_robot_control', 'catkin_cmake_args': None, 'catkin_skip_building_tests': False, 'cmake_args': None, 'cmake_clean_cache': False, 'cmake_clean_first': False, 'cmake_force_configure': False, 'cmake_target': None, 'cmake_target_skip_unavailable': False, 'install_base': '/home/ROS2_rUBot_mecanum_ws/install/my_robot_control', 'merge_install': False, 'path': '/home/ROS2_rUBot_mecanum_ws/src/my_robot_control', 'symlink_install': False, 'test_result_base': None}
[0.582s] Level 5:colcon.colcon_core.verb:set package 'my_robot_description' build argument 'cmake_args' from command line to 'None'
[0.582s] Level 5:colcon.colcon_core.verb:set package 'my_robot_description' build argument 'cmake_target' from command line to 'None'
[0.582s] Level 5:colcon.colcon_core.verb:set package 'my_robot_description' build argument 'cmake_target_skip_unavailable' from command line to 'False'
[0.582s] Level 5:colcon.colcon_core.verb:set package 'my_robot_description' build argument 'cmake_clean_cache' from command line to 'False'
[0.582s] Level 5:colcon.colcon_core.verb:set package 'my_robot_description' build argument 'cmake_clean_first' from command line to 'False'
[0.582s] Level 5:colcon.colcon_core.verb:set package 'my_robot_description' build argument 'cmake_force_configure' from command line to 'False'
[0.582s] Level 5:colcon.colcon_core.verb:set package 'my_robot_description' build argument 'ament_cmake_args' from command line to 'None'
[0.582s] Level 5:colcon.colcon_core.verb:set package 'my_robot_description' build argument 'catkin_cmake_args' from command line to 'None'
[0.582s] Level 5:colcon.colcon_core.verb:set package 'my_robot_description' build argument 'catkin_skip_building_tests' from command line to 'False'
[0.582s] DEBUG:colcon.colcon_core.verb:Building package 'my_robot_description' with the following arguments: {'ament_cmake_args': None, 'build_base': '/home/ROS2_rUBot_mecanum_ws/build/my_robot_description', 'catkin_cmake_args': None, 'catkin_skip_building_tests': False, 'cmake_args': None, 'cmake_clean_cache': False, 'cmake_clean_first': False, 'cmake_force_configure': False, 'cmake_target': None, 'cmake_target_skip_unavailable': False, 'install_base': '/home/ROS2_rUBot_mecanum_ws/install/my_robot_description', 'merge_install': False, 'path': '/home/ROS2_rUBot_mecanum_ws/src/my_robot_description', 'symlink_install': False, 'test_result_base': None}
[0.583s] Level 5:colcon.colcon_core.verb:set package 'my_robot_bringup' build argument 'cmake_args' from command line to 'None'
[0.583s] Level 5:colcon.colcon_core.verb:set package 'my_robot_bringup' build argument 'cmake_target' from command line to 'None'
[0.583s] Level 5:colcon.colcon_core.verb:set package 'my_robot_bringup' build argument 'cmake_target_skip_unavailable' from command line to 'False'
[0.583s] Level 5:colcon.colcon_core.verb:set package 'my_robot_bringup' build argument 'cmake_clean_cache' from command line to 'False'
[0.583s] Level 5:colcon.colcon_core.verb:set package 'my_robot_bringup' build argument 'cmake_clean_first' from command line to 'False'
[0.583s] Level 5:colcon.colcon_core.verb:set package 'my_robot_bringup' build argument 'cmake_force_configure' from command line to 'False'
[0.583s] Level 5:colcon.colcon_core.verb:set package 'my_robot_bringup' build argument 'ament_cmake_args' from command line to 'None'
[0.583s] Level 5:colcon.colcon_core.verb:set package 'my_robot_bringup' build argument 'catkin_cmake_args' from command line to 'None'
[0.583s] Level 5:colcon.colcon_core.verb:set package 'my_robot_bringup' build argument 'catkin_skip_building_tests' from command line to 'False'
[0.584s] DEBUG:colcon.colcon_core.verb:Building package 'my_robot_bringup' with the following arguments: {'ament_cmake_args': None, 'build_base': '/home/ROS2_rUBot_mecanum_ws/build/my_robot_bringup', 'catkin_cmake_args': None, 'catkin_skip_building_tests': False, 'cmake_args': None, 'cmake_clean_cache': False, 'cmake_clean_first': False, 'cmake_force_configure': False, 'cmake_target': None, 'cmake_target_skip_unavailable': False, 'install_base': '/home/ROS2_rUBot_mecanum_ws/install/my_robot_bringup', 'merge_install': False, 'path': '/home/ROS2_rUBot_mecanum_ws/src/my_robot_bringup', 'symlink_install': False, 'test_result_base': None}
[0.584s] INFO:colcon.colcon_core.executor:Executing jobs using 'parallel' executor
[0.626s] DEBUG:colcon.colcon_parallel_executor.executor.parallel:run_until_complete
[0.627s] INFO:colcon.colcon_ros.task.ament_cmake.build:Building ROS package in '/home/ROS2_rUBot_mecanum_ws/src/my_robot_description' with build type 'ament_cmake'
[0.627s] INFO:colcon.colcon_cmake.task.cmake.build:Building CMake package in '/home/ROS2_rUBot_mecanum_ws/src/my_robot_description'
[0.631s] INFO:colcon.colcon_core.plugin_system:Skipping extension 'colcon_core.shell.bat': Not used on non-Windows systems
[0.631s] INFO:colcon.colcon_core.shell:Skip shell extension 'powershell' for command environment: Not usable outside of PowerShell
[0.631s] DEBUG:colcon.colcon_core.shell:Skip shell extension 'dsv' for command environment
[0.646s] INFO:colcon.colcon_ros.task.ament_cmake.build:Building ROS package in '/home/ROS2_rUBot_mecanum_ws/src/gz_mecanum_control' with build type 'ament_cmake'
[0.646s] INFO:colcon.colcon_cmake.task.cmake.build:Building CMake package in '/home/ROS2_rUBot_mecanum_ws/src/gz_mecanum_control'
[0.647s] INFO:colcon.colcon_core.shell:Skip shell extension 'powershell' for command environment: Not usable outside of PowerShell
[0.648s] DEBUG:colcon.colcon_core.shell:Skip shell extension 'dsv' for command environment
[0.686s] INFO:colcon.colcon_ros.task.ament_python.build:Building ROS package in '/home/ROS2_rUBot_mecanum_ws/src/my_robot_control' with build type 'ament_python'
[0.686s] Level 1:colcon.colcon_core.shell:create_environment_hook('my_robot_control', 'ament_prefix_path')
[0.688s] INFO:colcon.colcon_core.shell:Creating environment hook '/home/ROS2_rUBot_mecanum_ws/install/my_robot_control/share/my_robot_control/hook/ament_prefix_path.ps1'
[0.688s] INFO:colcon.colcon_core.shell:Creating environment descriptor '/home/ROS2_rUBot_mecanum_ws/install/my_robot_control/share/my_robot_control/hook/ament_prefix_path.dsv'
[0.689s] INFO:colcon.colcon_core.shell:Creating environment hook '/home/ROS2_rUBot_mecanum_ws/install/my_robot_control/share/my_robot_control/hook/ament_prefix_path.sh'
[0.691s] INFO:colcon.colcon_core.shell:Skip shell extension 'powershell' for command environment: Not usable outside of PowerShell
[0.691s] DEBUG:colcon.colcon_core.shell:Skip shell extension 'dsv' for command environment
[0.757s] DEBUG:colcon.colcon_core.event_handler.log_command:Invoking command in '/home/ROS2_rUBot_mecanum_ws/build/my_robot_description': CMAKE_PREFIX_PATH=${CMAKE_PREFIX_PATH}:/home/ROS2_rUBot_tutorial_ws/install/ros2_tutorial:/opt/ros/humble /usr/bin/cmake --build /home/ROS2_rUBot_mecanum_ws/build/my_robot_description -- -j8 -l8
[0.787s] DEBUG:colcon.colcon_core.event_handler.log_command:Invoking command in '/home/ROS2_rUBot_mecanum_ws/build/gz_mecanum_control': CMAKE_PREFIX_PATH=${CMAKE_PREFIX_PATH}:/home/ROS2_rUBot_tutorial_ws/install/ros2_tutorial:/opt/ros/humble /usr/bin/cmake --build /home/ROS2_rUBot_mecanum_ws/build/gz_mecanum_control -- -j8 -l8
[1.396s] INFO:colcon.colcon_core.task.python.build:Building Python package in '/home/ROS2_rUBot_mecanum_ws/src/my_robot_control'
[1.398s] INFO:colcon.colcon_core.shell:Skip shell extension 'powershell' for command environment: Not usable outside of PowerShell
[1.398s] DEBUG:colcon.colcon_core.shell:Skip shell extension 'dsv' for command environment
[1.537s] DEBUG:colcon.colcon_core.event_handler.log_command:Invoked command in '/home/ROS2_rUBot_mecanum_ws/build/gz_mecanum_control' returned '0': CMAKE_PREFIX_PATH=${CMAKE_PREFIX_PATH}:/home/ROS2_rUBot_tutorial_ws/install/ros2_tutorial:/opt/ros/humble /usr/bin/cmake --build /home/ROS2_rUBot_mecanum_ws/build/gz_mecanum_control -- -j8 -l8
[1.556s] DEBUG:colcon.colcon_core.event_handler.log_command:Invoked command in '/home/ROS2_rUBot_mecanum_ws/build/my_robot_description' returned '0': CMAKE_PREFIX_PATH=${CMAKE_PREFIX_PATH}:/home/ROS2_rUBot_tutorial_ws/install/ros2_tutorial:/opt/ros/humble /usr/bin/cmake --build /home/ROS2_rUBot_mecanum_ws/build/my_robot_description -- -j8 -l8
[1.776s] DEBUG:colcon.colcon_core.event_handler.log_command:Invoking command in '/home/ROS2_rUBot_mecanum_ws/build/my_robot_description': CMAKE_PREFIX_PATH=${CMAKE_PREFIX_PATH}:/home/ROS2_rUBot_tutorial_ws/install/ros2_tutorial:/opt/ros/humble /usr/bin/cmake --install /home/ROS2_rUBot_mecanum_ws/build/my_robot_description
[1.832s] DEBUG:colcon.colcon_core.event_handler.log_command:Invoking command in '/home/ROS2_rUBot_mecanum_ws/build/gz_mecanum_control': CMAKE_PREFIX_PATH=${CMAKE_PREFIX_PATH}:/home/ROS2_rUBot_tutorial_ws/install/ros2_tutorial:/opt/ros/humble /usr/bin/cmake --install /home/ROS2_rUBot_mecanum_ws/build/gz_mecanum_control
[1.843s] Level 1:colcon.colcon_core.environment:create_environment_scripts_only(my_robot_description)
[1.843s] DEBUG:colcon.colcon_core.event_handler.log_command:Invoked command in '/home/ROS2_rUBot_mecanum_ws/build/my_robot_description' returned '0': CMAKE_PREFIX_PATH=${CMAKE_PREFIX_PATH}:/home/ROS2_rUBot_tutorial_ws/install/ros2_tutorial:/opt/ros/humble /usr/bin/cmake --install /home/ROS2_rUBot_mecanum_ws/build/my_robot_description
[1.850s] Level 1:colcon.colcon_core.environment:checking '/home/ROS2_rUBot_mecanum_ws/install/my_robot_description' for CMake module files
[1.851s] Level 1:colcon.colcon_core.environment:checking '/home/ROS2_rUBot_mecanum_ws/install/my_robot_description' for CMake config files
[1.851s] Level 1:colcon.colcon_core.shell:create_environment_hook('my_robot_description', 'cmake_prefix_path')
[1.852s] INFO:colcon.colcon_core.shell:Creating environment hook '/home/ROS2_rUBot_mecanum_ws/install/my_robot_description/share/my_robot_description/hook/cmake_prefix_path.ps1'
[1.853s] INFO:colcon.colcon_core.shell:Creating environment descriptor '/home/ROS2_rUBot_mecanum_ws/install/my_robot_description/share/my_robot_description/hook/cmake_prefix_path.dsv'
[1.853s] INFO:colcon.colcon_core.shell:Creating environment hook '/home/ROS2_rUBot_mecanum_ws/install/my_robot_description/share/my_robot_description/hook/cmake_prefix_path.sh'
[1.854s] Level 1:colcon.colcon_core.environment:checking '/home/ROS2_rUBot_mecanum_ws/install/my_robot_description/bin'
[1.854s] Level 1:colcon.colcon_core.environment:checking '/home/ROS2_rUBot_mecanum_ws/install/my_robot_description/lib/pkgconfig/my_robot_description.pc'
[1.854s] Level 1:colcon.colcon_core.environment:checking '/home/ROS2_rUBot_mecanum_ws/install/my_robot_description/lib/python3.10/site-packages'
[1.855s] Level 1:colcon.colcon_core.environment:checking '/home/ROS2_rUBot_mecanum_ws/install/my_robot_description/bin'
[1.856s] INFO:colcon.colcon_core.shell:Creating package script '/home/ROS2_rUBot_mecanum_ws/install/my_robot_description/share/my_robot_description/package.ps1'
[1.857s] INFO:colcon.colcon_core.shell:Creating package descriptor '/home/ROS2_rUBot_mecanum_ws/install/my_robot_description/share/my_robot_description/package.dsv'
[1.857s] INFO:colcon.colcon_core.shell:Creating package script '/home/ROS2_rUBot_mecanum_ws/install/my_robot_description/share/my_robot_description/package.sh'
[1.858s] INFO:colcon.colcon_core.shell:Creating package script '/home/ROS2_rUBot_mecanum_ws/install/my_robot_description/share/my_robot_description/package.bash'
[1.859s] INFO:colcon.colcon_core.shell:Creating package script '/home/ROS2_rUBot_mecanum_ws/install/my_robot_description/share/my_robot_description/package.zsh'
[1.860s] Level 1:colcon.colcon_core.environment:create_file_with_runtime_dependencies(/home/ROS2_rUBot_mecanum_ws/install/my_robot_description/share/colcon-core/packages/my_robot_description)
[1.899s] Level 1:colcon.colcon_core.environment:create_environment_scripts_only(gz_mecanum_control)
[1.905s] Level 1:colcon.colcon_core.environment:checking '/home/ROS2_rUBot_mecanum_ws/install/gz_mecanum_control' for CMake module files
[1.905s] Level 1:colcon.colcon_core.environment:checking '/home/ROS2_rUBot_mecanum_ws/install/gz_mecanum_control' for CMake config files
[1.906s] Level 1:colcon.colcon_core.shell:create_environment_hook('gz_mecanum_control', 'cmake_prefix_path')
[1.907s] INFO:colcon.colcon_core.shell:Creating environment hook '/home/ROS2_rUBot_mecanum_ws/install/gz_mecanum_control/share/gz_mecanum_control/hook/cmake_prefix_path.ps1'
[1.907s] DEBUG:colcon.colcon_core.event_handler.log_command:Invoked command in '/home/ROS2_rUBot_mecanum_ws/build/gz_mecanum_control' returned '0': CMAKE_PREFIX_PATH=${CMAKE_PREFIX_PATH}:/home/ROS2_rUBot_tutorial_ws/install/ros2_tutorial:/opt/ros/humble /usr/bin/cmake --install /home/ROS2_rUBot_mecanum_ws/build/gz_mecanum_control
[1.908s] INFO:colcon.colcon_core.shell:Creating environment descriptor '/home/ROS2_rUBot_mecanum_ws/install/gz_mecanum_control/share/gz_mecanum_control/hook/cmake_prefix_path.dsv'
[1.908s] INFO:colcon.colcon_core.shell:Creating environment hook '/home/ROS2_rUBot_mecanum_ws/install/gz_mecanum_control/share/gz_mecanum_control/hook/cmake_prefix_path.sh'
[1.909s] Level 1:colcon.colcon_core.environment:checking '/home/ROS2_rUBot_mecanum_ws/install/gz_mecanum_control/lib'
[1.909s] Level 1:colcon.colcon_core.shell:create_environment_hook('gz_mecanum_control', 'ld_library_path_lib')
[1.910s] INFO:colcon.colcon_core.shell:Creating environment hook '/home/ROS2_rUBot_mecanum_ws/install/gz_mecanum_control/share/gz_mecanum_control/hook/ld_library_path_lib.ps1'
[1.911s] INFO:colcon.colcon_core.shell:Creating environment descriptor '/home/ROS2_rUBot_mecanum_ws/install/gz_mecanum_control/share/gz_mecanum_control/hook/ld_library_path_lib.dsv'
[1.911s] INFO:colcon.colcon_core.shell:Creating environment hook '/home/ROS2_rUBot_mecanum_ws/install/gz_mecanum_control/share/gz_mecanum_control/hook/ld_library_path_lib.sh'
[1.911s] Level 1:colcon.colcon_core.environment:checking '/home/ROS2_rUBot_mecanum_ws/install/gz_mecanum_control/bin'
[1.911s] Level 1:colcon.colcon_core.environment:checking '/home/ROS2_rUBot_mecanum_ws/install/gz_mecanum_control/lib/pkgconfig/gz_mecanum_control.pc'
[1.912s] Level 1:colcon.colcon_core.environment:checking '/home/ROS2_rUBot_mecanum_ws/install/gz_mecanum_control/lib/python3.10/site-packages'
[1.912s] Level 1:colcon.colcon_core.environment:checking '/home/ROS2_rUBot_mecanum_ws/install/gz_mecanum_control/bin'
[1.915s] INFO:colcon.colcon_core.shell:Creating package script '/home/ROS2_rUBot_mecanum_ws/install/gz_mecanum_control/share/gz_mecanum_control/package.ps1'
[1.915s] INFO:colcon.colcon_core.shell:Creating package descriptor '/home/ROS2_rUBot_mecanum_ws/install/gz_mecanum_control/share/gz_mecanum_control/package.dsv'
[1.916s] INFO:colcon.colcon_core.shell:Creating package script '/home/ROS2_rUBot_mecanum_ws/install/gz_mecanum_control/share/gz_mecanum_control/package.sh'
[1.917s] INFO:colcon.colcon_core.shell:Creating package script '/home/ROS2_rUBot_mecanum_ws/install/gz_mecanum_control/share/gz_mecanum_control/package.bash'
[1.918s] INFO:colcon.colcon_core.shell:Creating package script '/home/ROS2_rUBot_mecanum_ws/install/gz_mecanum_control/share/gz_mecanum_control/package.zsh'
[1.918s] Level 1:colcon.colcon_core.environment:create_file_with_runtime_dependencies(/home/ROS2_rUBot_mecanum_ws/install/gz_mecanum_control/share/colcon-core/packages/gz_mecanum_control)
[2.097s] Level 1:colcon.colcon_core.environment:create_environment_scripts_only(my_robot_description)
[2.099s] Level 1:colcon.colcon_core.environment:checking '/home/ROS2_rUBot_mecanum_ws/install/my_robot_description' for CMake module files
[2.099s] Level 1:colcon.colcon_core.environment:checking '/home/ROS2_rUBot_mecanum_ws/install/my_robot_description' for CMake config files
[2.100s] Level 1:colcon.colcon_core.shell:create_environment_hook('my_robot_description', 'cmake_prefix_path')
[2.101s] INFO:colcon.colcon_core.shell:Creating environment hook '/home/ROS2_rUBot_mecanum_ws/install/my_robot_description/share/my_robot_description/hook/cmake_prefix_path.ps1'
[2.102s] INFO:colcon.colcon_core.shell:Creating environment descriptor '/home/ROS2_rUBot_mecanum_ws/install/my_robot_description/share/my_robot_description/hook/cmake_prefix_path.dsv'
[2.102s] INFO:colcon.colcon_core.shell:Creating environment hook '/home/ROS2_rUBot_mecanum_ws/install/my_robot_description/share/my_robot_description/hook/cmake_prefix_path.sh'
[2.102s] Level 1:colcon.colcon_core.environment:checking '/home/ROS2_rUBot_mecanum_ws/install/my_robot_description/bin'
[2.103s] Level 1:colcon.colcon_core.environment:checking '/home/ROS2_rUBot_mecanum_ws/install/my_robot_description/lib/pkgconfig/my_robot_description.pc'
[2.103s] Level 1:colcon.colcon_core.environment:checking '/home/ROS2_rUBot_mecanum_ws/install/my_robot_description/lib/python3.10/site-packages'
[2.103s] Level 1:colcon.colcon_core.environment:checking '/home/ROS2_rUBot_mecanum_ws/install/my_robot_description/bin'
[2.116s] INFO:colcon.colcon_core.shell:Creating package script '/home/ROS2_rUBot_mecanum_ws/install/my_robot_description/share/my_robot_description/package.ps1'
[2.117s] INFO:colcon.colcon_core.shell:Creating package descriptor '/home/ROS2_rUBot_mecanum_ws/install/my_robot_description/share/my_robot_description/package.dsv'
[2.117s] INFO:colcon.colcon_core.shell:Creating package script '/home/ROS2_rUBot_mecanum_ws/install/my_robot_description/share/my_robot_description/package.sh'
[2.118s] INFO:colcon.colcon_core.shell:Creating package script '/home/ROS2_rUBot_mecanum_ws/install/my_robot_description/share/my_robot_description/package.bash'
[2.118s] INFO:colcon.colcon_core.shell:Creating package script '/home/ROS2_rUBot_mecanum_ws/install/my_robot_description/share/my_robot_description/package.zsh'
[2.119s] Level 1:colcon.colcon_core.environment:create_file_with_runtime_dependencies(/home/ROS2_rUBot_mecanum_ws/install/my_robot_description/share/colcon-core/packages/my_robot_description)
[2.119s] INFO:colcon.colcon_ros.task.ament_cmake.build:Building ROS package in '/home/ROS2_rUBot_mecanum_ws/src/my_robot_bringup' with build type 'ament_cmake'
[2.120s] INFO:colcon.colcon_cmake.task.cmake.build:Building CMake package in '/home/ROS2_rUBot_mecanum_ws/src/my_robot_bringup'
[2.122s] INFO:colcon.colcon_core.shell:Skip shell extension 'powershell' for command environment: Not usable outside of PowerShell
[2.126s] DEBUG:colcon.colcon_core.shell:Skip shell extension 'dsv' for command environment
[2.207s] DEBUG:colcon.colcon_core.event_handler.log_command:Invoking command in '/home/ROS2_rUBot_mecanum_ws/build/my_robot_bringup': CMAKE_PREFIX_PATH=/home/ROS2_rUBot_mecanum_ws/install/my_robot_description:/home/ROS2_rUBot_mecanum_ws/install/my_robot_bringup:/home/ROS2_rUBot_mecanum_ws/install/gz_rosa_control:/home/ROS2_rUBot_mecanum_ws/install/gz_mecanum_control:/home/ROS2_rUBot_tutorial_ws/install/robot_bringup:/home/ROS2_rUBot_tutorial_ws/install/robot_description:/home/ROS2_rUBot_tutorial_ws/install/ros2_tutorial:/opt/ros/humble /usr/bin/cmake --build /home/ROS2_rUBot_mecanum_ws/build/my_robot_bringup -- -j8 -l8
[2.232s] Level 1:colcon.colcon_core.environment:create_environment_scripts_only(gz_mecanum_control)
[2.234s] Level 1:colcon.colcon_core.environment:checking '/home/ROS2_rUBot_mecanum_ws/install/gz_mecanum_control' for CMake module files
[2.235s] Level 1:colcon.colcon_core.environment:checking '/home/ROS2_rUBot_mecanum_ws/install/gz_mecanum_control' for CMake config files
[2.235s] Level 1:colcon.colcon_core.shell:create_environment_hook('gz_mecanum_control', 'cmake_prefix_path')
[2.236s] INFO:colcon.colcon_core.shell:Creating environment hook '/home/ROS2_rUBot_mecanum_ws/install/gz_mecanum_control/share/gz_mecanum_control/hook/cmake_prefix_path.ps1'
[2.237s] INFO:colcon.colcon_core.shell:Creating environment descriptor '/home/ROS2_rUBot_mecanum_ws/install/gz_mecanum_control/share/gz_mecanum_control/hook/cmake_prefix_path.dsv'
[2.237s] INFO:colcon.colcon_core.shell:Creating environment hook '/home/ROS2_rUBot_mecanum_ws/install/gz_mecanum_control/share/gz_mecanum_control/hook/cmake_prefix_path.sh'
[2.238s] Level 1:colcon.colcon_core.environment:checking '/home/ROS2_rUBot_mecanum_ws/install/gz_mecanum_control/lib'
[2.238s] Level 1:colcon.colcon_core.shell:create_environment_hook('gz_mecanum_control', 'ld_library_path_lib')
[2.239s] INFO:colcon.colcon_core.shell:Creating environment hook '/home/ROS2_rUBot_mecanum_ws/install/gz_mecanum_control/share/gz_mecanum_control/hook/ld_library_path_lib.ps1'
[2.239s] INFO:colcon.colcon_core.shell:Creating environment descriptor '/home/ROS2_rUBot_mecanum_ws/install/gz_mecanum_control/share/gz_mecanum_control/hook/ld_library_path_lib.dsv'
[2.240s] INFO:colcon.colcon_core.shell:Creating environment hook '/home/ROS2_rUBot_mecanum_ws/install/gz_mecanum_control/share/gz_mecanum_control/hook/ld_library_path_lib.sh'
[2.240s] Level 1:colcon.colcon_core.environment:checking '/home/ROS2_rUBot_mecanum_ws/install/gz_mecanum_control/bin'
[2.240s] Level 1:colcon.colcon_core.environment:checking '/home/ROS2_rUBot_mecanum_ws/install/gz_mecanum_control/lib/pkgconfig/gz_mecanum_control.pc'
[2.241s] Level 1:colcon.colcon_core.environment:checking '/home/ROS2_rUBot_mecanum_ws/install/gz_mecanum_control/lib/python3.10/site-packages'
[2.241s] Level 1:colcon.colcon_core.environment:checking '/home/ROS2_rUBot_mecanum_ws/install/gz_mecanum_control/bin'
[2.242s] INFO:colcon.colcon_core.shell:Creating package script '/home/ROS2_rUBot_mecanum_ws/install/gz_mecanum_control/share/gz_mecanum_control/package.ps1'
[2.243s] INFO:colcon.colcon_core.shell:Creating package descriptor '/home/ROS2_rUBot_mecanum_ws/install/gz_mecanum_control/share/gz_mecanum_control/package.dsv'
[2.244s] INFO:colcon.colcon_core.shell:Creating package script '/home/ROS2_rUBot_mecanum_ws/install/gz_mecanum_control/share/gz_mecanum_control/package.sh'
[2.244s] INFO:colcon.colcon_core.shell:Creating package script '/home/ROS2_rUBot_mecanum_ws/install/gz_mecanum_control/share/gz_mecanum_control/package.bash'
[2.245s] INFO:colcon.colcon_core.shell:Creating package script '/home/ROS2_rUBot_mecanum_ws/install/gz_mecanum_control/share/gz_mecanum_control/package.zsh'
[2.245s] Level 1:colcon.colcon_core.environment:create_file_with_runtime_dependencies(/home/ROS2_rUBot_mecanum_ws/install/gz_mecanum_control/share/colcon-core/packages/gz_mecanum_control)
[2.315s] DEBUG:colcon.colcon_core.event_handler.log_command:Invoked command in '/home/ROS2_rUBot_mecanum_ws/build/my_robot_bringup' returned '0': CMAKE_PREFIX_PATH=/home/ROS2_rUBot_mecanum_ws/install/my_robot_description:/home/ROS2_rUBot_mecanum_ws/install/my_robot_bringup:/home/ROS2_rUBot_mecanum_ws/install/gz_rosa_control:/home/ROS2_rUBot_mecanum_ws/install/gz_mecanum_control:/home/ROS2_rUBot_tutorial_ws/install/robot_bringup:/home/ROS2_rUBot_tutorial_ws/install/robot_description:/home/ROS2_rUBot_tutorial_ws/install/ros2_tutorial:/opt/ros/humble /usr/bin/cmake --build /home/ROS2_rUBot_mecanum_ws/build/my_robot_bringup -- -j8 -l8
[2.343s] DEBUG:colcon.colcon_core.event_handler.log_command:Invoking command in '/home/ROS2_rUBot_mecanum_ws/build/my_robot_bringup': CMAKE_PREFIX_PATH=/home/ROS2_rUBot_mecanum_ws/install/my_robot_description:/home/ROS2_rUBot_mecanum_ws/install/my_robot_bringup:/home/ROS2_rUBot_mecanum_ws/install/gz_rosa_control:/home/ROS2_rUBot_mecanum_ws/install/gz_mecanum_control:/home/ROS2_rUBot_tutorial_ws/install/robot_bringup:/home/ROS2_rUBot_tutorial_ws/install/robot_description:/home/ROS2_rUBot_tutorial_ws/install/ros2_tutorial:/opt/ros/humble /usr/bin/cmake --install /home/ROS2_rUBot_mecanum_ws/build/my_robot_bringup
[2.395s] Level 1:colcon.colcon_core.environment:create_environment_scripts_only(my_robot_bringup)
[2.397s] Level 1:colcon.colcon_core.environment:checking '/home/ROS2_rUBot_mecanum_ws/install/my_robot_bringup' for CMake module files
[2.398s] Level 1:colcon.colcon_core.environment:checking '/home/ROS2_rUBot_mecanum_ws/install/my_robot_bringup' for CMake config files
[2.398s] Level 1:colcon.colcon_core.shell:create_environment_hook('my_robot_bringup', 'cmake_prefix_path')
[2.399s] INFO:colcon.colcon_core.shell:Creating environment hook '/home/ROS2_rUBot_mecanum_ws/install/my_robot_bringup/share/my_robot_bringup/hook/cmake_prefix_path.ps1'
[2.400s] INFO:colcon.colcon_core.shell:Creating environment descriptor '/home/ROS2_rUBot_mecanum_ws/install/my_robot_bringup/share/my_robot_bringup/hook/cmake_prefix_path.dsv'
[2.400s] INFO:colcon.colcon_core.shell:Creating environment hook '/home/ROS2_rUBot_mecanum_ws/install/my_robot_bringup/share/my_robot_bringup/hook/cmake_prefix_path.sh'
[2.401s] Level 1:colcon.colcon_core.environment:checking '/home/ROS2_rUBot_mecanum_ws/install/my_robot_bringup/bin'
[2.401s] Level 1:colcon.colcon_core.environment:checking '/home/ROS2_rUBot_mecanum_ws/install/my_robot_bringup/lib/pkgconfig/my_robot_bringup.pc'
[2.401s] Level 1:colcon.colcon_core.environment:checking '/home/ROS2_rUBot_mecanum_ws/install/my_robot_bringup/lib/python3.10/site-packages'
[2.401s] Level 1:colcon.colcon_core.environment:checking '/home/ROS2_rUBot_mecanum_ws/install/my_robot_bringup/bin'
[2.403s] INFO:colcon.colcon_core.shell:Creating package script '/home/ROS2_rUBot_mecanum_ws/install/my_robot_bringup/share/my_robot_bringup/package.ps1'
[2.403s] INFO:colcon.colcon_core.shell:Creating package descriptor '/home/ROS2_rUBot_mecanum_ws/install/my_robot_bringup/share/my_robot_bringup/package.dsv'
[2.403s] INFO:colcon.colcon_core.shell:Creating package script '/home/ROS2_rUBot_mecanum_ws/install/my_robot_bringup/share/my_robot_bringup/package.sh'
[2.404s] INFO:colcon.colcon_core.shell:Creating package script '/home/ROS2_rUBot_mecanum_ws/install/my_robot_bringup/share/my_robot_bringup/package.bash'
[2.404s] INFO:colcon.colcon_core.shell:Creating package script '/home/ROS2_rUBot_mecanum_ws/install/my_robot_bringup/share/my_robot_bringup/package.zsh'
[2.404s] Level 1:colcon.colcon_core.environment:create_file_with_runtime_dependencies(/home/ROS2_rUBot_mecanum_ws/install/my_robot_bringup/share/colcon-core/packages/my_robot_bringup)
[2.417s] DEBUG:colcon.colcon_core.event_handler.log_command:Invoked command in '/home/ROS2_rUBot_mecanum_ws/build/my_robot_bringup' returned '0': CMAKE_PREFIX_PATH=/home/ROS2_rUBot_mecanum_ws/install/my_robot_description:/home/ROS2_rUBot_mecanum_ws/install/my_robot_bringup:/home/ROS2_rUBot_mecanum_ws/install/gz_rosa_control:/home/ROS2_rUBot_mecanum_ws/install/gz_mecanum_control:/home/ROS2_rUBot_tutorial_ws/install/robot_bringup:/home/ROS2_rUBot_tutorial_ws/install/robot_description:/home/ROS2_rUBot_tutorial_ws/install/ros2_tutorial:/opt/ros/humble /usr/bin/cmake --install /home/ROS2_rUBot_mecanum_ws/build/my_robot_bringup
[2.428s] DEBUG:colcon.colcon_core.event_handler.log_command:Invoking command in '/home/ROS2_rUBot_mecanum_ws/src/my_robot_control': PYTHONPATH=/home/ROS2_rUBot_mecanum_ws/build/my_robot_control/prefix_override:/home/ROS2_rUBot_mecanum_ws/install/my_robot_control/lib/python3.10/site-packages:${PYTHONPATH} /usr/bin/python3 setup.py egg_info --egg-base ../../build/my_robot_control build --build-base /home/ROS2_rUBot_mecanum_ws/build/my_robot_control/build install --record /home/ROS2_rUBot_mecanum_ws/build/my_robot_control/install.log --single-version-externally-managed
[2.480s] Level 1:colcon.colcon_core.environment:create_environment_scripts_only(my_robot_bringup)
[2.482s] Level 1:colcon.colcon_core.environment:checking '/home/ROS2_rUBot_mecanum_ws/install/my_robot_bringup' for CMake module files
[2.482s] Level 1:colcon.colcon_core.environment:checking '/home/ROS2_rUBot_mecanum_ws/install/my_robot_bringup' for CMake config files
[2.483s] Level 1:colcon.colcon_core.shell:create_environment_hook('my_robot_bringup', 'cmake_prefix_path')
[2.484s] INFO:colcon.colcon_core.shell:Creating environment hook '/home/ROS2_rUBot_mecanum_ws/install/my_robot_bringup/share/my_robot_bringup/hook/cmake_prefix_path.ps1'
[2.485s] INFO:colcon.colcon_core.shell:Creating environment descriptor '/home/ROS2_rUBot_mecanum_ws/install/my_robot_bringup/share/my_robot_bringup/hook/cmake_prefix_path.dsv'
[2.485s] INFO:colcon.colcon_core.shell:Creating environment hook '/home/ROS2_rUBot_mecanum_ws/install/my_robot_bringup/share/my_robot_bringup/hook/cmake_prefix_path.sh'
[2.485s] Level 1:colcon.colcon_core.environment:checking '/home/ROS2_rUBot_mecanum_ws/install/my_robot_bringup/bin'
[2.485s] Level 1:colcon.colcon_core.environment:checking '/home/ROS2_rUBot_mecanum_ws/install/my_robot_bringup/lib/pkgconfig/my_robot_bringup.pc'
[2.486s] Level 1:colcon.colcon_core.environment:checking '/home/ROS2_rUBot_mecanum_ws/install/my_robot_bringup/lib/python3.10/site-packages'
[2.486s] Level 1:colcon.colcon_core.environment:checking '/home/ROS2_rUBot_mecanum_ws/install/my_robot_bringup/bin'
[2.488s] INFO:colcon.colcon_core.shell:Creating package script '/home/ROS2_rUBot_mecanum_ws/install/my_robot_bringup/share/my_robot_bringup/package.ps1'
[2.488s] INFO:colcon.colcon_core.shell:Creating package descriptor '/home/ROS2_rUBot_mecanum_ws/install/my_robot_bringup/share/my_robot_bringup/package.dsv'
[2.489s] INFO:colcon.colcon_core.shell:Creating package script '/home/ROS2_rUBot_mecanum_ws/install/my_robot_bringup/share/my_robot_bringup/package.sh'
[2.489s] INFO:colcon.colcon_core.shell:Creating package script '/home/ROS2_rUBot_mecanum_ws/install/my_robot_bringup/share/my_robot_bringup/package.bash'
[2.489s] INFO:colcon.colcon_core.shell:Creating package script '/home/ROS2_rUBot_mecanum_ws/install/my_robot_bringup/share/my_robot_bringup/package.zsh'
[2.490s] Level 1:colcon.colcon_core.environment:create_file_with_runtime_dependencies(/home/ROS2_rUBot_mecanum_ws/install/my_robot_bringup/share/colcon-core/packages/my_robot_bringup)
[2.796s] DEBUG:colcon.colcon_core.event_handler.log_command:Invoked command in '/home/ROS2_rUBot_mecanum_ws/src/my_robot_control' returned '0': PYTHONPATH=/home/ROS2_rUBot_mecanum_ws/build/my_robot_control/prefix_override:/home/ROS2_rUBot_mecanum_ws/install/my_robot_control/lib/python3.10/site-packages:${PYTHONPATH} /usr/bin/python3 setup.py egg_info --egg-base ../../build/my_robot_control build --build-base /home/ROS2_rUBot_mecanum_ws/build/my_robot_control/build install --record /home/ROS2_rUBot_mecanum_ws/build/my_robot_control/install.log --single-version-externally-managed
[2.798s] Level 1:colcon.colcon_core.environment:checking '/home/ROS2_rUBot_mecanum_ws/install/my_robot_control' for CMake module files
[2.799s] Level 1:colcon.colcon_core.environment:checking '/home/ROS2_rUBot_mecanum_ws/install/my_robot_control' for CMake config files
[2.800s] Level 1:colcon.colcon_core.environment:checking '/home/ROS2_rUBot_mecanum_ws/install/my_robot_control/lib'
[2.800s] Level 1:colcon.colcon_core.environment:checking '/home/ROS2_rUBot_mecanum_ws/install/my_robot_control/bin'
[2.800s] Level 1:colcon.colcon_core.environment:checking '/home/ROS2_rUBot_mecanum_ws/install/my_robot_control/lib/pkgconfig/my_robot_control.pc'
[2.800s] Level 1:colcon.colcon_core.environment:checking '/home/ROS2_rUBot_mecanum_ws/install/my_robot_control/lib/python3.10/site-packages'
[2.800s] Level 1:colcon.colcon_core.shell:create_environment_hook('my_robot_control', 'pythonpath')
[2.802s] INFO:colcon.colcon_core.shell:Creating environment hook '/home/ROS2_rUBot_mecanum_ws/install/my_robot_control/share/my_robot_control/hook/pythonpath.ps1'
[2.802s] INFO:colcon.colcon_core.shell:Creating environment descriptor '/home/ROS2_rUBot_mecanum_ws/install/my_robot_control/share/my_robot_control/hook/pythonpath.dsv'
[2.803s] INFO:colcon.colcon_core.shell:Creating environment hook '/home/ROS2_rUBot_mecanum_ws/install/my_robot_control/share/my_robot_control/hook/pythonpath.sh'
[2.803s] Level 1:colcon.colcon_core.environment:checking '/home/ROS2_rUBot_mecanum_ws/install/my_robot_control/bin'
[2.803s] Level 1:colcon.colcon_core.environment:create_environment_scripts_only(my_robot_control)
[2.805s] INFO:colcon.colcon_core.shell:Creating package script '/home/ROS2_rUBot_mecanum_ws/install/my_robot_control/share/my_robot_control/package.ps1'
[2.806s] INFO:colcon.colcon_core.shell:Creating package descriptor '/home/ROS2_rUBot_mecanum_ws/install/my_robot_control/share/my_robot_control/package.dsv'
[2.807s] INFO:colcon.colcon_core.shell:Creating package script '/home/ROS2_rUBot_mecanum_ws/install/my_robot_control/share/my_robot_control/package.sh'
[2.807s] INFO:colcon.colcon_core.shell:Creating package script '/home/ROS2_rUBot_mecanum_ws/install/my_robot_control/share/my_robot_control/package.bash'
[2.807s] INFO:colcon.colcon_core.shell:Creating package script '/home/ROS2_rUBot_mecanum_ws/install/my_robot_control/share/my_robot_control/package.zsh'
[2.808s] Level 1:colcon.colcon_core.environment:create_file_with_runtime_dependencies(/home/ROS2_rUBot_mecanum_ws/install/my_robot_control/share/colcon-core/packages/my_robot_control)
[2.808s] DEBUG:colcon.colcon_parallel_executor.executor.parallel:closing loop
[2.809s] DEBUG:colcon.colcon_parallel_executor.executor.parallel:loop closed
[2.809s] DEBUG:colcon.colcon_parallel_executor.executor.parallel:run_until_complete finished with '0'
[2.809s] DEBUG:colcon.colcon_core.event_reactor:joining thread
[2.819s] INFO:colcon.colcon_core.plugin_system:Skipping extension 'colcon_notification.desktop_notification.notify_send': Could not find 'notify-send'
[2.819s] INFO:colcon.colcon_core.plugin_system:Skipping extension 'colcon_notification.desktop_notification.terminal_notifier': Not used on non-Darwin systems
[2.819s] INFO:colcon.colcon_core.plugin_system:Skipping extension 'colcon_notification.desktop_notification.win32': Not used on non-Windows systems
[2.819s] INFO:colcon.colcon_notification.desktop_notification:Sending desktop notification using 'notify2'
[2.832s] DEBUG:colcon.colcon_notification.desktop_notification.notify2:Failed to initialize notify2: org.freedesktop.DBus.Error.Spawn.ExecFailed: /usr/bin/dbus-launch terminated abnormally without any error message
[2.832s] DEBUG:colcon.colcon_core.event_reactor:joined thread
[2.834s] INFO:colcon.colcon_core.shell:Creating prefix script '/home/ROS2_rUBot_mecanum_ws/install/local_setup.ps1'
[2.836s] INFO:colcon.colcon_core.shell:Creating prefix util module '/home/ROS2_rUBot_mecanum_ws/install/_local_setup_util_ps1.py'
[2.837s] INFO:colcon.colcon_core.shell:Creating prefix chain script '/home/ROS2_rUBot_mecanum_ws/install/setup.ps1'
[2.839s] INFO:colcon.colcon_core.shell:Creating prefix script '/home/ROS2_rUBot_mecanum_ws/install/local_setup.sh'
[2.840s] INFO:colcon.colcon_core.shell:Creating prefix util module '/home/ROS2_rUBot_mecanum_ws/install/_local_setup_util_sh.py'
[2.841s] INFO:colcon.colcon_core.shell:Creating prefix chain script '/home/ROS2_rUBot_mecanum_ws/install/setup.sh'
[2.845s] INFO:colcon.colcon_core.shell:Creating prefix script '/home/ROS2_rUBot_mecanum_ws/install/local_setup.bash'
[2.845s] INFO:colcon.colcon_core.shell:Creating prefix chain script '/home/ROS2_rUBot_mecanum_ws/install/setup.bash'
[2.866s] INFO:colcon.colcon_core.shell:Creating prefix script '/home/ROS2_rUBot_mecanum_ws/install/local_setup.zsh'
[2.866s] INFO:colcon.colcon_core.shell:Creating prefix chain script '/home/ROS2_rUBot_mecanum_ws/install/setup.zsh'
