[0.073s] Invoking command in '/home/ROS2_rUBot_mecanum_ws/build/robot_bringup': CMAKE_PREFIX_PATH=/home/ROS2_rUBot_mecanum_ws/install/robot_description:/home/ROS2_rUBot_mecanum_ws/install/robot_bringup:/home/ROS2_rUBot_ws/install/robot_bringup:/home/ROS2_rUBot_ws/install/robot_description:/home/ROS2_rUBot_ws/install/my_robot_bringup:/home/ROS2_rUBot_ws/install/my_robot_description:/home/ROS2_rUBot_ws/install/rubot_description:/home/ROS2_rUBot_ws/install/rubot_control:/home/ROS2_rUBot_ws/install/ros2_tutorial:/opt/ros/humble /usr/bin/cmake --build /home/ROS2_rUBot_mecanum_ws/build/robot_bringup -- -j8 -l8
[0.212s] Invoked command in '/home/ROS2_rUBot_mecanum_ws/build/robot_bringup' returned '0': CMAKE_PREFIX_PATH=/home/ROS2_rUBot_mecanum_ws/install/robot_description:/home/ROS2_rUBot_mecanum_ws/install/robot_bringup:/home/ROS2_rUBot_ws/install/robot_bringup:/home/ROS2_rUBot_ws/install/robot_description:/home/ROS2_rUBot_ws/install/my_robot_bringup:/home/ROS2_rUBot_ws/install/my_robot_description:/home/ROS2_rUBot_ws/install/rubot_description:/home/ROS2_rUBot_ws/install/rubot_control:/home/ROS2_rUBot_ws/install/ros2_tutorial:/opt/ros/humble /usr/bin/cmake --build /home/ROS2_rUBot_mecanum_ws/build/robot_bringup -- -j8 -l8
[0.237s] Invoking command in '/home/ROS2_rUBot_mecanum_ws/build/robot_bringup': CMAKE_PREFIX_PATH=/home/ROS2_rUBot_mecanum_ws/install/robot_description:/home/ROS2_rUBot_mecanum_ws/install/robot_bringup:/home/ROS2_rUBot_ws/install/robot_bringup:/home/ROS2_rUBot_ws/install/robot_description:/home/ROS2_rUBot_ws/install/my_robot_bringup:/home/ROS2_rUBot_ws/install/my_robot_description:/home/ROS2_rUBot_ws/install/rubot_description:/home/ROS2_rUBot_ws/install/rubot_control:/home/ROS2_rUBot_ws/install/ros2_tutorial:/opt/ros/humble /usr/bin/cmake --install /home/ROS2_rUBot_mecanum_ws/build/robot_bringup
[0.246s] -- Install configuration: ""
[0.246s] -- Up-to-date: /home/ROS2_rUBot_mecanum_ws/install/robot_bringup/share/robot_bringup//launch
[0.246s] -- Installing: /home/ROS2_rUBot_mecanum_ws/install/robot_bringup/share/robot_bringup//launch/my_robot_gazebo.launch.xml
[0.246s] -- Up-to-date: /home/ROS2_rUBot_mecanum_ws/install/robot_bringup/share/robot_bringup//rviz
[0.246s] -- Up-to-date: /home/ROS2_rUBot_mecanum_ws/install/robot_bringup/share/robot_bringup//rviz/urdf_config.rviz
[0.246s] -- Up-to-date: /home/ROS2_rUBot_mecanum_ws/install/robot_bringup/share/robot_bringup//rviz/urdf_odom_config.rviz
[0.246s] -- Installing: /home/ROS2_rUBot_mecanum_ws/install/robot_bringup/share/robot_bringup//rviz/urdf_base_footprint_config.rviz
[0.246s] -- Up-to-date: /home/ROS2_rUBot_mecanum_ws/install/robot_bringup/share/robot_bringup//worlds
[0.247s] -- Up-to-date: /home/ROS2_rUBot_mecanum_ws/install/robot_bringup/share/robot_bringup//worlds/square.world
[0.247s] -- Up-to-date: /home/ROS2_rUBot_mecanum_ws/install/robot_bringup/share/robot_bringup//worlds/test_world.world
[0.247s] -- Up-to-date: /home/ROS2_rUBot_mecanum_ws/install/robot_bringup/share/ament_index/resource_index/package_run_dependencies/robot_bringup
[0.247s] -- Up-to-date: /home/ROS2_rUBot_mecanum_ws/install/robot_bringup/share/ament_index/resource_index/parent_prefix_path/robot_bringup
[0.247s] -- Up-to-date: /home/ROS2_rUBot_mecanum_ws/install/robot_bringup/share/robot_bringup/environment/ament_prefix_path.sh
[0.247s] -- Up-to-date: /home/ROS2_rUBot_mecanum_ws/install/robot_bringup/share/robot_bringup/environment/ament_prefix_path.dsv
[0.247s] -- Up-to-date: /home/ROS2_rUBot_mecanum_ws/install/robot_bringup/share/robot_bringup/environment/path.sh
[0.247s] -- Up-to-date: /home/ROS2_rUBot_mecanum_ws/install/robot_bringup/share/robot_bringup/environment/path.dsv
[0.247s] -- Up-to-date: /home/ROS2_rUBot_mecanum_ws/install/robot_bringup/share/robot_bringup/local_setup.bash
[0.247s] -- Up-to-date: /home/ROS2_rUBot_mecanum_ws/install/robot_bringup/share/robot_bringup/local_setup.sh
[0.247s] -- Up-to-date: /home/ROS2_rUBot_mecanum_ws/install/robot_bringup/share/robot_bringup/local_setup.zsh
[0.247s] -- Up-to-date: /home/ROS2_rUBot_mecanum_ws/install/robot_bringup/share/robot_bringup/local_setup.dsv
[0.248s] -- Installing: /home/ROS2_rUBot_mecanum_ws/install/robot_bringup/share/robot_bringup/package.dsv
[0.248s] -- Up-to-date: /home/ROS2_rUBot_mecanum_ws/install/robot_bringup/share/ament_index/resource_index/packages/robot_bringup
[0.248s] -- Up-to-date: /home/ROS2_rUBot_mecanum_ws/install/robot_bringup/share/robot_bringup/cmake/robot_bringupConfig.cmake
[0.248s] -- Up-to-date: /home/ROS2_rUBot_mecanum_ws/install/robot_bringup/share/robot_bringup/cmake/robot_bringupConfig-version.cmake
[0.248s] -- Up-to-date: /home/ROS2_rUBot_mecanum_ws/install/robot_bringup/share/robot_bringup/package.xml
[0.254s] Invoked command in '/home/ROS2_rUBot_mecanum_ws/build/robot_bringup' returned '0': CMAKE_PREFIX_PATH=/home/ROS2_rUBot_mecanum_ws/install/robot_description:/home/ROS2_rUBot_mecanum_ws/install/robot_bringup:/home/ROS2_rUBot_ws/install/robot_bringup:/home/ROS2_rUBot_ws/install/robot_description:/home/ROS2_rUBot_ws/install/my_robot_bringup:/home/ROS2_rUBot_ws/install/my_robot_description:/home/ROS2_rUBot_ws/install/rubot_description:/home/ROS2_rUBot_ws/install/rubot_control:/home/ROS2_rUBot_ws/install/ros2_tutorial:/opt/ros/humble /usr/bin/cmake --install /home/ROS2_rUBot_mecanum_ws/build/robot_bringup
