[0.777s] Invoking command in '/home/ROS2_rUBot_mecanum_ws/src/my_robot_control': PYTHONPATH=/home/ROS2_rUBot_mecanum_ws/build/my_robot_control/prefix_override:/home/ROS2_rUBot_mecanum_ws/install/my_robot_control/lib/python3.10/site-packages:${PYTHONPATH} /usr/bin/python3 setup.py egg_info --egg-base ../../build/my_robot_control build --build-base /home/ROS2_rUBot_mecanum_ws/build/my_robot_control/build install --record /home/ROS2_rUBot_mecanum_ws/build/my_robot_control/install.log --single-version-externally-managed
[0.997s] running egg_info
[0.998s] writing ../../build/my_robot_control/my_robot_control.egg-info/PKG-INFO
[0.999s] writing dependency_links to ../../build/my_robot_control/my_robot_control.egg-info/dependency_links.txt
[0.999s] writing entry points to ../../build/my_robot_control/my_robot_control.egg-info/entry_points.txt
[0.999s] writing requirements to ../../build/my_robot_control/my_robot_control.egg-info/requires.txt
[0.999s] writing top-level names to ../../build/my_robot_control/my_robot_control.egg-info/top_level.txt
[1.001s] reading manifest file '../../build/my_robot_control/my_robot_control.egg-info/SOURCES.txt'
[1.002s] writing manifest file '../../build/my_robot_control/my_robot_control.egg-info/SOURCES.txt'
[1.002s] running build
[1.002s] running build_py
[1.003s] running install
[1.003s] running install_lib
[1.005s] running install_data
[1.006s] running install_egg_info
[1.007s] removing '/home/ROS2_rUBot_mecanum_ws/install/my_robot_control/lib/python3.10/site-packages/my_robot_control-0.0.0-py3.10.egg-info' (and everything under it)
[1.007s] Copying ../../build/my_robot_control/my_robot_control.egg-info to /home/ROS2_rUBot_mecanum_ws/install/my_robot_control/lib/python3.10/site-packages/my_robot_control-0.0.0-py3.10.egg-info
[1.009s] running install_scripts
[1.024s] Installing my_robot_control_node script to /home/ROS2_rUBot_mecanum_ws/install/my_robot_control/lib/my_robot_control
[1.025s] writing list of installed files to '/home/ROS2_rUBot_mecanum_ws/build/my_robot_control/install.log'
[1.044s] Invoked command in '/home/ROS2_rUBot_mecanum_ws/src/my_robot_control' returned '0': PYTHONPATH=/home/ROS2_rUBot_mecanum_ws/build/my_robot_control/prefix_override:/home/ROS2_rUBot_mecanum_ws/install/my_robot_control/lib/python3.10/site-packages:${PYTHONPATH} /usr/bin/python3 setup.py egg_info --egg-base ../../build/my_robot_control build --build-base /home/ROS2_rUBot_mecanum_ws/build/my_robot_control/build install --record /home/ROS2_rUBot_mecanum_ws/build/my_robot_control/install.log --single-version-externally-managed
