[0.017s] Invoking command in '/home/ROS2_rUBot_mecanum_ws/build/gz_rosa_control': CMAKE_PREFIX_PATH=${CMAKE_PREFIX_PATH}:/home/ROS2_rUBot_tutorial_ws/install/ros2_tutorial:/opt/ros/humble /usr/bin/cmake /home/ROS2_rUBot_mecanum_ws/src/gz_rosa_control -DAMENT_CMAKE_SYMLINK_INSTALL=1 -DCMAKE_INSTALL_PREFIX=/home/ROS2_rUBot_mecanum_ws/install/gz_rosa_control
[0.243s] -- The C compiler identification is GNU 11.4.0
[0.410s] -- The CXX compiler identification is GNU 11.4.0
[0.418s] -- Detecting C compiler ABI info
[0.471s] -- Detecting C compiler ABI info - done
[0.478s] -- Check for working C compiler: /usr/bin/cc - skipped
[0.478s] -- Detecting C compile features
[0.479s] -- Detecting C compile features - done
[0.482s] -- Detecting CXX compiler ABI info
[0.544s] -- Detecting CXX compiler ABI info - done
[0.549s] -- Check for working CXX compiler: /usr/bin/c++ - skipped
[0.550s] -- Detecting CXX compile features
[0.550s] -- Detecting CXX compile features - done
[0.554s] -- Found ament_cmake: 1.3.5 (/opt/ros/humble/share/ament_cmake/cmake)
[0.701s] -- Found Python3: /usr/bin/python3.10 (found version "3.10.12") found components: Interpreter 
[0.761s] -- Override CMake install command with custom implementation using symlinks instead of copying resources
[0.801s] -- Found gazebo_dev: 3.7.0 (/opt/ros/humble/share/gazebo_dev/cmake)
[0.814s] -- Found PkgConfig: /usr/bin/pkg-config (found version "0.29.2") 
[0.821s] -- Checking for module 'bullet>=2.82'
[0.832s] --   Found bullet, version 3.05
[0.926s] -- Found fcl: /usr/include (found suitable version "0.7.0", minimum required is "0.5.0") 
[0.959s] -- Found assimp: /usr/include (found version "5.2.0") 
[0.997s] -- Found DART: /usr/include (Required is at least version "6.6") found components: dart 
[1.177s] -- Found Boost: /usr/lib/x86_64-linux-gnu/cmake/Boost-1.74.0/BoostConfig.cmake (found suitable version "1.74.0", minimum required is "1.40.0") found components: thread system filesystem program_options regex iostreams date_time 
[1.207s] -- Found Protobuf: /usr/lib/x86_64-linux-gnu/libprotobuf.so (found version "3.12.4") 
[1.216s] -- Looking for ignition-math6 -- found version 6.15.0
[1.233s] -- Searching for dependencies of ignition-math6
[1.237s] -- Looking for OGRE...
[1.237s] -- OGRE_PREFIX_WATCH changed.
[1.241s] -- Checking for module 'OGRE'
[1.247s] --   Found OGRE, version 1.9.0
[1.265s] -- Found Ogre Ghadamon (1.9.0)
[1.273s] -- Found OGRE: optimized;/usr/lib/x86_64-linux-gnu/libOgreMain.so;debug;/usr/lib/x86_64-linux-gnu/libOgreMain.so
[1.280s] -- Looking for OGRE_Paging...
[1.283s] -- Found OGRE_Paging: optimized;/usr/lib/x86_64-linux-gnu/libOgrePaging.so;debug;/usr/lib/x86_64-linux-gnu/libOgrePaging.so
[1.284s] -- Looking for OGRE_Terrain...
[1.286s] -- Found OGRE_Terrain: optimized;/usr/lib/x86_64-linux-gnu/libOgreTerrain.so;debug;/usr/lib/x86_64-linux-gnu/libOgreTerrain.so
[1.286s] -- Looking for OGRE_Property...
[1.289s] -- Found OGRE_Property: optimized;/usr/lib/x86_64-linux-gnu/libOgreProperty.so;debug;/usr/lib/x86_64-linux-gnu/libOgreProperty.so
[1.289s] -- Looking for OGRE_RTShaderSystem...
[1.292s] -- Found OGRE_RTShaderSystem: optimized;/usr/lib/x86_64-linux-gnu/libOgreRTShaderSystem.so;debug;/usr/lib/x86_64-linux-gnu/libOgreRTShaderSystem.so
[1.292s] -- Looking for OGRE_Volume...
[1.295s] -- Found OGRE_Volume: optimized;/usr/lib/x86_64-linux-gnu/libOgreVolume.so;debug;/usr/lib/x86_64-linux-gnu/libOgreVolume.so
[1.295s] -- Looking for OGRE_Overlay...
[1.298s] -- Found OGRE_Overlay: optimized;/usr/lib/x86_64-linux-gnu/libOgreOverlay.so;debug;/usr/lib/x86_64-linux-gnu/libOgreOverlay.so
[1.364s] -- Looking for ignition-math6 -- found version 6.15.0
[1.368s] -- Looking for ignition-transport8 -- found version 8.2.1
[1.369s] -- Searching for dependencies of ignition-transport8
[1.385s] -- Found Protobuf: /usr/lib/x86_64-linux-gnu/libprotobuf.so (found suitable version "3.12.4", minimum required is "3") 
[1.398s] -- Config-file not installed for ZeroMQ -- checking for pkg-config
[1.402s] -- Checking for module 'libzmq >= 4'
[1.413s] --   Found libzmq , version 4.3.4
[1.433s] -- Found ZeroMQ: TRUE (Required is at least version "4") 
[1.438s] -- Checking for module 'uuid'
[1.446s] --   Found uuid, version 2.37.2
[1.462s] -- Found UUID: TRUE  
[1.466s] -- Looking for ignition-msgs5 -- found version 5.8.1
[1.467s] -- Searching for dependencies of ignition-msgs5
[1.484s] -- Looking for ignition-math6 -- found version 6.15.0
[1.488s] -- Checking for module 'tinyxml2'
[1.495s] --   Found tinyxml2, version 9.0.0
[1.516s] -- Looking for ignition-msgs5 -- found version 5.8.1
[1.520s] -- Looking for ignition-common3 -- found version 3.14.0
[1.520s] -- Searching for dependencies of ignition-common3
[1.521s] -- Looking for dlfcn.h - found
[1.522s] -- Looking for libdl - found
[1.523s] -- Found DL: TRUE  
[1.534s] -- Found tinyobjloader: /usr/lib/x86_64-linux-gnu/cmake/tinyobjloader/tinyobjloader-config.cmake (found version "2.0.0") 
[1.535s] -- Searching for <ignition-common3> component [graphics]
[1.540s] -- Looking for ignition-common3-graphics -- found version 3.14.0
[1.540s] -- Searching for dependencies of ignition-common3-graphics
[1.540s] -- Looking for ignition-math6 -- found version 6.15.0
[1.545s] -- Looking for ignition-fuel_tools4 -- found version 4.4.0
[1.546s] -- Searching for dependencies of ignition-fuel_tools4
[1.596s] -- Found CURL: /usr/lib/x86_64-linux-gnu/libcurl.so (found version "7.81.0")  
[1.608s] -- Checking for module 'jsoncpp'
[1.615s] --   Found jsoncpp, version 1.9.5
[1.636s] -- Found JSONCPP: TRUE  
[1.645s] -- Checking for module 'libzip'
[1.652s] --   Found libzip, version 1.7.3
[1.669s] -- Found ZIP: TRUE  
[1.669s] -- Looking for ignition-common3 -- found version 3.14.0
[1.670s] -- Looking for ignition-math6 -- found version 6.15.0
[1.670s] -- Looking for ignition-msgs5 -- found version 5.8.1
[1.677s] -- Gazebo version: 11.10
[1.677s] -- Checking for module 'tbb'
[1.685s] --   Found tbb, version 2021.5.0
[1.705s] -- Found gazebo_msgs: 3.7.0 (/opt/ros/humble/share/gazebo_msgs/cmake)
[1.771s] -- Found rosidl_generator_c: 3.1.5 (/opt/ros/humble/share/rosidl_generator_c/cmake)
[1.779s] -- Found rosidl_adapter: 3.1.5 (/opt/ros/humble/share/rosidl_adapter/cmake)
[1.795s] -- Found rosidl_generator_cpp: 3.1.5 (/opt/ros/humble/share/rosidl_generator_cpp/cmake)
[1.824s] -- Using all available rosidl_typesupport_c: rosidl_typesupport_fastrtps_c;rosidl_typesupport_introspection_c
[1.857s] -- Using all available rosidl_typesupport_cpp: rosidl_typesupport_fastrtps_cpp;rosidl_typesupport_introspection_cpp
[2.198s] -- Found gazebo_ros: 3.7.0 (/opt/ros/humble/share/gazebo_ros/cmake)
[2.312s] -- Found rmw_implementation_cmake: 6.1.1 (/opt/ros/humble/share/rmw_implementation_cmake/cmake)
[2.317s] -- Found rmw_fastrtps_cpp: 6.2.3 (/opt/ros/humble/share/rmw_fastrtps_cpp/cmake)
[2.417s] -- Found OpenSSL: /usr/lib/x86_64-linux-gnu/libcrypto.so (found version "3.0.2")  
[2.441s] -- Found FastRTPS: /opt/ros/humble/include  
[2.487s] -- Using RMW implementation 'rmw_fastrtps_cpp' as default
[2.503s] -- Found Threads: TRUE  
[2.675s] -- Found nav_msgs: 4.2.3 (/opt/ros/humble/share/nav_msgs/cmake)
[2.782s] -- Found std_srvs: 4.2.3 (/opt/ros/humble/share/std_srvs/cmake)
[2.825s] -- Found tf2: 0.25.3 (/opt/ros/humble/share/tf2/cmake)
[2.845s] -- Found tf2_geometry_msgs: 0.25.3 (/opt/ros/humble/share/tf2_geometry_msgs/cmake)
[2.858s] -- Found eigen3_cmake_module: 0.1.1 (/opt/ros/humble/share/eigen3_cmake_module/cmake)
[2.860s] -- Found Eigen3: TRUE (found version "3.4.0") 
[2.860s] -- Ensuring Eigen3 include directory is part of orocos-kdl CMake target
[3.376s] -- Configuring done
[3.415s] -- Generating done
[3.417s] -- Build files have been written to: /home/ROS2_rUBot_mecanum_ws/build/gz_rosa_control
[3.429s] Invoked command in '/home/ROS2_rUBot_mecanum_ws/build/gz_rosa_control' returned '0': CMAKE_PREFIX_PATH=${CMAKE_PREFIX_PATH}:/home/ROS2_rUBot_tutorial_ws/install/ros2_tutorial:/opt/ros/humble /usr/bin/cmake /home/ROS2_rUBot_mecanum_ws/src/gz_rosa_control -DAMENT_CMAKE_SYMLINK_INSTALL=1 -DCMAKE_INSTALL_PREFIX=/home/ROS2_rUBot_mecanum_ws/install/gz_rosa_control
[3.429s] Invoking command in '/home/ROS2_rUBot_mecanum_ws/build/gz_rosa_control': CMAKE_PREFIX_PATH=${CMAKE_PREFIX_PATH}:/home/ROS2_rUBot_tutorial_ws/install/ros2_tutorial:/opt/ros/humble /usr/bin/cmake --build /home/ROS2_rUBot_mecanum_ws/build/gz_rosa_control -- -j8 -l8
[3.462s] [ 50%] [32mBuilding CXX object CMakeFiles/gazebo_ros_omni_drive.dir/src/gazebo_ros_omni_drive.cpp.o[0m
[6.231s] In file included from [01m[K/home/ROS2_rUBot_mecanum_ws/src/gz_rosa_control/src/gazebo_ros_omni_drive.cpp:70[m[K:
[6.231s] [01m[K/opt/ros/humble/include/tf2_geometry_msgs/tf2_geometry_msgs/tf2_geometry_msgs.h:35:2:[m[K [01;35m[Kwarning: [m[K#warning This header is obsolete, please include tf2_geometry_msgs/tf2_geometry_msgs.hpp instead [[01;35m[K]8;;https://gcc.gnu.org/onlinedocs/gcc/Warning-Options.html#index-Wcpp-Wcpp]8;;[m[K]
[6.231s]    35 | #[01;35m[Kwarning[m[K This header is obsolete, please include tf2_geometry_msgs/tf2_geometry_msgs.hpp instead
[6.231s]       |  [01;35m[K^~~~~~~[m[K
[22.524s] [100%] [32m[1mLinking CXX shared library libgazebo_ros_omni_drive.so[0m
[23.279s] [100%] Built target gazebo_ros_omni_drive
[23.289s] Invoked command in '/home/ROS2_rUBot_mecanum_ws/build/gz_rosa_control' returned '0': CMAKE_PREFIX_PATH=${CMAKE_PREFIX_PATH}:/home/ROS2_rUBot_tutorial_ws/install/ros2_tutorial:/opt/ros/humble /usr/bin/cmake --build /home/ROS2_rUBot_mecanum_ws/build/gz_rosa_control -- -j8 -l8
[23.308s] Invoking command in '/home/ROS2_rUBot_mecanum_ws/build/gz_rosa_control': CMAKE_PREFIX_PATH=${CMAKE_PREFIX_PATH}:/home/ROS2_rUBot_tutorial_ws/install/ros2_tutorial:/opt/ros/humble /usr/bin/cmake --install /home/ROS2_rUBot_mecanum_ws/build/gz_rosa_control
[23.315s] -- Install configuration: ""
[23.315s] -- Execute custom install script
[23.316s] -- Symlinking: /home/ROS2_rUBot_mecanum_ws/install/gz_rosa_control/share/gz_rosa_control/environment/library_path.sh
[23.325s] -- Symlinking: /home/ROS2_rUBot_mecanum_ws/install/gz_rosa_control/share/gz_rosa_control/environment/library_path.dsv
[23.331s] -- Symlinking: /home/ROS2_rUBot_mecanum_ws/install/gz_rosa_control/lib/libgazebo_ros_omni_drive.so
[23.337s] -- Symlinking: /home/ROS2_rUBot_mecanum_ws/install/gz_rosa_control/share/ament_index/resource_index/package_run_dependencies/gz_rosa_control
[23.342s] -- Symlinking: /home/ROS2_rUBot_mecanum_ws/install/gz_rosa_control/share/ament_index/resource_index/parent_prefix_path/gz_rosa_control
[23.347s] -- Symlinking: /home/ROS2_rUBot_mecanum_ws/install/gz_rosa_control/share/gz_rosa_control/environment/ament_prefix_path.sh
[23.353s] -- Symlinking: /home/ROS2_rUBot_mecanum_ws/install/gz_rosa_control/share/gz_rosa_control/environment/ament_prefix_path.dsv
[23.358s] -- Symlinking: /home/ROS2_rUBot_mecanum_ws/install/gz_rosa_control/share/gz_rosa_control/environment/path.sh
[23.363s] -- Symlinking: /home/ROS2_rUBot_mecanum_ws/install/gz_rosa_control/share/gz_rosa_control/environment/path.dsv
[23.369s] -- Symlinking: /home/ROS2_rUBot_mecanum_ws/install/gz_rosa_control/share/gz_rosa_control/local_setup.bash
[23.375s] -- Symlinking: /home/ROS2_rUBot_mecanum_ws/install/gz_rosa_control/share/gz_rosa_control/local_setup.sh
[23.380s] -- Symlinking: /home/ROS2_rUBot_mecanum_ws/install/gz_rosa_control/share/gz_rosa_control/local_setup.zsh
[23.386s] -- Symlinking: /home/ROS2_rUBot_mecanum_ws/install/gz_rosa_control/share/gz_rosa_control/local_setup.dsv
[23.391s] -- Symlinking: /home/ROS2_rUBot_mecanum_ws/install/gz_rosa_control/share/gz_rosa_control/package.dsv
[23.397s] -- Symlinking: /home/ROS2_rUBot_mecanum_ws/install/gz_rosa_control/share/ament_index/resource_index/packages/gz_rosa_control
[23.402s] -- Symlinking: /home/ROS2_rUBot_mecanum_ws/install/gz_rosa_control/share/gz_rosa_control/cmake/ament_cmake_export_libraries-extras.cmake
[23.408s] -- Symlinking: /home/ROS2_rUBot_mecanum_ws/install/gz_rosa_control/share/gz_rosa_control/cmake/gz_rosa_controlConfig.cmake
[23.413s] -- Symlinking: /home/ROS2_rUBot_mecanum_ws/install/gz_rosa_control/share/gz_rosa_control/cmake/gz_rosa_controlConfig-version.cmake
[23.418s] -- Symlinking: /home/ROS2_rUBot_mecanum_ws/install/gz_rosa_control/share/gz_rosa_control/package.xml
[23.425s] Invoked command in '/home/ROS2_rUBot_mecanum_ws/build/gz_rosa_control' returned '0': CMAKE_PREFIX_PATH=${CMAKE_PREFIX_PATH}:/home/ROS2_rUBot_tutorial_ws/install/ros2_tutorial:/opt/ros/humble /usr/bin/cmake --install /home/ROS2_rUBot_mecanum_ws/build/gz_rosa_control
