[0.162s] Invoking command in '/home/ROS2_rUBot_mecanum_ws/build/gz_mecanum_control': CMAKE_PREFIX_PATH=${CMAKE_PREFIX_PATH}:/home/ROS2_rUBot_tutorial_ws/install/ros2_tutorial:/opt/ros/humble /usr/bin/cmake --build /home/ROS2_rUBot_mecanum_ws/build/gz_mecanum_control -- -j8 -l8
[1.196s] [100%] Built target gazebo_ros_omni_drive
[1.251s] Invoked command in '/home/ROS2_rUBot_mecanum_ws/build/gz_mecanum_control' returned '0': CMAKE_PREFIX_PATH=${CMAKE_PREFIX_PATH}:/home/ROS2_rUBot_tutorial_ws/install/ros2_tutorial:/opt/ros/humble /usr/bin/cmake --build /home/ROS2_rUBot_mecanum_ws/build/gz_mecanum_control -- -j8 -l8
[1.359s] Invoking command in '/home/ROS2_rUBot_mecanum_ws/build/gz_mecanum_control': CMAKE_PREFIX_PATH=${CMAKE_PREFIX_PATH}:/home/ROS2_rUBot_tutorial_ws/install/ros2_tutorial:/opt/ros/humble /usr/bin/cmake --install /home/ROS2_rUBot_mecanum_ws/build/gz_mecanum_control
[1.370s] -- Install configuration: ""
[1.400s] -- Execute custom install script
[1.405s] -- Up-to-date symlink: /home/ROS2_rUBot_mecanum_ws/install/gz_mecanum_control/share/gz_mecanum_control/environment/library_path.sh
[1.405s] -- Up-to-date symlink: /home/ROS2_rUBot_mecanum_ws/install/gz_mecanum_control/share/gz_mecanum_control/environment/library_path.dsv
[1.408s] -- Up-to-date symlink: /home/ROS2_rUBot_mecanum_ws/install/gz_mecanum_control/lib/libgazebo_ros_omni_drive.so
[1.410s] -- Up-to-date symlink: /home/ROS2_rUBot_mecanum_ws/install/gz_mecanum_control/share/ament_index/resource_index/package_run_dependencies/gz_mecanum_control
[1.412s] -- Up-to-date symlink: /home/ROS2_rUBot_mecanum_ws/install/gz_mecanum_control/share/ament_index/resource_index/parent_prefix_path/gz_mecanum_control
[1.419s] -- Up-to-date symlink: /home/ROS2_rUBot_mecanum_ws/install/gz_mecanum_control/share/gz_mecanum_control/environment/ament_prefix_path.sh
[1.420s] -- Up-to-date symlink: /home/ROS2_rUBot_mecanum_ws/install/gz_mecanum_control/share/gz_mecanum_control/environment/ament_prefix_path.dsv
[1.421s] -- Up-to-date symlink: /home/ROS2_rUBot_mecanum_ws/install/gz_mecanum_control/share/gz_mecanum_control/environment/path.sh
[1.422s] -- Up-to-date symlink: /home/ROS2_rUBot_mecanum_ws/install/gz_mecanum_control/share/gz_mecanum_control/environment/path.dsv
[1.423s] -- Up-to-date symlink: /home/ROS2_rUBot_mecanum_ws/install/gz_mecanum_control/share/gz_mecanum_control/local_setup.bash
[1.427s] -- Up-to-date symlink: /home/ROS2_rUBot_mecanum_ws/install/gz_mecanum_control/share/gz_mecanum_control/local_setup.sh
[1.437s] -- Up-to-date symlink: /home/ROS2_rUBot_mecanum_ws/install/gz_mecanum_control/share/gz_mecanum_control/local_setup.zsh
[1.438s] -- Up-to-date symlink: /home/ROS2_rUBot_mecanum_ws/install/gz_mecanum_control/share/gz_mecanum_control/local_setup.dsv
[1.438s] -- Symlinking: /home/ROS2_rUBot_mecanum_ws/install/gz_mecanum_control/share/gz_mecanum_control/package.dsv
[1.469s] -- Up-to-date symlink: /home/ROS2_rUBot_mecanum_ws/install/gz_mecanum_control/share/ament_index/resource_index/packages/gz_mecanum_control
[1.474s] -- Up-to-date symlink: /home/ROS2_rUBot_mecanum_ws/install/gz_mecanum_control/share/gz_mecanum_control/cmake/ament_cmake_export_libraries-extras.cmake
[1.476s] -- Up-to-date symlink: /home/ROS2_rUBot_mecanum_ws/install/gz_mecanum_control/share/gz_mecanum_control/cmake/gz_mecanum_controlConfig.cmake
[1.480s] -- Up-to-date symlink: /home/ROS2_rUBot_mecanum_ws/install/gz_mecanum_control/share/gz_mecanum_control/cmake/gz_mecanum_controlConfig-version.cmake
[1.482s] -- Up-to-date symlink: /home/ROS2_rUBot_mecanum_ws/install/gz_mecanum_control/share/gz_mecanum_control/package.xml
[1.490s] Invoked command in '/home/ROS2_rUBot_mecanum_ws/build/gz_mecanum_control' returned '0': CMAKE_PREFIX_PATH=${CMAKE_PREFIX_PATH}:/home/ROS2_rUBot_tutorial_ws/install/ros2_tutorial:/opt/ros/humble /usr/bin/cmake --install /home/ROS2_rUBot_mecanum_ws/build/gz_mecanum_control
