-- The C compiler identification is GNU 11.4.0
-- The CXX compiler identification is GNU 11.4.0
-- Detecting C compiler ABI info
-- Detecting C compiler ABI info - done
-- Check for working C compiler: /usr/bin/cc - skipped
-- Detecting C compile features
-- Detecting C compile features - done
-- Detecting CXX compiler ABI info
-- Detecting CXX compiler ABI info - done
-- Check for working CXX compiler: /usr/bin/c++ - skipped
-- Detecting CXX compile features
-- Detecting CXX compile features - done
-- Found ament_cmake: 1.3.5 (/opt/ros/humble/share/ament_cmake/cmake)
-- Found Python3: /usr/bin/python3.10 (found version "3.10.12") found components: Interpreter 
-- Configuring done
-- Generating done
-- Build files have been written to: /home/ROS2_rUBot_mecanum_ws/build/my_robot_bringup
-- Install configuration: ""
-- Up-to-date: /home/ROS2_rUBot_mecanum_ws/install/my_robot_bringup/share/my_robot_bringup//launch
-- Installing: /home/ROS2_rUBot_mecanum_ws/install/my_robot_bringup/share/my_robot_bringup//launch/my_robot_bringup_hw_pi.launch.xml
-- Up-to-date: /home/ROS2_rUBot_mecanum_ws/install/my_robot_bringup/share/my_robot_bringup//rviz
-- Up-to-date: /home/ROS2_rUBot_mecanum_ws/install/my_robot_bringup/share/my_robot_bringup//worlds
-- Installing: /home/ROS2_rUBot_mecanum_ws/install/my_robot_bringup/share/my_robot_bringup/package.dsv
