[0.017s] Invoking command in '/home/ROS2_rUBot_mecanum_ws/build/my_robot_bringup': CMAKE_PREFIX_PATH=/home/ROS2_rUBot_mecanum_ws/install/my_robot_description:/home/ROS2_rUBot_mecanum_ws/install/my_robot_bringup:/home/ROS2_rUBot_mecanum_ws/install/gz_rosa_control:/home/ROS2_rUBot_mecanum_ws/install/gz_mecanum_control:/home/ROS2_rUBot_tutorial_ws/install/robot_bringup:/home/ROS2_rUBot_tutorial_ws/install/robot_description:/home/ROS2_rUBot_mecanum_ws/install/my_robot_control:/home/ROS2_rUBot_tutorial_ws/install/ros2_tutorial:/opt/ros/humble /usr/bin/cmake /home/ROS2_rUBot_mecanum_ws/src/my_robot_bringup -DCMAKE_INSTALL_PREFIX=/home/ROS2_rUBot_mecanum_ws/install/my_robot_bringup
[0.070s] -- The C compiler identification is GNU 11.4.0
[0.125s] -- The CXX compiler identification is GNU 11.4.0
[0.131s] -- Detecting C compiler ABI info
[0.194s] -- Detecting C compiler ABI info - done
[0.202s] -- Check for working C compiler: /usr/bin/cc - skipped
[0.202s] -- Detecting C compile features
[0.203s] -- Detecting C compile features - done
[0.206s] -- Detecting CXX compiler ABI info
[0.290s] -- Detecting CXX compiler ABI info - done
[0.299s] -- Check for working CXX compiler: /usr/bin/c++ - skipped
[0.300s] -- Detecting CXX compile features
[0.300s] -- Detecting CXX compile features - done
[0.307s] -- Found ament_cmake: 1.3.5 (/opt/ros/humble/share/ament_cmake/cmake)
[0.490s] -- Found Python3: /usr/bin/python3.10 (found version "3.10.12") found components: Interpreter 
[0.672s] -- Configuring done
[0.676s] -- Generating done
[0.676s] -- Build files have been written to: /home/ROS2_rUBot_mecanum_ws/build/my_robot_bringup
[0.680s] Invoked command in '/home/ROS2_rUBot_mecanum_ws/build/my_robot_bringup' returned '0': CMAKE_PREFIX_PATH=/home/ROS2_rUBot_mecanum_ws/install/my_robot_description:/home/ROS2_rUBot_mecanum_ws/install/my_robot_bringup:/home/ROS2_rUBot_mecanum_ws/install/gz_rosa_control:/home/ROS2_rUBot_mecanum_ws/install/gz_mecanum_control:/home/ROS2_rUBot_tutorial_ws/install/robot_bringup:/home/ROS2_rUBot_tutorial_ws/install/robot_description:/home/ROS2_rUBot_mecanum_ws/install/my_robot_control:/home/ROS2_rUBot_tutorial_ws/install/ros2_tutorial:/opt/ros/humble /usr/bin/cmake /home/ROS2_rUBot_mecanum_ws/src/my_robot_bringup -DCMAKE_INSTALL_PREFIX=/home/ROS2_rUBot_mecanum_ws/install/my_robot_bringup
[0.682s] Invoking command in '/home/ROS2_rUBot_mecanum_ws/build/my_robot_bringup': CMAKE_PREFIX_PATH=/home/ROS2_rUBot_mecanum_ws/install/my_robot_description:/home/ROS2_rUBot_mecanum_ws/install/my_robot_bringup:/home/ROS2_rUBot_mecanum_ws/install/gz_rosa_control:/home/ROS2_rUBot_mecanum_ws/install/gz_mecanum_control:/home/ROS2_rUBot_tutorial_ws/install/robot_bringup:/home/ROS2_rUBot_tutorial_ws/install/robot_description:/home/ROS2_rUBot_mecanum_ws/install/my_robot_control:/home/ROS2_rUBot_tutorial_ws/install/ros2_tutorial:/opt/ros/humble /usr/bin/cmake --build /home/ROS2_rUBot_mecanum_ws/build/my_robot_bringup -- -j8 -l8
[0.716s] Invoked command in '/home/ROS2_rUBot_mecanum_ws/build/my_robot_bringup' returned '0': CMAKE_PREFIX_PATH=/home/ROS2_rUBot_mecanum_ws/install/my_robot_description:/home/ROS2_rUBot_mecanum_ws/install/my_robot_bringup:/home/ROS2_rUBot_mecanum_ws/install/gz_rosa_control:/home/ROS2_rUBot_mecanum_ws/install/gz_mecanum_control:/home/ROS2_rUBot_tutorial_ws/install/robot_bringup:/home/ROS2_rUBot_tutorial_ws/install/robot_description:/home/ROS2_rUBot_mecanum_ws/install/my_robot_control:/home/ROS2_rUBot_tutorial_ws/install/ros2_tutorial:/opt/ros/humble /usr/bin/cmake --build /home/ROS2_rUBot_mecanum_ws/build/my_robot_bringup -- -j8 -l8
[0.734s] Invoking command in '/home/ROS2_rUBot_mecanum_ws/build/my_robot_bringup': CMAKE_PREFIX_PATH=/home/ROS2_rUBot_mecanum_ws/install/my_robot_description:/home/ROS2_rUBot_mecanum_ws/install/my_robot_bringup:/home/ROS2_rUBot_mecanum_ws/install/gz_rosa_control:/home/ROS2_rUBot_mecanum_ws/install/gz_mecanum_control:/home/ROS2_rUBot_tutorial_ws/install/robot_bringup:/home/ROS2_rUBot_tutorial_ws/install/robot_description:/home/ROS2_rUBot_mecanum_ws/install/my_robot_control:/home/ROS2_rUBot_tutorial_ws/install/ros2_tutorial:/opt/ros/humble /usr/bin/cmake --install /home/ROS2_rUBot_mecanum_ws/build/my_robot_bringup
[0.739s] -- Install configuration: ""
[0.739s] -- Up-to-date: /home/ROS2_rUBot_mecanum_ws/install/my_robot_bringup/share/my_robot_bringup//launch
[0.739s] -- Installing: /home/ROS2_rUBot_mecanum_ws/install/my_robot_bringup/share/my_robot_bringup//launch/my_robot_bringup_hw_pi.launch.xml
[0.739s] -- Up-to-date: /home/ROS2_rUBot_mecanum_ws/install/my_robot_bringup/share/my_robot_bringup//rviz
[0.739s] -- Up-to-date: /home/ROS2_rUBot_mecanum_ws/install/my_robot_bringup/share/my_robot_bringup//worlds
[0.739s] -- Installing: /home/ROS2_rUBot_mecanum_ws/install/my_robot_bringup/share/my_robot_bringup/package.dsv
[0.743s] Invoked command in '/home/ROS2_rUBot_mecanum_ws/build/my_robot_bringup' returned '0': CMAKE_PREFIX_PATH=/home/ROS2_rUBot_mecanum_ws/install/my_robot_description:/home/ROS2_rUBot_mecanum_ws/install/my_robot_bringup:/home/ROS2_rUBot_mecanum_ws/install/gz_rosa_control:/home/ROS2_rUBot_mecanum_ws/install/gz_mecanum_control:/home/ROS2_rUBot_tutorial_ws/install/robot_bringup:/home/ROS2_rUBot_tutorial_ws/install/robot_description:/home/ROS2_rUBot_mecanum_ws/install/my_robot_control:/home/ROS2_rUBot_tutorial_ws/install/ros2_tutorial:/opt/ros/humble /usr/bin/cmake --install /home/ROS2_rUBot_mecanum_ws/build/my_robot_bringup
