[0.017s] Invoking command in '/home/ROS2_rUBot_mecanum_ws/build/gz_rosa_control': CMAKE_PREFIX_PATH=${CMAKE_PREFIX_PATH}:/home/ROS2_rUBot_tutorial_ws/install/ros2_tutorial:/opt/ros/humble /usr/bin/cmake --build /home/ROS2_rUBot_mecanum_ws/build/gz_rosa_control -- -j8 -l8
[0.076s] [100%] Built target gazebo_ros_omni_drive
[0.086s] Invoked command in '/home/ROS2_rUBot_mecanum_ws/build/gz_rosa_control' returned '0': CMAKE_PREFIX_PATH=${CMAKE_PREFIX_PATH}:/home/ROS2_rUBot_tutorial_ws/install/ros2_tutorial:/opt/ros/humble /usr/bin/cmake --build /home/ROS2_rUBot_mecanum_ws/build/gz_rosa_control -- -j8 -l8
[0.108s] Invoking command in '/home/ROS2_rUBot_mecanum_ws/build/gz_rosa_control': CMAKE_PREFIX_PATH=${CMAKE_PREFIX_PATH}:/home/ROS2_rUBot_tutorial_ws/install/ros2_tutorial:/opt/ros/humble /usr/bin/cmake --install /home/ROS2_rUBot_mecanum_ws/build/gz_rosa_control
[0.114s] -- Install configuration: ""
[0.114s] -- Execute custom install script
[0.115s] -- Up-to-date symlink: /home/ROS2_rUBot_mecanum_ws/install/gz_rosa_control/share/gz_rosa_control/environment/library_path.sh
[0.115s] -- Up-to-date symlink: /home/ROS2_rUBot_mecanum_ws/install/gz_rosa_control/share/gz_rosa_control/environment/library_path.dsv
[0.115s] -- Up-to-date symlink: /home/ROS2_rUBot_mecanum_ws/install/gz_rosa_control/lib/libgazebo_ros_omni_drive.so
[0.115s] -- Up-to-date symlink: /home/ROS2_rUBot_mecanum_ws/install/gz_rosa_control/share/ament_index/resource_index/package_run_dependencies/gz_rosa_control
[0.116s] -- Up-to-date symlink: /home/ROS2_rUBot_mecanum_ws/install/gz_rosa_control/share/ament_index/resource_index/parent_prefix_path/gz_rosa_control
[0.116s] -- Up-to-date symlink: /home/ROS2_rUBot_mecanum_ws/install/gz_rosa_control/share/gz_rosa_control/environment/ament_prefix_path.sh
[0.117s] -- Up-to-date symlink: /home/ROS2_rUBot_mecanum_ws/install/gz_rosa_control/share/gz_rosa_control/environment/ament_prefix_path.dsv
[0.117s] -- Up-to-date symlink: /home/ROS2_rUBot_mecanum_ws/install/gz_rosa_control/share/gz_rosa_control/environment/path.sh
[0.117s] -- Up-to-date symlink: /home/ROS2_rUBot_mecanum_ws/install/gz_rosa_control/share/gz_rosa_control/environment/path.dsv
[0.117s] -- Up-to-date symlink: /home/ROS2_rUBot_mecanum_ws/install/gz_rosa_control/share/gz_rosa_control/local_setup.bash
[0.118s] -- Up-to-date symlink: /home/ROS2_rUBot_mecanum_ws/install/gz_rosa_control/share/gz_rosa_control/local_setup.sh
[0.118s] -- Up-to-date symlink: /home/ROS2_rUBot_mecanum_ws/install/gz_rosa_control/share/gz_rosa_control/local_setup.zsh
[0.118s] -- Up-to-date symlink: /home/ROS2_rUBot_mecanum_ws/install/gz_rosa_control/share/gz_rosa_control/local_setup.dsv
[0.118s] -- Symlinking: /home/ROS2_rUBot_mecanum_ws/install/gz_rosa_control/share/gz_rosa_control/package.dsv
[0.127s] -- Up-to-date symlink: /home/ROS2_rUBot_mecanum_ws/install/gz_rosa_control/share/ament_index/resource_index/packages/gz_rosa_control
[0.128s] -- Up-to-date symlink: /home/ROS2_rUBot_mecanum_ws/install/gz_rosa_control/share/gz_rosa_control/cmake/ament_cmake_export_libraries-extras.cmake
[0.128s] -- Up-to-date symlink: /home/ROS2_rUBot_mecanum_ws/install/gz_rosa_control/share/gz_rosa_control/cmake/gz_rosa_controlConfig.cmake
[0.128s] -- Up-to-date symlink: /home/ROS2_rUBot_mecanum_ws/install/gz_rosa_control/share/gz_rosa_control/cmake/gz_rosa_controlConfig-version.cmake
[0.128s] -- Up-to-date symlink: /home/ROS2_rUBot_mecanum_ws/install/gz_rosa_control/share/gz_rosa_control/package.xml
[0.147s] Invoked command in '/home/ROS2_rUBot_mecanum_ws/build/gz_rosa_control' returned '0': CMAKE_PREFIX_PATH=${CMAKE_PREFIX_PATH}:/home/ROS2_rUBot_tutorial_ws/install/ros2_tutorial:/opt/ros/humble /usr/bin/cmake --install /home/ROS2_rUBot_mecanum_ws/build/gz_rosa_control
