[0.713s] Invoking command in '/home/ROS2_rUBot_mecanum_ws/build/my_robot_control': PYTHONPATH=/home/ROS2_rUBot_mecanum_ws/build/my_robot_control/prefix_override:/home/ROS2_rUBot_mecanum_ws/install/my_robot_control/lib/python3.10/site-packages:${PYTHONPATH} /usr/bin/python3 setup.py develop --uninstall --editable --build-directory /home/ROS2_rUBot_mecanum_ws/build/my_robot_control/build
[0.961s] running develop
[1.142s] Invoked command in '/home/ROS2_rUBot_mecanum_ws/build/my_robot_control' returned '0': PYTHONPATH=/home/ROS2_rUBot_mecanum_ws/build/my_robot_control/prefix_override:/home/ROS2_rUBot_mecanum_ws/install/my_robot_control/lib/python3.10/site-packages:${PYTHONPATH} /usr/bin/python3 setup.py develop --uninstall --editable --build-directory /home/ROS2_rUBot_mecanum_ws/build/my_robot_control/build
[1.144s] Invoking command in '/home/ROS2_rUBot_mecanum_ws/src/my_robot_control': PYTHONPATH=/home/ROS2_rUBot_mecanum_ws/build/my_robot_control/prefix_override:/home/ROS2_rUBot_mecanum_ws/install/my_robot_control/lib/python3.10/site-packages:${PYTHONPATH} /usr/bin/python3 setup.py egg_info --egg-base ../../build/my_robot_control build --build-base /home/ROS2_rUBot_mecanum_ws/build/my_robot_control/build install --record /home/ROS2_rUBot_mecanum_ws/build/my_robot_control/install.log --single-version-externally-managed
[1.378s] running egg_info
[1.379s] writing ../../build/my_robot_control/my_robot_control.egg-info/PKG-INFO
[1.380s] writing dependency_links to ../../build/my_robot_control/my_robot_control.egg-info/dependency_links.txt
[1.380s] writing entry points to ../../build/my_robot_control/my_robot_control.egg-info/entry_points.txt
[1.380s] writing requirements to ../../build/my_robot_control/my_robot_control.egg-info/requires.txt
[1.380s] writing top-level names to ../../build/my_robot_control/my_robot_control.egg-info/top_level.txt
[1.382s] reading manifest file '../../build/my_robot_control/my_robot_control.egg-info/SOURCES.txt'
[1.382s] writing manifest file '../../build/my_robot_control/my_robot_control.egg-info/SOURCES.txt'
[1.383s] running build
[1.383s] running build_py
[1.383s] running install
[1.383s] running install_lib
[1.384s] running install_data
[1.385s] running install_egg_info
[1.386s] removing '/home/ROS2_rUBot_mecanum_ws/install/my_robot_control/lib/python3.10/site-packages/my_robot_control-0.0.0-py3.10.egg-info' (and everything under it)
[1.386s] Copying ../../build/my_robot_control/my_robot_control.egg-info to /home/ROS2_rUBot_mecanum_ws/install/my_robot_control/lib/python3.10/site-packages/my_robot_control-0.0.0-py3.10.egg-info
[1.387s] running install_scripts
[1.407s] Installing my_robot_control_node script to /home/ROS2_rUBot_mecanum_ws/install/my_robot_control/lib/my_robot_control
[1.408s] Installing my_robot_selfcontrol_node script to /home/ROS2_rUBot_mecanum_ws/install/my_robot_control/lib/my_robot_control
[1.408s] writing list of installed files to '/home/ROS2_rUBot_mecanum_ws/build/my_robot_control/install.log'
[1.429s] Invoked command in '/home/ROS2_rUBot_mecanum_ws/src/my_robot_control' returned '0': PYTHONPATH=/home/ROS2_rUBot_mecanum_ws/build/my_robot_control/prefix_override:/home/ROS2_rUBot_mecanum_ws/install/my_robot_control/lib/python3.10/site-packages:${PYTHONPATH} /usr/bin/python3 setup.py egg_info --egg-base ../../build/my_robot_control build --build-base /home/ROS2_rUBot_mecanum_ws/build/my_robot_control/build install --record /home/ROS2_rUBot_mecanum_ws/build/my_robot_control/install.log --single-version-externally-managed
