[3.946s] Invoking command in '/home/ROS2_rUBot_mecanum_ws/src/my_robot_control': PYTHONPATH=/home/ROS2_rUBot_mecanum_ws/build/my_robot_control/prefix_override:/home/ROS2_rUBot_mecanum_ws/install/my_robot_control/lib/python3.10/site-packages:${PYTHONPATH} /usr/bin/python3 setup.py egg_info --egg-base ../../build/my_robot_control build --build-base /home/ROS2_rUBot_mecanum_ws/build/my_robot_control/build install --record /home/ROS2_rUBot_mecanum_ws/build/my_robot_control/install.log --single-version-externally-managed
[4.367s] running egg_info
[4.367s] writing ../../build/my_robot_control/my_robot_control.egg-info/PKG-INFO
[4.367s] writing dependency_links to ../../build/my_robot_control/my_robot_control.egg-info/dependency_links.txt
[4.368s] writing entry points to ../../build/my_robot_control/my_robot_control.egg-info/entry_points.txt
[4.368s] writing requirements to ../../build/my_robot_control/my_robot_control.egg-info/requires.txt
[4.368s] writing top-level names to ../../build/my_robot_control/my_robot_control.egg-info/top_level.txt
[4.370s] reading manifest file '../../build/my_robot_control/my_robot_control.egg-info/SOURCES.txt'
[4.373s] writing manifest file '../../build/my_robot_control/my_robot_control.egg-info/SOURCES.txt'
[4.373s] running build
[4.373s] running build_py
[4.373s] copying my_robot_control/my_robot_selfcontrol.py -> /home/ROS2_rUBot_mecanum_ws/build/my_robot_control/build/lib/my_robot_control
[4.373s] running install
[4.374s] running install_lib
[4.375s] copying /home/ROS2_rUBot_mecanum_ws/build/my_robot_control/build/lib/my_robot_control/my_robot_selfcontrol.py -> /home/ROS2_rUBot_mecanum_ws/install/my_robot_control/lib/python3.10/site-packages/my_robot_control
[4.375s] byte-compiling /home/ROS2_rUBot_mecanum_ws/install/my_robot_control/lib/python3.10/site-packages/my_robot_control/my_robot_selfcontrol.py to my_robot_selfcontrol.cpython-310.pyc
[4.376s] running install_data
[4.377s] copying launch/my_robot_selfcontrol.launch.xml -> /home/ROS2_rUBot_mecanum_ws/install/my_robot_control/share/my_robot_control
[4.377s] running install_egg_info
[4.379s] removing '/home/ROS2_rUBot_mecanum_ws/install/my_robot_control/lib/python3.10/site-packages/my_robot_control-0.0.0-py3.10.egg-info' (and everything under it)
[4.379s] Copying ../../build/my_robot_control/my_robot_control.egg-info to /home/ROS2_rUBot_mecanum_ws/install/my_robot_control/lib/python3.10/site-packages/my_robot_control-0.0.0-py3.10.egg-info
[4.381s] running install_scripts
[4.404s] Installing my_robot_control_node script to /home/ROS2_rUBot_mecanum_ws/install/my_robot_control/lib/my_robot_control
[4.404s] Installing my_robot_selfcontrol_node script to /home/ROS2_rUBot_mecanum_ws/install/my_robot_control/lib/my_robot_control
[4.406s] writing list of installed files to '/home/ROS2_rUBot_mecanum_ws/build/my_robot_control/install.log'
[4.447s] Invoked command in '/home/ROS2_rUBot_mecanum_ws/src/my_robot_control' returned '0': PYTHONPATH=/home/ROS2_rUBot_mecanum_ws/build/my_robot_control/prefix_override:/home/ROS2_rUBot_mecanum_ws/install/my_robot_control/lib/python3.10/site-packages:${PYTHONPATH} /usr/bin/python3 setup.py egg_info --egg-base ../../build/my_robot_control build --build-base /home/ROS2_rUBot_mecanum_ws/build/my_robot_control/build install --record /home/ROS2_rUBot_mecanum_ws/build/my_robot_control/install.log --single-version-externally-managed
