[0.010s] Invoking command in '/home/ROS2_rUBot_mecanum_ws/build/my_robot_bringup': CMAKE_PREFIX_PATH=/home/ROS2_rUBot_mecanum_ws/install/my_robot_description:/home/ROS2_rUBot_mecanum_ws/install/my_robot_bringup:/home/ROS2_rUBot_tutorial_ws/install/robot_bringup:/home/ROS2_rUBot_tutorial_ws/install/robot_description:/home/ROS2_rUBot_tutorial_ws/install/ros2_tutorial:/opt/ros/humble /usr/bin/cmake /home/ROS2_rUBot_mecanum_ws/src/my_robot_bringup -DAMENT_CMAKE_SYMLINK_INSTALL=1 -DCMAKE_INSTALL_PREFIX=/home/ROS2_rUBot_mecanum_ws/install/my_robot_bringup
[0.022s] -- Found ament_cmake: 1.3.5 (/opt/ros/humble/share/ament_cmake/cmake)
[0.141s] -- Override CMake install command with custom implementation using symlinks instead of copying resources
[0.218s] -- Configuring done
[0.225s] -- Generating done
[0.226s] -- Build files have been written to: /home/ROS2_rUBot_mecanum_ws/build/my_robot_bringup
[0.229s] Invoked command in '/home/ROS2_rUBot_mecanum_ws/build/my_robot_bringup' returned '0': CMAKE_PREFIX_PATH=/home/ROS2_rUBot_mecanum_ws/install/my_robot_description:/home/ROS2_rUBot_mecanum_ws/install/my_robot_bringup:/home/ROS2_rUBot_tutorial_ws/install/robot_bringup:/home/ROS2_rUBot_tutorial_ws/install/robot_description:/home/ROS2_rUBot_tutorial_ws/install/ros2_tutorial:/opt/ros/humble /usr/bin/cmake /home/ROS2_rUBot_mecanum_ws/src/my_robot_bringup -DAMENT_CMAKE_SYMLINK_INSTALL=1 -DCMAKE_INSTALL_PREFIX=/home/ROS2_rUBot_mecanum_ws/install/my_robot_bringup
[0.230s] Invoking command in '/home/ROS2_rUBot_mecanum_ws/build/my_robot_bringup': CMAKE_PREFIX_PATH=/home/ROS2_rUBot_mecanum_ws/install/my_robot_description:/home/ROS2_rUBot_mecanum_ws/install/my_robot_bringup:/home/ROS2_rUBot_tutorial_ws/install/robot_bringup:/home/ROS2_rUBot_tutorial_ws/install/robot_description:/home/ROS2_rUBot_tutorial_ws/install/ros2_tutorial:/opt/ros/humble /usr/bin/cmake --build /home/ROS2_rUBot_mecanum_ws/build/my_robot_bringup -- -j8 -l8
[0.259s] Invoked command in '/home/ROS2_rUBot_mecanum_ws/build/my_robot_bringup' returned '0': CMAKE_PREFIX_PATH=/home/ROS2_rUBot_mecanum_ws/install/my_robot_description:/home/ROS2_rUBot_mecanum_ws/install/my_robot_bringup:/home/ROS2_rUBot_tutorial_ws/install/robot_bringup:/home/ROS2_rUBot_tutorial_ws/install/robot_description:/home/ROS2_rUBot_tutorial_ws/install/ros2_tutorial:/opt/ros/humble /usr/bin/cmake --build /home/ROS2_rUBot_mecanum_ws/build/my_robot_bringup -- -j8 -l8
[0.278s] Invoking command in '/home/ROS2_rUBot_mecanum_ws/build/my_robot_bringup': CMAKE_PREFIX_PATH=/home/ROS2_rUBot_mecanum_ws/install/my_robot_description:/home/ROS2_rUBot_mecanum_ws/install/my_robot_bringup:/home/ROS2_rUBot_tutorial_ws/install/robot_bringup:/home/ROS2_rUBot_tutorial_ws/install/robot_description:/home/ROS2_rUBot_tutorial_ws/install/ros2_tutorial:/opt/ros/humble /usr/bin/cmake --install /home/ROS2_rUBot_mecanum_ws/build/my_robot_bringup
[0.283s] -- Install configuration: ""
[0.284s] -- Execute custom install script
[0.284s] -- Symlinking: /home/ROS2_rUBot_mecanum_ws/install/my_robot_bringup/share/my_robot_bringup//launch/my_robot_gazebo.launch.xml
[0.292s] -- Symlinking: /home/ROS2_rUBot_mecanum_ws/install/my_robot_bringup/share/my_robot_bringup//rviz/urdf_config.rviz
[0.298s] -- Symlinking: /home/ROS2_rUBot_mecanum_ws/install/my_robot_bringup/share/my_robot_bringup//worlds/square.world
[0.304s] -- Symlinking: /home/ROS2_rUBot_mecanum_ws/install/my_robot_bringup/share/my_robot_bringup//worlds/square2.world
[0.310s] -- Symlinking: /home/ROS2_rUBot_mecanum_ws/install/my_robot_bringup/share/my_robot_bringup//worlds/test_world.world
[0.316s] -- Symlinking: /home/ROS2_rUBot_mecanum_ws/install/my_robot_bringup/share/ament_index/resource_index/package_run_dependencies/my_robot_bringup
[0.322s] -- Symlinking: /home/ROS2_rUBot_mecanum_ws/install/my_robot_bringup/share/ament_index/resource_index/parent_prefix_path/my_robot_bringup
[0.328s] -- Symlinking: /home/ROS2_rUBot_mecanum_ws/install/my_robot_bringup/share/my_robot_bringup/environment/ament_prefix_path.sh
[0.334s] -- Symlinking: /home/ROS2_rUBot_mecanum_ws/install/my_robot_bringup/share/my_robot_bringup/environment/ament_prefix_path.dsv
[0.340s] -- Symlinking: /home/ROS2_rUBot_mecanum_ws/install/my_robot_bringup/share/my_robot_bringup/environment/path.sh
[0.346s] -- Symlinking: /home/ROS2_rUBot_mecanum_ws/install/my_robot_bringup/share/my_robot_bringup/environment/path.dsv
[0.352s] -- Symlinking: /home/ROS2_rUBot_mecanum_ws/install/my_robot_bringup/share/my_robot_bringup/local_setup.bash
[0.357s] -- Symlinking: /home/ROS2_rUBot_mecanum_ws/install/my_robot_bringup/share/my_robot_bringup/local_setup.sh
[0.363s] -- Symlinking: /home/ROS2_rUBot_mecanum_ws/install/my_robot_bringup/share/my_robot_bringup/local_setup.zsh
[0.369s] -- Symlinking: /home/ROS2_rUBot_mecanum_ws/install/my_robot_bringup/share/my_robot_bringup/local_setup.dsv
[0.375s] -- Symlinking: /home/ROS2_rUBot_mecanum_ws/install/my_robot_bringup/share/my_robot_bringup/package.dsv
[0.383s] -- Symlinking: /home/ROS2_rUBot_mecanum_ws/install/my_robot_bringup/share/ament_index/resource_index/packages/my_robot_bringup
[0.389s] -- Symlinking: /home/ROS2_rUBot_mecanum_ws/install/my_robot_bringup/share/my_robot_bringup/cmake/my_robot_bringupConfig.cmake
[0.396s] -- Symlinking: /home/ROS2_rUBot_mecanum_ws/install/my_robot_bringup/share/my_robot_bringup/cmake/my_robot_bringupConfig-version.cmake
[0.401s] -- Symlinking: /home/ROS2_rUBot_mecanum_ws/install/my_robot_bringup/share/my_robot_bringup/package.xml
[0.412s] Invoked command in '/home/ROS2_rUBot_mecanum_ws/build/my_robot_bringup' returned '0': CMAKE_PREFIX_PATH=/home/ROS2_rUBot_mecanum_ws/install/my_robot_description:/home/ROS2_rUBot_mecanum_ws/install/my_robot_bringup:/home/ROS2_rUBot_tutorial_ws/install/robot_bringup:/home/ROS2_rUBot_tutorial_ws/install/robot_description:/home/ROS2_rUBot_tutorial_ws/install/ros2_tutorial:/opt/ros/humble /usr/bin/cmake --install /home/ROS2_rUBot_mecanum_ws/build/my_robot_bringup
