[0.097s] Invoking command in '/home/ROS2_rUBot_mecanum_ws/build/teleop_twist_joy': CMAKE_PREFIX_PATH=${CMAKE_PREFIX_PATH}:/home/ROS2_rUBot_tutorial_ws/install/ros2_tutorial:/opt/ros/humble /usr/bin/cmake --build /home/ROS2_rUBot_mecanum_ws/build/teleop_twist_joy -- -j8 -l8
[0.357s] [ 50%] Built target teleop_twist_joy
[0.502s] [100%] Built target teleop_twist_joy_node
[0.537s] Invoked command in '/home/ROS2_rUBot_mecanum_ws/build/teleop_twist_joy' returned '0': CMAKE_PREFIX_PATH=${CMAKE_PREFIX_PATH}:/home/ROS2_rUBot_tutorial_ws/install/ros2_tutorial:/opt/ros/humble /usr/bin/cmake --build /home/ROS2_rUBot_mecanum_ws/build/teleop_twist_joy -- -j8 -l8
[0.877s] Invoking command in '/home/ROS2_rUBot_mecanum_ws/build/teleop_twist_joy': CMAKE_PREFIX_PATH=${CMAKE_PREFIX_PATH}:/home/ROS2_rUBot_tutorial_ws/install/ros2_tutorial:/opt/ros/humble /usr/bin/cmake --install /home/ROS2_rUBot_mecanum_ws/build/teleop_twist_joy
[0.902s] -- Install configuration: ""
[0.902s] -- Up-to-date: /home/ROS2_rUBot_mecanum_ws/install/teleop_twist_joy/lib/libteleop_twist_joy.so
[0.902s] -- Up-to-date: /home/ROS2_rUBot_mecanum_ws/install/teleop_twist_joy/lib/teleop_twist_joy/teleop_node
[0.902s] -- Up-to-date: /home/ROS2_rUBot_mecanum_ws/install/teleop_twist_joy/include/teleop_twist_joy
[0.902s] -- Up-to-date: /home/ROS2_rUBot_mecanum_ws/install/teleop_twist_joy/include/teleop_twist_joy/teleop_twist_joy
[0.902s] -- Up-to-date: /home/ROS2_rUBot_mecanum_ws/install/teleop_twist_joy/include/teleop_twist_joy/teleop_twist_joy/teleop_twist_joy.hpp
[0.903s] -- Up-to-date: /home/ROS2_rUBot_mecanum_ws/install/teleop_twist_joy/include/teleop_twist_joy/teleop_twist_joy/teleop_twist_joy_export.h
[0.903s] -- Up-to-date: /home/ROS2_rUBot_mecanum_ws/install/teleop_twist_joy/share/teleop_twist_joy/launch
[0.903s] -- Up-to-date: /home/ROS2_rUBot_mecanum_ws/install/teleop_twist_joy/share/teleop_twist_joy/launch/teleop-launch.py
[0.903s] -- Up-to-date: /home/ROS2_rUBot_mecanum_ws/install/teleop_twist_joy/share/teleop_twist_joy/config
[0.903s] -- Up-to-date: /home/ROS2_rUBot_mecanum_ws/install/teleop_twist_joy/share/teleop_twist_joy/config/atk3.config.yaml
[0.903s] -- Up-to-date: /home/ROS2_rUBot_mecanum_ws/install/teleop_twist_joy/share/teleop_twist_joy/config/ps3-holonomic.config.yaml
[0.904s] -- Up-to-date: /home/ROS2_rUBot_mecanum_ws/install/teleop_twist_joy/share/teleop_twist_joy/config/xd3.config.yaml
[0.904s] -- Up-to-date: /home/ROS2_rUBot_mecanum_ws/install/teleop_twist_joy/share/teleop_twist_joy/config/xbox.config.yaml
[0.904s] -- Up-to-date: /home/ROS2_rUBot_mecanum_ws/install/teleop_twist_joy/share/teleop_twist_joy/config/ps3.config.yaml
[0.904s] -- Up-to-date: /home/ROS2_rUBot_mecanum_ws/install/teleop_twist_joy/share/teleop_twist_joy/environment/library_path.sh
[0.904s] -- Up-to-date: /home/ROS2_rUBot_mecanum_ws/install/teleop_twist_joy/share/teleop_twist_joy/environment/library_path.dsv
[0.904s] -- Up-to-date: /home/ROS2_rUBot_mecanum_ws/install/teleop_twist_joy/share/ament_index/resource_index/package_run_dependencies/teleop_twist_joy
[0.904s] -- Up-to-date: /home/ROS2_rUBot_mecanum_ws/install/teleop_twist_joy/share/ament_index/resource_index/parent_prefix_path/teleop_twist_joy
[0.904s] -- Up-to-date: /home/ROS2_rUBot_mecanum_ws/install/teleop_twist_joy/share/teleop_twist_joy/environment/ament_prefix_path.sh
[0.904s] -- Up-to-date: /home/ROS2_rUBot_mecanum_ws/install/teleop_twist_joy/share/teleop_twist_joy/environment/ament_prefix_path.dsv
[0.904s] -- Up-to-date: /home/ROS2_rUBot_mecanum_ws/install/teleop_twist_joy/share/teleop_twist_joy/environment/path.sh
[0.905s] -- Up-to-date: /home/ROS2_rUBot_mecanum_ws/install/teleop_twist_joy/share/teleop_twist_joy/environment/path.dsv
[0.905s] -- Up-to-date: /home/ROS2_rUBot_mecanum_ws/install/teleop_twist_joy/share/teleop_twist_joy/local_setup.bash
[0.905s] -- Up-to-date: /home/ROS2_rUBot_mecanum_ws/install/teleop_twist_joy/share/teleop_twist_joy/local_setup.sh
[0.905s] -- Up-to-date: /home/ROS2_rUBot_mecanum_ws/install/teleop_twist_joy/share/teleop_twist_joy/local_setup.zsh
[0.905s] -- Up-to-date: /home/ROS2_rUBot_mecanum_ws/install/teleop_twist_joy/share/teleop_twist_joy/local_setup.dsv
[0.905s] -- Installing: /home/ROS2_rUBot_mecanum_ws/install/teleop_twist_joy/share/teleop_twist_joy/package.dsv
[0.905s] -- Up-to-date: /home/ROS2_rUBot_mecanum_ws/install/teleop_twist_joy/share/ament_index/resource_index/packages/teleop_twist_joy
[0.905s] -- Up-to-date: /home/ROS2_rUBot_mecanum_ws/install/teleop_twist_joy/share/ament_index/resource_index/rclcpp_components/teleop_twist_joy
[0.905s] -- Up-to-date: /home/ROS2_rUBot_mecanum_ws/install/teleop_twist_joy/share/teleop_twist_joy/cmake/export_teleop_twist_joyExport.cmake
[0.905s] -- Up-to-date: /home/ROS2_rUBot_mecanum_ws/install/teleop_twist_joy/share/teleop_twist_joy/cmake/export_teleop_twist_joyExport-noconfig.cmake
[0.905s] -- Up-to-date: /home/ROS2_rUBot_mecanum_ws/install/teleop_twist_joy/share/teleop_twist_joy/cmake/ament_cmake_export_include_directories-extras.cmake
[0.906s] -- Up-to-date: /home/ROS2_rUBot_mecanum_ws/install/teleop_twist_joy/share/teleop_twist_joy/cmake/ament_cmake_export_libraries-extras.cmake
[0.906s] -- Up-to-date: /home/ROS2_rUBot_mecanum_ws/install/teleop_twist_joy/share/teleop_twist_joy/cmake/ament_cmake_export_targets-extras.cmake
[0.906s] -- Up-to-date: /home/ROS2_rUBot_mecanum_ws/install/teleop_twist_joy/share/teleop_twist_joy/cmake/teleop_twist_joyConfig.cmake
[0.906s] -- Up-to-date: /home/ROS2_rUBot_mecanum_ws/install/teleop_twist_joy/share/teleop_twist_joy/cmake/teleop_twist_joyConfig-version.cmake
[0.906s] -- Up-to-date: /home/ROS2_rUBot_mecanum_ws/install/teleop_twist_joy/share/teleop_twist_joy/package.xml
[0.906s] Invoked command in '/home/ROS2_rUBot_mecanum_ws/build/teleop_twist_joy' returned '0': CMAKE_PREFIX_PATH=${CMAKE_PREFIX_PATH}:/home/ROS2_rUBot_tutorial_ws/install/ros2_tutorial:/opt/ros/humble /usr/bin/cmake --install /home/ROS2_rUBot_mecanum_ws/build/teleop_twist_joy
