[0.720s] Invoking command in '/home/ROS2_rUBot_mecanum_ws/src/my_robot_control': PYTHONPATH=/home/ROS2_rUBot_mecanum_ws/build/my_robot_control/prefix_override:/home/ROS2_rUBot_mecanum_ws/install/my_robot_control/lib/python3.10/site-packages:${PYTHONPATH} /usr/bin/python3 setup.py egg_info --egg-base ../../build/my_robot_control build --build-base /home/ROS2_rUBot_mecanum_ws/build/my_robot_control/build install --record /home/ROS2_rUBot_mecanum_ws/build/my_robot_control/install.log --single-version-externally-managed
[0.974s] running egg_info
[0.975s] writing ../../build/my_robot_control/my_robot_control.egg-info/PKG-INFO
[0.975s] writing dependency_links to ../../build/my_robot_control/my_robot_control.egg-info/dependency_links.txt
[0.975s] writing entry points to ../../build/my_robot_control/my_robot_control.egg-info/entry_points.txt
[0.976s] writing requirements to ../../build/my_robot_control/my_robot_control.egg-info/requires.txt
[0.976s] writing top-level names to ../../build/my_robot_control/my_robot_control.egg-info/top_level.txt
[0.977s] reading manifest file '../../build/my_robot_control/my_robot_control.egg-info/SOURCES.txt'
[0.978s] writing manifest file '../../build/my_robot_control/my_robot_control.egg-info/SOURCES.txt'
[0.978s] running build
[0.978s] running build_py
[0.978s] copying my_robot_control/my_robot_control.py -> /home/ROS2_rUBot_mecanum_ws/build/my_robot_control/build/lib/my_robot_control
[0.978s] running install
[0.979s] running install_lib
[0.979s] copying /home/ROS2_rUBot_mecanum_ws/build/my_robot_control/build/lib/my_robot_control/my_robot_control.py -> /home/ROS2_rUBot_mecanum_ws/install/my_robot_control/lib/python3.10/site-packages/my_robot_control
[0.980s] byte-compiling /home/ROS2_rUBot_mecanum_ws/install/my_robot_control/lib/python3.10/site-packages/my_robot_control/my_robot_control.py to my_robot_control.cpython-310.pyc
[0.980s] running install_data
[0.981s] running install_egg_info
[0.982s] removing '/home/ROS2_rUBot_mecanum_ws/install/my_robot_control/lib/python3.10/site-packages/my_robot_control-0.0.0-py3.10.egg-info' (and everything under it)
[0.982s] Copying ../../build/my_robot_control/my_robot_control.egg-info to /home/ROS2_rUBot_mecanum_ws/install/my_robot_control/lib/python3.10/site-packages/my_robot_control-0.0.0-py3.10.egg-info
[0.983s] running install_scripts
[1.002s] Installing my_robot_control_node script to /home/ROS2_rUBot_mecanum_ws/install/my_robot_control/lib/my_robot_control
[1.002s] writing list of installed files to '/home/ROS2_rUBot_mecanum_ws/build/my_robot_control/install.log'
[1.023s] Invoked command in '/home/ROS2_rUBot_mecanum_ws/src/my_robot_control' returned '0': PYTHONPATH=/home/ROS2_rUBot_mecanum_ws/build/my_robot_control/prefix_override:/home/ROS2_rUBot_mecanum_ws/install/my_robot_control/lib/python3.10/site-packages:${PYTHONPATH} /usr/bin/python3 setup.py egg_info --egg-base ../../build/my_robot_control build --build-base /home/ROS2_rUBot_mecanum_ws/build/my_robot_control/build install --record /home/ROS2_rUBot_mecanum_ws/build/my_robot_control/install.log --single-version-externally-managed
