[0.267s] Invoking command in '/home/ROS2_rUBot_mecanum_ws/build/my_robot_description': CMAKE_PREFIX_PATH=${CMAKE_PREFIX_PATH}:/home/ROS2_rUBot_tutorial_ws/install/ros2_tutorial:/opt/ros/humble /usr/bin/cmake --build /home/ROS2_rUBot_mecanum_ws/build/my_robot_description -- -j8 -l8
[0.814s] Invoked command in '/home/ROS2_rUBot_mecanum_ws/build/my_robot_description' returned '0': CMAKE_PREFIX_PATH=${CMAKE_PREFIX_PATH}:/home/ROS2_rUBot_tutorial_ws/install/ros2_tutorial:/opt/ros/humble /usr/bin/cmake --build /home/ROS2_rUBot_mecanum_ws/build/my_robot_description -- -j8 -l8
[0.889s] Invoking command in '/home/ROS2_rUBot_mecanum_ws/build/my_robot_description': CMAKE_PREFIX_PATH=${CMAKE_PREFIX_PATH}:/home/ROS2_rUBot_tutorial_ws/install/ros2_tutorial:/opt/ros/humble /usr/bin/cmake --install /home/ROS2_rUBot_mecanum_ws/build/my_robot_description
[0.909s] -- Install configuration: ""
[0.918s] -- Execute custom install script
[0.922s] -- Up-to-date symlink: /home/ROS2_rUBot_mecanum_ws/install/my_robot_description/share/my_robot_description//urdf/arm.xacro
[0.924s] -- Up-to-date symlink: /home/ROS2_rUBot_mecanum_ws/install/my_robot_description/share/my_robot_description//urdf/arm_gazebo.xacro
[0.925s] -- Up-to-date symlink: /home/ROS2_rUBot_mecanum_ws/install/my_robot_description/share/my_robot_description//urdf/camera.xacro
[0.929s] -- Up-to-date symlink: /home/ROS2_rUBot_mecanum_ws/install/my_robot_description/share/my_robot_description//urdf/common_properties.xacro
[0.933s] -- Up-to-date symlink: /home/ROS2_rUBot_mecanum_ws/install/my_robot_description/share/my_robot_description//urdf/lidar.xacro
[0.934s] -- Up-to-date symlink: /home/ROS2_rUBot_mecanum_ws/install/my_robot_description/share/my_robot_description//urdf/mecanum_base_gazebo.xacro
[0.935s] -- Up-to-date symlink: /home/ROS2_rUBot_mecanum_ws/install/my_robot_description/share/my_robot_description//urdf/mecanum_mobile_base.xacro
[0.937s] -- Up-to-date symlink: /home/ROS2_rUBot_mecanum_ws/install/my_robot_description/share/my_robot_description//urdf/mobile_base.xacro
[0.939s] -- Up-to-date symlink: /home/ROS2_rUBot_mecanum_ws/install/my_robot_description/share/my_robot_description//urdf/mobile_base_gazebo.xacro
[0.940s] -- Up-to-date symlink: /home/ROS2_rUBot_mecanum_ws/install/my_robot_description/share/my_robot_description//urdf/my_mecanum_robot.urdf.xacro
[0.942s] -- Up-to-date symlink: /home/ROS2_rUBot_mecanum_ws/install/my_robot_description/share/my_robot_description//urdf/my_robot.urdf.xacro
[0.944s] -- Up-to-date symlink: /home/ROS2_rUBot_mecanum_ws/install/my_robot_description/share/my_robot_description//urdf/rubot_mpuig2.urdf
[0.946s] -- Up-to-date symlink: /home/ROS2_rUBot_mecanum_ws/install/my_robot_description/share/my_robot_description//urdf/standalone_arm.urdf.xacro
[0.952s] -- Up-to-date symlink: /home/ROS2_rUBot_mecanum_ws/install/my_robot_description/share/my_robot_description//launch/display.launch.py
[0.957s] -- Up-to-date symlink: /home/ROS2_rUBot_mecanum_ws/install/my_robot_description/share/my_robot_description//launch/display.launch.xml
[0.968s] -- Up-to-date symlink: /home/ROS2_rUBot_mecanum_ws/install/my_robot_description/share/my_robot_description//rviz/urdf_config.rviz
[0.971s] -- Up-to-date symlink: /home/ROS2_rUBot_mecanum_ws/install/my_robot_description/share/ament_index/resource_index/package_run_dependencies/my_robot_description
[0.972s] -- Up-to-date symlink: /home/ROS2_rUBot_mecanum_ws/install/my_robot_description/share/ament_index/resource_index/parent_prefix_path/my_robot_description
[0.976s] -- Up-to-date symlink: /home/ROS2_rUBot_mecanum_ws/install/my_robot_description/share/my_robot_description/environment/ament_prefix_path.sh
[0.978s] -- Up-to-date symlink: /home/ROS2_rUBot_mecanum_ws/install/my_robot_description/share/my_robot_description/environment/ament_prefix_path.dsv
[0.978s] -- Up-to-date symlink: /home/ROS2_rUBot_mecanum_ws/install/my_robot_description/share/my_robot_description/environment/path.sh
[0.979s] -- Up-to-date symlink: /home/ROS2_rUBot_mecanum_ws/install/my_robot_description/share/my_robot_description/environment/path.dsv
[0.981s] -- Up-to-date symlink: /home/ROS2_rUBot_mecanum_ws/install/my_robot_description/share/my_robot_description/local_setup.bash
[0.990s] -- Up-to-date symlink: /home/ROS2_rUBot_mecanum_ws/install/my_robot_description/share/my_robot_description/local_setup.sh
[0.993s] -- Up-to-date symlink: /home/ROS2_rUBot_mecanum_ws/install/my_robot_description/share/my_robot_description/local_setup.zsh
[0.995s] -- Up-to-date symlink: /home/ROS2_rUBot_mecanum_ws/install/my_robot_description/share/my_robot_description/local_setup.dsv
[0.995s] -- Symlinking: /home/ROS2_rUBot_mecanum_ws/install/my_robot_description/share/my_robot_description/package.dsv
[1.030s] -- Up-to-date symlink: /home/ROS2_rUBot_mecanum_ws/install/my_robot_description/share/ament_index/resource_index/packages/my_robot_description
[1.030s] -- Up-to-date symlink: /home/ROS2_rUBot_mecanum_ws/install/my_robot_description/share/my_robot_description/cmake/my_robot_descriptionConfig.cmake
[1.032s] -- Up-to-date symlink: /home/ROS2_rUBot_mecanum_ws/install/my_robot_description/share/my_robot_description/cmake/my_robot_descriptionConfig-version.cmake
[1.034s] -- Up-to-date symlink: /home/ROS2_rUBot_mecanum_ws/install/my_robot_description/share/my_robot_description/package.xml
[1.038s] Invoked command in '/home/ROS2_rUBot_mecanum_ws/build/my_robot_description' returned '0': CMAKE_PREFIX_PATH=${CMAKE_PREFIX_PATH}:/home/ROS2_rUBot_tutorial_ws/install/ros2_tutorial:/opt/ros/humble /usr/bin/cmake --install /home/ROS2_rUBot_mecanum_ws/build/my_robot_description
