[0.192s] Invoking command in '/home/ROS2_rUBot_mecanum_ws/build/my_robot_description': CMAKE_PREFIX_PATH=${CMAKE_PREFIX_PATH}:/home/ROS2_rUBot_mecanum_ws/install/my_robot_control:/home/ROS2_rUBot_tutorial_ws/install/ros2_tutorial:/opt/ros/humble /usr/bin/cmake --build /home/ROS2_rUBot_mecanum_ws/build/my_robot_description -- -j8 -l8
[1.129s] Invoked command in '/home/ROS2_rUBot_mecanum_ws/build/my_robot_description' returned '0': CMAKE_PREFIX_PATH=${CMAKE_PREFIX_PATH}:/home/ROS2_rUBot_mecanum_ws/install/my_robot_control:/home/ROS2_rUBot_tutorial_ws/install/ros2_tutorial:/opt/ros/humble /usr/bin/cmake --build /home/ROS2_rUBot_mecanum_ws/build/my_robot_description -- -j8 -l8
[1.420s] Invoking command in '/home/ROS2_rUBot_mecanum_ws/build/my_robot_description': CMAKE_PREFIX_PATH=${CMAKE_PREFIX_PATH}:/home/ROS2_rUBot_mecanum_ws/install/my_robot_control:/home/ROS2_rUBot_tutorial_ws/install/ros2_tutorial:/opt/ros/humble /usr/bin/cmake --install /home/ROS2_rUBot_mecanum_ws/build/my_robot_description
[1.450s] -- Install configuration: ""
[1.450s] -- Execute custom install script
[1.454s] -- Up-to-date symlink: /home/ROS2_rUBot_mecanum_ws/install/my_robot_description/share/my_robot_description//urdf/arm.xacro
[1.455s] -- Up-to-date symlink: /home/ROS2_rUBot_mecanum_ws/install/my_robot_description/share/my_robot_description//urdf/arm_gazebo.xacro
[1.455s] -- Up-to-date symlink: /home/ROS2_rUBot_mecanum_ws/install/my_robot_description/share/my_robot_description//urdf/camera.xacro
[1.455s] -- Up-to-date symlink: /home/ROS2_rUBot_mecanum_ws/install/my_robot_description/share/my_robot_description//urdf/common_properties.xacro
[1.457s] -- Up-to-date symlink: /home/ROS2_rUBot_mecanum_ws/install/my_robot_description/share/my_robot_description//urdf/lidar.xacro
[1.458s] -- Up-to-date symlink: /home/ROS2_rUBot_mecanum_ws/install/my_robot_description/share/my_robot_description//urdf/mecanum_arm.xacro
[1.458s] -- Up-to-date symlink: /home/ROS2_rUBot_mecanum_ws/install/my_robot_description/share/my_robot_description//urdf/mecanum_arm_gazebo.xacro
[1.458s] -- Up-to-date symlink: /home/ROS2_rUBot_mecanum_ws/install/my_robot_description/share/my_robot_description//urdf/mecanum_mobile_base.xacro
[1.458s] -- Up-to-date symlink: /home/ROS2_rUBot_mecanum_ws/install/my_robot_description/share/my_robot_description//urdf/mecanum_mobile_base_gazebo.xacro
[1.458s] -- Up-to-date symlink: /home/ROS2_rUBot_mecanum_ws/install/my_robot_description/share/my_robot_description//urdf/mobile_base.xacro
[1.458s] -- Up-to-date symlink: /home/ROS2_rUBot_mecanum_ws/install/my_robot_description/share/my_robot_description//urdf/mobile_base_gazebo.xacro
[1.458s] -- Up-to-date symlink: /home/ROS2_rUBot_mecanum_ws/install/my_robot_description/share/my_robot_description//urdf/my_mecanum_robot.urdf.xacro
[1.458s] -- Up-to-date symlink: /home/ROS2_rUBot_mecanum_ws/install/my_robot_description/share/my_robot_description//urdf/my_robot.urdf.xacro
[1.458s] -- Up-to-date symlink: /home/ROS2_rUBot_mecanum_ws/install/my_robot_description/share/my_robot_description//urdf/rubot_mpuig2.urdf
[1.459s] -- Up-to-date symlink: /home/ROS2_rUBot_mecanum_ws/install/my_robot_description/share/my_robot_description//urdf/standalone_arm.urdf.xacro
[1.459s] -- Up-to-date symlink: /home/ROS2_rUBot_mecanum_ws/install/my_robot_description/share/my_robot_description//launch/display.launch.py
[1.459s] -- Up-to-date symlink: /home/ROS2_rUBot_mecanum_ws/install/my_robot_description/share/my_robot_description//launch/display.launch.xml
[1.459s] -- Up-to-date symlink: /home/ROS2_rUBot_mecanum_ws/install/my_robot_description/share/my_robot_description//rviz/urdf_config.rviz
[1.459s] -- Up-to-date symlink: /home/ROS2_rUBot_mecanum_ws/install/my_robot_description/share/ament_index/resource_index/package_run_dependencies/my_robot_description
[1.459s] -- Up-to-date symlink: /home/ROS2_rUBot_mecanum_ws/install/my_robot_description/share/ament_index/resource_index/parent_prefix_path/my_robot_description
[1.459s] -- Up-to-date symlink: /home/ROS2_rUBot_mecanum_ws/install/my_robot_description/share/my_robot_description/environment/ament_prefix_path.sh
[1.459s] -- Up-to-date symlink: /home/ROS2_rUBot_mecanum_ws/install/my_robot_description/share/my_robot_description/environment/ament_prefix_path.dsv
[1.459s] -- Up-to-date symlink: /home/ROS2_rUBot_mecanum_ws/install/my_robot_description/share/my_robot_description/environment/path.sh
[1.459s] -- Up-to-date symlink: /home/ROS2_rUBot_mecanum_ws/install/my_robot_description/share/my_robot_description/environment/path.dsv
[1.459s] -- Up-to-date symlink: /home/ROS2_rUBot_mecanum_ws/install/my_robot_description/share/my_robot_description/local_setup.bash
[1.459s] -- Up-to-date symlink: /home/ROS2_rUBot_mecanum_ws/install/my_robot_description/share/my_robot_description/local_setup.sh
[1.460s] -- Up-to-date symlink: /home/ROS2_rUBot_mecanum_ws/install/my_robot_description/share/my_robot_description/local_setup.zsh
[1.460s] -- Up-to-date symlink: /home/ROS2_rUBot_mecanum_ws/install/my_robot_description/share/my_robot_description/local_setup.dsv
[1.460s] -- Symlinking: /home/ROS2_rUBot_mecanum_ws/install/my_robot_description/share/my_robot_description/package.dsv
[1.478s] -- Up-to-date symlink: /home/ROS2_rUBot_mecanum_ws/install/my_robot_description/share/ament_index/resource_index/packages/my_robot_description
[1.478s] -- Up-to-date symlink: /home/ROS2_rUBot_mecanum_ws/install/my_robot_description/share/my_robot_description/cmake/my_robot_descriptionConfig.cmake
[1.478s] -- Up-to-date symlink: /home/ROS2_rUBot_mecanum_ws/install/my_robot_description/share/my_robot_description/cmake/my_robot_descriptionConfig-version.cmake
[1.479s] -- Up-to-date symlink: /home/ROS2_rUBot_mecanum_ws/install/my_robot_description/share/my_robot_description/package.xml
[1.479s] Invoked command in '/home/ROS2_rUBot_mecanum_ws/build/my_robot_description' returned '0': CMAKE_PREFIX_PATH=${CMAKE_PREFIX_PATH}:/home/ROS2_rUBot_mecanum_ws/install/my_robot_control:/home/ROS2_rUBot_tutorial_ws/install/ros2_tutorial:/opt/ros/humble /usr/bin/cmake --install /home/ROS2_rUBot_mecanum_ws/build/my_robot_description
