[1.780s] Invoking command in '/home/ROS2_rUBot_mecanum_ws/src/my_robot_control': PYTHONPATH=/home/ROS2_rUBot_mecanum_ws/build/my_robot_control/prefix_override:/home/ROS2_rUBot_mecanum_ws/install/my_robot_control/lib/python3.10/site-packages:${PYTHONPATH} /usr/bin/python3 setup.py egg_info --egg-base ../../build/my_robot_control build --build-base /home/ROS2_rUBot_mecanum_ws/build/my_robot_control/build install --record /home/ROS2_rUBot_mecanum_ws/build/my_robot_control/install.log --single-version-externally-managed
[2.128s] running egg_info
[2.129s] creating ../../build/my_robot_control/my_robot_control.egg-info
[2.130s] writing ../../build/my_robot_control/my_robot_control.egg-info/PKG-INFO
[2.130s] writing dependency_links to ../../build/my_robot_control/my_robot_control.egg-info/dependency_links.txt
[2.130s] writing entry points to ../../build/my_robot_control/my_robot_control.egg-info/entry_points.txt
[2.130s] writing requirements to ../../build/my_robot_control/my_robot_control.egg-info/requires.txt
[2.130s] writing top-level names to ../../build/my_robot_control/my_robot_control.egg-info/top_level.txt
[2.131s] writing manifest file '../../build/my_robot_control/my_robot_control.egg-info/SOURCES.txt'
[2.132s] reading manifest file '../../build/my_robot_control/my_robot_control.egg-info/SOURCES.txt'
[2.133s] writing manifest file '../../build/my_robot_control/my_robot_control.egg-info/SOURCES.txt'
[2.133s] running build
[2.133s] running build_py
[2.134s] creating /home/ROS2_rUBot_mecanum_ws/build/my_robot_control/build
[2.134s] creating /home/ROS2_rUBot_mecanum_ws/build/my_robot_control/build/lib
[2.134s] creating /home/ROS2_rUBot_mecanum_ws/build/my_robot_control/build/lib/my_robot_control
[2.134s] copying my_robot_control/__init__.py -> /home/ROS2_rUBot_mecanum_ws/build/my_robot_control/build/lib/my_robot_control
[2.134s] running install
[2.135s] running install_lib
[2.135s] creating /home/ROS2_rUBot_mecanum_ws/install/my_robot_control/lib/python3.10/site-packages/my_robot_control
[2.135s] copying /home/ROS2_rUBot_mecanum_ws/build/my_robot_control/build/lib/my_robot_control/__init__.py -> /home/ROS2_rUBot_mecanum_ws/install/my_robot_control/lib/python3.10/site-packages/my_robot_control
[2.136s] byte-compiling /home/ROS2_rUBot_mecanum_ws/install/my_robot_control/lib/python3.10/site-packages/my_robot_control/__init__.py to __init__.cpython-310.pyc
[2.136s] running install_data
[2.137s] creating /home/ROS2_rUBot_mecanum_ws/install/my_robot_control/share/ament_index
[2.137s] creating /home/ROS2_rUBot_mecanum_ws/install/my_robot_control/share/ament_index/resource_index
[2.137s] creating /home/ROS2_rUBot_mecanum_ws/install/my_robot_control/share/ament_index/resource_index/packages
[2.137s] copying resource/my_robot_control -> /home/ROS2_rUBot_mecanum_ws/install/my_robot_control/share/ament_index/resource_index/packages
[2.137s] copying package.xml -> /home/ROS2_rUBot_mecanum_ws/install/my_robot_control/share/my_robot_control
[2.137s] running install_egg_info
[2.139s] Copying ../../build/my_robot_control/my_robot_control.egg-info to /home/ROS2_rUBot_mecanum_ws/install/my_robot_control/lib/python3.10/site-packages/my_robot_control-0.0.0-py3.10.egg-info
[2.140s] running install_scripts
[2.160s] writing list of installed files to '/home/ROS2_rUBot_mecanum_ws/build/my_robot_control/install.log'
[2.199s] Invoked command in '/home/ROS2_rUBot_mecanum_ws/src/my_robot_control' returned '0': PYTHONPATH=/home/ROS2_rUBot_mecanum_ws/build/my_robot_control/prefix_override:/home/ROS2_rUBot_mecanum_ws/install/my_robot_control/lib/python3.10/site-packages:${PYTHONPATH} /usr/bin/python3 setup.py egg_info --egg-base ../../build/my_robot_control build --build-base /home/ROS2_rUBot_mecanum_ws/build/my_robot_control/build install --record /home/ROS2_rUBot_mecanum_ws/build/my_robot_control/install.log --single-version-externally-managed
