[0.658s] Invoking command in '/home/ROS2_rUBot_mecanum_ws/build/my_robot_control': PYTHONPATH=/home/ROS2_rUBot_mecanum_ws/build/my_robot_control/prefix_override:/home/ROS2_rUBot_mecanum_ws/install/my_robot_control/lib/python3.10/site-packages:${PYTHONPATH} /usr/bin/python3 setup.py develop --uninstall --editable --build-directory /home/ROS2_rUBot_mecanum_ws/build/my_robot_control/build
[0.914s] running develop
[1.097s] Invoked command in '/home/ROS2_rUBot_mecanum_ws/build/my_robot_control' returned '0': PYTHONPATH=/home/ROS2_rUBot_mecanum_ws/build/my_robot_control/prefix_override:/home/ROS2_rUBot_mecanum_ws/install/my_robot_control/lib/python3.10/site-packages:${PYTHONPATH} /usr/bin/python3 setup.py develop --uninstall --editable --build-directory /home/ROS2_rUBot_mecanum_ws/build/my_robot_control/build
[1.099s] Invoking command in '/home/ROS2_rUBot_mecanum_ws/src/my_robot_control': PYTHONPATH=/home/ROS2_rUBot_mecanum_ws/build/my_robot_control/prefix_override:/home/ROS2_rUBot_mecanum_ws/install/my_robot_control/lib/python3.10/site-packages:${PYTHONPATH} /usr/bin/python3 setup.py egg_info --egg-base ../../build/my_robot_control build --build-base /home/ROS2_rUBot_mecanum_ws/build/my_robot_control/build install --record /home/ROS2_rUBot_mecanum_ws/build/my_robot_control/install.log --single-version-externally-managed
[1.329s] running egg_info
[1.329s] writing ../../build/my_robot_control/my_robot_control.egg-info/PKG-INFO
[1.330s] writing dependency_links to ../../build/my_robot_control/my_robot_control.egg-info/dependency_links.txt
[1.330s] writing entry points to ../../build/my_robot_control/my_robot_control.egg-info/entry_points.txt
[1.330s] writing requirements to ../../build/my_robot_control/my_robot_control.egg-info/requires.txt
[1.330s] writing top-level names to ../../build/my_robot_control/my_robot_control.egg-info/top_level.txt
[1.332s] reading manifest file '../../build/my_robot_control/my_robot_control.egg-info/SOURCES.txt'
[1.332s] writing manifest file '../../build/my_robot_control/my_robot_control.egg-info/SOURCES.txt'
[1.332s] running build
[1.332s] running build_py
[1.333s] running install
[1.333s] running install_lib
[1.334s] running install_data
[1.334s] running install_egg_info
[1.336s] removing '/home/ROS2_rUBot_mecanum_ws/install/my_robot_control/lib/python3.10/site-packages/my_robot_control-0.0.0-py3.10.egg-info' (and everything under it)
[1.336s] Copying ../../build/my_robot_control/my_robot_control.egg-info to /home/ROS2_rUBot_mecanum_ws/install/my_robot_control/lib/python3.10/site-packages/my_robot_control-0.0.0-py3.10.egg-info
[1.337s] running install_scripts
[1.353s] Installing my_robot_control_node script to /home/ROS2_rUBot_mecanum_ws/install/my_robot_control/lib/my_robot_control
[1.353s] Installing my_robot_selfcontrol_node script to /home/ROS2_rUBot_mecanum_ws/install/my_robot_control/lib/my_robot_control
[1.353s] writing list of installed files to '/home/ROS2_rUBot_mecanum_ws/build/my_robot_control/install.log'
[1.372s] Invoked command in '/home/ROS2_rUBot_mecanum_ws/src/my_robot_control' returned '0': PYTHONPATH=/home/ROS2_rUBot_mecanum_ws/build/my_robot_control/prefix_override:/home/ROS2_rUBot_mecanum_ws/install/my_robot_control/lib/python3.10/site-packages:${PYTHONPATH} /usr/bin/python3 setup.py egg_info --egg-base ../../build/my_robot_control build --build-base /home/ROS2_rUBot_mecanum_ws/build/my_robot_control/build install --record /home/ROS2_rUBot_mecanum_ws/build/my_robot_control/install.log --single-version-externally-managed
