[0.526s] DEBUG:colcon:Command line arguments: ['/usr/bin/colcon', 'build']
[0.526s] DEBUG:colcon:Parsed command line arguments: Namespace(log_base=None, log_level=None, verb_name='build', build_base='build', install_base='install', merge_install=False, symlink_install=False, test_result_base=None, continue_on_error=False, executor='parallel', parallel_workers=8, event_handlers=None, ignore_user_meta=False, metas=['./colcon.meta'], base_paths=['.'], packages_ignore=None, packages_ignore_regex=None, paths=None, packages_up_to=None, packages_up_to_regex=None, packages_above=None, packages_above_and_dependencies=None, packages_above_depth=None, packages_select_by_dep=None, packages_skip_by_dep=None, packages_skip_up_to=None, packages_select_build_failed=False, packages_skip_build_finished=False, packages_select_test_failures=False, packages_skip_test_passed=False, packages_select=None, packages_skip=None, packages_select_regex=None, packages_skip_regex=None, packages_start=None, packages_end=None, cmake_args=None, cmake_target=None, cmake_target_skip_unavailable=False, cmake_clean_cache=False, cmake_clean_first=False, cmake_force_configure=False, ament_cmake_args=None, catkin_cmake_args=None, catkin_skip_building_tests=False, mixin_files=None, mixin=None, verb_parser=<colcon_mixin.mixin.mixin_argument.MixinArgumentDecorator object at 0x7f15fc21cac0>, verb_extension=<colcon_core.verb.build.BuildVerb object at 0x7f15fc21c430>, main=<bound method BuildVerb.main of <colcon_core.verb.build.BuildVerb object at 0x7f15fc21c430>>, mixin_verb=('build',))
[0.553s] Level 1:colcon.colcon_core.package_discovery:discover_packages(colcon_meta) check parameters
[0.553s] INFO:colcon.colcon_metadata.package_discovery.colcon_meta:Using configuration from '/root/.colcon/metadata/default/Gazebo.meta'
[0.554s] INFO:colcon.colcon_metadata.package_discovery.colcon_meta:Using configuration from '/root/.colcon/metadata/default/fastrtps.meta'
[0.554s] Level 1:colcon.colcon_core.package_discovery:discover_packages(recursive) check parameters
[0.554s] Level 1:colcon.colcon_core.package_discovery:discover_packages(ignore) check parameters
[0.554s] Level 1:colcon.colcon_core.package_discovery:discover_packages(path) check parameters
[0.554s] Level 1:colcon.colcon_core.package_discovery:discover_packages(colcon_meta) discover
[0.554s] Level 1:colcon.colcon_core.package_discovery:discover_packages(recursive) discover
[0.554s] INFO:colcon.colcon_core.package_discovery:Crawling recursively for packages in '/home/ROS2_rUBot_mecanum_ws'
[0.554s] Level 1:colcon.colcon_core.package_identification:_identify(.) by extensions ['ignore', 'ignore_ament_install']
[0.554s] Level 1:colcon.colcon_core.package_identification:_identify(.) by extension 'ignore'
[0.554s] Level 1:colcon.colcon_core.package_identification:_identify(.) by extension 'ignore_ament_install'
[0.555s] Level 1:colcon.colcon_core.package_identification:_identify(.) by extensions ['colcon_pkg']
[0.555s] Level 1:colcon.colcon_core.package_identification:_identify(.) by extension 'colcon_pkg'
[0.555s] Level 1:colcon.colcon_core.package_identification:_identify(.) by extensions ['colcon_meta']
[0.555s] Level 1:colcon.colcon_core.package_identification:_identify(.) by extension 'colcon_meta'
[0.555s] Level 1:colcon.colcon_core.package_identification:_identify(.) by extensions ['ros']
[0.555s] Level 1:colcon.colcon_core.package_identification:_identify(.) by extension 'ros'
[0.567s] Level 1:colcon.colcon_core.package_identification:_identify(.) by extensions ['cmake', 'python']
[0.567s] Level 1:colcon.colcon_core.package_identification:_identify(.) by extension 'cmake'
[0.567s] Level 1:colcon.colcon_core.package_identification:_identify(.) by extension 'python'
[0.567s] Level 1:colcon.colcon_core.package_identification:_identify(.) by extensions ['python_setup_py']
[0.567s] Level 1:colcon.colcon_core.package_identification:_identify(.) by extension 'python_setup_py'
[0.567s] Level 1:colcon.colcon_core.package_identification:_identify(Documentation) by extensions ['ignore', 'ignore_ament_install']
[0.567s] Level 1:colcon.colcon_core.package_identification:_identify(Documentation) by extension 'ignore'
[0.567s] Level 1:colcon.colcon_core.package_identification:_identify(Documentation) by extension 'ignore_ament_install'
[0.567s] Level 1:colcon.colcon_core.package_identification:_identify(Documentation) by extensions ['colcon_pkg']
[0.567s] Level 1:colcon.colcon_core.package_identification:_identify(Documentation) by extension 'colcon_pkg'
[0.567s] Level 1:colcon.colcon_core.package_identification:_identify(Documentation) by extensions ['colcon_meta']
[0.567s] Level 1:colcon.colcon_core.package_identification:_identify(Documentation) by extension 'colcon_meta'
[0.567s] Level 1:colcon.colcon_core.package_identification:_identify(Documentation) by extensions ['ros']
[0.568s] Level 1:colcon.colcon_core.package_identification:_identify(Documentation) by extension 'ros'
[0.568s] Level 1:colcon.colcon_core.package_identification:_identify(Documentation) by extensions ['cmake', 'python']
[0.568s] Level 1:colcon.colcon_core.package_identification:_identify(Documentation) by extension 'cmake'
[0.568s] Level 1:colcon.colcon_core.package_identification:_identify(Documentation) by extension 'python'
[0.568s] Level 1:colcon.colcon_core.package_identification:_identify(Documentation) by extensions ['python_setup_py']
[0.568s] Level 1:colcon.colcon_core.package_identification:_identify(Documentation) by extension 'python_setup_py'
[0.568s] Level 1:colcon.colcon_core.package_identification:_identify(Documentation/Files) by extensions ['ignore', 'ignore_ament_install']
[0.568s] Level 1:colcon.colcon_core.package_identification:_identify(Documentation/Files) by extension 'ignore'
[0.568s] Level 1:colcon.colcon_core.package_identification:_identify(Documentation/Files) by extension 'ignore_ament_install'
[0.569s] Level 1:colcon.colcon_core.package_identification:_identify(Documentation/Files) by extensions ['colcon_pkg']
[0.569s] Level 1:colcon.colcon_core.package_identification:_identify(Documentation/Files) by extension 'colcon_pkg'
[0.569s] Level 1:colcon.colcon_core.package_identification:_identify(Documentation/Files) by extensions ['colcon_meta']
[0.569s] Level 1:colcon.colcon_core.package_identification:_identify(Documentation/Files) by extension 'colcon_meta'
[0.569s] Level 1:colcon.colcon_core.package_identification:_identify(Documentation/Files) by extensions ['ros']
[0.569s] Level 1:colcon.colcon_core.package_identification:_identify(Documentation/Files) by extension 'ros'
[0.569s] Level 1:colcon.colcon_core.package_identification:_identify(Documentation/Files) by extensions ['cmake', 'python']
[0.569s] Level 1:colcon.colcon_core.package_identification:_identify(Documentation/Files) by extension 'cmake'
[0.569s] Level 1:colcon.colcon_core.package_identification:_identify(Documentation/Files) by extension 'python'
[0.570s] Level 1:colcon.colcon_core.package_identification:_identify(Documentation/Files) by extensions ['python_setup_py']
[0.570s] Level 1:colcon.colcon_core.package_identification:_identify(Documentation/Files) by extension 'python_setup_py'
[0.570s] Level 1:colcon.colcon_core.package_identification:_identify(Documentation/Files/CourseProject) by extensions ['ignore', 'ignore_ament_install']
[0.570s] Level 1:colcon.colcon_core.package_identification:_identify(Documentation/Files/CourseProject) by extension 'ignore'
[0.570s] Level 1:colcon.colcon_core.package_identification:_identify(Documentation/Files/CourseProject) by extension 'ignore_ament_install'
[0.570s] Level 1:colcon.colcon_core.package_identification:_identify(Documentation/Files/CourseProject) by extensions ['colcon_pkg']
[0.571s] Level 1:colcon.colcon_core.package_identification:_identify(Documentation/Files/CourseProject) by extension 'colcon_pkg'
[0.571s] Level 1:colcon.colcon_core.package_identification:_identify(Documentation/Files/CourseProject) by extensions ['colcon_meta']
[0.571s] Level 1:colcon.colcon_core.package_identification:_identify(Documentation/Files/CourseProject) by extension 'colcon_meta'
[0.571s] Level 1:colcon.colcon_core.package_identification:_identify(Documentation/Files/CourseProject) by extensions ['ros']
[0.571s] Level 1:colcon.colcon_core.package_identification:_identify(Documentation/Files/CourseProject) by extension 'ros'
[0.571s] Level 1:colcon.colcon_core.package_identification:_identify(Documentation/Files/CourseProject) by extensions ['cmake', 'python']
[0.571s] Level 1:colcon.colcon_core.package_identification:_identify(Documentation/Files/CourseProject) by extension 'cmake'
[0.571s] Level 1:colcon.colcon_core.package_identification:_identify(Documentation/Files/CourseProject) by extension 'python'
[0.572s] Level 1:colcon.colcon_core.package_identification:_identify(Documentation/Files/CourseProject) by extensions ['python_setup_py']
[0.572s] Level 1:colcon.colcon_core.package_identification:_identify(Documentation/Files/CourseProject) by extension 'python_setup_py'
[0.572s] Level 1:colcon.colcon_core.package_identification:_identify(Documentation/Files/ROS2_robot_bringup) by extensions ['ignore', 'ignore_ament_install']
[0.572s] Level 1:colcon.colcon_core.package_identification:_identify(Documentation/Files/ROS2_robot_bringup) by extension 'ignore'
[0.572s] Level 1:colcon.colcon_core.package_identification:_identify(Documentation/Files/ROS2_robot_bringup) by extension 'ignore_ament_install'
[0.572s] Level 1:colcon.colcon_core.package_identification:_identify(Documentation/Files/ROS2_robot_bringup) by extensions ['colcon_pkg']
[0.572s] Level 1:colcon.colcon_core.package_identification:_identify(Documentation/Files/ROS2_robot_bringup) by extension 'colcon_pkg'
[0.572s] Level 1:colcon.colcon_core.package_identification:_identify(Documentation/Files/ROS2_robot_bringup) by extensions ['colcon_meta']
[0.572s] Level 1:colcon.colcon_core.package_identification:_identify(Documentation/Files/ROS2_robot_bringup) by extension 'colcon_meta'
[0.572s] Level 1:colcon.colcon_core.package_identification:_identify(Documentation/Files/ROS2_robot_bringup) by extensions ['ros']
[0.572s] Level 1:colcon.colcon_core.package_identification:_identify(Documentation/Files/ROS2_robot_bringup) by extension 'ros'
[0.573s] Level 1:colcon.colcon_core.package_identification:_identify(Documentation/Files/ROS2_robot_bringup) by extensions ['cmake', 'python']
[0.573s] Level 1:colcon.colcon_core.package_identification:_identify(Documentation/Files/ROS2_robot_bringup) by extension 'cmake'
[0.573s] Level 1:colcon.colcon_core.package_identification:_identify(Documentation/Files/ROS2_robot_bringup) by extension 'python'
[0.573s] Level 1:colcon.colcon_core.package_identification:_identify(Documentation/Files/ROS2_robot_bringup) by extensions ['python_setup_py']
[0.573s] Level 1:colcon.colcon_core.package_identification:_identify(Documentation/Files/ROS2_robot_bringup) by extension 'python_setup_py'
[0.573s] Level 1:colcon.colcon_core.package_identification:_identify(Documentation/Images) by extensions ['ignore', 'ignore_ament_install']
[0.573s] Level 1:colcon.colcon_core.package_identification:_identify(Documentation/Images) by extension 'ignore'
[0.573s] Level 1:colcon.colcon_core.package_identification:_identify(Documentation/Images) by extension 'ignore_ament_install'
[0.573s] Level 1:colcon.colcon_core.package_identification:_identify(Documentation/Images) by extensions ['colcon_pkg']
[0.573s] Level 1:colcon.colcon_core.package_identification:_identify(Documentation/Images) by extension 'colcon_pkg'
[0.573s] Level 1:colcon.colcon_core.package_identification:_identify(Documentation/Images) by extensions ['colcon_meta']
[0.573s] Level 1:colcon.colcon_core.package_identification:_identify(Documentation/Images) by extension 'colcon_meta'
[0.573s] Level 1:colcon.colcon_core.package_identification:_identify(Documentation/Images) by extensions ['ros']
[0.573s] Level 1:colcon.colcon_core.package_identification:_identify(Documentation/Images) by extension 'ros'
[0.573s] Level 1:colcon.colcon_core.package_identification:_identify(Documentation/Images) by extensions ['cmake', 'python']
[0.573s] Level 1:colcon.colcon_core.package_identification:_identify(Documentation/Images) by extension 'cmake'
[0.574s] Level 1:colcon.colcon_core.package_identification:_identify(Documentation/Images) by extension 'python'
[0.574s] Level 1:colcon.colcon_core.package_identification:_identify(Documentation/Images) by extensions ['python_setup_py']
[0.574s] Level 1:colcon.colcon_core.package_identification:_identify(Documentation/Images) by extension 'python_setup_py'
[0.574s] Level 1:colcon.colcon_core.package_identification:_identify(Documentation/Images/02_rubot_model) by extensions ['ignore', 'ignore_ament_install']
[0.574s] Level 1:colcon.colcon_core.package_identification:_identify(Documentation/Images/02_rubot_model) by extension 'ignore'
[0.574s] Level 1:colcon.colcon_core.package_identification:_identify(Documentation/Images/02_rubot_model) by extension 'ignore_ament_install'
[0.574s] Level 1:colcon.colcon_core.package_identification:_identify(Documentation/Images/02_rubot_model) by extensions ['colcon_pkg']
[0.574s] Level 1:colcon.colcon_core.package_identification:_identify(Documentation/Images/02_rubot_model) by extension 'colcon_pkg'
[0.574s] Level 1:colcon.colcon_core.package_identification:_identify(Documentation/Images/02_rubot_model) by extensions ['colcon_meta']
[0.574s] Level 1:colcon.colcon_core.package_identification:_identify(Documentation/Images/02_rubot_model) by extension 'colcon_meta'
[0.574s] Level 1:colcon.colcon_core.package_identification:_identify(Documentation/Images/02_rubot_model) by extensions ['ros']
[0.574s] Level 1:colcon.colcon_core.package_identification:_identify(Documentation/Images/02_rubot_model) by extension 'ros'
[0.574s] Level 1:colcon.colcon_core.package_identification:_identify(Documentation/Images/02_rubot_model) by extensions ['cmake', 'python']
[0.574s] Level 1:colcon.colcon_core.package_identification:_identify(Documentation/Images/02_rubot_model) by extension 'cmake'
[0.574s] Level 1:colcon.colcon_core.package_identification:_identify(Documentation/Images/02_rubot_model) by extension 'python'
[0.574s] Level 1:colcon.colcon_core.package_identification:_identify(Documentation/Images/02_rubot_model) by extensions ['python_setup_py']
[0.575s] Level 1:colcon.colcon_core.package_identification:_identify(Documentation/Images/02_rubot_model) by extension 'python_setup_py'
[0.575s] Level 1:colcon.colcon_core.package_identification:_identify(build) by extensions ['ignore', 'ignore_ament_install']
[0.575s] Level 1:colcon.colcon_core.package_identification:_identify(build) by extension 'ignore'
[0.575s] Level 1:colcon.colcon_core.package_identification:_identify(build) ignored
[0.575s] Level 1:colcon.colcon_core.package_identification:_identify(install) by extensions ['ignore', 'ignore_ament_install']
[0.575s] Level 1:colcon.colcon_core.package_identification:_identify(install) by extension 'ignore'
[0.575s] Level 1:colcon.colcon_core.package_identification:_identify(install) ignored
[0.575s] Level 1:colcon.colcon_core.package_identification:_identify(log) by extensions ['ignore', 'ignore_ament_install']
[0.575s] Level 1:colcon.colcon_core.package_identification:_identify(log) by extension 'ignore'
[0.575s] Level 1:colcon.colcon_core.package_identification:_identify(log) ignored
[0.575s] Level 1:colcon.colcon_core.package_identification:_identify(src) by extensions ['ignore', 'ignore_ament_install']
[0.576s] Level 1:colcon.colcon_core.package_identification:_identify(src) by extension 'ignore'
[0.576s] Level 1:colcon.colcon_core.package_identification:_identify(src) by extension 'ignore_ament_install'
[0.576s] Level 1:colcon.colcon_core.package_identification:_identify(src) by extensions ['colcon_pkg']
[0.576s] Level 1:colcon.colcon_core.package_identification:_identify(src) by extension 'colcon_pkg'
[0.576s] Level 1:colcon.colcon_core.package_identification:_identify(src) by extensions ['colcon_meta']
[0.576s] Level 1:colcon.colcon_core.package_identification:_identify(src) by extension 'colcon_meta'
[0.576s] Level 1:colcon.colcon_core.package_identification:_identify(src) by extensions ['ros']
[0.576s] Level 1:colcon.colcon_core.package_identification:_identify(src) by extension 'ros'
[0.576s] Level 1:colcon.colcon_core.package_identification:_identify(src) by extensions ['cmake', 'python']
[0.576s] Level 1:colcon.colcon_core.package_identification:_identify(src) by extension 'cmake'
[0.576s] Level 1:colcon.colcon_core.package_identification:_identify(src) by extension 'python'
[0.576s] Level 1:colcon.colcon_core.package_identification:_identify(src) by extensions ['python_setup_py']
[0.576s] Level 1:colcon.colcon_core.package_identification:_identify(src) by extension 'python_setup_py'
[0.576s] Level 1:colcon.colcon_core.package_identification:_identify(src/gz_mecanum_control) by extensions ['ignore', 'ignore_ament_install']
[0.576s] Level 1:colcon.colcon_core.package_identification:_identify(src/gz_mecanum_control) by extension 'ignore'
[0.576s] Level 1:colcon.colcon_core.package_identification:_identify(src/gz_mecanum_control) by extension 'ignore_ament_install'
[0.576s] Level 1:colcon.colcon_core.package_identification:_identify(src/gz_mecanum_control) by extensions ['colcon_pkg']
[0.576s] Level 1:colcon.colcon_core.package_identification:_identify(src/gz_mecanum_control) by extension 'colcon_pkg'
[0.577s] Level 1:colcon.colcon_core.package_identification:_identify(src/gz_mecanum_control) by extensions ['colcon_meta']
[0.577s] Level 1:colcon.colcon_core.package_identification:_identify(src/gz_mecanum_control) by extension 'colcon_meta'
[0.577s] Level 1:colcon.colcon_core.package_identification:_identify(src/gz_mecanum_control) by extensions ['ros']
[0.577s] Level 1:colcon.colcon_core.package_identification:_identify(src/gz_mecanum_control) by extension 'ros'
[0.580s] DEBUG:colcon.colcon_core.package_identification:Package 'src/gz_mecanum_control' with type 'ros.ament_cmake' and name 'gz_mecanum_control'
[0.580s] Level 1:colcon.colcon_core.package_identification:_identify(src/my_robot_bringup) by extensions ['ignore', 'ignore_ament_install']
[0.580s] Level 1:colcon.colcon_core.package_identification:_identify(src/my_robot_bringup) by extension 'ignore'
[0.580s] Level 1:colcon.colcon_core.package_identification:_identify(src/my_robot_bringup) by extension 'ignore_ament_install'
[0.580s] Level 1:colcon.colcon_core.package_identification:_identify(src/my_robot_bringup) by extensions ['colcon_pkg']
[0.580s] Level 1:colcon.colcon_core.package_identification:_identify(src/my_robot_bringup) by extension 'colcon_pkg'
[0.580s] Level 1:colcon.colcon_core.package_identification:_identify(src/my_robot_bringup) by extensions ['colcon_meta']
[0.580s] Level 1:colcon.colcon_core.package_identification:_identify(src/my_robot_bringup) by extension 'colcon_meta'
[0.581s] Level 1:colcon.colcon_core.package_identification:_identify(src/my_robot_bringup) by extensions ['ros']
[0.581s] Level 1:colcon.colcon_core.package_identification:_identify(src/my_robot_bringup) by extension 'ros'
[0.581s] DEBUG:colcon.colcon_core.package_identification:Package 'src/my_robot_bringup' with type 'ros.ament_cmake' and name 'my_robot_bringup'
[0.581s] Level 1:colcon.colcon_core.package_identification:_identify(src/my_robot_description) by extensions ['ignore', 'ignore_ament_install']
[0.581s] Level 1:colcon.colcon_core.package_identification:_identify(src/my_robot_description) by extension 'ignore'
[0.581s] Level 1:colcon.colcon_core.package_identification:_identify(src/my_robot_description) by extension 'ignore_ament_install'
[0.582s] Level 1:colcon.colcon_core.package_identification:_identify(src/my_robot_description) by extensions ['colcon_pkg']
[0.582s] Level 1:colcon.colcon_core.package_identification:_identify(src/my_robot_description) by extension 'colcon_pkg'
[0.582s] Level 1:colcon.colcon_core.package_identification:_identify(src/my_robot_description) by extensions ['colcon_meta']
[0.582s] Level 1:colcon.colcon_core.package_identification:_identify(src/my_robot_description) by extension 'colcon_meta'
[0.582s] Level 1:colcon.colcon_core.package_identification:_identify(src/my_robot_description) by extensions ['ros']
[0.582s] Level 1:colcon.colcon_core.package_identification:_identify(src/my_robot_description) by extension 'ros'
[0.582s] DEBUG:colcon.colcon_core.package_identification:Package 'src/my_robot_description' with type 'ros.ament_cmake' and name 'my_robot_description'
[0.583s] Level 1:colcon.colcon_core.package_discovery:discover_packages(recursive) using defaults
[0.583s] Level 1:colcon.colcon_core.package_discovery:discover_packages(ignore) discover
[0.583s] Level 1:colcon.colcon_core.package_discovery:discover_packages(ignore) using defaults
[0.583s] Level 1:colcon.colcon_core.package_discovery:discover_packages(path) discover
[0.583s] Level 1:colcon.colcon_core.package_discovery:discover_packages(path) using defaults
[0.610s] Level 5:colcon.colcon_core.verb:set package 'gz_mecanum_control' build argument 'cmake_args' from command line to 'None'
[0.610s] Level 5:colcon.colcon_core.verb:set package 'gz_mecanum_control' build argument 'cmake_target' from command line to 'None'
[0.610s] Level 5:colcon.colcon_core.verb:set package 'gz_mecanum_control' build argument 'cmake_target_skip_unavailable' from command line to 'False'
[0.610s] Level 5:colcon.colcon_core.verb:set package 'gz_mecanum_control' build argument 'cmake_clean_cache' from command line to 'False'
[0.610s] Level 5:colcon.colcon_core.verb:set package 'gz_mecanum_control' build argument 'cmake_clean_first' from command line to 'False'
[0.611s] Level 5:colcon.colcon_core.verb:set package 'gz_mecanum_control' build argument 'cmake_force_configure' from command line to 'False'
[0.611s] Level 5:colcon.colcon_core.verb:set package 'gz_mecanum_control' build argument 'ament_cmake_args' from command line to 'None'
[0.611s] Level 5:colcon.colcon_core.verb:set package 'gz_mecanum_control' build argument 'catkin_cmake_args' from command line to 'None'
[0.611s] Level 5:colcon.colcon_core.verb:set package 'gz_mecanum_control' build argument 'catkin_skip_building_tests' from command line to 'False'
[0.611s] DEBUG:colcon.colcon_core.verb:Building package 'gz_mecanum_control' with the following arguments: {'ament_cmake_args': None, 'build_base': '/home/ROS2_rUBot_mecanum_ws/build/gz_mecanum_control', 'catkin_cmake_args': None, 'catkin_skip_building_tests': False, 'cmake_args': None, 'cmake_clean_cache': False, 'cmake_clean_first': False, 'cmake_force_configure': False, 'cmake_target': None, 'cmake_target_skip_unavailable': False, 'install_base': '/home/ROS2_rUBot_mecanum_ws/install/gz_mecanum_control', 'merge_install': False, 'path': '/home/ROS2_rUBot_mecanum_ws/src/gz_mecanum_control', 'symlink_install': False, 'test_result_base': None}
[0.612s] Level 5:colcon.colcon_core.verb:set package 'my_robot_description' build argument 'cmake_args' from command line to 'None'
[0.612s] Level 5:colcon.colcon_core.verb:set package 'my_robot_description' build argument 'cmake_target' from command line to 'None'
[0.612s] Level 5:colcon.colcon_core.verb:set package 'my_robot_description' build argument 'cmake_target_skip_unavailable' from command line to 'False'
[0.612s] Level 5:colcon.colcon_core.verb:set package 'my_robot_description' build argument 'cmake_clean_cache' from command line to 'False'
[0.612s] Level 5:colcon.colcon_core.verb:set package 'my_robot_description' build argument 'cmake_clean_first' from command line to 'False'
[0.612s] Level 5:colcon.colcon_core.verb:set package 'my_robot_description' build argument 'cmake_force_configure' from command line to 'False'
[0.612s] Level 5:colcon.colcon_core.verb:set package 'my_robot_description' build argument 'ament_cmake_args' from command line to 'None'
[0.612s] Level 5:colcon.colcon_core.verb:set package 'my_robot_description' build argument 'catkin_cmake_args' from command line to 'None'
[0.612s] Level 5:colcon.colcon_core.verb:set package 'my_robot_description' build argument 'catkin_skip_building_tests' from command line to 'False'
[0.612s] DEBUG:colcon.colcon_core.verb:Building package 'my_robot_description' with the following arguments: {'ament_cmake_args': None, 'build_base': '/home/ROS2_rUBot_mecanum_ws/build/my_robot_description', 'catkin_cmake_args': None, 'catkin_skip_building_tests': False, 'cmake_args': None, 'cmake_clean_cache': False, 'cmake_clean_first': False, 'cmake_force_configure': False, 'cmake_target': None, 'cmake_target_skip_unavailable': False, 'install_base': '/home/ROS2_rUBot_mecanum_ws/install/my_robot_description', 'merge_install': False, 'path': '/home/ROS2_rUBot_mecanum_ws/src/my_robot_description', 'symlink_install': False, 'test_result_base': None}
[0.613s] Level 5:colcon.colcon_core.verb:set package 'my_robot_bringup' build argument 'cmake_args' from command line to 'None'
[0.613s] Level 5:colcon.colcon_core.verb:set package 'my_robot_bringup' build argument 'cmake_target' from command line to 'None'
[0.613s] Level 5:colcon.colcon_core.verb:set package 'my_robot_bringup' build argument 'cmake_target_skip_unavailable' from command line to 'False'
[0.613s] Level 5:colcon.colcon_core.verb:set package 'my_robot_bringup' build argument 'cmake_clean_cache' from command line to 'False'
[0.613s] Level 5:colcon.colcon_core.verb:set package 'my_robot_bringup' build argument 'cmake_clean_first' from command line to 'False'
[0.613s] Level 5:colcon.colcon_core.verb:set package 'my_robot_bringup' build argument 'cmake_force_configure' from command line to 'False'
[0.613s] Level 5:colcon.colcon_core.verb:set package 'my_robot_bringup' build argument 'ament_cmake_args' from command line to 'None'
[0.613s] Level 5:colcon.colcon_core.verb:set package 'my_robot_bringup' build argument 'catkin_cmake_args' from command line to 'None'
[0.613s] Level 5:colcon.colcon_core.verb:set package 'my_robot_bringup' build argument 'catkin_skip_building_tests' from command line to 'False'
[0.614s] DEBUG:colcon.colcon_core.verb:Building package 'my_robot_bringup' with the following arguments: {'ament_cmake_args': None, 'build_base': '/home/ROS2_rUBot_mecanum_ws/build/my_robot_bringup', 'catkin_cmake_args': None, 'catkin_skip_building_tests': False, 'cmake_args': None, 'cmake_clean_cache': False, 'cmake_clean_first': False, 'cmake_force_configure': False, 'cmake_target': None, 'cmake_target_skip_unavailable': False, 'install_base': '/home/ROS2_rUBot_mecanum_ws/install/my_robot_bringup', 'merge_install': False, 'path': '/home/ROS2_rUBot_mecanum_ws/src/my_robot_bringup', 'symlink_install': False, 'test_result_base': None}
[0.614s] INFO:colcon.colcon_core.executor:Executing jobs using 'parallel' executor
[0.633s] DEBUG:colcon.colcon_parallel_executor.executor.parallel:run_until_complete
[0.634s] INFO:colcon.colcon_ros.task.ament_cmake.build:Building ROS package in '/home/ROS2_rUBot_mecanum_ws/src/my_robot_description' with build type 'ament_cmake'
[0.634s] INFO:colcon.colcon_cmake.task.cmake.build:Building CMake package in '/home/ROS2_rUBot_mecanum_ws/src/my_robot_description'
[0.639s] INFO:colcon.colcon_core.plugin_system:Skipping extension 'colcon_core.shell.bat': Not used on non-Windows systems
[0.639s] INFO:colcon.colcon_core.shell:Skip shell extension 'powershell' for command environment: Not usable outside of PowerShell
[0.639s] DEBUG:colcon.colcon_core.shell:Skip shell extension 'dsv' for command environment
[0.662s] INFO:colcon.colcon_ros.task.ament_cmake.build:Building ROS package in '/home/ROS2_rUBot_mecanum_ws/src/gz_mecanum_control' with build type 'ament_cmake'
[0.663s] INFO:colcon.colcon_cmake.task.cmake.build:Building CMake package in '/home/ROS2_rUBot_mecanum_ws/src/gz_mecanum_control'
[0.664s] INFO:colcon.colcon_core.shell:Skip shell extension 'powershell' for command environment: Not usable outside of PowerShell
[0.665s] DEBUG:colcon.colcon_core.shell:Skip shell extension 'dsv' for command environment
[0.677s] DEBUG:colcon.colcon_core.event_handler.log_command:Invoking command in '/home/ROS2_rUBot_mecanum_ws/build/my_robot_description': CMAKE_PREFIX_PATH=${CMAKE_PREFIX_PATH}:/home/ROS2_rUBot_tutorial_ws/install/ros2_tutorial:/opt/ros/humble /usr/bin/cmake --build /home/ROS2_rUBot_mecanum_ws/build/my_robot_description -- -j8 -l8
[0.722s] DEBUG:colcon.colcon_core.event_handler.log_command:Invoking command in '/home/ROS2_rUBot_mecanum_ws/build/gz_mecanum_control': CMAKE_PREFIX_PATH=${CMAKE_PREFIX_PATH}:/home/ROS2_rUBot_tutorial_ws/install/ros2_tutorial:/opt/ros/humble /usr/bin/cmake --build /home/ROS2_rUBot_mecanum_ws/build/gz_mecanum_control -- -j8 -l8
[0.793s] DEBUG:colcon.colcon_core.event_handler.log_command:Invoked command in '/home/ROS2_rUBot_mecanum_ws/build/my_robot_description' returned '0': CMAKE_PREFIX_PATH=${CMAKE_PREFIX_PATH}:/home/ROS2_rUBot_tutorial_ws/install/ros2_tutorial:/opt/ros/humble /usr/bin/cmake --build /home/ROS2_rUBot_mecanum_ws/build/my_robot_description -- -j8 -l8
[0.977s] DEBUG:colcon.colcon_core.event_handler.log_command:Invoked command in '/home/ROS2_rUBot_mecanum_ws/build/gz_mecanum_control' returned '0': CMAKE_PREFIX_PATH=${CMAKE_PREFIX_PATH}:/home/ROS2_rUBot_tutorial_ws/install/ros2_tutorial:/opt/ros/humble /usr/bin/cmake --build /home/ROS2_rUBot_mecanum_ws/build/gz_mecanum_control -- -j8 -l8
[1.050s] DEBUG:colcon.colcon_core.event_handler.log_command:Invoking command in '/home/ROS2_rUBot_mecanum_ws/build/my_robot_description': CMAKE_PREFIX_PATH=${CMAKE_PREFIX_PATH}:/home/ROS2_rUBot_tutorial_ws/install/ros2_tutorial:/opt/ros/humble /usr/bin/cmake --install /home/ROS2_rUBot_mecanum_ws/build/my_robot_description
[1.094s] Level 1:colcon.colcon_core.environment:create_environment_scripts_only(my_robot_description)
[1.095s] DEBUG:colcon.colcon_core.event_handler.log_command:Invoked command in '/home/ROS2_rUBot_mecanum_ws/build/my_robot_description' returned '0': CMAKE_PREFIX_PATH=${CMAKE_PREFIX_PATH}:/home/ROS2_rUBot_tutorial_ws/install/ros2_tutorial:/opt/ros/humble /usr/bin/cmake --install /home/ROS2_rUBot_mecanum_ws/build/my_robot_description
[1.100s] Level 1:colcon.colcon_core.environment:checking '/home/ROS2_rUBot_mecanum_ws/install/my_robot_description' for CMake module files
[1.101s] Level 1:colcon.colcon_core.environment:checking '/home/ROS2_rUBot_mecanum_ws/install/my_robot_description' for CMake config files
[1.101s] Level 1:colcon.colcon_core.shell:create_environment_hook('my_robot_description', 'cmake_prefix_path')
[1.102s] INFO:colcon.colcon_core.shell:Creating environment hook '/home/ROS2_rUBot_mecanum_ws/install/my_robot_description/share/my_robot_description/hook/cmake_prefix_path.ps1'
[1.103s] INFO:colcon.colcon_core.shell:Creating environment descriptor '/home/ROS2_rUBot_mecanum_ws/install/my_robot_description/share/my_robot_description/hook/cmake_prefix_path.dsv'
[1.103s] INFO:colcon.colcon_core.shell:Creating environment hook '/home/ROS2_rUBot_mecanum_ws/install/my_robot_description/share/my_robot_description/hook/cmake_prefix_path.sh'
[1.104s] Level 1:colcon.colcon_core.environment:checking '/home/ROS2_rUBot_mecanum_ws/install/my_robot_description/bin'
[1.104s] Level 1:colcon.colcon_core.environment:checking '/home/ROS2_rUBot_mecanum_ws/install/my_robot_description/lib/pkgconfig/my_robot_description.pc'
[1.106s] Level 1:colcon.colcon_core.environment:checking '/home/ROS2_rUBot_mecanum_ws/install/my_robot_description/lib/python3.10/site-packages'
[1.106s] Level 1:colcon.colcon_core.environment:checking '/home/ROS2_rUBot_mecanum_ws/install/my_robot_description/bin'
[1.108s] INFO:colcon.colcon_core.shell:Creating package script '/home/ROS2_rUBot_mecanum_ws/install/my_robot_description/share/my_robot_description/package.ps1'
[1.109s] INFO:colcon.colcon_core.shell:Creating package descriptor '/home/ROS2_rUBot_mecanum_ws/install/my_robot_description/share/my_robot_description/package.dsv'
[1.109s] INFO:colcon.colcon_core.shell:Creating package script '/home/ROS2_rUBot_mecanum_ws/install/my_robot_description/share/my_robot_description/package.sh'
[1.110s] INFO:colcon.colcon_core.shell:Creating package script '/home/ROS2_rUBot_mecanum_ws/install/my_robot_description/share/my_robot_description/package.bash'
[1.111s] INFO:colcon.colcon_core.shell:Creating package script '/home/ROS2_rUBot_mecanum_ws/install/my_robot_description/share/my_robot_description/package.zsh'
[1.112s] Level 1:colcon.colcon_core.environment:create_file_with_runtime_dependencies(/home/ROS2_rUBot_mecanum_ws/install/my_robot_description/share/colcon-core/packages/my_robot_description)
[1.243s] DEBUG:colcon.colcon_core.event_handler.log_command:Invoking command in '/home/ROS2_rUBot_mecanum_ws/build/gz_mecanum_control': CMAKE_PREFIX_PATH=${CMAKE_PREFIX_PATH}:/home/ROS2_rUBot_tutorial_ws/install/ros2_tutorial:/opt/ros/humble /usr/bin/cmake --install /home/ROS2_rUBot_mecanum_ws/build/gz_mecanum_control
[1.272s] Level 1:colcon.colcon_core.environment:create_environment_scripts_only(gz_mecanum_control)
[1.272s] DEBUG:colcon.colcon_core.event_handler.log_command:Invoked command in '/home/ROS2_rUBot_mecanum_ws/build/gz_mecanum_control' returned '0': CMAKE_PREFIX_PATH=${CMAKE_PREFIX_PATH}:/home/ROS2_rUBot_tutorial_ws/install/ros2_tutorial:/opt/ros/humble /usr/bin/cmake --install /home/ROS2_rUBot_mecanum_ws/build/gz_mecanum_control
[1.275s] Level 1:colcon.colcon_core.environment:checking '/home/ROS2_rUBot_mecanum_ws/install/gz_mecanum_control' for CMake module files
[1.275s] Level 1:colcon.colcon_core.environment:checking '/home/ROS2_rUBot_mecanum_ws/install/gz_mecanum_control' for CMake config files
[1.276s] Level 1:colcon.colcon_core.shell:create_environment_hook('gz_mecanum_control', 'cmake_prefix_path')
[1.277s] INFO:colcon.colcon_core.shell:Creating environment hook '/home/ROS2_rUBot_mecanum_ws/install/gz_mecanum_control/share/gz_mecanum_control/hook/cmake_prefix_path.ps1'
[1.278s] INFO:colcon.colcon_core.shell:Creating environment descriptor '/home/ROS2_rUBot_mecanum_ws/install/gz_mecanum_control/share/gz_mecanum_control/hook/cmake_prefix_path.dsv'
[1.278s] INFO:colcon.colcon_core.shell:Creating environment hook '/home/ROS2_rUBot_mecanum_ws/install/gz_mecanum_control/share/gz_mecanum_control/hook/cmake_prefix_path.sh'
[1.278s] Level 1:colcon.colcon_core.environment:checking '/home/ROS2_rUBot_mecanum_ws/install/gz_mecanum_control/lib'
[1.279s] Level 1:colcon.colcon_core.shell:create_environment_hook('gz_mecanum_control', 'ld_library_path_lib')
[1.280s] INFO:colcon.colcon_core.shell:Creating environment hook '/home/ROS2_rUBot_mecanum_ws/install/gz_mecanum_control/share/gz_mecanum_control/hook/ld_library_path_lib.ps1'
[1.280s] INFO:colcon.colcon_core.shell:Creating environment descriptor '/home/ROS2_rUBot_mecanum_ws/install/gz_mecanum_control/share/gz_mecanum_control/hook/ld_library_path_lib.dsv'
[1.281s] INFO:colcon.colcon_core.shell:Creating environment hook '/home/ROS2_rUBot_mecanum_ws/install/gz_mecanum_control/share/gz_mecanum_control/hook/ld_library_path_lib.sh'
[1.281s] Level 1:colcon.colcon_core.environment:checking '/home/ROS2_rUBot_mecanum_ws/install/gz_mecanum_control/bin'
[1.281s] Level 1:colcon.colcon_core.environment:checking '/home/ROS2_rUBot_mecanum_ws/install/gz_mecanum_control/lib/pkgconfig/gz_mecanum_control.pc'
[1.281s] Level 1:colcon.colcon_core.environment:checking '/home/ROS2_rUBot_mecanum_ws/install/gz_mecanum_control/lib/python3.10/site-packages'
[1.282s] Level 1:colcon.colcon_core.environment:checking '/home/ROS2_rUBot_mecanum_ws/install/gz_mecanum_control/bin'
[1.283s] INFO:colcon.colcon_core.shell:Creating package script '/home/ROS2_rUBot_mecanum_ws/install/gz_mecanum_control/share/gz_mecanum_control/package.ps1'
[1.284s] INFO:colcon.colcon_core.shell:Creating package descriptor '/home/ROS2_rUBot_mecanum_ws/install/gz_mecanum_control/share/gz_mecanum_control/package.dsv'
[1.284s] INFO:colcon.colcon_core.shell:Creating package script '/home/ROS2_rUBot_mecanum_ws/install/gz_mecanum_control/share/gz_mecanum_control/package.sh'
[1.285s] INFO:colcon.colcon_core.shell:Creating package script '/home/ROS2_rUBot_mecanum_ws/install/gz_mecanum_control/share/gz_mecanum_control/package.bash'
[1.285s] INFO:colcon.colcon_core.shell:Creating package script '/home/ROS2_rUBot_mecanum_ws/install/gz_mecanum_control/share/gz_mecanum_control/package.zsh'
[1.285s] Level 1:colcon.colcon_core.environment:create_file_with_runtime_dependencies(/home/ROS2_rUBot_mecanum_ws/install/gz_mecanum_control/share/colcon-core/packages/gz_mecanum_control)
[1.334s] Level 1:colcon.colcon_core.environment:create_environment_scripts_only(my_robot_description)
[1.337s] Level 1:colcon.colcon_core.environment:checking '/home/ROS2_rUBot_mecanum_ws/install/my_robot_description' for CMake module files
[1.337s] Level 1:colcon.colcon_core.environment:checking '/home/ROS2_rUBot_mecanum_ws/install/my_robot_description' for CMake config files
[1.337s] Level 1:colcon.colcon_core.shell:create_environment_hook('my_robot_description', 'cmake_prefix_path')
[1.339s] INFO:colcon.colcon_core.shell:Creating environment hook '/home/ROS2_rUBot_mecanum_ws/install/my_robot_description/share/my_robot_description/hook/cmake_prefix_path.ps1'
[1.339s] INFO:colcon.colcon_core.shell:Creating environment descriptor '/home/ROS2_rUBot_mecanum_ws/install/my_robot_description/share/my_robot_description/hook/cmake_prefix_path.dsv'
[1.340s] INFO:colcon.colcon_core.shell:Creating environment hook '/home/ROS2_rUBot_mecanum_ws/install/my_robot_description/share/my_robot_description/hook/cmake_prefix_path.sh'
[1.340s] Level 1:colcon.colcon_core.environment:checking '/home/ROS2_rUBot_mecanum_ws/install/my_robot_description/bin'
[1.340s] Level 1:colcon.colcon_core.environment:checking '/home/ROS2_rUBot_mecanum_ws/install/my_robot_description/lib/pkgconfig/my_robot_description.pc'
[1.340s] Level 1:colcon.colcon_core.environment:checking '/home/ROS2_rUBot_mecanum_ws/install/my_robot_description/lib/python3.10/site-packages'
[1.341s] Level 1:colcon.colcon_core.environment:checking '/home/ROS2_rUBot_mecanum_ws/install/my_robot_description/bin'
[1.342s] INFO:colcon.colcon_core.shell:Creating package script '/home/ROS2_rUBot_mecanum_ws/install/my_robot_description/share/my_robot_description/package.ps1'
[1.343s] INFO:colcon.colcon_core.shell:Creating package descriptor '/home/ROS2_rUBot_mecanum_ws/install/my_robot_description/share/my_robot_description/package.dsv'
[1.343s] INFO:colcon.colcon_core.shell:Creating package script '/home/ROS2_rUBot_mecanum_ws/install/my_robot_description/share/my_robot_description/package.sh'
[1.344s] INFO:colcon.colcon_core.shell:Creating package script '/home/ROS2_rUBot_mecanum_ws/install/my_robot_description/share/my_robot_description/package.bash'
[1.344s] INFO:colcon.colcon_core.shell:Creating package script '/home/ROS2_rUBot_mecanum_ws/install/my_robot_description/share/my_robot_description/package.zsh'
[1.344s] Level 1:colcon.colcon_core.environment:create_file_with_runtime_dependencies(/home/ROS2_rUBot_mecanum_ws/install/my_robot_description/share/colcon-core/packages/my_robot_description)
[1.345s] INFO:colcon.colcon_ros.task.ament_cmake.build:Building ROS package in '/home/ROS2_rUBot_mecanum_ws/src/my_robot_bringup' with build type 'ament_cmake'
[1.345s] INFO:colcon.colcon_cmake.task.cmake.build:Building CMake package in '/home/ROS2_rUBot_mecanum_ws/src/my_robot_bringup'
[1.346s] INFO:colcon.colcon_core.shell:Skip shell extension 'powershell' for command environment: Not usable outside of PowerShell
[1.346s] DEBUG:colcon.colcon_core.shell:Skip shell extension 'dsv' for command environment
[1.415s] DEBUG:colcon.colcon_core.event_handler.log_command:Invoking command in '/home/ROS2_rUBot_mecanum_ws/build/my_robot_bringup': CMAKE_PREFIX_PATH=/home/ROS2_rUBot_mecanum_ws/install/my_robot_description:/home/ROS2_rUBot_mecanum_ws/install/my_robot_bringup:/home/ROS2_rUBot_mecanum_ws/install/gz_rosa_control:/home/ROS2_rUBot_mecanum_ws/install/gz_mecanum_control:/home/ROS2_rUBot_tutorial_ws/install/robot_bringup:/home/ROS2_rUBot_tutorial_ws/install/robot_description:/home/ROS2_rUBot_tutorial_ws/install/ros2_tutorial:/opt/ros/humble /usr/bin/cmake --build /home/ROS2_rUBot_mecanum_ws/build/my_robot_bringup -- -j8 -l8
[1.446s] DEBUG:colcon.colcon_core.event_handler.log_command:Invoked command in '/home/ROS2_rUBot_mecanum_ws/build/my_robot_bringup' returned '0': CMAKE_PREFIX_PATH=/home/ROS2_rUBot_mecanum_ws/install/my_robot_description:/home/ROS2_rUBot_mecanum_ws/install/my_robot_bringup:/home/ROS2_rUBot_mecanum_ws/install/gz_rosa_control:/home/ROS2_rUBot_mecanum_ws/install/gz_mecanum_control:/home/ROS2_rUBot_tutorial_ws/install/robot_bringup:/home/ROS2_rUBot_tutorial_ws/install/robot_description:/home/ROS2_rUBot_tutorial_ws/install/ros2_tutorial:/opt/ros/humble /usr/bin/cmake --build /home/ROS2_rUBot_mecanum_ws/build/my_robot_bringup -- -j8 -l8
[1.476s] Level 1:colcon.colcon_core.environment:create_environment_scripts_only(gz_mecanum_control)
[1.478s] Level 1:colcon.colcon_core.environment:checking '/home/ROS2_rUBot_mecanum_ws/install/gz_mecanum_control' for CMake module files
[1.479s] Level 1:colcon.colcon_core.environment:checking '/home/ROS2_rUBot_mecanum_ws/install/gz_mecanum_control' for CMake config files
[1.479s] Level 1:colcon.colcon_core.shell:create_environment_hook('gz_mecanum_control', 'cmake_prefix_path')
[1.481s] INFO:colcon.colcon_core.shell:Creating environment hook '/home/ROS2_rUBot_mecanum_ws/install/gz_mecanum_control/share/gz_mecanum_control/hook/cmake_prefix_path.ps1'
[1.481s] INFO:colcon.colcon_core.shell:Creating environment descriptor '/home/ROS2_rUBot_mecanum_ws/install/gz_mecanum_control/share/gz_mecanum_control/hook/cmake_prefix_path.dsv'
[1.482s] INFO:colcon.colcon_core.shell:Creating environment hook '/home/ROS2_rUBot_mecanum_ws/install/gz_mecanum_control/share/gz_mecanum_control/hook/cmake_prefix_path.sh'
[1.482s] Level 1:colcon.colcon_core.environment:checking '/home/ROS2_rUBot_mecanum_ws/install/gz_mecanum_control/lib'
[1.482s] Level 1:colcon.colcon_core.shell:create_environment_hook('gz_mecanum_control', 'ld_library_path_lib')
[1.484s] INFO:colcon.colcon_core.shell:Creating environment hook '/home/ROS2_rUBot_mecanum_ws/install/gz_mecanum_control/share/gz_mecanum_control/hook/ld_library_path_lib.ps1'
[1.484s] INFO:colcon.colcon_core.shell:Creating environment descriptor '/home/ROS2_rUBot_mecanum_ws/install/gz_mecanum_control/share/gz_mecanum_control/hook/ld_library_path_lib.dsv'
[1.484s] INFO:colcon.colcon_core.shell:Creating environment hook '/home/ROS2_rUBot_mecanum_ws/install/gz_mecanum_control/share/gz_mecanum_control/hook/ld_library_path_lib.sh'
[1.485s] Level 1:colcon.colcon_core.environment:checking '/home/ROS2_rUBot_mecanum_ws/install/gz_mecanum_control/bin'
[1.485s] Level 1:colcon.colcon_core.environment:checking '/home/ROS2_rUBot_mecanum_ws/install/gz_mecanum_control/lib/pkgconfig/gz_mecanum_control.pc'
[1.485s] Level 1:colcon.colcon_core.environment:checking '/home/ROS2_rUBot_mecanum_ws/install/gz_mecanum_control/lib/python3.10/site-packages'
[1.485s] Level 1:colcon.colcon_core.environment:checking '/home/ROS2_rUBot_mecanum_ws/install/gz_mecanum_control/bin'
[1.487s] INFO:colcon.colcon_core.shell:Creating package script '/home/ROS2_rUBot_mecanum_ws/install/gz_mecanum_control/share/gz_mecanum_control/package.ps1'
[1.488s] INFO:colcon.colcon_core.shell:Creating package descriptor '/home/ROS2_rUBot_mecanum_ws/install/gz_mecanum_control/share/gz_mecanum_control/package.dsv'
[1.488s] INFO:colcon.colcon_core.shell:Creating package script '/home/ROS2_rUBot_mecanum_ws/install/gz_mecanum_control/share/gz_mecanum_control/package.sh'
[1.489s] INFO:colcon.colcon_core.shell:Creating package script '/home/ROS2_rUBot_mecanum_ws/install/gz_mecanum_control/share/gz_mecanum_control/package.bash'
[1.489s] INFO:colcon.colcon_core.shell:Creating package script '/home/ROS2_rUBot_mecanum_ws/install/gz_mecanum_control/share/gz_mecanum_control/package.zsh'
[1.489s] Level 1:colcon.colcon_core.environment:create_file_with_runtime_dependencies(/home/ROS2_rUBot_mecanum_ws/install/gz_mecanum_control/share/colcon-core/packages/gz_mecanum_control)
[1.653s] DEBUG:colcon.colcon_core.event_handler.log_command:Invoking command in '/home/ROS2_rUBot_mecanum_ws/build/my_robot_bringup': CMAKE_PREFIX_PATH=/home/ROS2_rUBot_mecanum_ws/install/my_robot_description:/home/ROS2_rUBot_mecanum_ws/install/my_robot_bringup:/home/ROS2_rUBot_mecanum_ws/install/gz_rosa_control:/home/ROS2_rUBot_mecanum_ws/install/gz_mecanum_control:/home/ROS2_rUBot_tutorial_ws/install/robot_bringup:/home/ROS2_rUBot_tutorial_ws/install/robot_description:/home/ROS2_rUBot_tutorial_ws/install/ros2_tutorial:/opt/ros/humble /usr/bin/cmake --install /home/ROS2_rUBot_mecanum_ws/build/my_robot_bringup
[1.684s] Level 1:colcon.colcon_core.environment:create_environment_scripts_only(my_robot_bringup)
[1.687s] Level 1:colcon.colcon_core.environment:checking '/home/ROS2_rUBot_mecanum_ws/install/my_robot_bringup' for CMake module files
[1.687s] Level 1:colcon.colcon_core.environment:checking '/home/ROS2_rUBot_mecanum_ws/install/my_robot_bringup' for CMake config files
[1.688s] Level 1:colcon.colcon_core.shell:create_environment_hook('my_robot_bringup', 'cmake_prefix_path')
[1.689s] INFO:colcon.colcon_core.shell:Creating environment hook '/home/ROS2_rUBot_mecanum_ws/install/my_robot_bringup/share/my_robot_bringup/hook/cmake_prefix_path.ps1'
[1.689s] INFO:colcon.colcon_core.shell:Creating environment descriptor '/home/ROS2_rUBot_mecanum_ws/install/my_robot_bringup/share/my_robot_bringup/hook/cmake_prefix_path.dsv'
[1.690s] INFO:colcon.colcon_core.shell:Creating environment hook '/home/ROS2_rUBot_mecanum_ws/install/my_robot_bringup/share/my_robot_bringup/hook/cmake_prefix_path.sh'
[1.690s] Level 1:colcon.colcon_core.environment:checking '/home/ROS2_rUBot_mecanum_ws/install/my_robot_bringup/bin'
[1.690s] Level 1:colcon.colcon_core.environment:checking '/home/ROS2_rUBot_mecanum_ws/install/my_robot_bringup/lib/pkgconfig/my_robot_bringup.pc'
[1.690s] Level 1:colcon.colcon_core.environment:checking '/home/ROS2_rUBot_mecanum_ws/install/my_robot_bringup/lib/python3.10/site-packages'
[1.691s] Level 1:colcon.colcon_core.environment:checking '/home/ROS2_rUBot_mecanum_ws/install/my_robot_bringup/bin'
[1.692s] INFO:colcon.colcon_core.shell:Creating package script '/home/ROS2_rUBot_mecanum_ws/install/my_robot_bringup/share/my_robot_bringup/package.ps1'
[1.693s] DEBUG:colcon.colcon_core.event_handler.log_command:Invoked command in '/home/ROS2_rUBot_mecanum_ws/build/my_robot_bringup' returned '0': CMAKE_PREFIX_PATH=/home/ROS2_rUBot_mecanum_ws/install/my_robot_description:/home/ROS2_rUBot_mecanum_ws/install/my_robot_bringup:/home/ROS2_rUBot_mecanum_ws/install/gz_rosa_control:/home/ROS2_rUBot_mecanum_ws/install/gz_mecanum_control:/home/ROS2_rUBot_tutorial_ws/install/robot_bringup:/home/ROS2_rUBot_tutorial_ws/install/robot_description:/home/ROS2_rUBot_tutorial_ws/install/ros2_tutorial:/opt/ros/humble /usr/bin/cmake --install /home/ROS2_rUBot_mecanum_ws/build/my_robot_bringup
[1.693s] INFO:colcon.colcon_core.shell:Creating package descriptor '/home/ROS2_rUBot_mecanum_ws/install/my_robot_bringup/share/my_robot_bringup/package.dsv'
[1.693s] INFO:colcon.colcon_core.shell:Creating package script '/home/ROS2_rUBot_mecanum_ws/install/my_robot_bringup/share/my_robot_bringup/package.sh'
[1.694s] INFO:colcon.colcon_core.shell:Creating package script '/home/ROS2_rUBot_mecanum_ws/install/my_robot_bringup/share/my_robot_bringup/package.bash'
[1.694s] INFO:colcon.colcon_core.shell:Creating package script '/home/ROS2_rUBot_mecanum_ws/install/my_robot_bringup/share/my_robot_bringup/package.zsh'
[1.694s] Level 1:colcon.colcon_core.environment:create_file_with_runtime_dependencies(/home/ROS2_rUBot_mecanum_ws/install/my_robot_bringup/share/colcon-core/packages/my_robot_bringup)
[1.886s] Level 1:colcon.colcon_core.environment:create_environment_scripts_only(my_robot_bringup)
[1.888s] Level 1:colcon.colcon_core.environment:checking '/home/ROS2_rUBot_mecanum_ws/install/my_robot_bringup' for CMake module files
[1.888s] Level 1:colcon.colcon_core.environment:checking '/home/ROS2_rUBot_mecanum_ws/install/my_robot_bringup' for CMake config files
[1.889s] Level 1:colcon.colcon_core.shell:create_environment_hook('my_robot_bringup', 'cmake_prefix_path')
[1.890s] INFO:colcon.colcon_core.shell:Creating environment hook '/home/ROS2_rUBot_mecanum_ws/install/my_robot_bringup/share/my_robot_bringup/hook/cmake_prefix_path.ps1'
[1.890s] INFO:colcon.colcon_core.shell:Creating environment descriptor '/home/ROS2_rUBot_mecanum_ws/install/my_robot_bringup/share/my_robot_bringup/hook/cmake_prefix_path.dsv'
[1.891s] INFO:colcon.colcon_core.shell:Creating environment hook '/home/ROS2_rUBot_mecanum_ws/install/my_robot_bringup/share/my_robot_bringup/hook/cmake_prefix_path.sh'
[1.891s] Level 1:colcon.colcon_core.environment:checking '/home/ROS2_rUBot_mecanum_ws/install/my_robot_bringup/bin'
[1.891s] Level 1:colcon.colcon_core.environment:checking '/home/ROS2_rUBot_mecanum_ws/install/my_robot_bringup/lib/pkgconfig/my_robot_bringup.pc'
[1.893s] Level 1:colcon.colcon_core.environment:checking '/home/ROS2_rUBot_mecanum_ws/install/my_robot_bringup/lib/python3.10/site-packages'
[1.894s] Level 1:colcon.colcon_core.environment:checking '/home/ROS2_rUBot_mecanum_ws/install/my_robot_bringup/bin'
[1.896s] INFO:colcon.colcon_core.shell:Creating package script '/home/ROS2_rUBot_mecanum_ws/install/my_robot_bringup/share/my_robot_bringup/package.ps1'
[1.896s] INFO:colcon.colcon_core.shell:Creating package descriptor '/home/ROS2_rUBot_mecanum_ws/install/my_robot_bringup/share/my_robot_bringup/package.dsv'
[1.897s] INFO:colcon.colcon_core.shell:Creating package script '/home/ROS2_rUBot_mecanum_ws/install/my_robot_bringup/share/my_robot_bringup/package.sh'
[1.897s] INFO:colcon.colcon_core.shell:Creating package script '/home/ROS2_rUBot_mecanum_ws/install/my_robot_bringup/share/my_robot_bringup/package.bash'
[1.898s] INFO:colcon.colcon_core.shell:Creating package script '/home/ROS2_rUBot_mecanum_ws/install/my_robot_bringup/share/my_robot_bringup/package.zsh'
[1.898s] Level 1:colcon.colcon_core.environment:create_file_with_runtime_dependencies(/home/ROS2_rUBot_mecanum_ws/install/my_robot_bringup/share/colcon-core/packages/my_robot_bringup)
[1.898s] DEBUG:colcon.colcon_parallel_executor.executor.parallel:closing loop
[1.915s] DEBUG:colcon.colcon_parallel_executor.executor.parallel:loop closed
[1.915s] DEBUG:colcon.colcon_parallel_executor.executor.parallel:run_until_complete finished with '0'
[1.915s] DEBUG:colcon.colcon_core.event_reactor:joining thread
[1.923s] INFO:colcon.colcon_core.plugin_system:Skipping extension 'colcon_notification.desktop_notification.notify_send': Could not find 'notify-send'
[1.923s] INFO:colcon.colcon_core.plugin_system:Skipping extension 'colcon_notification.desktop_notification.terminal_notifier': Not used on non-Darwin systems
[1.923s] INFO:colcon.colcon_core.plugin_system:Skipping extension 'colcon_notification.desktop_notification.win32': Not used on non-Windows systems
[1.923s] INFO:colcon.colcon_notification.desktop_notification:Sending desktop notification using 'notify2'
[1.934s] DEBUG:colcon.colcon_notification.desktop_notification.notify2:Failed to initialize notify2: org.freedesktop.DBus.Error.Spawn.ExecFailed: /usr/bin/dbus-launch terminated abnormally without any error message
[1.938s] DEBUG:colcon.colcon_core.event_reactor:joined thread
[1.940s] INFO:colcon.colcon_core.shell:Creating prefix script '/home/ROS2_rUBot_mecanum_ws/install/local_setup.ps1'
[1.941s] INFO:colcon.colcon_core.shell:Creating prefix util module '/home/ROS2_rUBot_mecanum_ws/install/_local_setup_util_ps1.py'
[1.944s] INFO:colcon.colcon_core.shell:Creating prefix chain script '/home/ROS2_rUBot_mecanum_ws/install/setup.ps1'
[1.946s] INFO:colcon.colcon_core.shell:Creating prefix script '/home/ROS2_rUBot_mecanum_ws/install/local_setup.sh'
[1.946s] INFO:colcon.colcon_core.shell:Creating prefix util module '/home/ROS2_rUBot_mecanum_ws/install/_local_setup_util_sh.py'
[1.947s] INFO:colcon.colcon_core.shell:Creating prefix chain script '/home/ROS2_rUBot_mecanum_ws/install/setup.sh'
[1.950s] INFO:colcon.colcon_core.shell:Creating prefix script '/home/ROS2_rUBot_mecanum_ws/install/local_setup.bash'
[1.951s] INFO:colcon.colcon_core.shell:Creating prefix chain script '/home/ROS2_rUBot_mecanum_ws/install/setup.bash'
[1.973s] INFO:colcon.colcon_core.shell:Creating prefix script '/home/ROS2_rUBot_mecanum_ws/install/local_setup.zsh'
[1.974s] INFO:colcon.colcon_core.shell:Creating prefix chain script '/home/ROS2_rUBot_mecanum_ws/install/setup.zsh'
