[0.012s] Invoking command in '/home/ROS2_rUBot_mecanum_ws/build/my_robot_bringup': CMAKE_PREFIX_PATH=/home/ROS2_rUBot_mecanum_ws/install/my_robot_description:/home/ROS2_rUBot_mecanum_ws/install/my_robot_bringup:/home/ROS2_rUBot_mecanum_ws/install/gz_rosa_control:/home/ROS2_rUBot_mecanum_ws/install/gz_mecanum_control:/home/ROS2_rUBot_tutorial_ws/install/robot_bringup:/home/ROS2_rUBot_tutorial_ws/install/robot_description:/home/ROS2_rUBot_mecanum_ws/install/my_robot_control:/home/ROS2_rUBot_tutorial_ws/install/ros2_tutorial:/opt/ros/humble /usr/bin/cmake --build /home/ROS2_rUBot_mecanum_ws/build/my_robot_bringup -- -j8 -l8
[0.042s] Invoked command in '/home/ROS2_rUBot_mecanum_ws/build/my_robot_bringup' returned '0': CMAKE_PREFIX_PATH=/home/ROS2_rUBot_mecanum_ws/install/my_robot_description:/home/ROS2_rUBot_mecanum_ws/install/my_robot_bringup:/home/ROS2_rUBot_mecanum_ws/install/gz_rosa_control:/home/ROS2_rUBot_mecanum_ws/install/gz_mecanum_control:/home/ROS2_rUBot_tutorial_ws/install/robot_bringup:/home/ROS2_rUBot_tutorial_ws/install/robot_description:/home/ROS2_rUBot_mecanum_ws/install/my_robot_control:/home/ROS2_rUBot_tutorial_ws/install/ros2_tutorial:/opt/ros/humble /usr/bin/cmake --build /home/ROS2_rUBot_mecanum_ws/build/my_robot_bringup -- -j8 -l8
[0.060s] Invoking command in '/home/ROS2_rUBot_mecanum_ws/build/my_robot_bringup': CMAKE_PREFIX_PATH=/home/ROS2_rUBot_mecanum_ws/install/my_robot_description:/home/ROS2_rUBot_mecanum_ws/install/my_robot_bringup:/home/ROS2_rUBot_mecanum_ws/install/gz_rosa_control:/home/ROS2_rUBot_mecanum_ws/install/gz_mecanum_control:/home/ROS2_rUBot_tutorial_ws/install/robot_bringup:/home/ROS2_rUBot_tutorial_ws/install/robot_description:/home/ROS2_rUBot_mecanum_ws/install/my_robot_control:/home/ROS2_rUBot_tutorial_ws/install/ros2_tutorial:/opt/ros/humble /usr/bin/cmake --install /home/ROS2_rUBot_mecanum_ws/build/my_robot_bringup
[0.065s] -- Install configuration: ""
[0.066s] -- Execute custom install script
[0.066s] -- Up-to-date symlink: /home/ROS2_rUBot_mecanum_ws/install/my_robot_bringup/share/my_robot_bringup//launch/my_robot_gazebo.launch.xml
[0.066s] -- Up-to-date symlink: /home/ROS2_rUBot_mecanum_ws/install/my_robot_bringup/share/my_robot_bringup//rviz/urdf_config.rviz
[0.066s] -- Up-to-date symlink: /home/ROS2_rUBot_mecanum_ws/install/my_robot_bringup/share/my_robot_bringup//worlds/square.world
[0.067s] -- Up-to-date symlink: /home/ROS2_rUBot_mecanum_ws/install/my_robot_bringup/share/my_robot_bringup//worlds/square2.world
[0.067s] -- Up-to-date symlink: /home/ROS2_rUBot_mecanum_ws/install/my_robot_bringup/share/my_robot_bringup//worlds/test_world.world
[0.067s] -- Up-to-date symlink: /home/ROS2_rUBot_mecanum_ws/install/my_robot_bringup/share/ament_index/resource_index/package_run_dependencies/my_robot_bringup
[0.067s] -- Up-to-date symlink: /home/ROS2_rUBot_mecanum_ws/install/my_robot_bringup/share/ament_index/resource_index/parent_prefix_path/my_robot_bringup
[0.067s] -- Up-to-date symlink: /home/ROS2_rUBot_mecanum_ws/install/my_robot_bringup/share/my_robot_bringup/environment/ament_prefix_path.sh
[0.067s] -- Up-to-date symlink: /home/ROS2_rUBot_mecanum_ws/install/my_robot_bringup/share/my_robot_bringup/environment/ament_prefix_path.dsv
[0.068s] -- Up-to-date symlink: /home/ROS2_rUBot_mecanum_ws/install/my_robot_bringup/share/my_robot_bringup/environment/path.sh
[0.068s] -- Up-to-date symlink: /home/ROS2_rUBot_mecanum_ws/install/my_robot_bringup/share/my_robot_bringup/environment/path.dsv
[0.068s] -- Up-to-date symlink: /home/ROS2_rUBot_mecanum_ws/install/my_robot_bringup/share/my_robot_bringup/local_setup.bash
[0.068s] -- Up-to-date symlink: /home/ROS2_rUBot_mecanum_ws/install/my_robot_bringup/share/my_robot_bringup/local_setup.sh
[0.068s] -- Up-to-date symlink: /home/ROS2_rUBot_mecanum_ws/install/my_robot_bringup/share/my_robot_bringup/local_setup.zsh
[0.069s] -- Up-to-date symlink: /home/ROS2_rUBot_mecanum_ws/install/my_robot_bringup/share/my_robot_bringup/local_setup.dsv
[0.069s] -- Symlinking: /home/ROS2_rUBot_mecanum_ws/install/my_robot_bringup/share/my_robot_bringup/package.dsv
[0.076s] -- Up-to-date symlink: /home/ROS2_rUBot_mecanum_ws/install/my_robot_bringup/share/ament_index/resource_index/packages/my_robot_bringup
[0.076s] -- Up-to-date symlink: /home/ROS2_rUBot_mecanum_ws/install/my_robot_bringup/share/my_robot_bringup/cmake/my_robot_bringupConfig.cmake
[0.076s] -- Up-to-date symlink: /home/ROS2_rUBot_mecanum_ws/install/my_robot_bringup/share/my_robot_bringup/cmake/my_robot_bringupConfig-version.cmake
[0.076s] -- Up-to-date symlink: /home/ROS2_rUBot_mecanum_ws/install/my_robot_bringup/share/my_robot_bringup/package.xml
[0.080s] Invoked command in '/home/ROS2_rUBot_mecanum_ws/build/my_robot_bringup' returned '0': CMAKE_PREFIX_PATH=/home/ROS2_rUBot_mecanum_ws/install/my_robot_description:/home/ROS2_rUBot_mecanum_ws/install/my_robot_bringup:/home/ROS2_rUBot_mecanum_ws/install/gz_rosa_control:/home/ROS2_rUBot_mecanum_ws/install/gz_mecanum_control:/home/ROS2_rUBot_tutorial_ws/install/robot_bringup:/home/ROS2_rUBot_tutorial_ws/install/robot_description:/home/ROS2_rUBot_mecanum_ws/install/my_robot_control:/home/ROS2_rUBot_tutorial_ws/install/ros2_tutorial:/opt/ros/humble /usr/bin/cmake --install /home/ROS2_rUBot_mecanum_ws/build/my_robot_bringup
