[0.066s] Invoking command in '/home/ROS2_rUBot_mecanum_ws/build/my_robot_bringup': CMAKE_PREFIX_PATH=/home/ROS2_rUBot_mecanum_ws/install/my_robot_description:/home/ROS2_rUBot_mecanum_ws/install/my_robot_bringup:/home/ROS2_rUBot_mecanum_ws/install/gz_rosa_control:/home/ROS2_rUBot_mecanum_ws/install/gz_mecanum_control:/home/ROS2_rUBot_tutorial_ws/install/robot_bringup:/home/ROS2_rUBot_tutorial_ws/install/robot_description:/home/ROS2_rUBot_tutorial_ws/install/ros2_tutorial:/opt/ros/humble /usr/bin/cmake /home/ROS2_rUBot_mecanum_ws/src/my_robot_bringup -DCMAKE_INSTALL_PREFIX=/home/ROS2_rUBot_mecanum_ws/install/my_robot_bringup
[0.090s] -- Found ament_cmake: 1.3.5 (/opt/ros/humble/share/ament_cmake/cmake)
[0.245s] -- Override CMake install command with custom implementation using symlinks instead of copying resources
[0.514s] -- Configuring done
[0.530s] -- Generating done
[0.531s] -- Build files have been written to: /home/ROS2_rUBot_mecanum_ws/build/my_robot_bringup
[0.534s] Invoked command in '/home/ROS2_rUBot_mecanum_ws/build/my_robot_bringup' returned '0': CMAKE_PREFIX_PATH=/home/ROS2_rUBot_mecanum_ws/install/my_robot_description:/home/ROS2_rUBot_mecanum_ws/install/my_robot_bringup:/home/ROS2_rUBot_mecanum_ws/install/gz_rosa_control:/home/ROS2_rUBot_mecanum_ws/install/gz_mecanum_control:/home/ROS2_rUBot_tutorial_ws/install/robot_bringup:/home/ROS2_rUBot_tutorial_ws/install/robot_description:/home/ROS2_rUBot_tutorial_ws/install/ros2_tutorial:/opt/ros/humble /usr/bin/cmake /home/ROS2_rUBot_mecanum_ws/src/my_robot_bringup -DCMAKE_INSTALL_PREFIX=/home/ROS2_rUBot_mecanum_ws/install/my_robot_bringup
[0.535s] Invoking command in '/home/ROS2_rUBot_mecanum_ws/build/my_robot_bringup': CMAKE_PREFIX_PATH=/home/ROS2_rUBot_mecanum_ws/install/my_robot_description:/home/ROS2_rUBot_mecanum_ws/install/my_robot_bringup:/home/ROS2_rUBot_mecanum_ws/install/gz_rosa_control:/home/ROS2_rUBot_mecanum_ws/install/gz_mecanum_control:/home/ROS2_rUBot_tutorial_ws/install/robot_bringup:/home/ROS2_rUBot_tutorial_ws/install/robot_description:/home/ROS2_rUBot_tutorial_ws/install/ros2_tutorial:/opt/ros/humble /usr/bin/cmake --build /home/ROS2_rUBot_mecanum_ws/build/my_robot_bringup -- -j8 -l8
[0.587s] Invoked command in '/home/ROS2_rUBot_mecanum_ws/build/my_robot_bringup' returned '0': CMAKE_PREFIX_PATH=/home/ROS2_rUBot_mecanum_ws/install/my_robot_description:/home/ROS2_rUBot_mecanum_ws/install/my_robot_bringup:/home/ROS2_rUBot_mecanum_ws/install/gz_rosa_control:/home/ROS2_rUBot_mecanum_ws/install/gz_mecanum_control:/home/ROS2_rUBot_tutorial_ws/install/robot_bringup:/home/ROS2_rUBot_tutorial_ws/install/robot_description:/home/ROS2_rUBot_tutorial_ws/install/ros2_tutorial:/opt/ros/humble /usr/bin/cmake --build /home/ROS2_rUBot_mecanum_ws/build/my_robot_bringup -- -j8 -l8
[0.806s] Invoking command in '/home/ROS2_rUBot_mecanum_ws/build/my_robot_bringup': CMAKE_PREFIX_PATH=/home/ROS2_rUBot_mecanum_ws/install/my_robot_description:/home/ROS2_rUBot_mecanum_ws/install/my_robot_bringup:/home/ROS2_rUBot_mecanum_ws/install/gz_rosa_control:/home/ROS2_rUBot_mecanum_ws/install/gz_mecanum_control:/home/ROS2_rUBot_tutorial_ws/install/robot_bringup:/home/ROS2_rUBot_tutorial_ws/install/robot_description:/home/ROS2_rUBot_tutorial_ws/install/ros2_tutorial:/opt/ros/humble /usr/bin/cmake --install /home/ROS2_rUBot_mecanum_ws/build/my_robot_bringup
[0.816s] -- Install configuration: ""
[0.816s] -- Execute custom install script
[0.816s] -- Up-to-date symlink: /home/ROS2_rUBot_mecanum_ws/install/my_robot_bringup/share/my_robot_bringup//launch/my_robot_gazebo.launch.xml
[0.816s] -- Up-to-date symlink: /home/ROS2_rUBot_mecanum_ws/install/my_robot_bringup/share/my_robot_bringup//rviz/urdf_config.rviz
[0.816s] -- Up-to-date symlink: /home/ROS2_rUBot_mecanum_ws/install/my_robot_bringup/share/my_robot_bringup//worlds/square.world
[0.816s] -- Up-to-date symlink: /home/ROS2_rUBot_mecanum_ws/install/my_robot_bringup/share/my_robot_bringup//worlds/square2.world
[0.816s] -- Up-to-date symlink: /home/ROS2_rUBot_mecanum_ws/install/my_robot_bringup/share/my_robot_bringup//worlds/test_world.world
[0.816s] -- Up-to-date symlink: /home/ROS2_rUBot_mecanum_ws/install/my_robot_bringup/share/ament_index/resource_index/package_run_dependencies/my_robot_bringup
[0.816s] -- Up-to-date symlink: /home/ROS2_rUBot_mecanum_ws/install/my_robot_bringup/share/ament_index/resource_index/parent_prefix_path/my_robot_bringup
[0.816s] -- Up-to-date symlink: /home/ROS2_rUBot_mecanum_ws/install/my_robot_bringup/share/my_robot_bringup/environment/ament_prefix_path.sh
[0.817s] -- Up-to-date symlink: /home/ROS2_rUBot_mecanum_ws/install/my_robot_bringup/share/my_robot_bringup/environment/ament_prefix_path.dsv
[0.817s] -- Up-to-date symlink: /home/ROS2_rUBot_mecanum_ws/install/my_robot_bringup/share/my_robot_bringup/environment/path.sh
[0.817s] -- Up-to-date symlink: /home/ROS2_rUBot_mecanum_ws/install/my_robot_bringup/share/my_robot_bringup/environment/path.dsv
[0.817s] -- Up-to-date symlink: /home/ROS2_rUBot_mecanum_ws/install/my_robot_bringup/share/my_robot_bringup/local_setup.bash
[0.817s] -- Up-to-date symlink: /home/ROS2_rUBot_mecanum_ws/install/my_robot_bringup/share/my_robot_bringup/local_setup.sh
[0.817s] -- Up-to-date symlink: /home/ROS2_rUBot_mecanum_ws/install/my_robot_bringup/share/my_robot_bringup/local_setup.zsh
[0.817s] -- Up-to-date symlink: /home/ROS2_rUBot_mecanum_ws/install/my_robot_bringup/share/my_robot_bringup/local_setup.dsv
[0.817s] -- Symlinking: /home/ROS2_rUBot_mecanum_ws/install/my_robot_bringup/share/my_robot_bringup/package.dsv
[0.852s] -- Up-to-date symlink: /home/ROS2_rUBot_mecanum_ws/install/my_robot_bringup/share/ament_index/resource_index/packages/my_robot_bringup
[0.880s] -- Up-to-date symlink: /home/ROS2_rUBot_mecanum_ws/install/my_robot_bringup/share/my_robot_bringup/cmake/my_robot_bringupConfig.cmake
[0.881s] -- Up-to-date symlink: /home/ROS2_rUBot_mecanum_ws/install/my_robot_bringup/share/my_robot_bringup/cmake/my_robot_bringupConfig-version.cmake
[0.881s] -- Up-to-date symlink: /home/ROS2_rUBot_mecanum_ws/install/my_robot_bringup/share/my_robot_bringup/package.xml
[0.881s] Invoked command in '/home/ROS2_rUBot_mecanum_ws/build/my_robot_bringup' returned '0': CMAKE_PREFIX_PATH=/home/ROS2_rUBot_mecanum_ws/install/my_robot_description:/home/ROS2_rUBot_mecanum_ws/install/my_robot_bringup:/home/ROS2_rUBot_mecanum_ws/install/gz_rosa_control:/home/ROS2_rUBot_mecanum_ws/install/gz_mecanum_control:/home/ROS2_rUBot_tutorial_ws/install/robot_bringup:/home/ROS2_rUBot_tutorial_ws/install/robot_description:/home/ROS2_rUBot_tutorial_ws/install/ros2_tutorial:/opt/ros/humble /usr/bin/cmake --install /home/ROS2_rUBot_mecanum_ws/build/my_robot_bringup
