[0.158s] Invoking command in '/home/ROS2_rUBot_mecanum_ws/build/teleop_twist_joy': CMAKE_PREFIX_PATH=${CMAKE_PREFIX_PATH}:/home/ROS2_rUBot_tutorial_ws/install/ros2_tutorial:/opt/ros/humble /usr/bin/cmake --build /home/ROS2_rUBot_mecanum_ws/build/teleop_twist_joy -- -j8 -l8
[0.703s] [35m[1mConsolidate compiler generated dependencies of target teleop_twist_joy[0m
[0.723s] [ 50%] Built target teleop_twist_joy
[0.775s] [35m[1mConsolidate compiler generated dependencies of target teleop_twist_joy_node[0m
[0.838s] [100%] Built target teleop_twist_joy_node
[0.882s] Invoked command in '/home/ROS2_rUBot_mecanum_ws/build/teleop_twist_joy' returned '0': CMAKE_PREFIX_PATH=${CMAKE_PREFIX_PATH}:/home/ROS2_rUBot_tutorial_ws/install/ros2_tutorial:/opt/ros/humble /usr/bin/cmake --build /home/ROS2_rUBot_mecanum_ws/build/teleop_twist_joy -- -j8 -l8
[1.134s] Invoking command in '/home/ROS2_rUBot_mecanum_ws/build/teleop_twist_joy': CMAKE_PREFIX_PATH=${CMAKE_PREFIX_PATH}:/home/ROS2_rUBot_tutorial_ws/install/ros2_tutorial:/opt/ros/humble /usr/bin/cmake --install /home/ROS2_rUBot_mecanum_ws/build/teleop_twist_joy
[1.149s] -- Install configuration: ""
[1.169s] -- Up-to-date: /home/ROS2_rUBot_mecanum_ws/install/teleop_twist_joy/lib/libteleop_twist_joy.so
[1.169s] -- Up-to-date: /home/ROS2_rUBot_mecanum_ws/install/teleop_twist_joy/lib/teleop_twist_joy/teleop_node
[1.169s] -- Up-to-date: /home/ROS2_rUBot_mecanum_ws/install/teleop_twist_joy/include/teleop_twist_joy
[1.169s] -- Up-to-date: /home/ROS2_rUBot_mecanum_ws/install/teleop_twist_joy/include/teleop_twist_joy/teleop_twist_joy
[1.169s] -- Up-to-date: /home/ROS2_rUBot_mecanum_ws/install/teleop_twist_joy/include/teleop_twist_joy/teleop_twist_joy/teleop_twist_joy.hpp
[1.170s] -- Up-to-date: /home/ROS2_rUBot_mecanum_ws/install/teleop_twist_joy/include/teleop_twist_joy/teleop_twist_joy/teleop_twist_joy_export.h
[1.170s] -- Up-to-date: /home/ROS2_rUBot_mecanum_ws/install/teleop_twist_joy/share/teleop_twist_joy/launch
[1.170s] -- Up-to-date: /home/ROS2_rUBot_mecanum_ws/install/teleop_twist_joy/share/teleop_twist_joy/launch/teleop-launch.py
[1.170s] -- Up-to-date: /home/ROS2_rUBot_mecanum_ws/install/teleop_twist_joy/share/teleop_twist_joy/config
[1.170s] -- Up-to-date: /home/ROS2_rUBot_mecanum_ws/install/teleop_twist_joy/share/teleop_twist_joy/config/atk3.config.yaml
[1.170s] -- Up-to-date: /home/ROS2_rUBot_mecanum_ws/install/teleop_twist_joy/share/teleop_twist_joy/config/ps3-holonomic.config.yaml
[1.170s] -- Up-to-date: /home/ROS2_rUBot_mecanum_ws/install/teleop_twist_joy/share/teleop_twist_joy/config/xd3.config.yaml
[1.170s] -- Up-to-date: /home/ROS2_rUBot_mecanum_ws/install/teleop_twist_joy/share/teleop_twist_joy/config/xbox.config.yaml
[1.170s] -- Up-to-date: /home/ROS2_rUBot_mecanum_ws/install/teleop_twist_joy/share/teleop_twist_joy/config/ps3.config.yaml
[1.170s] -- Up-to-date: /home/ROS2_rUBot_mecanum_ws/install/teleop_twist_joy/share/teleop_twist_joy/environment/library_path.sh
[1.171s] -- Up-to-date: /home/ROS2_rUBot_mecanum_ws/install/teleop_twist_joy/share/teleop_twist_joy/environment/library_path.dsv
[1.171s] -- Up-to-date: /home/ROS2_rUBot_mecanum_ws/install/teleop_twist_joy/share/ament_index/resource_index/package_run_dependencies/teleop_twist_joy
[1.171s] -- Up-to-date: /home/ROS2_rUBot_mecanum_ws/install/teleop_twist_joy/share/ament_index/resource_index/parent_prefix_path/teleop_twist_joy
[1.171s] -- Up-to-date: /home/ROS2_rUBot_mecanum_ws/install/teleop_twist_joy/share/teleop_twist_joy/environment/ament_prefix_path.sh
[1.171s] -- Up-to-date: /home/ROS2_rUBot_mecanum_ws/install/teleop_twist_joy/share/teleop_twist_joy/environment/ament_prefix_path.dsv
[1.171s] -- Up-to-date: /home/ROS2_rUBot_mecanum_ws/install/teleop_twist_joy/share/teleop_twist_joy/environment/path.sh
[1.171s] -- Up-to-date: /home/ROS2_rUBot_mecanum_ws/install/teleop_twist_joy/share/teleop_twist_joy/environment/path.dsv
[1.171s] -- Up-to-date: /home/ROS2_rUBot_mecanum_ws/install/teleop_twist_joy/share/teleop_twist_joy/local_setup.bash
[1.171s] -- Up-to-date: /home/ROS2_rUBot_mecanum_ws/install/teleop_twist_joy/share/teleop_twist_joy/local_setup.sh
[1.172s] -- Up-to-date: /home/ROS2_rUBot_mecanum_ws/install/teleop_twist_joy/share/teleop_twist_joy/local_setup.zsh
[1.172s] -- Up-to-date: /home/ROS2_rUBot_mecanum_ws/install/teleop_twist_joy/share/teleop_twist_joy/local_setup.dsv
[1.172s] -- Installing: /home/ROS2_rUBot_mecanum_ws/install/teleop_twist_joy/share/teleop_twist_joy/package.dsv
[1.172s] -- Up-to-date: /home/ROS2_rUBot_mecanum_ws/install/teleop_twist_joy/share/ament_index/resource_index/packages/teleop_twist_joy
[1.172s] -- Up-to-date: /home/ROS2_rUBot_mecanum_ws/install/teleop_twist_joy/share/ament_index/resource_index/rclcpp_components/teleop_twist_joy
[1.172s] -- Up-to-date: /home/ROS2_rUBot_mecanum_ws/install/teleop_twist_joy/share/teleop_twist_joy/cmake/export_teleop_twist_joyExport.cmake
[1.172s] -- Up-to-date: /home/ROS2_rUBot_mecanum_ws/install/teleop_twist_joy/share/teleop_twist_joy/cmake/export_teleop_twist_joyExport-noconfig.cmake
[1.172s] -- Up-to-date: /home/ROS2_rUBot_mecanum_ws/install/teleop_twist_joy/share/teleop_twist_joy/cmake/ament_cmake_export_include_directories-extras.cmake
[1.172s] -- Up-to-date: /home/ROS2_rUBot_mecanum_ws/install/teleop_twist_joy/share/teleop_twist_joy/cmake/ament_cmake_export_libraries-extras.cmake
[1.172s] -- Up-to-date: /home/ROS2_rUBot_mecanum_ws/install/teleop_twist_joy/share/teleop_twist_joy/cmake/ament_cmake_export_targets-extras.cmake
[1.172s] -- Up-to-date: /home/ROS2_rUBot_mecanum_ws/install/teleop_twist_joy/share/teleop_twist_joy/cmake/teleop_twist_joyConfig.cmake
[1.173s] -- Up-to-date: /home/ROS2_rUBot_mecanum_ws/install/teleop_twist_joy/share/teleop_twist_joy/cmake/teleop_twist_joyConfig-version.cmake
[1.173s] -- Up-to-date: /home/ROS2_rUBot_mecanum_ws/install/teleop_twist_joy/share/teleop_twist_joy/package.xml
[1.188s] Invoked command in '/home/ROS2_rUBot_mecanum_ws/build/teleop_twist_joy' returned '0': CMAKE_PREFIX_PATH=${CMAKE_PREFIX_PATH}:/home/ROS2_rUBot_tutorial_ws/install/ros2_tutorial:/opt/ros/humble /usr/bin/cmake --install /home/ROS2_rUBot_mecanum_ws/build/teleop_twist_joy
