[0.041s] Invoking command in '/home/ROS2_rUBot_mecanum_ws/build/my_robot_description': CMAKE_PREFIX_PATH=${CMAKE_PREFIX_PATH}:/home/ROS2_rUBot_mecanum_ws/install/my_robot_control:/home/ROS2_rUBot_tutorial_ws/install/ros2_tutorial:/opt/ros/humble /usr/bin/cmake /home/ROS2_rUBot_mecanum_ws/src/my_robot_description -DCMAKE_INSTALL_PREFIX=/home/ROS2_rUBot_mecanum_ws/install/my_robot_description
[0.304s] -- The C compiler identification is GNU 11.4.0
[0.465s] -- The CXX compiler identification is GNU 11.4.0
[0.479s] -- Detecting C compiler ABI info
[0.558s] -- Detecting C compiler ABI info - done
[0.566s] -- Check for working C compiler: /usr/bin/cc - skipped
[0.567s] -- Detecting C compile features
[0.567s] -- Detecting C compile features - done
[0.572s] -- Detecting CXX compiler ABI info
[0.646s] -- Detecting CXX compiler ABI info - done
[0.653s] -- Check for working CXX compiler: /usr/bin/c++ - skipped
[0.654s] -- Detecting CXX compile features
[0.654s] -- Detecting CXX compile features - done
[0.666s] -- Found ament_cmake: 1.3.5 (/opt/ros/humble/share/ament_cmake/cmake)
[0.850s] -- Found Python3: /usr/bin/python3.10 (found version "3.10.12") found components: Interpreter 
[1.028s] -- Found urdf: 2.6.0 (/opt/ros/humble/share/urdf/cmake)
[1.227s] -- Configuring done
[1.232s] -- Generating done
[1.233s] -- Build files have been written to: /home/ROS2_rUBot_mecanum_ws/build/my_robot_description
[1.239s] Invoked command in '/home/ROS2_rUBot_mecanum_ws/build/my_robot_description' returned '0': CMAKE_PREFIX_PATH=${CMAKE_PREFIX_PATH}:/home/ROS2_rUBot_mecanum_ws/install/my_robot_control:/home/ROS2_rUBot_tutorial_ws/install/ros2_tutorial:/opt/ros/humble /usr/bin/cmake /home/ROS2_rUBot_mecanum_ws/src/my_robot_description -DCMAKE_INSTALL_PREFIX=/home/ROS2_rUBot_mecanum_ws/install/my_robot_description
[1.241s] Invoking command in '/home/ROS2_rUBot_mecanum_ws/build/my_robot_description': CMAKE_PREFIX_PATH=${CMAKE_PREFIX_PATH}:/home/ROS2_rUBot_mecanum_ws/install/my_robot_control:/home/ROS2_rUBot_tutorial_ws/install/ros2_tutorial:/opt/ros/humble /usr/bin/cmake --build /home/ROS2_rUBot_mecanum_ws/build/my_robot_description -- -j8 -l8
[1.275s] Invoked command in '/home/ROS2_rUBot_mecanum_ws/build/my_robot_description' returned '0': CMAKE_PREFIX_PATH=${CMAKE_PREFIX_PATH}:/home/ROS2_rUBot_mecanum_ws/install/my_robot_control:/home/ROS2_rUBot_tutorial_ws/install/ros2_tutorial:/opt/ros/humble /usr/bin/cmake --build /home/ROS2_rUBot_mecanum_ws/build/my_robot_description -- -j8 -l8
[1.306s] Invoking command in '/home/ROS2_rUBot_mecanum_ws/build/my_robot_description': CMAKE_PREFIX_PATH=${CMAKE_PREFIX_PATH}:/home/ROS2_rUBot_mecanum_ws/install/my_robot_control:/home/ROS2_rUBot_tutorial_ws/install/ros2_tutorial:/opt/ros/humble /usr/bin/cmake --install /home/ROS2_rUBot_mecanum_ws/build/my_robot_description
[1.312s] -- Install configuration: ""
[1.312s] -- Up-to-date: /home/ROS2_rUBot_mecanum_ws/install/my_robot_description/share/my_robot_description//meshes
[1.312s] -- Installing: /home/ROS2_rUBot_mecanum_ws/install/my_robot_description/share/my_robot_description//meshes/upper_right_wheel.stl
[1.313s] -- Installing: /home/ROS2_rUBot_mecanum_ws/install/my_robot_description/share/my_robot_description//meshes/Lidar.stl
[1.317s] -- Installing: /home/ROS2_rUBot_mecanum_ws/install/my_robot_description/share/my_robot_description//meshes/base_link.stl
[1.328s] -- Installing: /home/ROS2_rUBot_mecanum_ws/install/my_robot_description/share/my_robot_description//meshes/upper_left_wheel.stl
[1.329s] -- Installing: /home/ROS2_rUBot_mecanum_ws/install/my_robot_description/share/my_robot_description//meshes/lower_right_wheel.stl
[1.330s] -- Installing: /home/ROS2_rUBot_mecanum_ws/install/my_robot_description/share/my_robot_description//meshes/number2.stl
[1.331s] -- Installing: /home/ROS2_rUBot_mecanum_ws/install/my_robot_description/share/my_robot_description//meshes/lower_left_wheel.stl
[1.332s] -- Up-to-date: /home/ROS2_rUBot_mecanum_ws/install/my_robot_description/share/my_robot_description//urdf
[1.332s] -- Installing: /home/ROS2_rUBot_mecanum_ws/install/my_robot_description/share/my_robot_description//urdf/rubot_mecanum_mpuig.urdf
[1.333s] -- Installing: /home/ROS2_rUBot_mecanum_ws/install/my_robot_description/share/my_robot_description//urdf/my_differential_robot_arm.urdf.xacro
[1.333s] -- Installing: /home/ROS2_rUBot_mecanum_ws/install/my_robot_description/share/my_robot_description//urdf/my_mecanum_robot_arm.urdf.xacro
[1.333s] -- Installing: /home/ROS2_rUBot_mecanum_ws/install/my_robot_description/share/my_robot_description//urdf/differential_mobile_base.xacro
[1.333s] -- Installing: /home/ROS2_rUBot_mecanum_ws/install/my_robot_description/share/my_robot_description//urdf/differential_mobile_base_gazebo.xacro
[1.333s] -- Installing: /home/ROS2_rUBot_mecanum_ws/install/my_robot_description/share/my_robot_description//urdf/my_differential_robot.urdf.xacro
[1.334s] -- Up-to-date: /home/ROS2_rUBot_mecanum_ws/install/my_robot_description/share/my_robot_description//launch
[1.334s] -- Installing: /home/ROS2_rUBot_mecanum_ws/install/my_robot_description/share/my_robot_description//launch/rplidar_custom.launch.xml
[1.334s] -- Installing: /home/ROS2_rUBot_mecanum_ws/install/my_robot_description/share/my_robot_description//launch/usb_cam_custom.launch.xml
[1.334s] -- Up-to-date: /home/ROS2_rUBot_mecanum_ws/install/my_robot_description/share/my_robot_description//rviz
[1.334s] -- Installing: /home/ROS2_rUBot_mecanum_ws/install/my_robot_description/share/my_robot_description/package.dsv
[1.337s] Invoked command in '/home/ROS2_rUBot_mecanum_ws/build/my_robot_description' returned '0': CMAKE_PREFIX_PATH=${CMAKE_PREFIX_PATH}:/home/ROS2_rUBot_mecanum_ws/install/my_robot_control:/home/ROS2_rUBot_tutorial_ws/install/ros2_tutorial:/opt/ros/humble /usr/bin/cmake --install /home/ROS2_rUBot_mecanum_ws/build/my_robot_description
