running develop
Removing /home/ROS2_rUBot_mecanum_ws/install/my_robot_control/lib/python3.10/site-packages/my-robot-control.egg-link (link to .)
running egg_info
writing ../../build/my_robot_control/my_robot_control.egg-info/PKG-INFO
writing dependency_links to ../../build/my_robot_control/my_robot_control.egg-info/dependency_links.txt
writing entry points to ../../build/my_robot_control/my_robot_control.egg-info/entry_points.txt
writing requirements to ../../build/my_robot_control/my_robot_control.egg-info/requires.txt
writing top-level names to ../../build/my_robot_control/my_robot_control.egg-info/top_level.txt
reading manifest file '../../build/my_robot_control/my_robot_control.egg-info/SOURCES.txt'
writing manifest file '../../build/my_robot_control/my_robot_control.egg-info/SOURCES.txt'
running build
running build_py
running install
running install_lib
creating /home/ROS2_rUBot_mecanum_ws/install/my_robot_control/lib/python3.10/site-packages/my_robot_control
copying /home/ROS2_rUBot_mecanum_ws/build/my_robot_control/build/lib/my_robot_control/my_robot_control.py -> /home/ROS2_rUBot_mecanum_ws/install/my_robot_control/lib/python3.10/site-packages/my_robot_control
copying /home/ROS2_rUBot_mecanum_ws/build/my_robot_control/build/lib/my_robot_control/my_robot_selfcontrol.py -> /home/ROS2_rUBot_mecanum_ws/install/my_robot_control/lib/python3.10/site-packages/my_robot_control
copying /home/ROS2_rUBot_mecanum_ws/build/my_robot_control/build/lib/my_robot_control/__init__.py -> /home/ROS2_rUBot_mecanum_ws/install/my_robot_control/lib/python3.10/site-packages/my_robot_control
byte-compiling /home/ROS2_rUBot_mecanum_ws/install/my_robot_control/lib/python3.10/site-packages/my_robot_control/my_robot_control.py to my_robot_control.cpython-310.pyc
byte-compiling /home/ROS2_rUBot_mecanum_ws/install/my_robot_control/lib/python3.10/site-packages/my_robot_control/my_robot_selfcontrol.py to my_robot_selfcontrol.cpython-310.pyc
byte-compiling /home/ROS2_rUBot_mecanum_ws/install/my_robot_control/lib/python3.10/site-packages/my_robot_control/__init__.py to __init__.cpython-310.pyc
running install_data
copying launch/my_robot_control.launch.xml -> /home/ROS2_rUBot_mecanum_ws/install/my_robot_control/share/my_robot_control
running install_egg_info
Copying ../../build/my_robot_control/my_robot_control.egg-info to /home/ROS2_rUBot_mecanum_ws/install/my_robot_control/lib/python3.10/site-packages/my_robot_control-0.0.0-py3.10.egg-info
running install_scripts
Installing my_robot_control_node script to /home/ROS2_rUBot_mecanum_ws/install/my_robot_control/lib/my_robot_control
Installing my_robot_selfcontrol_node script to /home/ROS2_rUBot_mecanum_ws/install/my_robot_control/lib/my_robot_control
writing list of installed files to '/home/ROS2_rUBot_mecanum_ws/build/my_robot_control/install.log'
