[0.017s] Invoking command in '/home/ROS2_rUBot_mecanum_ws/build/teleop_twist_joy': CMAKE_PREFIX_PATH=${CMAKE_PREFIX_PATH}:/home/ROS2_rUBot_tutorial_ws/install/ros2_tutorial:/opt/ros/humble /usr/bin/cmake /home/ROS2_rUBot_mecanum_ws/src/teleop_twist_joy -DCMAKE_INSTALL_PREFIX=/home/ROS2_rUBot_mecanum_ws/install/teleop_twist_joy
[0.063s] -- The C compiler identification is GNU 11.4.0
[0.113s] -- The CXX compiler identification is GNU 11.4.0
[0.121s] -- Detecting C compiler ABI info
[0.169s] -- Detecting C compiler ABI info - done
[0.176s] -- Check for working C compiler: /usr/bin/cc - skipped
[0.176s] -- Detecting C compile features
[0.176s] -- Detecting C compile features - done
[0.178s] -- Detecting CXX compiler ABI info
[0.240s] -- Detecting CXX compiler ABI info - done
[0.246s] -- Check for working CXX compiler: /usr/bin/c++ - skipped
[0.247s] -- Detecting CXX compile features
[0.247s] -- Detecting CXX compile features - done
[0.250s] -- Found ament_cmake: 1.3.5 (/opt/ros/humble/share/ament_cmake/cmake)
[0.403s] -- Found Python3: /usr/bin/python3.10 (found version "3.10.12") found components: Interpreter 
[0.483s] -- Found geometry_msgs: 4.2.3 (/opt/ros/humble/share/geometry_msgs/cmake)
[0.594s] -- Found rosidl_generator_c: 3.1.5 (/opt/ros/humble/share/rosidl_generator_c/cmake)
[0.605s] -- Found rosidl_adapter: 3.1.5 (/opt/ros/humble/share/rosidl_adapter/cmake)
[0.623s] -- Found rosidl_generator_cpp: 3.1.5 (/opt/ros/humble/share/rosidl_generator_cpp/cmake)
[0.650s] -- Using all available rosidl_typesupport_c: rosidl_typesupport_fastrtps_c;rosidl_typesupport_introspection_c
[0.684s] -- Using all available rosidl_typesupport_cpp: rosidl_typesupport_fastrtps_cpp;rosidl_typesupport_introspection_cpp
[0.826s] -- Found rclcpp: 16.0.5 (/opt/ros/humble/share/rclcpp/cmake)
[0.926s] -- Found rmw_implementation_cmake: 6.1.1 (/opt/ros/humble/share/rmw_implementation_cmake/cmake)
[0.932s] -- Found rmw_fastrtps_cpp: 6.2.3 (/opt/ros/humble/share/rmw_fastrtps_cpp/cmake)
[1.111s] -- Found OpenSSL: /usr/lib/x86_64-linux-gnu/libcrypto.so (found version "3.0.2")  
[1.145s] -- Found FastRTPS: /opt/ros/humble/include  
[1.195s] -- Using RMW implementation 'rmw_fastrtps_cpp' as default
[1.216s] -- Looking for pthread.h
[1.291s] -- Looking for pthread.h - found
[1.291s] -- Performing Test CMAKE_HAVE_LIBC_PTHREAD
[1.369s] -- Performing Test CMAKE_HAVE_LIBC_PTHREAD - Success
[1.371s] -- Found Threads: TRUE  
[1.527s] -- Found rclcpp_components: 16.0.5 (/opt/ros/humble/share/rclcpp_components/cmake)
[1.626s] -- Found sensor_msgs: 4.2.3 (/opt/ros/humble/share/sensor_msgs/cmake)
[1.730s] -- Performing Test COMPILER_HAS_HIDDEN_VISIBILITY
[1.790s] -- Performing Test COMPILER_HAS_HIDDEN_VISIBILITY - Success
[1.791s] -- Performing Test COMPILER_HAS_HIDDEN_INLINE_VISIBILITY
[1.846s] -- Performing Test COMPILER_HAS_HIDDEN_INLINE_VISIBILITY - Success
[1.846s] -- Performing Test COMPILER_HAS_DEPRECATED_ATTR
[1.904s] -- Performing Test COMPILER_HAS_DEPRECATED_ATTR - Success
[1.909s] -- Found ament_lint_auto: 0.12.7 (/opt/ros/humble/share/ament_lint_auto/cmake)
[2.010s] -- Found python_cmake_module: 0.10.0 (/opt/ros/humble/share/python_cmake_module/cmake)
[2.029s] -- Found PythonInterp: /usr/bin/python3 (found suitable version "3.10.12", minimum required is "3.6") 
[2.038s] -- Found PythonLibs: /usr/lib/x86_64-linux-gnu/libpython3.10.so (found suitable version "3.10.12", minimum required is "3.5") 
[2.038s] -- Using PYTHON_EXECUTABLE: /usr/bin/python3
[2.038s] -- Using PYTHON_INCLUDE_DIRS: /usr/include/python3.10
[2.038s] -- Using PYTHON_LIBRARIES: /usr/lib/x86_64-linux-gnu/libpython3.10.so
[2.054s] -- Found PythonExtra: .so  
[2.077s] -- Added test 'cppcheck' to perform static code analysis on C / C++ code
[2.077s] -- Configured cppcheck include dirs: $<BUILD_INTERFACE:/home/ROS2_rUBot_mecanum_ws/src/teleop_twist_joy/include>
[2.077s] -- Configured cppcheck exclude dirs and/or files: 
[2.078s] -- Added test 'flake8' to check Python code syntax and style conventions
[2.080s] -- Added test 'lint_cmake' to check CMake code style
[2.081s] -- Added test 'pep257' to check Python code against some of the docstring style conventions in PEP 257
[2.083s] -- Added test 'xmllint' to check XML markup files
[2.089s] -- Configuring done
[2.107s] -- Generating done
[2.109s] -- Build files have been written to: /home/ROS2_rUBot_mecanum_ws/build/teleop_twist_joy
[2.117s] Invoked command in '/home/ROS2_rUBot_mecanum_ws/build/teleop_twist_joy' returned '0': CMAKE_PREFIX_PATH=${CMAKE_PREFIX_PATH}:/home/ROS2_rUBot_tutorial_ws/install/ros2_tutorial:/opt/ros/humble /usr/bin/cmake /home/ROS2_rUBot_mecanum_ws/src/teleop_twist_joy -DCMAKE_INSTALL_PREFIX=/home/ROS2_rUBot_mecanum_ws/install/teleop_twist_joy
[2.118s] Invoking command in '/home/ROS2_rUBot_mecanum_ws/build/teleop_twist_joy': CMAKE_PREFIX_PATH=${CMAKE_PREFIX_PATH}:/home/ROS2_rUBot_tutorial_ws/install/ros2_tutorial:/opt/ros/humble /usr/bin/cmake --build /home/ROS2_rUBot_mecanum_ws/build/teleop_twist_joy -- -j8 -l8
[2.152s] [ 25%] [32mBuilding CXX object CMakeFiles/teleop_twist_joy.dir/src/teleop_twist_joy.cpp.o[0m
[10.798s] [ 50%] [32m[1mLinking CXX shared library libteleop_twist_joy.so[0m
[11.309s] [ 50%] Built target teleop_twist_joy
[11.322s] [ 75%] [32mBuilding CXX object CMakeFiles/teleop_twist_joy_node.dir/src/teleop_node.cpp.o[0m
[13.854s] [100%] [32m[1mLinking CXX executable teleop_node[0m
[14.005s] [100%] Built target teleop_twist_joy_node
[14.012s] Invoked command in '/home/ROS2_rUBot_mecanum_ws/build/teleop_twist_joy' returned '0': CMAKE_PREFIX_PATH=${CMAKE_PREFIX_PATH}:/home/ROS2_rUBot_tutorial_ws/install/ros2_tutorial:/opt/ros/humble /usr/bin/cmake --build /home/ROS2_rUBot_mecanum_ws/build/teleop_twist_joy -- -j8 -l8
[14.032s] Invoking command in '/home/ROS2_rUBot_mecanum_ws/build/teleop_twist_joy': CMAKE_PREFIX_PATH=${CMAKE_PREFIX_PATH}:/home/ROS2_rUBot_tutorial_ws/install/ros2_tutorial:/opt/ros/humble /usr/bin/cmake --install /home/ROS2_rUBot_mecanum_ws/build/teleop_twist_joy
[14.036s] -- Install configuration: ""
[14.037s] -- Installing: /home/ROS2_rUBot_mecanum_ws/install/teleop_twist_joy/lib/libteleop_twist_joy.so
[14.042s] -- Set runtime path of "/home/ROS2_rUBot_mecanum_ws/install/teleop_twist_joy/lib/libteleop_twist_joy.so" to ""
[14.042s] -- Installing: /home/ROS2_rUBot_mecanum_ws/install/teleop_twist_joy/lib/teleop_twist_joy/teleop_node
[14.042s] -- Set runtime path of "/home/ROS2_rUBot_mecanum_ws/install/teleop_twist_joy/lib/teleop_twist_joy/teleop_node" to ""
[14.042s] -- Installing: /home/ROS2_rUBot_mecanum_ws/install/teleop_twist_joy/include/teleop_twist_joy
[14.043s] -- Installing: /home/ROS2_rUBot_mecanum_ws/install/teleop_twist_joy/include/teleop_twist_joy/teleop_twist_joy
[14.043s] -- Installing: /home/ROS2_rUBot_mecanum_ws/install/teleop_twist_joy/include/teleop_twist_joy/teleop_twist_joy/teleop_twist_joy.hpp
[14.043s] -- Installing: /home/ROS2_rUBot_mecanum_ws/install/teleop_twist_joy/include/teleop_twist_joy/teleop_twist_joy/teleop_twist_joy_export.h
[14.043s] -- Installing: /home/ROS2_rUBot_mecanum_ws/install/teleop_twist_joy/share/teleop_twist_joy/launch
[14.044s] -- Installing: /home/ROS2_rUBot_mecanum_ws/install/teleop_twist_joy/share/teleop_twist_joy/launch/teleop-launch.py
[14.044s] -- Installing: /home/ROS2_rUBot_mecanum_ws/install/teleop_twist_joy/share/teleop_twist_joy/config
[14.044s] -- Installing: /home/ROS2_rUBot_mecanum_ws/install/teleop_twist_joy/share/teleop_twist_joy/config/atk3.config.yaml
[14.045s] -- Installing: /home/ROS2_rUBot_mecanum_ws/install/teleop_twist_joy/share/teleop_twist_joy/config/ps3-holonomic.config.yaml
[14.045s] -- Installing: /home/ROS2_rUBot_mecanum_ws/install/teleop_twist_joy/share/teleop_twist_joy/config/xd3.config.yaml
[14.045s] -- Installing: /home/ROS2_rUBot_mecanum_ws/install/teleop_twist_joy/share/teleop_twist_joy/config/xbox.config.yaml
[14.045s] -- Installing: /home/ROS2_rUBot_mecanum_ws/install/teleop_twist_joy/share/teleop_twist_joy/config/ps3.config.yaml
[14.045s] -- Installing: /home/ROS2_rUBot_mecanum_ws/install/teleop_twist_joy/share/teleop_twist_joy/environment/library_path.sh
[14.046s] -- Installing: /home/ROS2_rUBot_mecanum_ws/install/teleop_twist_joy/share/teleop_twist_joy/environment/library_path.dsv
[14.046s] -- Installing: /home/ROS2_rUBot_mecanum_ws/install/teleop_twist_joy/share/ament_index/resource_index/package_run_dependencies/teleop_twist_joy
[14.046s] -- Installing: /home/ROS2_rUBot_mecanum_ws/install/teleop_twist_joy/share/ament_index/resource_index/parent_prefix_path/teleop_twist_joy
[14.047s] -- Installing: /home/ROS2_rUBot_mecanum_ws/install/teleop_twist_joy/share/teleop_twist_joy/environment/ament_prefix_path.sh
[14.047s] -- Installing: /home/ROS2_rUBot_mecanum_ws/install/teleop_twist_joy/share/teleop_twist_joy/environment/ament_prefix_path.dsv
[14.047s] -- Installing: /home/ROS2_rUBot_mecanum_ws/install/teleop_twist_joy/share/teleop_twist_joy/environment/path.sh
[14.047s] -- Installing: /home/ROS2_rUBot_mecanum_ws/install/teleop_twist_joy/share/teleop_twist_joy/environment/path.dsv
[14.047s] -- Installing: /home/ROS2_rUBot_mecanum_ws/install/teleop_twist_joy/share/teleop_twist_joy/local_setup.bash
[14.047s] -- Installing: /home/ROS2_rUBot_mecanum_ws/install/teleop_twist_joy/share/teleop_twist_joy/local_setup.sh
[14.047s] -- Installing: /home/ROS2_rUBot_mecanum_ws/install/teleop_twist_joy/share/teleop_twist_joy/local_setup.zsh
[14.047s] -- Installing: /home/ROS2_rUBot_mecanum_ws/install/teleop_twist_joy/share/teleop_twist_joy/local_setup.dsv
[14.048s] -- Installing: /home/ROS2_rUBot_mecanum_ws/install/teleop_twist_joy/share/teleop_twist_joy/package.dsv
[14.048s] -- Installing: /home/ROS2_rUBot_mecanum_ws/install/teleop_twist_joy/share/ament_index/resource_index/packages/teleop_twist_joy
[14.048s] -- Installing: /home/ROS2_rUBot_mecanum_ws/install/teleop_twist_joy/share/ament_index/resource_index/rclcpp_components/teleop_twist_joy
[14.048s] -- Installing: /home/ROS2_rUBot_mecanum_ws/install/teleop_twist_joy/share/teleop_twist_joy/cmake/export_teleop_twist_joyExport.cmake
[14.049s] -- Installing: /home/ROS2_rUBot_mecanum_ws/install/teleop_twist_joy/share/teleop_twist_joy/cmake/export_teleop_twist_joyExport-noconfig.cmake
[14.049s] -- Installing: /home/ROS2_rUBot_mecanum_ws/install/teleop_twist_joy/share/teleop_twist_joy/cmake/ament_cmake_export_include_directories-extras.cmake
[14.049s] -- Installing: /home/ROS2_rUBot_mecanum_ws/install/teleop_twist_joy/share/teleop_twist_joy/cmake/ament_cmake_export_libraries-extras.cmake
[14.050s] -- Installing: /home/ROS2_rUBot_mecanum_ws/install/teleop_twist_joy/share/teleop_twist_joy/cmake/ament_cmake_export_targets-extras.cmake
[14.050s] -- Installing: /home/ROS2_rUBot_mecanum_ws/install/teleop_twist_joy/share/teleop_twist_joy/cmake/teleop_twist_joyConfig.cmake
[14.050s] -- Installing: /home/ROS2_rUBot_mecanum_ws/install/teleop_twist_joy/share/teleop_twist_joy/cmake/teleop_twist_joyConfig-version.cmake
[14.050s] -- Installing: /home/ROS2_rUBot_mecanum_ws/install/teleop_twist_joy/share/teleop_twist_joy/package.xml
[14.054s] Invoked command in '/home/ROS2_rUBot_mecanum_ws/build/teleop_twist_joy' returned '0': CMAKE_PREFIX_PATH=${CMAKE_PREFIX_PATH}:/home/ROS2_rUBot_tutorial_ws/install/ros2_tutorial:/opt/ros/humble /usr/bin/cmake --install /home/ROS2_rUBot_mecanum_ws/build/teleop_twist_joy
