[0.009s] Invoking command in '/home/ROS2_rUBot_mecanum_ws/build/robot_bringup': AMENT_PREFIX_PATH=/home/ROS2_rUBot_mecanum_ws/install/robot_description:${AMENT_PREFIX_PATH} CMAKE_PREFIX_PATH=/home/ROS2_rUBot_mecanum_ws/install/robot_description:/home/ROS2_rUBot_ws/install/robot_bringup:/home/ROS2_rUBot_ws/install/robot_description:/home/ROS2_rUBot_ws/install/my_robot_bringup:/home/ROS2_rUBot_ws/install/my_robot_description:/home/ROS2_rUBot_ws/install/rubot_description:/home/ROS2_rUBot_ws/install/rubot_control:/home/ROS2_rUBot_ws/install/ros2_tutorial:/opt/ros/humble /usr/bin/cmake /home/ROS2_rUBot_mecanum_ws/src/robot_bringup -DCMAKE_INSTALL_PREFIX=/home/ROS2_rUBot_mecanum_ws/install/robot_bringup
[0.046s] -- The C compiler identification is GNU 11.4.0
[0.089s] -- The CXX compiler identification is GNU 11.4.0
[0.093s] -- Detecting C compiler ABI info
[0.135s] -- Detecting C compiler ABI info - done
[0.141s] -- Check for working C compiler: /usr/bin/cc - skipped
[0.141s] -- Detecting C compile features
[0.142s] -- Detecting C compile features - done
[0.144s] -- Detecting CXX compiler ABI info
[0.197s] -- Detecting CXX compiler ABI info - done
[0.204s] -- Check for working CXX compiler: /usr/bin/c++ - skipped
[0.204s] -- Detecting CXX compile features
[0.204s] -- Detecting CXX compile features - done
[0.207s] -- Found ament_cmake: 1.3.5 (/opt/ros/humble/share/ament_cmake/cmake)
[0.363s] -- Found Python3: /usr/bin/python3.10 (found version "3.10.12") found components: Interpreter 
[0.498s] -- Configuring done
[0.500s] -- Generating done
[0.501s] -- Build files have been written to: /home/ROS2_rUBot_mecanum_ws/build/robot_bringup
[0.505s] Invoked command in '/home/ROS2_rUBot_mecanum_ws/build/robot_bringup' returned '0': AMENT_PREFIX_PATH=/home/ROS2_rUBot_mecanum_ws/install/robot_description:${AMENT_PREFIX_PATH} CMAKE_PREFIX_PATH=/home/ROS2_rUBot_mecanum_ws/install/robot_description:/home/ROS2_rUBot_ws/install/robot_bringup:/home/ROS2_rUBot_ws/install/robot_description:/home/ROS2_rUBot_ws/install/my_robot_bringup:/home/ROS2_rUBot_ws/install/my_robot_description:/home/ROS2_rUBot_ws/install/rubot_description:/home/ROS2_rUBot_ws/install/rubot_control:/home/ROS2_rUBot_ws/install/ros2_tutorial:/opt/ros/humble /usr/bin/cmake /home/ROS2_rUBot_mecanum_ws/src/robot_bringup -DCMAKE_INSTALL_PREFIX=/home/ROS2_rUBot_mecanum_ws/install/robot_bringup
[0.506s] Invoking command in '/home/ROS2_rUBot_mecanum_ws/build/robot_bringup': AMENT_PREFIX_PATH=/home/ROS2_rUBot_mecanum_ws/install/robot_description:${AMENT_PREFIX_PATH} CMAKE_PREFIX_PATH=/home/ROS2_rUBot_mecanum_ws/install/robot_description:/home/ROS2_rUBot_ws/install/robot_bringup:/home/ROS2_rUBot_ws/install/robot_description:/home/ROS2_rUBot_ws/install/my_robot_bringup:/home/ROS2_rUBot_ws/install/my_robot_description:/home/ROS2_rUBot_ws/install/rubot_description:/home/ROS2_rUBot_ws/install/rubot_control:/home/ROS2_rUBot_ws/install/ros2_tutorial:/opt/ros/humble /usr/bin/cmake --build /home/ROS2_rUBot_mecanum_ws/build/robot_bringup -- -j8 -l8
[0.527s] Invoked command in '/home/ROS2_rUBot_mecanum_ws/build/robot_bringup' returned '0': AMENT_PREFIX_PATH=/home/ROS2_rUBot_mecanum_ws/install/robot_description:${AMENT_PREFIX_PATH} CMAKE_PREFIX_PATH=/home/ROS2_rUBot_mecanum_ws/install/robot_description:/home/ROS2_rUBot_ws/install/robot_bringup:/home/ROS2_rUBot_ws/install/robot_description:/home/ROS2_rUBot_ws/install/my_robot_bringup:/home/ROS2_rUBot_ws/install/my_robot_description:/home/ROS2_rUBot_ws/install/rubot_description:/home/ROS2_rUBot_ws/install/rubot_control:/home/ROS2_rUBot_ws/install/ros2_tutorial:/opt/ros/humble /usr/bin/cmake --build /home/ROS2_rUBot_mecanum_ws/build/robot_bringup -- -j8 -l8
[0.542s] Invoking command in '/home/ROS2_rUBot_mecanum_ws/build/robot_bringup': AMENT_PREFIX_PATH=/home/ROS2_rUBot_mecanum_ws/install/robot_description:${AMENT_PREFIX_PATH} CMAKE_PREFIX_PATH=/home/ROS2_rUBot_mecanum_ws/install/robot_description:/home/ROS2_rUBot_ws/install/robot_bringup:/home/ROS2_rUBot_ws/install/robot_description:/home/ROS2_rUBot_ws/install/my_robot_bringup:/home/ROS2_rUBot_ws/install/my_robot_description:/home/ROS2_rUBot_ws/install/rubot_description:/home/ROS2_rUBot_ws/install/rubot_control:/home/ROS2_rUBot_ws/install/ros2_tutorial:/opt/ros/humble /usr/bin/cmake --install /home/ROS2_rUBot_mecanum_ws/build/robot_bringup
[0.546s] -- Install configuration: ""
[0.546s] -- Installing: /home/ROS2_rUBot_mecanum_ws/install/robot_bringup/share/robot_bringup//launch
[0.547s] -- Installing: /home/ROS2_rUBot_mecanum_ws/install/robot_bringup/share/robot_bringup//launch/my_robot_gazebo.launch.xml
[0.547s] -- Installing: /home/ROS2_rUBot_mecanum_ws/install/robot_bringup/share/robot_bringup//rviz
[0.548s] -- Installing: /home/ROS2_rUBot_mecanum_ws/install/robot_bringup/share/robot_bringup//rviz/urdf_config.rviz
[0.548s] -- Installing: /home/ROS2_rUBot_mecanum_ws/install/robot_bringup/share/robot_bringup//rviz/urdf_odom_config.rviz
[0.549s] -- Installing: /home/ROS2_rUBot_mecanum_ws/install/robot_bringup/share/robot_bringup//worlds
[0.549s] -- Installing: /home/ROS2_rUBot_mecanum_ws/install/robot_bringup/share/robot_bringup//worlds/test_world.world
[0.550s] -- Installing: /home/ROS2_rUBot_mecanum_ws/install/robot_bringup/share/ament_index/resource_index/package_run_dependencies/robot_bringup
[0.551s] -- Installing: /home/ROS2_rUBot_mecanum_ws/install/robot_bringup/share/ament_index/resource_index/parent_prefix_path/robot_bringup
[0.551s] -- Installing: /home/ROS2_rUBot_mecanum_ws/install/robot_bringup/share/robot_bringup/environment/ament_prefix_path.sh
[0.551s] -- Installing: /home/ROS2_rUBot_mecanum_ws/install/robot_bringup/share/robot_bringup/environment/ament_prefix_path.dsv
[0.552s] -- Installing: /home/ROS2_rUBot_mecanum_ws/install/robot_bringup/share/robot_bringup/environment/path.sh
[0.552s] -- Installing: /home/ROS2_rUBot_mecanum_ws/install/robot_bringup/share/robot_bringup/environment/path.dsv
[0.552s] -- Installing: /home/ROS2_rUBot_mecanum_ws/install/robot_bringup/share/robot_bringup/local_setup.bash
[0.552s] -- Installing: /home/ROS2_rUBot_mecanum_ws/install/robot_bringup/share/robot_bringup/local_setup.sh
[0.552s] -- Installing: /home/ROS2_rUBot_mecanum_ws/install/robot_bringup/share/robot_bringup/local_setup.zsh
[0.552s] -- Installing: /home/ROS2_rUBot_mecanum_ws/install/robot_bringup/share/robot_bringup/local_setup.dsv
[0.552s] -- Installing: /home/ROS2_rUBot_mecanum_ws/install/robot_bringup/share/robot_bringup/package.dsv
[0.553s] -- Installing: /home/ROS2_rUBot_mecanum_ws/install/robot_bringup/share/ament_index/resource_index/packages/robot_bringup
[0.553s] -- Installing: /home/ROS2_rUBot_mecanum_ws/install/robot_bringup/share/robot_bringup/cmake/robot_bringupConfig.cmake
[0.553s] -- Installing: /home/ROS2_rUBot_mecanum_ws/install/robot_bringup/share/robot_bringup/cmake/robot_bringupConfig-version.cmake
[0.553s] -- Installing: /home/ROS2_rUBot_mecanum_ws/install/robot_bringup/share/robot_bringup/package.xml
[0.555s] Invoked command in '/home/ROS2_rUBot_mecanum_ws/build/robot_bringup' returned '0': AMENT_PREFIX_PATH=/home/ROS2_rUBot_mecanum_ws/install/robot_description:${AMENT_PREFIX_PATH} CMAKE_PREFIX_PATH=/home/ROS2_rUBot_mecanum_ws/install/robot_description:/home/ROS2_rUBot_ws/install/robot_bringup:/home/ROS2_rUBot_ws/install/robot_description:/home/ROS2_rUBot_ws/install/my_robot_bringup:/home/ROS2_rUBot_ws/install/my_robot_description:/home/ROS2_rUBot_ws/install/rubot_description:/home/ROS2_rUBot_ws/install/rubot_control:/home/ROS2_rUBot_ws/install/ros2_tutorial:/opt/ros/humble /usr/bin/cmake --install /home/ROS2_rUBot_mecanum_ws/build/robot_bringup
