[0.036s] Invoking command in '/home/ROS2_rUBot_mecanum_ws/build/gz_mecanum_control': CMAKE_PREFIX_PATH=${CMAKE_PREFIX_PATH}:/home/ROS2_rUBot_mecanum_ws/install/my_robot_control:/home/ROS2_rUBot_tutorial_ws/install/ros2_tutorial:/opt/ros/humble /usr/bin/cmake --build /home/ROS2_rUBot_mecanum_ws/build/gz_mecanum_control -- -j8 -l8
[0.434s] [100%] Built target gazebo_ros_omni_drive
[0.453s] Invoked command in '/home/ROS2_rUBot_mecanum_ws/build/gz_mecanum_control' returned '0': CMAKE_PREFIX_PATH=${CMAKE_PREFIX_PATH}:/home/ROS2_rUBot_mecanum_ws/install/my_robot_control:/home/ROS2_rUBot_tutorial_ws/install/ros2_tutorial:/opt/ros/humble /usr/bin/cmake --build /home/ROS2_rUBot_mecanum_ws/build/gz_mecanum_control -- -j8 -l8
[0.478s] Invoking command in '/home/ROS2_rUBot_mecanum_ws/build/gz_mecanum_control': CMAKE_PREFIX_PATH=${CMAKE_PREFIX_PATH}:/home/ROS2_rUBot_mecanum_ws/install/my_robot_control:/home/ROS2_rUBot_tutorial_ws/install/ros2_tutorial:/opt/ros/humble /usr/bin/cmake --install /home/ROS2_rUBot_mecanum_ws/build/gz_mecanum_control
[0.484s] -- Install configuration: ""
[0.486s] -- Execute custom install script
[0.487s] -- Up-to-date symlink: /home/ROS2_rUBot_mecanum_ws/install/gz_mecanum_control/share/gz_mecanum_control/environment/library_path.sh
[0.487s] -- Up-to-date symlink: /home/ROS2_rUBot_mecanum_ws/install/gz_mecanum_control/share/gz_mecanum_control/environment/library_path.dsv
[0.488s] -- Up-to-date symlink: /home/ROS2_rUBot_mecanum_ws/install/gz_mecanum_control/lib/libgazebo_ros_omni_drive.so
[0.489s] -- Up-to-date symlink: /home/ROS2_rUBot_mecanum_ws/install/gz_mecanum_control/share/ament_index/resource_index/package_run_dependencies/gz_mecanum_control
[0.490s] -- Up-to-date symlink: /home/ROS2_rUBot_mecanum_ws/install/gz_mecanum_control/share/ament_index/resource_index/parent_prefix_path/gz_mecanum_control
[0.491s] -- Up-to-date symlink: /home/ROS2_rUBot_mecanum_ws/install/gz_mecanum_control/share/gz_mecanum_control/environment/ament_prefix_path.sh
[0.491s] -- Up-to-date symlink: /home/ROS2_rUBot_mecanum_ws/install/gz_mecanum_control/share/gz_mecanum_control/environment/ament_prefix_path.dsv
[0.492s] -- Up-to-date symlink: /home/ROS2_rUBot_mecanum_ws/install/gz_mecanum_control/share/gz_mecanum_control/environment/path.sh
[0.493s] -- Up-to-date symlink: /home/ROS2_rUBot_mecanum_ws/install/gz_mecanum_control/share/gz_mecanum_control/environment/path.dsv
[0.493s] -- Up-to-date symlink: /home/ROS2_rUBot_mecanum_ws/install/gz_mecanum_control/share/gz_mecanum_control/local_setup.bash
[0.494s] -- Up-to-date symlink: /home/ROS2_rUBot_mecanum_ws/install/gz_mecanum_control/share/gz_mecanum_control/local_setup.sh
[0.495s] -- Up-to-date symlink: /home/ROS2_rUBot_mecanum_ws/install/gz_mecanum_control/share/gz_mecanum_control/local_setup.zsh
[0.496s] -- Up-to-date symlink: /home/ROS2_rUBot_mecanum_ws/install/gz_mecanum_control/share/gz_mecanum_control/local_setup.dsv
[0.496s] -- Symlinking: /home/ROS2_rUBot_mecanum_ws/install/gz_mecanum_control/share/gz_mecanum_control/package.dsv
[0.503s] -- Up-to-date symlink: /home/ROS2_rUBot_mecanum_ws/install/gz_mecanum_control/share/ament_index/resource_index/packages/gz_mecanum_control
[0.504s] -- Up-to-date symlink: /home/ROS2_rUBot_mecanum_ws/install/gz_mecanum_control/share/gz_mecanum_control/cmake/ament_cmake_export_libraries-extras.cmake
[0.505s] -- Up-to-date symlink: /home/ROS2_rUBot_mecanum_ws/install/gz_mecanum_control/share/gz_mecanum_control/cmake/gz_mecanum_controlConfig.cmake
[0.505s] -- Up-to-date symlink: /home/ROS2_rUBot_mecanum_ws/install/gz_mecanum_control/share/gz_mecanum_control/cmake/gz_mecanum_controlConfig-version.cmake
[0.506s] -- Up-to-date symlink: /home/ROS2_rUBot_mecanum_ws/install/gz_mecanum_control/share/gz_mecanum_control/package.xml
[0.510s] Invoked command in '/home/ROS2_rUBot_mecanum_ws/build/gz_mecanum_control' returned '0': CMAKE_PREFIX_PATH=${CMAKE_PREFIX_PATH}:/home/ROS2_rUBot_mecanum_ws/install/my_robot_control:/home/ROS2_rUBot_tutorial_ws/install/ros2_tutorial:/opt/ros/humble /usr/bin/cmake --install /home/ROS2_rUBot_mecanum_ws/build/gz_mecanum_control
