-- Install configuration: ""
-- Up-to-date: /home/ROS2_rUBot_mecanum_ws/install/robot_description/share/robot_description//urdf
-- Installing: /home/ROS2_rUBot_mecanum_ws/install/robot_description/share/robot_description//urdf/build
-- Installing: /home/ROS2_rUBot_mecanum_ws/install/robot_description/share/robot_description//urdf/build/COLCON_IGNORE
-- Installing: /home/ROS2_rUBot_mecanum_ws/install/robot_description/share/robot_description//urdf/build/.built_by
-- Up-to-date: /home/ROS2_rUBot_mecanum_ws/install/robot_description/share/robot_description//urdf/urdf_specs.txt
-- Up-to-date: /home/ROS2_rUBot_mecanum_ws/install/robot_description/share/robot_description//urdf/arm.xacro
-- Up-to-date: /home/ROS2_rUBot_mecanum_ws/install/robot_description/share/robot_description//urdf/mobile_base.xacro
-- Installing: /home/ROS2_rUBot_mecanum_ws/install/robot_description/share/robot_description//urdf/my_robot.urdf
-- Up-to-date: /home/ROS2_rUBot_mecanum_ws/install/robot_description/share/robot_description//urdf/camera.xacro
-- Up-to-date: /home/ROS2_rUBot_mecanum_ws/install/robot_description/share/robot_description//urdf/standalone_arm.urdf.xacro
-- Installing: /home/ROS2_rUBot_mecanum_ws/install/robot_description/share/robot_description//urdf/my_robot0.urdf
-- Up-to-date: /home/ROS2_rUBot_mecanum_ws/install/robot_description/share/robot_description//urdf/mobile_base_gazebo.xacro
-- Installing: /home/ROS2_rUBot_mecanum_ws/install/robot_description/share/robot_description//urdf/log
-- Installing: /home/ROS2_rUBot_mecanum_ws/install/robot_description/share/robot_description//urdf/log/build_2023-10-15_10-24-03
-- Installing: /home/ROS2_rUBot_mecanum_ws/install/robot_description/share/robot_description//urdf/log/build_2023-10-15_10-24-03/logger_all.log
-- Installing: /home/ROS2_rUBot_mecanum_ws/install/robot_description/share/robot_description//urdf/log/build_2023-10-15_10-24-03/events.log
-- Installing: /home/ROS2_rUBot_mecanum_ws/install/robot_description/share/robot_description//urdf/log/latest_build
-- Installing: /home/ROS2_rUBot_mecanum_ws/install/robot_description/share/robot_description//urdf/log/latest
-- Installing: /home/ROS2_rUBot_mecanum_ws/install/robot_description/share/robot_description//urdf/log/COLCON_IGNORE
-- Up-to-date: /home/ROS2_rUBot_mecanum_ws/install/robot_description/share/robot_description//urdf/common_properties.xacro
-- Up-to-date: /home/ROS2_rUBot_mecanum_ws/install/robot_description/share/robot_description//urdf/my_robot.urdf.xacro
-- Up-to-date: /home/ROS2_rUBot_mecanum_ws/install/robot_description/share/robot_description//urdf/arm_gazebo.xacro
-- Installing: /home/ROS2_rUBot_mecanum_ws/install/robot_description/share/robot_description//urdf/install
-- Installing: /home/ROS2_rUBot_mecanum_ws/install/robot_description/share/robot_description//urdf/install/_local_setup_util_sh.py
-- Installing: /home/ROS2_rUBot_mecanum_ws/install/robot_description/share/robot_description//urdf/install/setup.bash
-- Installing: /home/ROS2_rUBot_mecanum_ws/install/robot_description/share/robot_description//urdf/install/setup.ps1
-- Installing: /home/ROS2_rUBot_mecanum_ws/install/robot_description/share/robot_description//urdf/install/.colcon_install_layout
-- Installing: /home/ROS2_rUBot_mecanum_ws/install/robot_description/share/robot_description//urdf/install/local_setup.zsh
-- Installing: /home/ROS2_rUBot_mecanum_ws/install/robot_description/share/robot_description//urdf/install/setup.zsh
-- Installing: /home/ROS2_rUBot_mecanum_ws/install/robot_description/share/robot_description//urdf/install/local_setup.ps1
-- Installing: /home/ROS2_rUBot_mecanum_ws/install/robot_description/share/robot_description//urdf/install/setup.sh
-- Installing: /home/ROS2_rUBot_mecanum_ws/install/robot_description/share/robot_description//urdf/install/_local_setup_util_ps1.py
-- Installing: /home/ROS2_rUBot_mecanum_ws/install/robot_description/share/robot_description//urdf/install/local_setup.sh
-- Installing: /home/ROS2_rUBot_mecanum_ws/install/robot_description/share/robot_description//urdf/install/local_setup.bash
-- Installing: /home/ROS2_rUBot_mecanum_ws/install/robot_description/share/robot_description//urdf/install/COLCON_IGNORE
-- Up-to-date: /home/ROS2_rUBot_mecanum_ws/install/robot_description/share/robot_description//launch
-- Up-to-date: /home/ROS2_rUBot_mecanum_ws/install/robot_description/share/robot_description//launch/display_robot.launch.xml
-- Up-to-date: /home/ROS2_rUBot_mecanum_ws/install/robot_description/share/robot_description//launch/display_arm.launch.xml
-- Up-to-date: /home/ROS2_rUBot_mecanum_ws/install/robot_description/share/robot_description//launch/display.launch.py
-- Up-to-date: /home/ROS2_rUBot_mecanum_ws/install/robot_description/share/robot_description//launch/display.launch.xml
-- Up-to-date: /home/ROS2_rUBot_mecanum_ws/install/robot_description/share/robot_description//rviz
-- Up-to-date: /home/ROS2_rUBot_mecanum_ws/install/robot_description/share/robot_description//rviz/urdf_arm_config.rviz
-- Up-to-date: /home/ROS2_rUBot_mecanum_ws/install/robot_description/share/robot_description//rviz/urdf_base_config.rviz
-- Up-to-date: /home/ROS2_rUBot_mecanum_ws/install/robot_description/share/ament_index/resource_index/package_run_dependencies/robot_description
-- Up-to-date: /home/ROS2_rUBot_mecanum_ws/install/robot_description/share/ament_index/resource_index/parent_prefix_path/robot_description
-- Up-to-date: /home/ROS2_rUBot_mecanum_ws/install/robot_description/share/robot_description/environment/ament_prefix_path.sh
-- Up-to-date: /home/ROS2_rUBot_mecanum_ws/install/robot_description/share/robot_description/environment/ament_prefix_path.dsv
-- Up-to-date: /home/ROS2_rUBot_mecanum_ws/install/robot_description/share/robot_description/environment/path.sh
-- Up-to-date: /home/ROS2_rUBot_mecanum_ws/install/robot_description/share/robot_description/environment/path.dsv
-- Up-to-date: /home/ROS2_rUBot_mecanum_ws/install/robot_description/share/robot_description/local_setup.bash
-- Up-to-date: /home/ROS2_rUBot_mecanum_ws/install/robot_description/share/robot_description/local_setup.sh
-- Up-to-date: /home/ROS2_rUBot_mecanum_ws/install/robot_description/share/robot_description/local_setup.zsh
-- Up-to-date: /home/ROS2_rUBot_mecanum_ws/install/robot_description/share/robot_description/local_setup.dsv
-- Installing: /home/ROS2_rUBot_mecanum_ws/install/robot_description/share/robot_description/package.dsv
-- Up-to-date: /home/ROS2_rUBot_mecanum_ws/install/robot_description/share/ament_index/resource_index/packages/robot_description
-- Up-to-date: /home/ROS2_rUBot_mecanum_ws/install/robot_description/share/robot_description/cmake/robot_descriptionConfig.cmake
-- Up-to-date: /home/ROS2_rUBot_mecanum_ws/install/robot_description/share/robot_description/cmake/robot_descriptionConfig-version.cmake
-- Up-to-date: /home/ROS2_rUBot_mecanum_ws/install/robot_description/share/robot_description/package.xml
