[0.014s] Invoking command in '/home/ROS2_rUBot_mecanum_ws/build/robot_description': CMAKE_PREFIX_PATH=${CMAKE_PREFIX_PATH}:/home/ROS2_rUBot_ws/install/rubot_description:/home/ROS2_rUBot_ws/install/rubot_control:/home/ROS2_rUBot_ws/install/ros2_tutorial:/opt/ros/humble /usr/bin/cmake --build /home/ROS2_rUBot_mecanum_ws/build/robot_description -- -j8 -l8
[0.027s] -- Found ament_cmake: 1.3.5 (/opt/ros/humble/share/ament_cmake/cmake)
[0.189s] -- Configuring done
[0.190s] -- Generating done
[0.191s] -- Build files have been written to: /home/ROS2_rUBot_mecanum_ws/build/robot_description
[0.205s] Invoked command in '/home/ROS2_rUBot_mecanum_ws/build/robot_description' returned '0': CMAKE_PREFIX_PATH=${CMAKE_PREFIX_PATH}:/home/ROS2_rUBot_ws/install/rubot_description:/home/ROS2_rUBot_ws/install/rubot_control:/home/ROS2_rUBot_ws/install/ros2_tutorial:/opt/ros/humble /usr/bin/cmake --build /home/ROS2_rUBot_mecanum_ws/build/robot_description -- -j8 -l8
[0.224s] Invoking command in '/home/ROS2_rUBot_mecanum_ws/build/robot_description': CMAKE_PREFIX_PATH=${CMAKE_PREFIX_PATH}:/home/ROS2_rUBot_ws/install/rubot_description:/home/ROS2_rUBot_ws/install/rubot_control:/home/ROS2_rUBot_ws/install/ros2_tutorial:/opt/ros/humble /usr/bin/cmake --install /home/ROS2_rUBot_mecanum_ws/build/robot_description
[0.228s] -- Install configuration: ""
[0.228s] -- Up-to-date: /home/ROS2_rUBot_mecanum_ws/install/robot_description/share/robot_description//urdf
[0.228s] -- Up-to-date: /home/ROS2_rUBot_mecanum_ws/install/robot_description/share/robot_description//urdf/urdf_specs.txt
[0.228s] -- Up-to-date: /home/ROS2_rUBot_mecanum_ws/install/robot_description/share/robot_description//urdf/arm.xacro
[0.228s] -- Up-to-date: /home/ROS2_rUBot_mecanum_ws/install/robot_description/share/robot_description//urdf/mobile_base.xacro
[0.229s] -- Up-to-date: /home/ROS2_rUBot_mecanum_ws/install/robot_description/share/robot_description//urdf/my_robot.urdf
[0.229s] -- Up-to-date: /home/ROS2_rUBot_mecanum_ws/install/robot_description/share/robot_description//urdf/camera.xacro
[0.229s] -- Up-to-date: /home/ROS2_rUBot_mecanum_ws/install/robot_description/share/robot_description//urdf/standalone_arm.urdf.xacro
[0.229s] -- Up-to-date: /home/ROS2_rUBot_mecanum_ws/install/robot_description/share/robot_description//urdf/mobile_base_gazebo.xacro
[0.229s] -- Up-to-date: /home/ROS2_rUBot_mecanum_ws/install/robot_description/share/robot_description//urdf/common_properties.xacro
[0.229s] -- Up-to-date: /home/ROS2_rUBot_mecanum_ws/install/robot_description/share/robot_description//urdf/my_robot.urdf.xacro
[0.230s] -- Up-to-date: /home/ROS2_rUBot_mecanum_ws/install/robot_description/share/robot_description//urdf/arm_gazebo.xacro
[0.230s] -- Up-to-date: /home/ROS2_rUBot_mecanum_ws/install/robot_description/share/robot_description//launch
[0.230s] -- Up-to-date: /home/ROS2_rUBot_mecanum_ws/install/robot_description/share/robot_description//launch/display_robot.launch.xml
[0.230s] -- Up-to-date: /home/ROS2_rUBot_mecanum_ws/install/robot_description/share/robot_description//launch/display_arm.launch.xml
[0.230s] -- Up-to-date: /home/ROS2_rUBot_mecanum_ws/install/robot_description/share/robot_description//launch/display.launch.py
[0.230s] -- Up-to-date: /home/ROS2_rUBot_mecanum_ws/install/robot_description/share/robot_description//rviz
[0.230s] -- Up-to-date: /home/ROS2_rUBot_mecanum_ws/install/robot_description/share/robot_description//rviz/urdf_arm_config.rviz
[0.230s] -- Up-to-date: /home/ROS2_rUBot_mecanum_ws/install/robot_description/share/robot_description//rviz/urdf_base_config.rviz
[0.230s] -- Installing: /home/ROS2_rUBot_mecanum_ws/install/robot_description/share/ament_index/resource_index/package_run_dependencies/robot_description
[0.231s] -- Installing: /home/ROS2_rUBot_mecanum_ws/install/robot_description/share/ament_index/resource_index/parent_prefix_path/robot_description
[0.231s] -- Up-to-date: /home/ROS2_rUBot_mecanum_ws/install/robot_description/share/robot_description/environment/ament_prefix_path.sh
[0.232s] -- Installing: /home/ROS2_rUBot_mecanum_ws/install/robot_description/share/robot_description/environment/ament_prefix_path.dsv
[0.232s] -- Up-to-date: /home/ROS2_rUBot_mecanum_ws/install/robot_description/share/robot_description/environment/path.sh
[0.232s] -- Installing: /home/ROS2_rUBot_mecanum_ws/install/robot_description/share/robot_description/environment/path.dsv
[0.232s] -- Up-to-date: /home/ROS2_rUBot_mecanum_ws/install/robot_description/share/robot_description/local_setup.bash
[0.233s] -- Up-to-date: /home/ROS2_rUBot_mecanum_ws/install/robot_description/share/robot_description/local_setup.sh
[0.233s] -- Up-to-date: /home/ROS2_rUBot_mecanum_ws/install/robot_description/share/robot_description/local_setup.zsh
[0.233s] -- Installing: /home/ROS2_rUBot_mecanum_ws/install/robot_description/share/robot_description/local_setup.dsv
[0.234s] -- Installing: /home/ROS2_rUBot_mecanum_ws/install/robot_description/share/robot_description/package.dsv
[0.234s] -- Up-to-date: /home/ROS2_rUBot_mecanum_ws/install/robot_description/share/ament_index/resource_index/packages/robot_description
[0.234s] -- Up-to-date: /home/ROS2_rUBot_mecanum_ws/install/robot_description/share/robot_description/cmake/robot_descriptionConfig.cmake
[0.234s] -- Up-to-date: /home/ROS2_rUBot_mecanum_ws/install/robot_description/share/robot_description/cmake/robot_descriptionConfig-version.cmake
[0.235s] -- Installing: /home/ROS2_rUBot_mecanum_ws/install/robot_description/share/robot_description/package.xml
[0.235s] Invoked command in '/home/ROS2_rUBot_mecanum_ws/build/robot_description' returned '0': CMAKE_PREFIX_PATH=${CMAKE_PREFIX_PATH}:/home/ROS2_rUBot_ws/install/rubot_description:/home/ROS2_rUBot_ws/install/rubot_control:/home/ROS2_rUBot_ws/install/ros2_tutorial:/opt/ros/humble /usr/bin/cmake --install /home/ROS2_rUBot_mecanum_ws/build/robot_description
