[0.022s] Invoking command in '/home/ROS2_rUBot_mecanum_ws/build/my_robot_description': CMAKE_PREFIX_PATH=${CMAKE_PREFIX_PATH}:/home/ROS2_rUBot_tutorial_ws/install/ros2_tutorial:/opt/ros/humble /usr/bin/cmake /home/ROS2_rUBot_mecanum_ws/src/my_robot_description -DAMENT_CMAKE_SYMLINK_INSTALL=1 -DCMAKE_INSTALL_PREFIX=/home/ROS2_rUBot_mecanum_ws/install/my_robot_description
[0.045s] -- Found ament_cmake: 1.3.5 (/opt/ros/humble/share/ament_cmake/cmake)
[0.214s] -- Override CMake install command with custom implementation using symlinks instead of copying resources
[0.323s] -- Configuring done
[0.334s] -- Generating done
[0.335s] -- Build files have been written to: /home/ROS2_rUBot_mecanum_ws/build/my_robot_description
[0.337s] Invoked command in '/home/ROS2_rUBot_mecanum_ws/build/my_robot_description' returned '0': CMAKE_PREFIX_PATH=${CMAKE_PREFIX_PATH}:/home/ROS2_rUBot_tutorial_ws/install/ros2_tutorial:/opt/ros/humble /usr/bin/cmake /home/ROS2_rUBot_mecanum_ws/src/my_robot_description -DAMENT_CMAKE_SYMLINK_INSTALL=1 -DCMAKE_INSTALL_PREFIX=/home/ROS2_rUBot_mecanum_ws/install/my_robot_description
[0.339s] Invoking command in '/home/ROS2_rUBot_mecanum_ws/build/my_robot_description': CMAKE_PREFIX_PATH=${CMAKE_PREFIX_PATH}:/home/ROS2_rUBot_tutorial_ws/install/ros2_tutorial:/opt/ros/humble /usr/bin/cmake --build /home/ROS2_rUBot_mecanum_ws/build/my_robot_description -- -j8 -l8
[0.362s] Invoked command in '/home/ROS2_rUBot_mecanum_ws/build/my_robot_description' returned '0': CMAKE_PREFIX_PATH=${CMAKE_PREFIX_PATH}:/home/ROS2_rUBot_tutorial_ws/install/ros2_tutorial:/opt/ros/humble /usr/bin/cmake --build /home/ROS2_rUBot_mecanum_ws/build/my_robot_description -- -j8 -l8
[0.382s] Invoking command in '/home/ROS2_rUBot_mecanum_ws/build/my_robot_description': CMAKE_PREFIX_PATH=${CMAKE_PREFIX_PATH}:/home/ROS2_rUBot_tutorial_ws/install/ros2_tutorial:/opt/ros/humble /usr/bin/cmake --install /home/ROS2_rUBot_mecanum_ws/build/my_robot_description
[0.387s] -- Install configuration: ""
[0.388s] -- Execute custom install script
[0.388s] -- Symlinking: /home/ROS2_rUBot_mecanum_ws/install/my_robot_description/share/my_robot_description//urdf/arm.xacro
[0.393s] -- Symlinking: /home/ROS2_rUBot_mecanum_ws/install/my_robot_description/share/my_robot_description//urdf/arm_gazebo.xacro
[0.399s] -- Symlinking: /home/ROS2_rUBot_mecanum_ws/install/my_robot_description/share/my_robot_description//urdf/camera.xacro
[0.404s] -- Symlinking: /home/ROS2_rUBot_mecanum_ws/install/my_robot_description/share/my_robot_description//urdf/common_properties.xacro
[0.411s] -- Symlinking: /home/ROS2_rUBot_mecanum_ws/install/my_robot_description/share/my_robot_description//urdf/mobile_base.xacro
[0.418s] -- Symlinking: /home/ROS2_rUBot_mecanum_ws/install/my_robot_description/share/my_robot_description//urdf/mobile_base_gazebo.xacro
[0.423s] -- Symlinking: /home/ROS2_rUBot_mecanum_ws/install/my_robot_description/share/my_robot_description//urdf/my_robot.urdf.xacro
[0.429s] -- Symlinking: /home/ROS2_rUBot_mecanum_ws/install/my_robot_description/share/my_robot_description//urdf/rubot_mpuig2.urdf
[0.435s] -- Symlinking: /home/ROS2_rUBot_mecanum_ws/install/my_robot_description/share/my_robot_description//urdf/standalone_arm.urdf.xacro
[0.440s] -- Symlinking: /home/ROS2_rUBot_mecanum_ws/install/my_robot_description/share/my_robot_description//launch/display.launch.py
[0.446s] -- Symlinking: /home/ROS2_rUBot_mecanum_ws/install/my_robot_description/share/my_robot_description//launch/display.launch.xml
[0.452s] -- Symlinking: /home/ROS2_rUBot_mecanum_ws/install/my_robot_description/share/my_robot_description//rviz/urdf_config.rviz
[0.457s] -- Symlinking: /home/ROS2_rUBot_mecanum_ws/install/my_robot_description/share/ament_index/resource_index/package_run_dependencies/my_robot_description
[0.463s] -- Symlinking: /home/ROS2_rUBot_mecanum_ws/install/my_robot_description/share/ament_index/resource_index/parent_prefix_path/my_robot_description
[0.468s] -- Symlinking: /home/ROS2_rUBot_mecanum_ws/install/my_robot_description/share/my_robot_description/environment/ament_prefix_path.sh
[0.473s] -- Symlinking: /home/ROS2_rUBot_mecanum_ws/install/my_robot_description/share/my_robot_description/environment/ament_prefix_path.dsv
[0.479s] -- Symlinking: /home/ROS2_rUBot_mecanum_ws/install/my_robot_description/share/my_robot_description/environment/path.sh
[0.484s] -- Symlinking: /home/ROS2_rUBot_mecanum_ws/install/my_robot_description/share/my_robot_description/environment/path.dsv
[0.489s] -- Symlinking: /home/ROS2_rUBot_mecanum_ws/install/my_robot_description/share/my_robot_description/local_setup.bash
[0.495s] -- Symlinking: /home/ROS2_rUBot_mecanum_ws/install/my_robot_description/share/my_robot_description/local_setup.sh
[0.500s] -- Symlinking: /home/ROS2_rUBot_mecanum_ws/install/my_robot_description/share/my_robot_description/local_setup.zsh
[0.505s] -- Symlinking: /home/ROS2_rUBot_mecanum_ws/install/my_robot_description/share/my_robot_description/local_setup.dsv
[0.512s] -- Symlinking: /home/ROS2_rUBot_mecanum_ws/install/my_robot_description/share/my_robot_description/package.dsv
[0.518s] -- Symlinking: /home/ROS2_rUBot_mecanum_ws/install/my_robot_description/share/ament_index/resource_index/packages/my_robot_description
[0.523s] -- Symlinking: /home/ROS2_rUBot_mecanum_ws/install/my_robot_description/share/my_robot_description/cmake/my_robot_descriptionConfig.cmake
[0.528s] -- Symlinking: /home/ROS2_rUBot_mecanum_ws/install/my_robot_description/share/my_robot_description/cmake/my_robot_descriptionConfig-version.cmake
[0.534s] -- Symlinking: /home/ROS2_rUBot_mecanum_ws/install/my_robot_description/share/my_robot_description/package.xml
[0.543s] Invoked command in '/home/ROS2_rUBot_mecanum_ws/build/my_robot_description' returned '0': CMAKE_PREFIX_PATH=${CMAKE_PREFIX_PATH}:/home/ROS2_rUBot_tutorial_ws/install/ros2_tutorial:/opt/ros/humble /usr/bin/cmake --install /home/ROS2_rUBot_mecanum_ws/build/my_robot_description
