[0.018s] Invoking command in '/home/ROS2_rUBot_mecanum_ws/build/gz_rosa_control': CMAKE_PREFIX_PATH=${CMAKE_PREFIX_PATH}:/home/ROS2_rUBot_tutorial_ws/install/ros2_tutorial:/opt/ros/humble /usr/bin/cmake --build /home/ROS2_rUBot_mecanum_ws/build/gz_rosa_control -- -j8 -l8
[0.053s] [35m[1mConsolidate compiler generated dependencies of target gazebo_ros_omni_drive[0m
[0.080s] [ 50%] [32mBuilding CXX object CMakeFiles/gazebo_ros_omni_drive.dir/src/gazebo_ros_omni_drive.cpp.o[0m
[16.446s] [100%] [32m[1mLinking CXX shared library libgazebo_ros_omni_drive.so[0m
[17.678s] [100%] Built target gazebo_ros_omni_drive
[17.685s] Invoked command in '/home/ROS2_rUBot_mecanum_ws/build/gz_rosa_control' returned '0': CMAKE_PREFIX_PATH=${CMAKE_PREFIX_PATH}:/home/ROS2_rUBot_tutorial_ws/install/ros2_tutorial:/opt/ros/humble /usr/bin/cmake --build /home/ROS2_rUBot_mecanum_ws/build/gz_rosa_control -- -j8 -l8
[17.705s] Invoking command in '/home/ROS2_rUBot_mecanum_ws/build/gz_rosa_control': CMAKE_PREFIX_PATH=${CMAKE_PREFIX_PATH}:/home/ROS2_rUBot_tutorial_ws/install/ros2_tutorial:/opt/ros/humble /usr/bin/cmake --install /home/ROS2_rUBot_mecanum_ws/build/gz_rosa_control
[17.711s] -- Install configuration: ""
[17.712s] -- Execute custom install script
[17.712s] -- Up-to-date symlink: /home/ROS2_rUBot_mecanum_ws/install/gz_rosa_control/share/gz_rosa_control/environment/library_path.sh
[17.712s] -- Up-to-date symlink: /home/ROS2_rUBot_mecanum_ws/install/gz_rosa_control/share/gz_rosa_control/environment/library_path.dsv
[17.712s] -- Up-to-date symlink: /home/ROS2_rUBot_mecanum_ws/install/gz_rosa_control/lib/libgazebo_ros_omni_drive.so
[17.713s] -- Up-to-date symlink: /home/ROS2_rUBot_mecanum_ws/install/gz_rosa_control/share/ament_index/resource_index/package_run_dependencies/gz_rosa_control
[17.713s] -- Up-to-date symlink: /home/ROS2_rUBot_mecanum_ws/install/gz_rosa_control/share/ament_index/resource_index/parent_prefix_path/gz_rosa_control
[17.713s] -- Up-to-date symlink: /home/ROS2_rUBot_mecanum_ws/install/gz_rosa_control/share/gz_rosa_control/environment/ament_prefix_path.sh
[17.713s] -- Up-to-date symlink: /home/ROS2_rUBot_mecanum_ws/install/gz_rosa_control/share/gz_rosa_control/environment/ament_prefix_path.dsv
[17.714s] -- Up-to-date symlink: /home/ROS2_rUBot_mecanum_ws/install/gz_rosa_control/share/gz_rosa_control/environment/path.sh
[17.714s] -- Up-to-date symlink: /home/ROS2_rUBot_mecanum_ws/install/gz_rosa_control/share/gz_rosa_control/environment/path.dsv
[17.714s] -- Up-to-date symlink: /home/ROS2_rUBot_mecanum_ws/install/gz_rosa_control/share/gz_rosa_control/local_setup.bash
[17.714s] -- Up-to-date symlink: /home/ROS2_rUBot_mecanum_ws/install/gz_rosa_control/share/gz_rosa_control/local_setup.sh
[17.714s] -- Up-to-date symlink: /home/ROS2_rUBot_mecanum_ws/install/gz_rosa_control/share/gz_rosa_control/local_setup.zsh
[17.714s] -- Up-to-date symlink: /home/ROS2_rUBot_mecanum_ws/install/gz_rosa_control/share/gz_rosa_control/local_setup.dsv
[17.714s] -- Symlinking: /home/ROS2_rUBot_mecanum_ws/install/gz_rosa_control/share/gz_rosa_control/package.dsv
[17.721s] -- Up-to-date symlink: /home/ROS2_rUBot_mecanum_ws/install/gz_rosa_control/share/ament_index/resource_index/packages/gz_rosa_control
[17.721s] -- Up-to-date symlink: /home/ROS2_rUBot_mecanum_ws/install/gz_rosa_control/share/gz_rosa_control/cmake/ament_cmake_export_libraries-extras.cmake
[17.721s] -- Up-to-date symlink: /home/ROS2_rUBot_mecanum_ws/install/gz_rosa_control/share/gz_rosa_control/cmake/gz_rosa_controlConfig.cmake
[17.721s] -- Up-to-date symlink: /home/ROS2_rUBot_mecanum_ws/install/gz_rosa_control/share/gz_rosa_control/cmake/gz_rosa_controlConfig-version.cmake
[17.721s] -- Up-to-date symlink: /home/ROS2_rUBot_mecanum_ws/install/gz_rosa_control/share/gz_rosa_control/package.xml
[17.725s] Invoked command in '/home/ROS2_rUBot_mecanum_ws/build/gz_rosa_control' returned '0': CMAKE_PREFIX_PATH=${CMAKE_PREFIX_PATH}:/home/ROS2_rUBot_tutorial_ws/install/ros2_tutorial:/opt/ros/humble /usr/bin/cmake --install /home/ROS2_rUBot_mecanum_ws/build/gz_rosa_control
