[0.012s] Invoking command in '/home/ROS2_rUBot_mecanum_ws/build/robot_bringup': CMAKE_PREFIX_PATH=/home/ROS2_rUBot_mecanum_ws/install/robot_description:/home/ROS2_rUBot_mecanum_ws/install/teleop_twist_joy:/home/ROS2_rUBot_mecanum_ws/install/robot_bringup:/home/ROS2_rUBot_tutorial_ws/install/robot_bringup:/home/ROS2_rUBot_tutorial_ws/install/robot_description:/home/ROS2_rUBot_tutorial_ws/install/ros2_tutorial:/opt/ros/humble /usr/bin/cmake --build /home/ROS2_rUBot_mecanum_ws/build/robot_bringup -- -j8 -l8
[0.028s] -- Found ament_cmake: 1.3.5 (/opt/ros/humble/share/ament_cmake/cmake)
[0.193s] -- Configuring done
[0.195s] -- Generating done
[0.196s] -- Build files have been written to: /home/ROS2_rUBot_mecanum_ws/build/robot_bringup
[0.210s] Invoked command in '/home/ROS2_rUBot_mecanum_ws/build/robot_bringup' returned '0': CMAKE_PREFIX_PATH=/home/ROS2_rUBot_mecanum_ws/install/robot_description:/home/ROS2_rUBot_mecanum_ws/install/teleop_twist_joy:/home/ROS2_rUBot_mecanum_ws/install/robot_bringup:/home/ROS2_rUBot_tutorial_ws/install/robot_bringup:/home/ROS2_rUBot_tutorial_ws/install/robot_description:/home/ROS2_rUBot_tutorial_ws/install/ros2_tutorial:/opt/ros/humble /usr/bin/cmake --build /home/ROS2_rUBot_mecanum_ws/build/robot_bringup -- -j8 -l8
[0.223s] Invoking command in '/home/ROS2_rUBot_mecanum_ws/build/robot_bringup': CMAKE_PREFIX_PATH=/home/ROS2_rUBot_mecanum_ws/install/robot_description:/home/ROS2_rUBot_mecanum_ws/install/teleop_twist_joy:/home/ROS2_rUBot_mecanum_ws/install/robot_bringup:/home/ROS2_rUBot_tutorial_ws/install/robot_bringup:/home/ROS2_rUBot_tutorial_ws/install/robot_description:/home/ROS2_rUBot_tutorial_ws/install/ros2_tutorial:/opt/ros/humble /usr/bin/cmake --install /home/ROS2_rUBot_mecanum_ws/build/robot_bringup
[0.227s] -- Install configuration: ""
[0.228s] -- Up-to-date: /home/ROS2_rUBot_mecanum_ws/install/robot_bringup/share/robot_bringup//launch
[0.228s] -- Up-to-date: /home/ROS2_rUBot_mecanum_ws/install/robot_bringup/share/robot_bringup//launch/rubot_gazebo.launch.xml
[0.228s] -- Up-to-date: /home/ROS2_rUBot_mecanum_ws/install/robot_bringup/share/robot_bringup//launch/my_robot_gazebo.launch.xml
[0.228s] -- Up-to-date: /home/ROS2_rUBot_mecanum_ws/install/robot_bringup/share/robot_bringup//rviz
[0.228s] -- Up-to-date: /home/ROS2_rUBot_mecanum_ws/install/robot_bringup/share/robot_bringup//rviz/urdf_config.rviz
[0.228s] -- Up-to-date: /home/ROS2_rUBot_mecanum_ws/install/robot_bringup/share/robot_bringup//rviz/urdf_odom_config.rviz
[0.228s] -- Up-to-date: /home/ROS2_rUBot_mecanum_ws/install/robot_bringup/share/robot_bringup//rviz/urdf_base_footprint_config.rviz
[0.228s] -- Up-to-date: /home/ROS2_rUBot_mecanum_ws/install/robot_bringup/share/robot_bringup//worlds
[0.229s] -- Up-to-date: /home/ROS2_rUBot_mecanum_ws/install/robot_bringup/share/robot_bringup//worlds/square.world
[0.229s] -- Up-to-date: /home/ROS2_rUBot_mecanum_ws/install/robot_bringup/share/robot_bringup//worlds/test_world.world
[0.229s] -- Up-to-date: /home/ROS2_rUBot_mecanum_ws/install/robot_bringup/share/ament_index/resource_index/package_run_dependencies/robot_bringup
[0.229s] -- Up-to-date: /home/ROS2_rUBot_mecanum_ws/install/robot_bringup/share/ament_index/resource_index/parent_prefix_path/robot_bringup
[0.229s] -- Up-to-date: /home/ROS2_rUBot_mecanum_ws/install/robot_bringup/share/robot_bringup/environment/ament_prefix_path.sh
[0.229s] -- Installing: /home/ROS2_rUBot_mecanum_ws/install/robot_bringup/share/robot_bringup/environment/ament_prefix_path.dsv
[0.230s] -- Up-to-date: /home/ROS2_rUBot_mecanum_ws/install/robot_bringup/share/robot_bringup/environment/path.sh
[0.230s] -- Installing: /home/ROS2_rUBot_mecanum_ws/install/robot_bringup/share/robot_bringup/environment/path.dsv
[0.230s] -- Up-to-date: /home/ROS2_rUBot_mecanum_ws/install/robot_bringup/share/robot_bringup/local_setup.bash
[0.230s] -- Up-to-date: /home/ROS2_rUBot_mecanum_ws/install/robot_bringup/share/robot_bringup/local_setup.sh
[0.231s] -- Up-to-date: /home/ROS2_rUBot_mecanum_ws/install/robot_bringup/share/robot_bringup/local_setup.zsh
[0.231s] -- Installing: /home/ROS2_rUBot_mecanum_ws/install/robot_bringup/share/robot_bringup/local_setup.dsv
[0.231s] -- Installing: /home/ROS2_rUBot_mecanum_ws/install/robot_bringup/share/robot_bringup/package.dsv
[0.231s] -- Up-to-date: /home/ROS2_rUBot_mecanum_ws/install/robot_bringup/share/ament_index/resource_index/packages/robot_bringup
[0.231s] -- Up-to-date: /home/ROS2_rUBot_mecanum_ws/install/robot_bringup/share/robot_bringup/cmake/robot_bringupConfig.cmake
[0.232s] -- Up-to-date: /home/ROS2_rUBot_mecanum_ws/install/robot_bringup/share/robot_bringup/cmake/robot_bringupConfig-version.cmake
[0.235s] -- Up-to-date: /home/ROS2_rUBot_mecanum_ws/install/robot_bringup/share/robot_bringup/package.xml
[0.235s] Invoked command in '/home/ROS2_rUBot_mecanum_ws/build/robot_bringup' returned '0': CMAKE_PREFIX_PATH=/home/ROS2_rUBot_mecanum_ws/install/robot_description:/home/ROS2_rUBot_mecanum_ws/install/teleop_twist_joy:/home/ROS2_rUBot_mecanum_ws/install/robot_bringup:/home/ROS2_rUBot_tutorial_ws/install/robot_bringup:/home/ROS2_rUBot_tutorial_ws/install/robot_description:/home/ROS2_rUBot_tutorial_ws/install/ros2_tutorial:/opt/ros/humble /usr/bin/cmake --install /home/ROS2_rUBot_mecanum_ws/build/robot_bringup
