running egg_info
writing ../../build/my_robot_control/my_robot_control.egg-info/PKG-INFO
writing dependency_links to ../../build/my_robot_control/my_robot_control.egg-info/dependency_links.txt
writing entry points to ../../build/my_robot_control/my_robot_control.egg-info/entry_points.txt
writing requirements to ../../build/my_robot_control/my_robot_control.egg-info/requires.txt
writing top-level names to ../../build/my_robot_control/my_robot_control.egg-info/top_level.txt
reading manifest file '../../build/my_robot_control/my_robot_control.egg-info/SOURCES.txt'
writing manifest file '../../build/my_robot_control/my_robot_control.egg-info/SOURCES.txt'
running build
running build_py
copying my_robot_control/my_robot_control.py -> /home/ROS2_rUBot_mecanum_ws/build/my_robot_control/build/lib/my_robot_control
running install
running install_lib
copying /home/ROS2_rUBot_mecanum_ws/build/my_robot_control/build/lib/my_robot_control/my_robot_control.py -> /home/ROS2_rUBot_mecanum_ws/install/my_robot_control/lib/python3.10/site-packages/my_robot_control
byte-compiling /home/ROS2_rUBot_mecanum_ws/install/my_robot_control/lib/python3.10/site-packages/my_robot_control/my_robot_control.py to my_robot_control.cpython-310.pyc
Sorry: IndentationError: unexpected indent (my_robot_control.py, line 57)
running install_data
running install_egg_info
removing '/home/ROS2_rUBot_mecanum_ws/install/my_robot_control/lib/python3.10/site-packages/my_robot_control-0.0.0-py3.10.egg-info' (and everything under it)
Copying ../../build/my_robot_control/my_robot_control.egg-info to /home/ROS2_rUBot_mecanum_ws/install/my_robot_control/lib/python3.10/site-packages/my_robot_control-0.0.0-py3.10.egg-info
running install_scripts
Installing my_robot_control_node script to /home/ROS2_rUBot_mecanum_ws/install/my_robot_control/lib/my_robot_control
writing list of installed files to '/home/ROS2_rUBot_mecanum_ws/build/my_robot_control/install.log'
