[0.110s] Invoking command in '/home/ROS2_rUBot_mecanum_ws/build/gz_mecanum_control': CMAKE_PREFIX_PATH=${CMAKE_PREFIX_PATH}:/home/ROS2_rUBot_tutorial_ws/install/ros2_tutorial:/opt/ros/humble /usr/bin/cmake --build /home/ROS2_rUBot_mecanum_ws/build/gz_mecanum_control -- -j8 -l8
[0.807s] [100%] Built target gazebo_ros_omni_drive
[0.860s] Invoked command in '/home/ROS2_rUBot_mecanum_ws/build/gz_mecanum_control' returned '0': CMAKE_PREFIX_PATH=${CMAKE_PREFIX_PATH}:/home/ROS2_rUBot_tutorial_ws/install/ros2_tutorial:/opt/ros/humble /usr/bin/cmake --build /home/ROS2_rUBot_mecanum_ws/build/gz_mecanum_control -- -j8 -l8
[1.156s] Invoking command in '/home/ROS2_rUBot_mecanum_ws/build/gz_mecanum_control': CMAKE_PREFIX_PATH=${CMAKE_PREFIX_PATH}:/home/ROS2_rUBot_tutorial_ws/install/ros2_tutorial:/opt/ros/humble /usr/bin/cmake --install /home/ROS2_rUBot_mecanum_ws/build/gz_mecanum_control
[1.165s] -- Install configuration: ""
[1.165s] -- Execute custom install script
[1.165s] -- Up-to-date symlink: /home/ROS2_rUBot_mecanum_ws/install/gz_mecanum_control/share/gz_mecanum_control/environment/library_path.sh
[1.165s] -- Up-to-date symlink: /home/ROS2_rUBot_mecanum_ws/install/gz_mecanum_control/share/gz_mecanum_control/environment/library_path.dsv
[1.165s] -- Up-to-date symlink: /home/ROS2_rUBot_mecanum_ws/install/gz_mecanum_control/lib/libgazebo_ros_omni_drive.so
[1.165s] -- Up-to-date symlink: /home/ROS2_rUBot_mecanum_ws/install/gz_mecanum_control/share/ament_index/resource_index/package_run_dependencies/gz_mecanum_control
[1.166s] -- Up-to-date symlink: /home/ROS2_rUBot_mecanum_ws/install/gz_mecanum_control/share/ament_index/resource_index/parent_prefix_path/gz_mecanum_control
[1.166s] -- Up-to-date symlink: /home/ROS2_rUBot_mecanum_ws/install/gz_mecanum_control/share/gz_mecanum_control/environment/ament_prefix_path.sh
[1.170s] -- Up-to-date symlink: /home/ROS2_rUBot_mecanum_ws/install/gz_mecanum_control/share/gz_mecanum_control/environment/ament_prefix_path.dsv
[1.171s] -- Up-to-date symlink: /home/ROS2_rUBot_mecanum_ws/install/gz_mecanum_control/share/gz_mecanum_control/environment/path.sh
[1.171s] -- Up-to-date symlink: /home/ROS2_rUBot_mecanum_ws/install/gz_mecanum_control/share/gz_mecanum_control/environment/path.dsv
[1.171s] -- Up-to-date symlink: /home/ROS2_rUBot_mecanum_ws/install/gz_mecanum_control/share/gz_mecanum_control/local_setup.bash
[1.171s] -- Up-to-date symlink: /home/ROS2_rUBot_mecanum_ws/install/gz_mecanum_control/share/gz_mecanum_control/local_setup.sh
[1.172s] -- Up-to-date symlink: /home/ROS2_rUBot_mecanum_ws/install/gz_mecanum_control/share/gz_mecanum_control/local_setup.zsh
[1.172s] -- Up-to-date symlink: /home/ROS2_rUBot_mecanum_ws/install/gz_mecanum_control/share/gz_mecanum_control/local_setup.dsv
[1.172s] -- Symlinking: /home/ROS2_rUBot_mecanum_ws/install/gz_mecanum_control/share/gz_mecanum_control/package.dsv
[1.200s] -- Up-to-date symlink: /home/ROS2_rUBot_mecanum_ws/install/gz_mecanum_control/share/ament_index/resource_index/packages/gz_mecanum_control
[1.200s] -- Up-to-date symlink: /home/ROS2_rUBot_mecanum_ws/install/gz_mecanum_control/share/gz_mecanum_control/cmake/ament_cmake_export_libraries-extras.cmake
[1.200s] -- Up-to-date symlink: /home/ROS2_rUBot_mecanum_ws/install/gz_mecanum_control/share/gz_mecanum_control/cmake/gz_mecanum_controlConfig.cmake
[1.200s] -- Up-to-date symlink: /home/ROS2_rUBot_mecanum_ws/install/gz_mecanum_control/share/gz_mecanum_control/cmake/gz_mecanum_controlConfig-version.cmake
[1.200s] -- Up-to-date symlink: /home/ROS2_rUBot_mecanum_ws/install/gz_mecanum_control/share/gz_mecanum_control/package.xml
[1.231s] Invoked command in '/home/ROS2_rUBot_mecanum_ws/build/gz_mecanum_control' returned '0': CMAKE_PREFIX_PATH=${CMAKE_PREFIX_PATH}:/home/ROS2_rUBot_tutorial_ws/install/ros2_tutorial:/opt/ros/humble /usr/bin/cmake --install /home/ROS2_rUBot_mecanum_ws/build/gz_mecanum_control
