-- Install configuration: ""
-- Up-to-date: /home/ROS2_rUBot_mecanum_ws/install/robot_description/share/robot_description//urdf
-- Up-to-date: /home/ROS2_rUBot_mecanum_ws/install/robot_description/share/robot_description//urdf/urdf_specs.txt
-- Up-to-date: /home/ROS2_rUBot_mecanum_ws/install/robot_description/share/robot_description//urdf/arm.xacro
-- Up-to-date: /home/ROS2_rUBot_mecanum_ws/install/robot_description/share/robot_description//urdf/mobile_base.xacro
-- Up-to-date: /home/ROS2_rUBot_mecanum_ws/install/robot_description/share/robot_description//urdf/my_robot.urdf
-- Up-to-date: /home/ROS2_rUBot_mecanum_ws/install/robot_description/share/robot_description//urdf/camera.xacro
-- Up-to-date: /home/ROS2_rUBot_mecanum_ws/install/robot_description/share/robot_description//urdf/standalone_arm.urdf.xacro
-- Up-to-date: /home/ROS2_rUBot_mecanum_ws/install/robot_description/share/robot_description//urdf/my_robot0.urdf
-- Up-to-date: /home/ROS2_rUBot_mecanum_ws/install/robot_description/share/robot_description//urdf/mobile_base_gazebo.xacro
-- Up-to-date: /home/ROS2_rUBot_mecanum_ws/install/robot_description/share/robot_description//urdf/log
-- Up-to-date: /home/ROS2_rUBot_mecanum_ws/install/robot_description/share/robot_description//urdf/log/build_2023-10-15_10-24-03
-- Up-to-date: /home/ROS2_rUBot_mecanum_ws/install/robot_description/share/robot_description//urdf/log/build_2023-10-15_10-24-03/logger_all.log
-- Up-to-date: /home/ROS2_rUBot_mecanum_ws/install/robot_description/share/robot_description//urdf/log/build_2023-10-15_10-24-03/events.log
-- Up-to-date: /home/ROS2_rUBot_mecanum_ws/install/robot_description/share/robot_description//urdf/log/latest_build
-- Up-to-date: /home/ROS2_rUBot_mecanum_ws/install/robot_description/share/robot_description//urdf/log/latest
-- Up-to-date: /home/ROS2_rUBot_mecanum_ws/install/robot_description/share/robot_description//urdf/log/COLCON_IGNORE
-- Up-to-date: /home/ROS2_rUBot_mecanum_ws/install/robot_description/share/robot_description//urdf/common_properties.xacro
-- Up-to-date: /home/ROS2_rUBot_mecanum_ws/install/robot_description/share/robot_description//urdf/my_robot.urdf.xacro
-- Installing: /home/ROS2_rUBot_mecanum_ws/install/robot_description/share/robot_description//urdf/rubot_mpuig.urdf
-- Up-to-date: /home/ROS2_rUBot_mecanum_ws/install/robot_description/share/robot_description//urdf/arm_gazebo.xacro
-- Up-to-date: /home/ROS2_rUBot_mecanum_ws/install/robot_description/share/robot_description//urdf/install
-- Up-to-date: /home/ROS2_rUBot_mecanum_ws/install/robot_description/share/robot_description//urdf/install/_local_setup_util_sh.py
-- Up-to-date: /home/ROS2_rUBot_mecanum_ws/install/robot_description/share/robot_description//urdf/install/setup.bash
-- Up-to-date: /home/ROS2_rUBot_mecanum_ws/install/robot_description/share/robot_description//urdf/install/setup.ps1
-- Up-to-date: /home/ROS2_rUBot_mecanum_ws/install/robot_description/share/robot_description//urdf/install/.colcon_install_layout
-- Up-to-date: /home/ROS2_rUBot_mecanum_ws/install/robot_description/share/robot_description//urdf/install/local_setup.zsh
-- Up-to-date: /home/ROS2_rUBot_mecanum_ws/install/robot_description/share/robot_description//urdf/install/setup.zsh
-- Up-to-date: /home/ROS2_rUBot_mecanum_ws/install/robot_description/share/robot_description//urdf/install/local_setup.ps1
-- Up-to-date: /home/ROS2_rUBot_mecanum_ws/install/robot_description/share/robot_description//urdf/install/setup.sh
-- Up-to-date: /home/ROS2_rUBot_mecanum_ws/install/robot_description/share/robot_description//urdf/install/_local_setup_util_ps1.py
-- Up-to-date: /home/ROS2_rUBot_mecanum_ws/install/robot_description/share/robot_description//urdf/install/local_setup.sh
-- Up-to-date: /home/ROS2_rUBot_mecanum_ws/install/robot_description/share/robot_description//urdf/install/local_setup.bash
-- Up-to-date: /home/ROS2_rUBot_mecanum_ws/install/robot_description/share/robot_description//urdf/install/COLCON_IGNORE
-- Up-to-date: /home/ROS2_rUBot_mecanum_ws/install/robot_description/share/robot_description//launch
-- Up-to-date: /home/ROS2_rUBot_mecanum_ws/install/robot_description/share/robot_description//launch/display_robot.launch.xml
-- Up-to-date: /home/ROS2_rUBot_mecanum_ws/install/robot_description/share/robot_description//launch/display_arm.launch.xml
-- Up-to-date: /home/ROS2_rUBot_mecanum_ws/install/robot_description/share/robot_description//launch/display.launch.py
-- Up-to-date: /home/ROS2_rUBot_mecanum_ws/install/robot_description/share/robot_description//launch/display.launch.xml
-- Up-to-date: /home/ROS2_rUBot_mecanum_ws/install/robot_description/share/robot_description//rviz
-- Up-to-date: /home/ROS2_rUBot_mecanum_ws/install/robot_description/share/robot_description//rviz/urdf_arm_config.rviz
-- Up-to-date: /home/ROS2_rUBot_mecanum_ws/install/robot_description/share/robot_description//rviz/urdf_base_config.rviz
-- Up-to-date: /home/ROS2_rUBot_mecanum_ws/install/robot_description/share/robot_description//meshes
-- Up-to-date: /home/ROS2_rUBot_mecanum_ws/install/robot_description/share/robot_description//meshes/upper_right_wheel.stl
-- Up-to-date: /home/ROS2_rUBot_mecanum_ws/install/robot_description/share/robot_description//meshes/Lidar.stl
-- Up-to-date: /home/ROS2_rUBot_mecanum_ws/install/robot_description/share/robot_description//meshes/piCamera.stl
-- Up-to-date: /home/ROS2_rUBot_mecanum_ws/install/robot_description/share/robot_description//meshes/base_link.stl
-- Up-to-date: /home/ROS2_rUBot_mecanum_ws/install/robot_description/share/robot_description//meshes/upper_left_wheel.stl
-- Up-to-date: /home/ROS2_rUBot_mecanum_ws/install/robot_description/share/robot_description//meshes/lower_right_wheel.stl
-- Up-to-date: /home/ROS2_rUBot_mecanum_ws/install/robot_description/share/robot_description//meshes/number2.stl
-- Up-to-date: /home/ROS2_rUBot_mecanum_ws/install/robot_description/share/robot_description//meshes/lower_left_wheel.stl
-- Up-to-date: /home/ROS2_rUBot_mecanum_ws/install/robot_description/share/ament_index/resource_index/package_run_dependencies/robot_description
-- Up-to-date: /home/ROS2_rUBot_mecanum_ws/install/robot_description/share/ament_index/resource_index/parent_prefix_path/robot_description
-- Up-to-date: /home/ROS2_rUBot_mecanum_ws/install/robot_description/share/robot_description/environment/ament_prefix_path.sh
-- Up-to-date: /home/ROS2_rUBot_mecanum_ws/install/robot_description/share/robot_description/environment/ament_prefix_path.dsv
-- Up-to-date: /home/ROS2_rUBot_mecanum_ws/install/robot_description/share/robot_description/environment/path.sh
-- Up-to-date: /home/ROS2_rUBot_mecanum_ws/install/robot_description/share/robot_description/environment/path.dsv
-- Up-to-date: /home/ROS2_rUBot_mecanum_ws/install/robot_description/share/robot_description/local_setup.bash
-- Up-to-date: /home/ROS2_rUBot_mecanum_ws/install/robot_description/share/robot_description/local_setup.sh
-- Up-to-date: /home/ROS2_rUBot_mecanum_ws/install/robot_description/share/robot_description/local_setup.zsh
-- Up-to-date: /home/ROS2_rUBot_mecanum_ws/install/robot_description/share/robot_description/local_setup.dsv
-- Installing: /home/ROS2_rUBot_mecanum_ws/install/robot_description/share/robot_description/package.dsv
-- Up-to-date: /home/ROS2_rUBot_mecanum_ws/install/robot_description/share/ament_index/resource_index/packages/robot_description
-- Up-to-date: /home/ROS2_rUBot_mecanum_ws/install/robot_description/share/robot_description/cmake/robot_descriptionConfig.cmake
-- Up-to-date: /home/ROS2_rUBot_mecanum_ws/install/robot_description/share/robot_description/cmake/robot_descriptionConfig-version.cmake
-- Up-to-date: /home/ROS2_rUBot_mecanum_ws/install/robot_description/share/robot_description/package.xml
